<?xml version="1.0" encoding="UTF-8"?>
<testsuites>
  <testsuite name="D:\Ciclo7\github-project\capachica-project\turismo-backend\phpunit.xml" tests="639" assertions="1635" errors="151" failures="61" skipped="0" time="100.643337">
    <testsuite name="Unit" tests="423" assertions="928" errors="111" failures="8" skipped="0" time="59.981811">
      <testsuite name="Tests\Unit\ExampleTest" file="D:\Ciclo7\github-project\capachica-project\turismo-backend\tests\Unit\ExampleTest.php" tests="1" assertions="1" errors="0" failures="0" skipped="0" time="0.112231">
        <testcase name="test_that_true_is_true" file="D:\Ciclo7\github-project\capachica-project\turismo-backend\tests\Unit\ExampleTest.php" line="12" class="Tests\Unit\ExampleTest" classname="Tests.Unit.ExampleTest" assertions="1" time="0.112231"/>
      </testsuite>
      <testsuite name="Tests\Unit\Models\AsociacionTest" file="D:\Ciclo7\github-project\capachica-project\turismo-backend\tests\Unit\Models\AsociacionTest.php" tests="20" assertions="56" errors="0" failures="0" skipped="0" time="3.566150">
        <testcase name="puede_crear_asociacion_con_datos_validos" file="D:\Ciclo7\github-project\capachica-project\turismo-backend\tests\Unit\Models\AsociacionTest.php" line="27" class="Tests\Unit\Models\AsociacionTest" classname="Tests.Unit.Models.AsociacionTest" assertions="5" time="1.341944"/>
        <testcase name="fillable_permite_campos_correctos" file="D:\Ciclo7\github-project\capachica-project\turismo-backend\tests\Unit\Models\AsociacionTest.php" line="52" class="Tests\Unit\Models\AsociacionTest" classname="Tests.Unit.Models.AsociacionTest" assertions="3" time="0.093162"/>
        <testcase name="casts_convierte_tipos_correctamente" file="D:\Ciclo7\github-project\capachica-project\turismo-backend\tests\Unit\Models\AsociacionTest.php" line="77" class="Tests\Unit\Models\AsociacionTest" classname="Tests.Unit.Models.AsociacionTest" assertions="6" time="0.095210"/>
        <testcase name="relacion_municipalidad_funciona_correctamente" file="D:\Ciclo7\github-project\capachica-project\turismo-backend\tests\Unit\Models\AsociacionTest.php" line="97" class="Tests\Unit\Models\AsociacionTest" classname="Tests.Unit.Models.AsociacionTest" assertions="3" time="0.210950"/>
        <testcase name="relacion_emprendedores_funciona_correctamente" file="D:\Ciclo7\github-project\capachica-project\turismo-backend\tests\Unit\Models\AsociacionTest.php" line="114" class="Tests\Unit\Models\AsociacionTest" classname="Tests.Unit.Models.AsociacionTest" assertions="4" time="0.163419"/>
        <testcase name="imagen_url_attribute_retorna_null_cuando_no_hay_imagen" file="D:\Ciclo7\github-project\capachica-project\turismo-backend\tests\Unit\Models\AsociacionTest.php" line="138" class="Tests\Unit\Models\AsociacionTest" classname="Tests.Unit.Models.AsociacionTest" assertions="1" time="0.096223"/>
        <testcase name="imagen_url_attribute_retorna_url_completa_si_es_url_externa" file="D:\Ciclo7\github-project\capachica-project\turismo-backend\tests\Unit\Models\AsociacionTest.php" line="154" class="Tests\Unit\Models\AsociacionTest" classname="Tests.Unit.Models.AsociacionTest" assertions="1" time="0.092539"/>
        <testcase name="appends_incluye_imagen_url_en_array" file="D:\Ciclo7\github-project\capachica-project\turismo-backend\tests\Unit\Models\AsociacionTest.php" line="171" class="Tests\Unit\Models\AsociacionTest" classname="Tests.Unit.Models.AsociacionTest" assertions="1" time="0.106065"/>
        <testcase name="appends_incluye_imagen_url_en_json" file="D:\Ciclo7\github-project\capachica-project\turismo-backend\tests\Unit\Models\AsociacionTest.php" line="187" class="Tests\Unit\Models\AsociacionTest" classname="Tests.Unit.Models.AsociacionTest" assertions="1" time="0.091089"/>
        <testcase name="tabla_correcta_es_utilizada" file="D:\Ciclo7\github-project\capachica-project\turismo-backend\tests\Unit\Models\AsociacionTest.php" line="204" class="Tests\Unit\Models\AsociacionTest" classname="Tests.Unit.Models.AsociacionTest" assertions="1" time="0.092526"/>
        <testcase name="primary_key_es_id_por_defecto" file="D:\Ciclo7\github-project\capachica-project\turismo-backend\tests\Unit\Models\AsociacionTest.php" line="217" class="Tests\Unit\Models\AsociacionTest" classname="Tests.Unit.Models.AsociacionTest" assertions="1" time="0.086336"/>
        <testcase name="timestamps_estan_habilitados" file="D:\Ciclo7\github-project\capachica-project\turismo-backend\tests\Unit\Models\AsociacionTest.php" line="230" class="Tests\Unit\Models\AsociacionTest" classname="Tests.Unit.Models.AsociacionTest" assertions="1" time="0.197969"/>
        <testcase name="puede_actualizar_campos_individuales" file="D:\Ciclo7\github-project\capachica-project\turismo-backend\tests\Unit\Models\AsociacionTest.php" line="243" class="Tests\Unit\Models\AsociacionTest" classname="Tests.Unit.Models.AsociacionTest" assertions="1" time="0.099456"/>
        <testcase name="puede_eliminar_asociacion" file="D:\Ciclo7\github-project\capachica-project\turismo-backend\tests\Unit\Models\AsociacionTest.php" line="259" class="Tests\Unit\Models\AsociacionTest" classname="Tests.Unit.Models.AsociacionTest" assertions="2" time="0.101720"/>
        <testcase name="scope_queries_funcionan_correctamente" file="D:\Ciclo7\github-project\capachica-project\turismo-backend\tests\Unit\Models\AsociacionTest.php" line="276" class="Tests\Unit\Models\AsociacionTest" classname="Tests.Unit.Models.AsociacionTest" assertions="4" time="0.218408"/>
        <testcase name="maneja_valores_nulos_correctamente" file="D:\Ciclo7\github-project\capachica-project\turismo-backend\tests\Unit\Models\AsociacionTest.php" line="301" class="Tests\Unit\Models\AsociacionTest" classname="Tests.Unit.Models.AsociacionTest" assertions="7" time="0.096517"/>
        <testcase name="validacion_email_formato_en_base_de_datos" file="D:\Ciclo7\github-project\capachica-project\turismo-backend\tests\Unit\Models\AsociacionTest.php" line="325" class="Tests\Unit\Models\AsociacionTest" classname="Tests.Unit.Models.AsociacionTest" assertions="2" time="0.095083"/>
        <testcase name="coordenadas_se_almacenan_como_float" file="D:\Ciclo7\github-project\capachica-project\turismo-backend\tests\Unit\Models\AsociacionTest.php" line="339" class="Tests\Unit\Models\AsociacionTest" classname="Tests.Unit.Models.AsociacionTest" assertions="4" time="0.095778"/>
        <testcase name="estado_se_almacena_como_boolean" file="D:\Ciclo7\github-project\capachica-project\turismo-backend\tests\Unit\Models\AsociacionTest.php" line="356" class="Tests\Unit\Models\AsociacionTest" classname="Tests.Unit.Models.AsociacionTest" assertions="4" time="0.095584"/>
        <testcase name="created_at_y_updated_at_se_establecen_automaticamente" file="D:\Ciclo7\github-project\capachica-project\turismo-backend\tests\Unit\Models\AsociacionTest.php" line="377" class="Tests\Unit\Models\AsociacionTest" classname="Tests.Unit.Models.AsociacionTest" assertions="4" time="0.096172"/>
      </testsuite>
      <testsuite name="Tests\Unit\Models\CategoriaTest" file="D:\Ciclo7\github-project\capachica-project\turismo-backend\tests\Unit\Models\CategoriaTest.php" tests="19" assertions="45" errors="0" failures="0" skipped="0" time="2.299189">
        <testcase name="puede_crear_categoria_con_datos_validos" file="D:\Ciclo7\github-project\capachica-project\turismo-backend\tests\Unit\Models\CategoriaTest.php" line="17" class="Tests\Unit\Models\CategoriaTest" classname="Tests.Unit.Models.CategoriaTest" assertions="5" time="0.124840"/>
        <testcase name="fillable_permite_campos_correctos" file="D:\Ciclo7\github-project\capachica-project\turismo-backend\tests\Unit\Models\CategoriaTest.php" line="38" class="Tests\Unit\Models\CategoriaTest" classname="Tests.Unit.Models.CategoriaTest" assertions="4" time="0.084873"/>
        <testcase name="relacion_servicios_existe_y_es_many_to_many" file="D:\Ciclo7\github-project\capachica-project\turismo-backend\tests\Unit\Models\CategoriaTest.php" line="60" class="Tests\Unit\Models\CategoriaTest" classname="Tests.Unit.Models.CategoriaTest" assertions="3" time="0.115299"/>
        <testcase name="puede_acceder_a_servicios_relacionados" file="D:\Ciclo7\github-project\capachica-project\turismo-backend\tests\Unit\Models\CategoriaTest.php" line="75" class="Tests\Unit\Models\CategoriaTest" classname="Tests.Unit.Models.CategoriaTest" assertions="2" time="0.097968"/>
        <testcase name="relacion_servicios_incluye_timestamps" file="D:\Ciclo7\github-project\capachica-project\turismo-backend\tests\Unit\Models\CategoriaTest.php" line="89" class="Tests\Unit\Models\CategoriaTest" classname="Tests.Unit.Models.CategoriaTest" assertions="1" time="0.111600"/>
        <testcase name="tabla_correcta_es_utilizada" file="D:\Ciclo7\github-project\capachica-project\turismo-backend\tests\Unit\Models\CategoriaTest.php" line="102" class="Tests\Unit\Models\CategoriaTest" classname="Tests.Unit.Models.CategoriaTest" assertions="1" time="0.180409"/>
        <testcase name="primary_key_es_id_por_defecto" file="D:\Ciclo7\github-project\capachica-project\turismo-backend\tests\Unit\Models\CategoriaTest.php" line="115" class="Tests\Unit\Models\CategoriaTest" classname="Tests.Unit.Models.CategoriaTest" assertions="1" time="0.086422"/>
        <testcase name="timestamps_estan_habilitados" file="D:\Ciclo7\github-project\capachica-project\turismo-backend\tests\Unit\Models\CategoriaTest.php" line="128" class="Tests\Unit\Models\CategoriaTest" classname="Tests.Unit.Models.CategoriaTest" assertions="1" time="0.081835"/>
        <testcase name="puede_actualizar_campos_individuales" file="D:\Ciclo7\github-project\capachica-project\turismo-backend\tests\Unit\Models\CategoriaTest.php" line="141" class="Tests\Unit\Models\CategoriaTest" classname="Tests.Unit.Models.CategoriaTest" assertions="1" time="0.197114"/>
        <testcase name="puede_eliminar_categoria" file="D:\Ciclo7\github-project\capachica-project\turismo-backend\tests\Unit\Models\CategoriaTest.php" line="156" class="Tests\Unit\Models\CategoriaTest" classname="Tests.Unit.Models.CategoriaTest" assertions="2" time="0.204749"/>
        <testcase name="eliminar_categoria_funciona_correctamente" file="D:\Ciclo7\github-project\capachica-project\turismo-backend\tests\Unit\Models\CategoriaTest.php" line="171" class="Tests\Unit\Models\CategoriaTest" classname="Tests.Unit.Models.CategoriaTest" assertions="1" time="0.089181"/>
        <testcase name="puede_buscar_categorias_por_nombre" file="D:\Ciclo7\github-project\capachica-project\turismo-backend\tests\Unit\Models\CategoriaTest.php" line="185" class="Tests\Unit\Models\CategoriaTest" classname="Tests.Unit.Models.CategoriaTest" assertions="2" time="0.093474"/>
        <testcase name="maneja_valores_nulos_correctamente" file="D:\Ciclo7\github-project\capachica-project\turismo-backend\tests\Unit\Models\CategoriaTest.php" line="201" class="Tests\Unit\Models\CategoriaTest" classname="Tests.Unit.Models.CategoriaTest" assertions="3" time="0.200892"/>
        <testcase name="created_at_y_updated_at_se_establecen_automaticamente" file="D:\Ciclo7\github-project\capachica-project\turismo-backend\tests\Unit\Models\CategoriaTest.php" line="217" class="Tests\Unit\Models\CategoriaTest" classname="Tests.Unit.Models.CategoriaTest" assertions="4" time="0.081457"/>
        <testcase name="puede_obtener_cantidad_de_servicios_asociados" file="D:\Ciclo7\github-project\capachica-project\turismo-backend\tests\Unit\Models\CategoriaTest.php" line="230" class="Tests\Unit\Models\CategoriaTest" classname="Tests.Unit.Models.CategoriaTest" assertions="1" time="0.089504"/>
        <testcase name="puede_verificar_si_tiene_servicios_asociados" file="D:\Ciclo7\github-project\capachica-project\turismo-backend\tests\Unit\Models\CategoriaTest.php" line="243" class="Tests\Unit\Models\CategoriaTest" classname="Tests.Unit.Models.CategoriaTest" assertions="1" time="0.091605"/>
        <testcase name="nombre_es_requerido_para_creacion" file="D:\Ciclo7\github-project\capachica-project\turismo-backend\tests\Unit\Models\CategoriaTest.php" line="253" class="Tests\Unit\Models\CategoriaTest" classname="Tests.Unit.Models.CategoriaTest" assertions="1" time="0.088258"/>
        <testcase name="puede_convertir_a_array" file="D:\Ciclo7\github-project\capachica-project\turismo-backend\tests\Unit\Models\CategoriaTest.php" line="264" class="Tests\Unit\Models\CategoriaTest" classname="Tests.Unit.Models.CategoriaTest" assertions="7" time="0.192742"/>
        <testcase name="puede_convertir_a_json" file="D:\Ciclo7\github-project\capachica-project\turismo-backend\tests\Unit\Models\CategoriaTest.php" line="287" class="Tests\Unit\Models\CategoriaTest" classname="Tests.Unit.Models.CategoriaTest" assertions="4" time="0.086968"/>
      </testsuite>
      <testsuite name="Tests\Unit\Models\EmprendedorTest" file="D:\Ciclo7\github-project\capachica-project\turismo-backend\tests\Unit\Models\EmprendedorTest.php" tests="26" assertions="91" errors="2" failures="0" skipped="0" time="3.365573">
        <testcase name="puede_crear_emprendedor_con_datos_validos" file="D:\Ciclo7\github-project\capachica-project\turismo-backend\tests\Unit\Models\EmprendedorTest.php" line="33" class="Tests\Unit\Models\EmprendedorTest" classname="Tests.Unit.Models.EmprendedorTest" assertions="6" time="0.133304"/>
        <testcase name="fillable_permite_campos_correctos" file="D:\Ciclo7\github-project\capachica-project\turismo-backend\tests\Unit\Models\EmprendedorTest.php" line="73" class="Tests\Unit\Models\EmprendedorTest" classname="Tests.Unit.Models.EmprendedorTest" assertions="4" time="0.111725"/>
        <testcase name="casts_convierte_tipos_correctamente" file="D:\Ciclo7\github-project\capachica-project\turismo-backend\tests\Unit\Models\EmprendedorTest.php" line="96" class="Tests\Unit\Models\EmprendedorTest" classname="Tests.Unit.Models.EmprendedorTest" assertions="9" time="0.099139"/>
        <testcase name="relacion_asociacion_funciona_correctamente" file="D:\Ciclo7\github-project\capachica-project\turismo-backend\tests\Unit\Models\EmprendedorTest.php" line="125" class="Tests\Unit\Models\EmprendedorTest" classname="Tests.Unit.Models.EmprendedorTest" assertions="3" time="0.108457"/>
        <testcase name="relacion_administradores_funciona_correctamente" file="D:\Ciclo7\github-project\capachica-project\turismo-backend\tests\Unit\Models\EmprendedorTest.php" line="142" class="Tests\Unit\Models\EmprendedorTest" classname="Tests.Unit.Models.EmprendedorTest" assertions="4" time="0.167948"/>
        <testcase name="relacion_administradores_incluye_timestamps_y_pivot" file="D:\Ciclo7\github-project\capachica-project\turismo-backend\tests\Unit\Models\EmprendedorTest.php" line="171" class="Tests\Unit\Models\EmprendedorTest" classname="Tests.Unit.Models.EmprendedorTest" assertions="4" time="0.121397"/>
        <testcase name="puede_obtener_administrador_principal" file="D:\Ciclo7\github-project\capachica-project\turismo-backend\tests\Unit\Models\EmprendedorTest.php" line="196" class="Tests\Unit\Models\EmprendedorTest" classname="Tests.Unit.Models.EmprendedorTest" assertions="2" time="0.132279"/>
        <testcase name="relacion_servicios_funciona_correctamente" file="D:\Ciclo7\github-project\capachica-project\turismo-backend\tests\Unit\Models\EmprendedorTest.php" line="220" class="Tests\Unit\Models\EmprendedorTest" classname="Tests.Unit.Models.EmprendedorTest" assertions="4" time="0.123105"/>
        <testcase name="relacion_sliders_existe_y_funciona" file="D:\Ciclo7\github-project\capachica-project\turismo-backend\tests\Unit\Models\EmprendedorTest.php" line="244" class="Tests\Unit\Models\EmprendedorTest" classname="Tests.Unit.Models.EmprendedorTest" assertions="2" time="0.110306"/>
        <testcase name="relacion_sliders_principales_filtra_correctamente" file="D:\Ciclo7\github-project\capachica-project\turismo-backend\tests\Unit\Models\EmprendedorTest.php" line="260" class="Tests\Unit\Models\EmprendedorTest" classname="Tests.Unit.Models.EmprendedorTest" assertions="1" time="0.118055">
          <error type="Exception">Tests\Unit\Models\EmprendedorTest::relacion_sliders_principales_filtra_correctamente&#13;
Exception: Property [wheres] does not exist on the Eloquent builder instance.
&#13;
D:\Ciclo7\github-project\capachica-project\turismo-backend\vendor\laravel\framework\src\Illuminate\Database\Eloquent\Builder.php:2169
D:\Ciclo7\github-project\capachica-project\turismo-backend\tests\Unit\Models\EmprendedorTest.php:275</error>
        </testcase>
        <testcase name="tabla_correcta_es_utilizada" file="D:\Ciclo7\github-project\capachica-project\turismo-backend\tests\Unit\Models\EmprendedorTest.php" line="288" class="Tests\Unit\Models\EmprendedorTest" classname="Tests.Unit.Models.EmprendedorTest" assertions="1" time="0.095882"/>
        <testcase name="primary_key_es_id_por_defecto" file="D:\Ciclo7\github-project\capachica-project\turismo-backend\tests\Unit\Models\EmprendedorTest.php" line="301" class="Tests\Unit\Models\EmprendedorTest" classname="Tests.Unit.Models.EmprendedorTest" assertions="1" time="0.100632"/>
        <testcase name="timestamps_estan_habilitados" file="D:\Ciclo7\github-project\capachica-project\turismo-backend\tests\Unit\Models\EmprendedorTest.php" line="314" class="Tests\Unit\Models\EmprendedorTest" classname="Tests.Unit.Models.EmprendedorTest" assertions="1" time="0.098665"/>
        <testcase name="puede_actualizar_campos_individuales" file="D:\Ciclo7\github-project\capachica-project\turismo-backend\tests\Unit\Models\EmprendedorTest.php" line="327" class="Tests\Unit\Models\EmprendedorTest" classname="Tests.Unit.Models.EmprendedorTest" assertions="2" time="0.220424"/>
        <testcase name="puede_eliminar_emprendedor" file="D:\Ciclo7\github-project\capachica-project\turismo-backend\tests\Unit\Models\EmprendedorTest.php" line="348" class="Tests\Unit\Models\EmprendedorTest" classname="Tests.Unit.Models.EmprendedorTest" assertions="2" time="0.211901"/>
        <testcase name="maneja_valores_nulos_correctamente" file="D:\Ciclo7\github-project\capachica-project\turismo-backend\tests\Unit\Models\EmprendedorTest.php" line="365" class="Tests\Unit\Models\EmprendedorTest" classname="Tests.Unit.Models.EmprendedorTest" assertions="0" time="0.106848">
          <error type="Illuminate\Database\QueryException">Tests\Unit\Models\EmprendedorTest::maneja_valores_nulos_correctamente&#13;
Illuminate\Database\QueryException: SQLSTATE[23502]: Not null violation: 7 ERROR:  el valor nulo en la columna «descripcion» de la relación «emprendedores» viola la restricción de no nulo
DETAIL:  La fila que falla contiene (15, King-Mraz SRL, Transporte, null, null, null, null, null, Lunes a Domingo: 24 horas, S/ 500 - S/ 1000, ["efectivo","tarjeta_debito"], 196, 1, null, ["https:\/\/via.placeholder.com\/800x600.png\/007744?text=busine..., Entretenimiento, ["ISO 9001"], ["espa\u00f1ol","ingl\u00e9s","quechua"], ["vehiculo_propio","transporte_publico"], t, t, 2025-07-01 00:09:50, 2025-07-01 00:09:50, 34). (Connection: pgsql, SQL: insert into "emprendedores" ("nombre", "tipo_servicio", "descripcion", "ubicacion", "telefono", "email", "pagina_web", "horario_atencion", "precio_rango", "metodos_pago", "capacidad_aforo", "numero_personas_atiende", "comentarios_resenas", "imagenes", "categoria", "certificaciones", "idiomas_hablados", "opciones_acceso", "facilidades_discapacidad", "asociacion_id", "estado", "updated_at", "created_at") values (King-Mraz SRL, Transporte, ?, ?, ?, ?, ?, Lunes a Domingo: 24 horas, S/ 500 - S/ 1000, ["efectivo","tarjeta_debito"], 196, 1, ?, ["https:\/\/via.placeholder.com\/800x600.png\/007744?text=business+emprendimiento+magni","https:\/\/via.placeholder.com\/800x600.png\/000011?text=business+emprendimiento+voluptate","https:\/\/via.placeholder.com\/800x600.png\/002233?text=business+emprendimiento+et"], Entretenimiento, ["ISO 9001"], ["espa\u00f1ol","ingl\u00e9s","quechua"], ["vehiculo_propio","transporte_publico"], 1, 34, 1, 2025-07-01 00:09:50, 2025-07-01 00:09:50) returning "id")
&#13;
D:\Ciclo7\github-project\capachica-project\turismo-backend\vendor\laravel\framework\src\Illuminate\Database\Connection.php:822
D:\Ciclo7\github-project\capachica-project\turismo-backend\vendor\laravel\framework\src\Illuminate\Database\Connection.php:776
D:\Ciclo7\github-project\capachica-project\turismo-backend\vendor\laravel\framework\src\Illuminate\Database\Connection.php:395
D:\Ciclo7\github-project\capachica-project\turismo-backend\vendor\laravel\framework\src\Illuminate\Database\Connection.php:382
D:\Ciclo7\github-project\capachica-project\turismo-backend\vendor\laravel\framework\src\Illuminate\Database\Query\Processors\PostgresProcessor.php:24
D:\Ciclo7\github-project\capachica-project\turismo-backend\vendor\laravel\framework\src\Illuminate\Database\Query\Builder.php:3769
D:\Ciclo7\github-project\capachica-project\turismo-backend\vendor\laravel\framework\src\Illuminate\Database\Eloquent\Builder.php:2208
D:\Ciclo7\github-project\capachica-project\turismo-backend\vendor\laravel\framework\src\Illuminate\Database\Eloquent\Model.php:1408
D:\Ciclo7\github-project\capachica-project\turismo-backend\vendor\laravel\framework\src\Illuminate\Database\Eloquent\Model.php:1373
D:\Ciclo7\github-project\capachica-project\turismo-backend\vendor\laravel\framework\src\Illuminate\Database\Eloquent\Model.php:1212
D:\Ciclo7\github-project\capachica-project\turismo-backend\vendor\laravel\framework\src\Illuminate\Database\Eloquent\Factories\Factory.php:351
D:\Ciclo7\github-project\capachica-project\turismo-backend\vendor\laravel\framework\src\Illuminate\Collections\Traits\EnumeratesValues.php:274
D:\Ciclo7\github-project\capachica-project\turismo-backend\vendor\laravel\framework\src\Illuminate\Database\Eloquent\Factories\Factory.php:346
D:\Ciclo7\github-project\capachica-project\turismo-backend\vendor\laravel\framework\src\Illuminate\Database\Eloquent\Factories\Factory.php:302
D:\Ciclo7\github-project\capachica-project\turismo-backend\vendor\laravel\framework\src\Illuminate\Database\Eloquent\Factories\Factory.php:296
D:\Ciclo7\github-project\capachica-project\turismo-backend\tests\Unit\Models\EmprendedorTest.php:368</error>
        </testcase>
        <testcase name="created_at_y_updated_at_se_establecen_automaticamente" file="D:\Ciclo7\github-project\capachica-project\turismo-backend\tests\Unit\Models\EmprendedorTest.php" line="388" class="Tests\Unit\Models\EmprendedorTest" classname="Tests.Unit.Models.EmprendedorTest" assertions="4" time="0.101606"/>
        <testcase name="arrays_se_almacenan_correctamente" file="D:\Ciclo7\github-project\capachica-project\turismo-backend\tests\Unit\Models\EmprendedorTest.php" line="403" class="Tests\Unit\Models\EmprendedorTest" classname="Tests.Unit.Models.EmprendedorTest" assertions="5" time="0.101734"/>
        <testcase name="facilidades_discapacidad_se_almacena_como_boolean" file="D:\Ciclo7\github-project\capachica-project\turismo-backend\tests\Unit\Models\EmprendedorTest.php" line="424" class="Tests\Unit\Models\EmprendedorTest" classname="Tests.Unit.Models.EmprendedorTest" assertions="4" time="0.107237"/>
        <testcase name="estado_se_almacena_como_boolean" file="D:\Ciclo7\github-project\capachica-project\turismo-backend\tests\Unit\Models\EmprendedorTest.php" line="445" class="Tests\Unit\Models\EmprendedorTest" classname="Tests.Unit.Models.EmprendedorTest" assertions="4" time="0.208824"/>
        <testcase name="puede_convertir_a_array" file="D:\Ciclo7\github-project\capachica-project\turismo-backend\tests\Unit\Models\EmprendedorTest.php" line="466" class="Tests\Unit\Models\EmprendedorTest" classname="Tests.Unit.Models.EmprendedorTest" assertions="9" time="0.216424"/>
        <testcase name="puede_convertir_a_json" file="D:\Ciclo7\github-project\capachica-project\turismo-backend\tests\Unit\Models\EmprendedorTest.php" line="489" class="Tests\Unit\Models\EmprendedorTest" classname="Tests.Unit.Models.EmprendedorTest" assertions="5" time="0.103546"/>
        <testcase name="capacidad_aforo_es_entero_positivo" file="D:\Ciclo7\github-project\capachica-project\turismo-backend\tests\Unit\Models\EmprendedorTest.php" line="509" class="Tests\Unit\Models\EmprendedorTest" classname="Tests.Unit.Models.EmprendedorTest" assertions="2" time="0.101463"/>
        <testcase name="numero_personas_atiende_es_entero_positivo" file="D:\Ciclo7\github-project\capachica-project\turismo-backend\tests\Unit\Models\EmprendedorTest.php" line="523" class="Tests\Unit\Models\EmprendedorTest" classname="Tests.Unit.Models.EmprendedorTest" assertions="2" time="0.099822"/>
        <testcase name="puede_asociar_y_desasociar_administradores" file="D:\Ciclo7\github-project\capachica-project\turismo-backend\tests\Unit\Models\EmprendedorTest.php" line="537" class="Tests\Unit\Models\EmprendedorTest" classname="Tests.Unit.Models.EmprendedorTest" assertions="4" time="0.127494"/>
        <testcase name="puede_sincronizar_administradores" file="D:\Ciclo7\github-project\capachica-project\turismo-backend\tests\Unit\Models\EmprendedorTest.php" line="566" class="Tests\Unit\Models\EmprendedorTest" classname="Tests.Unit.Models.EmprendedorTest" assertions="6" time="0.137353"/>
      </testsuite>
      <testsuite name="Tests\Unit\Models\EventoTest" file="D:\Ciclo7\github-project\capachica-project\turismo-backend\tests\Unit\Models\EventoTest.php" tests="24" assertions="16" errors="19" failures="0" skipped="0" time="2.984518">
        <testcase name="puede_crear_evento_con_datos_validos" file="D:\Ciclo7\github-project\capachica-project\turismo-backend\tests\Unit\Models\EventoTest.php" line="34" class="Tests\Unit\Models\EventoTest" classname="Tests.Unit.Models.EventoTest" assertions="7" time="0.178488"/>
        <testcase name="fillable_permite_campos_correctos" file="D:\Ciclo7\github-project\capachica-project\turismo-backend\tests\Unit\Models\EventoTest.php" line="72" class="Tests\Unit\Models\EventoTest" classname="Tests.Unit.Models.EventoTest" assertions="6" time="0.100569"/>
        <testcase name="relacion_emprendedor_funciona_correctamente" file="D:\Ciclo7\github-project\capachica-project\turismo-backend\tests\Unit\Models\EventoTest.php" line="106" class="Tests\Unit\Models\EventoTest" classname="Tests.Unit.Models.EventoTest" assertions="0" time="0.211908">
          <error type="BadMethodCallException">Tests\Unit\Models\EventoTest::relacion_emprendedor_funciona_correctamente&#13;
BadMethodCallException: Call to undefined method App\Models\Evento::factory()
&#13;
D:\Ciclo7\github-project\capachica-project\turismo-backend\vendor\laravel\framework\src\Illuminate\Support\Traits\ForwardsCalls.php:67
D:\Ciclo7\github-project\capachica-project\turismo-backend\vendor\laravel\framework\src\Illuminate\Support\Traits\ForwardsCalls.php:36
D:\Ciclo7\github-project\capachica-project\turismo-backend\vendor\laravel\framework\src\Illuminate\Database\Eloquent\Model.php:2449
D:\Ciclo7\github-project\capachica-project\turismo-backend\vendor\laravel\framework\src\Illuminate\Database\Eloquent\Model.php:2465
D:\Ciclo7\github-project\capachica-project\turismo-backend\tests\Unit\Models\EventoTest.php:109</error>
        </testcase>
        <testcase name="relacion_sliders_funciona_correctamente" file="D:\Ciclo7\github-project\capachica-project\turismo-backend\tests\Unit\Models\EventoTest.php" line="121" class="Tests\Unit\Models\EventoTest" classname="Tests.Unit.Models.EventoTest" assertions="0" time="0.215740">
          <error type="BadMethodCallException">Tests\Unit\Models\EventoTest::relacion_sliders_funciona_correctamente&#13;
BadMethodCallException: Call to undefined method App\Models\Evento::factory()
&#13;
D:\Ciclo7\github-project\capachica-project\turismo-backend\vendor\laravel\framework\src\Illuminate\Support\Traits\ForwardsCalls.php:67
D:\Ciclo7\github-project\capachica-project\turismo-backend\vendor\laravel\framework\src\Illuminate\Support\Traits\ForwardsCalls.php:36
D:\Ciclo7\github-project\capachica-project\turismo-backend\vendor\laravel\framework\src\Illuminate\Database\Eloquent\Model.php:2449
D:\Ciclo7\github-project\capachica-project\turismo-backend\vendor\laravel\framework\src\Illuminate\Database\Eloquent\Model.php:2465
D:\Ciclo7\github-project\capachica-project\turismo-backend\tests\Unit\Models\EventoTest.php:124</error>
        </testcase>
        <testcase name="relacion_sliders_filtra_por_tipo_entidad" file="D:\Ciclo7\github-project\capachica-project\turismo-backend\tests\Unit\Models\EventoTest.php" line="150" class="Tests\Unit\Models\EventoTest" classname="Tests.Unit.Models.EventoTest" assertions="0" time="0.102726">
          <error type="BadMethodCallException">Tests\Unit\Models\EventoTest::relacion_sliders_filtra_por_tipo_entidad&#13;
BadMethodCallException: Call to undefined method App\Models\Evento::factory()
&#13;
D:\Ciclo7\github-project\capachica-project\turismo-backend\vendor\laravel\framework\src\Illuminate\Support\Traits\ForwardsCalls.php:67
D:\Ciclo7\github-project\capachica-project\turismo-backend\vendor\laravel\framework\src\Illuminate\Support\Traits\ForwardsCalls.php:36
D:\Ciclo7\github-project\capachica-project\turismo-backend\vendor\laravel\framework\src\Illuminate\Database\Eloquent\Model.php:2449
D:\Ciclo7\github-project\capachica-project\turismo-backend\vendor\laravel\framework\src\Illuminate\Database\Eloquent\Model.php:2465
D:\Ciclo7\github-project\capachica-project\turismo-backend\tests\Unit\Models\EventoTest.php:153</error>
        </testcase>
        <testcase name="tabla_correcta_es_utilizada" file="D:\Ciclo7\github-project\capachica-project\turismo-backend\tests\Unit\Models\EventoTest.php" line="179" class="Tests\Unit\Models\EventoTest" classname="Tests.Unit.Models.EventoTest" assertions="1" time="0.101915"/>
        <testcase name="primary_key_es_id_por_defecto" file="D:\Ciclo7\github-project\capachica-project\turismo-backend\tests\Unit\Models\EventoTest.php" line="192" class="Tests\Unit\Models\EventoTest" classname="Tests.Unit.Models.EventoTest" assertions="1" time="0.099758"/>
        <testcase name="timestamps_estan_habilitados" file="D:\Ciclo7\github-project\capachica-project\turismo-backend\tests\Unit\Models\EventoTest.php" line="205" class="Tests\Unit\Models\EventoTest" classname="Tests.Unit.Models.EventoTest" assertions="1" time="0.104092"/>
        <testcase name="puede_actualizar_campos_individuales" file="D:\Ciclo7\github-project\capachica-project\turismo-backend\tests\Unit\Models\EventoTest.php" line="218" class="Tests\Unit\Models\EventoTest" classname="Tests.Unit.Models.EventoTest" assertions="0" time="0.111545">
          <error type="BadMethodCallException">Tests\Unit\Models\EventoTest::puede_actualizar_campos_individuales&#13;
BadMethodCallException: Call to undefined method App\Models\Evento::factory()
&#13;
D:\Ciclo7\github-project\capachica-project\turismo-backend\vendor\laravel\framework\src\Illuminate\Support\Traits\ForwardsCalls.php:67
D:\Ciclo7\github-project\capachica-project\turismo-backend\vendor\laravel\framework\src\Illuminate\Support\Traits\ForwardsCalls.php:36
D:\Ciclo7\github-project\capachica-project\turismo-backend\vendor\laravel\framework\src\Illuminate\Database\Eloquent\Model.php:2449
D:\Ciclo7\github-project\capachica-project\turismo-backend\vendor\laravel\framework\src\Illuminate\Database\Eloquent\Model.php:2465
D:\Ciclo7\github-project\capachica-project\turismo-backend\tests\Unit\Models\EventoTest.php:221</error>
        </testcase>
        <testcase name="puede_eliminar_evento" file="D:\Ciclo7\github-project\capachica-project\turismo-backend\tests\Unit\Models\EventoTest.php" line="241" class="Tests\Unit\Models\EventoTest" classname="Tests.Unit.Models.EventoTest" assertions="0" time="0.100692">
          <error type="BadMethodCallException">Tests\Unit\Models\EventoTest::puede_eliminar_evento&#13;
BadMethodCallException: Call to undefined method App\Models\Evento::factory()
&#13;
D:\Ciclo7\github-project\capachica-project\turismo-backend\vendor\laravel\framework\src\Illuminate\Support\Traits\ForwardsCalls.php:67
D:\Ciclo7\github-project\capachica-project\turismo-backend\vendor\laravel\framework\src\Illuminate\Support\Traits\ForwardsCalls.php:36
D:\Ciclo7\github-project\capachica-project\turismo-backend\vendor\laravel\framework\src\Illuminate\Database\Eloquent\Model.php:2449
D:\Ciclo7\github-project\capachica-project\turismo-backend\vendor\laravel\framework\src\Illuminate\Database\Eloquent\Model.php:2465
D:\Ciclo7\github-project\capachica-project\turismo-backend\tests\Unit\Models\EventoTest.php:244</error>
        </testcase>
        <testcase name="maneja_valores_nulos_correctamente" file="D:\Ciclo7\github-project\capachica-project\turismo-backend\tests\Unit\Models\EventoTest.php" line="256" class="Tests\Unit\Models\EventoTest" classname="Tests.Unit.Models.EventoTest" assertions="0" time="0.210389">
          <error type="BadMethodCallException">Tests\Unit\Models\EventoTest::maneja_valores_nulos_correctamente&#13;
BadMethodCallException: Call to undefined method App\Models\Evento::factory()
&#13;
D:\Ciclo7\github-project\capachica-project\turismo-backend\vendor\laravel\framework\src\Illuminate\Support\Traits\ForwardsCalls.php:67
D:\Ciclo7\github-project\capachica-project\turismo-backend\vendor\laravel\framework\src\Illuminate\Support\Traits\ForwardsCalls.php:36
D:\Ciclo7\github-project\capachica-project\turismo-backend\vendor\laravel\framework\src\Illuminate\Database\Eloquent\Model.php:2449
D:\Ciclo7\github-project\capachica-project\turismo-backend\vendor\laravel\framework\src\Illuminate\Database\Eloquent\Model.php:2465
D:\Ciclo7\github-project\capachica-project\turismo-backend\tests\Unit\Models\EventoTest.php:259</error>
        </testcase>
        <testcase name="created_at_y_updated_at_se_establecen_automaticamente" file="D:\Ciclo7\github-project\capachica-project\turismo-backend\tests\Unit\Models\EventoTest.php" line="277" class="Tests\Unit\Models\EventoTest" classname="Tests.Unit.Models.EventoTest" assertions="0" time="0.105792">
          <error type="BadMethodCallException">Tests\Unit\Models\EventoTest::created_at_y_updated_at_se_establecen_automaticamente&#13;
BadMethodCallException: Call to undefined method App\Models\Evento::factory()
&#13;
D:\Ciclo7\github-project\capachica-project\turismo-backend\vendor\laravel\framework\src\Illuminate\Support\Traits\ForwardsCalls.php:67
D:\Ciclo7\github-project\capachica-project\turismo-backend\vendor\laravel\framework\src\Illuminate\Support\Traits\ForwardsCalls.php:36
D:\Ciclo7\github-project\capachica-project\turismo-backend\vendor\laravel\framework\src\Illuminate\Database\Eloquent\Model.php:2449
D:\Ciclo7\github-project\capachica-project\turismo-backend\vendor\laravel\framework\src\Illuminate\Database\Eloquent\Model.php:2465
D:\Ciclo7\github-project\capachica-project\turismo-backend\tests\Unit\Models\EventoTest.php:280</error>
        </testcase>
        <testcase name="puede_almacenar_coordenadas_geograficas_precisas" file="D:\Ciclo7\github-project\capachica-project\turismo-backend\tests\Unit\Models\EventoTest.php" line="290" class="Tests\Unit\Models\EventoTest" classname="Tests.Unit.Models.EventoTest" assertions="0" time="0.103120">
          <error type="BadMethodCallException">Tests\Unit\Models\EventoTest::puede_almacenar_coordenadas_geograficas_precisas&#13;
BadMethodCallException: Call to undefined method App\Models\Evento::factory()
&#13;
D:\Ciclo7\github-project\capachica-project\turismo-backend\vendor\laravel\framework\src\Illuminate\Support\Traits\ForwardsCalls.php:67
D:\Ciclo7\github-project\capachica-project\turismo-backend\vendor\laravel\framework\src\Illuminate\Support\Traits\ForwardsCalls.php:36
D:\Ciclo7\github-project\capachica-project\turismo-backend\vendor\laravel\framework\src\Illuminate\Database\Eloquent\Model.php:2449
D:\Ciclo7\github-project\capachica-project\turismo-backend\vendor\laravel\framework\src\Illuminate\Database\Eloquent\Model.php:2465
D:\Ciclo7\github-project\capachica-project\turismo-backend\tests\Unit\Models\EventoTest.php:293</error>
        </testcase>
        <testcase name="puede_manejar_fechas_y_horas_correctamente" file="D:\Ciclo7\github-project\capachica-project\turismo-backend\tests\Unit\Models\EventoTest.php" line="307" class="Tests\Unit\Models\EventoTest" classname="Tests.Unit.Models.EventoTest" assertions="0" time="0.107126">
          <error type="BadMethodCallException">Tests\Unit\Models\EventoTest::puede_manejar_fechas_y_horas_correctamente&#13;
BadMethodCallException: Call to undefined method App\Models\Evento::factory()
&#13;
D:\Ciclo7\github-project\capachica-project\turismo-backend\vendor\laravel\framework\src\Illuminate\Support\Traits\ForwardsCalls.php:67
D:\Ciclo7\github-project\capachica-project\turismo-backend\vendor\laravel\framework\src\Illuminate\Support\Traits\ForwardsCalls.php:36
D:\Ciclo7\github-project\capachica-project\turismo-backend\vendor\laravel\framework\src\Illuminate\Database\Eloquent\Model.php:2449
D:\Ciclo7\github-project\capachica-project\turismo-backend\vendor\laravel\framework\src\Illuminate\Database\Eloquent\Model.php:2465
D:\Ciclo7\github-project\capachica-project\turismo-backend\tests\Unit\Models\EventoTest.php:310</error>
        </testcase>
        <testcase name="puede_almacenar_texto_largo_en_descripcion" file="D:\Ciclo7\github-project\capachica-project\turismo-backend\tests\Unit\Models\EventoTest.php" line="329" class="Tests\Unit\Models\EventoTest" classname="Tests.Unit.Models.EventoTest" assertions="0" time="0.103152">
          <error type="BadMethodCallException">Tests\Unit\Models\EventoTest::puede_almacenar_texto_largo_en_descripcion&#13;
BadMethodCallException: Call to undefined method App\Models\Evento::factory()
&#13;
D:\Ciclo7\github-project\capachica-project\turismo-backend\vendor\laravel\framework\src\Illuminate\Support\Traits\ForwardsCalls.php:67
D:\Ciclo7\github-project\capachica-project\turismo-backend\vendor\laravel\framework\src\Illuminate\Support\Traits\ForwardsCalls.php:36
D:\Ciclo7\github-project\capachica-project\turismo-backend\vendor\laravel\framework\src\Illuminate\Database\Eloquent\Model.php:2449
D:\Ciclo7\github-project\capachica-project\turismo-backend\vendor\laravel\framework\src\Illuminate\Database\Eloquent\Model.php:2465
D:\Ciclo7\github-project\capachica-project\turismo-backend\tests\Unit\Models\EventoTest.php:335</error>
        </testcase>
        <testcase name="puede_almacenar_tipos_evento_diversos" file="D:\Ciclo7\github-project\capachica-project\turismo-backend\tests\Unit\Models\EventoTest.php" line="346" class="Tests\Unit\Models\EventoTest" classname="Tests.Unit.Models.EventoTest" assertions="0" time="0.105158">
          <error type="BadMethodCallException">Tests\Unit\Models\EventoTest::puede_almacenar_tipos_evento_diversos&#13;
BadMethodCallException: Call to undefined method App\Models\Evento::factory()
&#13;
D:\Ciclo7\github-project\capachica-project\turismo-backend\vendor\laravel\framework\src\Illuminate\Support\Traits\ForwardsCalls.php:67
D:\Ciclo7\github-project\capachica-project\turismo-backend\vendor\laravel\framework\src\Illuminate\Support\Traits\ForwardsCalls.php:36
D:\Ciclo7\github-project\capachica-project\turismo-backend\vendor\laravel\framework\src\Illuminate\Database\Eloquent\Model.php:2449
D:\Ciclo7\github-project\capachica-project\turismo-backend\vendor\laravel\framework\src\Illuminate\Database\Eloquent\Model.php:2465
D:\Ciclo7\github-project\capachica-project\turismo-backend\tests\Unit\Models\EventoTest.php:362</error>
        </testcase>
        <testcase name="puede_almacenar_idiomas_principales_diversos" file="D:\Ciclo7\github-project\capachica-project\turismo-backend\tests\Unit\Models\EventoTest.php" line="376" class="Tests\Unit\Models\EventoTest" classname="Tests.Unit.Models.EventoTest" assertions="0" time="0.204339">
          <error type="BadMethodCallException">Tests\Unit\Models\EventoTest::puede_almacenar_idiomas_principales_diversos&#13;
BadMethodCallException: Call to undefined method App\Models\Evento::factory()
&#13;
D:\Ciclo7\github-project\capachica-project\turismo-backend\vendor\laravel\framework\src\Illuminate\Support\Traits\ForwardsCalls.php:67
D:\Ciclo7\github-project\capachica-project\turismo-backend\vendor\laravel\framework\src\Illuminate\Support\Traits\ForwardsCalls.php:36
D:\Ciclo7\github-project\capachica-project\turismo-backend\vendor\laravel\framework\src\Illuminate\Database\Eloquent\Model.php:2449
D:\Ciclo7\github-project\capachica-project\turismo-backend\vendor\laravel\framework\src\Illuminate\Database\Eloquent\Model.php:2465
D:\Ciclo7\github-project\capachica-project\turismo-backend\tests\Unit\Models\EventoTest.php:389</error>
        </testcase>
        <testcase name="puede_convertir_a_array" file="D:\Ciclo7\github-project\capachica-project\turismo-backend\tests\Unit\Models\EventoTest.php" line="399" class="Tests\Unit\Models\EventoTest" classname="Tests.Unit.Models.EventoTest" assertions="0" time="0.103302">
          <error type="BadMethodCallException">Tests\Unit\Models\EventoTest::puede_convertir_a_array&#13;
BadMethodCallException: Call to undefined method App\Models\Evento::factory()
&#13;
D:\Ciclo7\github-project\capachica-project\turismo-backend\vendor\laravel\framework\src\Illuminate\Support\Traits\ForwardsCalls.php:67
D:\Ciclo7\github-project\capachica-project\turismo-backend\vendor\laravel\framework\src\Illuminate\Support\Traits\ForwardsCalls.php:36
D:\Ciclo7\github-project\capachica-project\turismo-backend\vendor\laravel\framework\src\Illuminate\Database\Eloquent\Model.php:2449
D:\Ciclo7\github-project\capachica-project\turismo-backend\vendor\laravel\framework\src\Illuminate\Database\Eloquent\Model.php:2465
D:\Ciclo7\github-project\capachica-project\turismo-backend\tests\Unit\Models\EventoTest.php:402</error>
        </testcase>
        <testcase name="puede_convertir_a_json" file="D:\Ciclo7\github-project\capachica-project\turismo-backend\tests\Unit\Models\EventoTest.php" line="423" class="Tests\Unit\Models\EventoTest" classname="Tests.Unit.Models.EventoTest" assertions="0" time="0.104960">
          <error type="BadMethodCallException">Tests\Unit\Models\EventoTest::puede_convertir_a_json&#13;
BadMethodCallException: Call to undefined method App\Models\Evento::factory()
&#13;
D:\Ciclo7\github-project\capachica-project\turismo-backend\vendor\laravel\framework\src\Illuminate\Support\Traits\ForwardsCalls.php:67
D:\Ciclo7\github-project\capachica-project\turismo-backend\vendor\laravel\framework\src\Illuminate\Support\Traits\ForwardsCalls.php:36
D:\Ciclo7\github-project\capachica-project\turismo-backend\vendor\laravel\framework\src\Illuminate\Database\Eloquent\Model.php:2449
D:\Ciclo7\github-project\capachica-project\turismo-backend\vendor\laravel\framework\src\Illuminate\Database\Eloquent\Model.php:2465
D:\Ciclo7\github-project\capachica-project\turismo-backend\tests\Unit\Models\EventoTest.php:426</error>
        </testcase>
        <testcase name="duracion_horas_es_entero_positivo" file="D:\Ciclo7\github-project\capachica-project\turismo-backend\tests\Unit\Models\EventoTest.php" line="442" class="Tests\Unit\Models\EventoTest" classname="Tests.Unit.Models.EventoTest" assertions="0" time="0.099357">
          <error type="BadMethodCallException">Tests\Unit\Models\EventoTest::duracion_horas_es_entero_positivo&#13;
BadMethodCallException: Call to undefined method App\Models\Evento::factory()
&#13;
D:\Ciclo7\github-project\capachica-project\turismo-backend\vendor\laravel\framework\src\Illuminate\Support\Traits\ForwardsCalls.php:67
D:\Ciclo7\github-project\capachica-project\turismo-backend\vendor\laravel\framework\src\Illuminate\Support\Traits\ForwardsCalls.php:36
D:\Ciclo7\github-project\capachica-project\turismo-backend\vendor\laravel\framework\src\Illuminate\Database\Eloquent\Model.php:2449
D:\Ciclo7\github-project\capachica-project\turismo-backend\vendor\laravel\framework\src\Illuminate\Database\Eloquent\Model.php:2465
D:\Ciclo7\github-project\capachica-project\turismo-backend\tests\Unit\Models\EventoTest.php:445</error>
        </testcase>
        <testcase name="puede_cargar_relaciones_eager" file="D:\Ciclo7\github-project\capachica-project\turismo-backend\tests\Unit\Models\EventoTest.php" line="456" class="Tests\Unit\Models\EventoTest" classname="Tests.Unit.Models.EventoTest" assertions="0" time="0.104057">
          <error type="BadMethodCallException">Tests\Unit\Models\EventoTest::puede_cargar_relaciones_eager&#13;
BadMethodCallException: Call to undefined method App\Models\Evento::factory()
&#13;
D:\Ciclo7\github-project\capachica-project\turismo-backend\vendor\laravel\framework\src\Illuminate\Support\Traits\ForwardsCalls.php:67
D:\Ciclo7\github-project\capachica-project\turismo-backend\vendor\laravel\framework\src\Illuminate\Support\Traits\ForwardsCalls.php:36
D:\Ciclo7\github-project\capachica-project\turismo-backend\vendor\laravel\framework\src\Illuminate\Database\Eloquent\Model.php:2449
D:\Ciclo7\github-project\capachica-project\turismo-backend\vendor\laravel\framework\src\Illuminate\Database\Eloquent\Model.php:2465
D:\Ciclo7\github-project\capachica-project\turismo-backend\tests\Unit\Models\EventoTest.php:459</error>
        </testcase>
        <testcase name="puede_filtrar_por_fechas" file="D:\Ciclo7\github-project\capachica-project\turismo-backend\tests\Unit\Models\EventoTest.php" line="476" class="Tests\Unit\Models\EventoTest" classname="Tests.Unit.Models.EventoTest" assertions="0" time="0.103642">
          <error type="BadMethodCallException">Tests\Unit\Models\EventoTest::puede_filtrar_por_fechas&#13;
BadMethodCallException: Call to undefined method App\Models\Evento::factory()
&#13;
D:\Ciclo7\github-project\capachica-project\turismo-backend\vendor\laravel\framework\src\Illuminate\Support\Traits\ForwardsCalls.php:67
D:\Ciclo7\github-project\capachica-project\turismo-backend\vendor\laravel\framework\src\Illuminate\Support\Traits\ForwardsCalls.php:36
D:\Ciclo7\github-project\capachica-project\turismo-backend\vendor\laravel\framework\src\Illuminate\Database\Eloquent\Model.php:2449
D:\Ciclo7\github-project\capachica-project\turismo-backend\vendor\laravel\framework\src\Illuminate\Database\Eloquent\Model.php:2465
D:\Ciclo7\github-project\capachica-project\turismo-backend\tests\Unit\Models\EventoTest.php:483</error>
        </testcase>
        <testcase name="puede_ordenar_por_fecha_de_inicio" file="D:\Ciclo7\github-project\capachica-project\turismo-backend\tests\Unit\Models\EventoTest.php" line="508" class="Tests\Unit\Models\EventoTest" classname="Tests.Unit.Models.EventoTest" assertions="0" time="0.101112">
          <error type="BadMethodCallException">Tests\Unit\Models\EventoTest::puede_ordenar_por_fecha_de_inicio&#13;
BadMethodCallException: Call to undefined method App\Models\Evento::factory()
&#13;
D:\Ciclo7\github-project\capachica-project\turismo-backend\vendor\laravel\framework\src\Illuminate\Support\Traits\ForwardsCalls.php:67
D:\Ciclo7\github-project\capachica-project\turismo-backend\vendor\laravel\framework\src\Illuminate\Support\Traits\ForwardsCalls.php:36
D:\Ciclo7\github-project\capachica-project\turismo-backend\vendor\laravel\framework\src\Illuminate\Database\Eloquent\Model.php:2449
D:\Ciclo7\github-project\capachica-project\turismo-backend\vendor\laravel\framework\src\Illuminate\Database\Eloquent\Model.php:2465
D:\Ciclo7\github-project\capachica-project\turismo-backend\tests\Unit\Models\EventoTest.php:511</error>
        </testcase>
        <testcase name="puede_buscar_por_nombre_parcial" file="D:\Ciclo7\github-project\capachica-project\turismo-backend\tests\Unit\Models\EventoTest.php" line="536" class="Tests\Unit\Models\EventoTest" classname="Tests.Unit.Models.EventoTest" assertions="0" time="0.101579">
          <error type="BadMethodCallException">Tests\Unit\Models\EventoTest::puede_buscar_por_nombre_parcial&#13;
BadMethodCallException: Call to undefined method App\Models\Evento::factory()
&#13;
D:\Ciclo7\github-project\capachica-project\turismo-backend\vendor\laravel\framework\src\Illuminate\Support\Traits\ForwardsCalls.php:67
D:\Ciclo7\github-project\capachica-project\turismo-backend\vendor\laravel\framework\src\Illuminate\Support\Traits\ForwardsCalls.php:36
D:\Ciclo7\github-project\capachica-project\turismo-backend\vendor\laravel\framework\src\Illuminate\Database\Eloquent\Model.php:2449
D:\Ciclo7\github-project\capachica-project\turismo-backend\vendor\laravel\framework\src\Illuminate\Database\Eloquent\Model.php:2465
D:\Ciclo7\github-project\capachica-project\turismo-backend\tests\Unit\Models\EventoTest.php:539</error>
        </testcase>
      </testsuite>
      <testsuite name="Tests\Unit\Models\PlanInscripcionTest" file="D:\Ciclo7\github-project\capachica-project\turismo-backend\tests\Unit\Models\PlanInscripcionTest.php" tests="21" assertions="21" errors="14" failures="0" skipped="0" time="3.293975">
        <testcase name="plan_inscripcion_can_be_created_with_factory" file="D:\Ciclo7\github-project\capachica-project\turismo-backend\tests\Unit\Models\PlanInscripcionTest.php" line="35" class="Tests\Unit\Models\PlanInscripcionTest" classname="Tests.Unit.Models.PlanInscripcionTest" assertions="0" time="0.380171">
          <error type="Illuminate\Database\QueryException">Tests\Unit\Models\PlanInscripcionTest::plan_inscripcion_can_be_created_with_factory&#13;
Illuminate\Database\QueryException: SQLSTATE[23514]: Check violation: 7 ERROR:  el nuevo registro para la relación «plans» viola la restricción «check» «plans_estado_check»
DETAIL:  La fila que falla contiene (2, Experiencia Cultural Capachica, Captura la belleza natural y cultural del Titicaca con guías es..., 7, t, borrador, 16, 2025-07-01 00:09:55, 2025-07-01 00:09:55, 1, Actividades culturales, talleres artesanales, degustaciones, mat..., plans/4a558599-0923-37c9-9d9d-c3873e268e6c.jpg, ["plans\/gallery\/f986112f-be46-38fe-a3ea-5c9ab5a09381.jpg","pla..., 53, 943.12, moderado, Saber nadar, no tener problemas cardíacos, edad entre 16-65 añ..., Ropa abrigada, protector solar factor 50+, gorra, lentes de sol,...). (Connection: pgsql, SQL: insert into "plans" ("nombre", "descripcion", "que_incluye", "capacidad", "duracion_dias", "es_publico", "estado", "creado_por_usuario_id", "emprendedor_id", "precio_total", "dificultad", "requerimientos", "que_llevar", "imagen_principal", "imagenes_galeria", "updated_at", "created_at") values (Experiencia Cultural Capachica, Captura la belleza natural y cultural del Titicaca con guías especializados en fotografía de paisajes. Dolorem est illo iste vero eius sapiente ab quia aliquid accusantium., Actividades culturales, talleres artesanales, degustaciones, materiales incluidos, 7, 1, 1, borrador, 16, 53, 943.12, moderado, Saber nadar, no tener problemas cardíacos, edad entre 16-65 años, Ropa abrigada, protector solar factor 50+, gorra, lentes de sol, cámara fotográfica, plans/4a558599-0923-37c9-9d9d-c3873e268e6c.jpg, ["plans\/gallery\/f986112f-be46-38fe-a3ea-5c9ab5a09381.jpg","plans\/gallery\/be381c9a-677e-3850-bb24-6f3e5b51000a.jpg","plans\/gallery\/bbed077f-aae0-355d-b98a-5840b6b13b6b.jpg","plans\/gallery\/13b0e1bb-f8fd-3061-bab7-df481edc945e.jpg","plans\/gallery\/b41981a7-1a45-3e59-a0aa-b665fb607af5.jpg","plans\/gallery\/30cc66f3-b332-3537-a5ff-45383b7596aa.jpg"], 2025-07-01 00:09:55, 2025-07-01 00:09:55) returning "id")
&#13;
D:\Ciclo7\github-project\capachica-project\turismo-backend\vendor\laravel\framework\src\Illuminate\Database\Connection.php:822
D:\Ciclo7\github-project\capachica-project\turismo-backend\vendor\laravel\framework\src\Illuminate\Database\Connection.php:776
D:\Ciclo7\github-project\capachica-project\turismo-backend\vendor\laravel\framework\src\Illuminate\Database\Connection.php:395
D:\Ciclo7\github-project\capachica-project\turismo-backend\vendor\laravel\framework\src\Illuminate\Database\Connection.php:382
D:\Ciclo7\github-project\capachica-project\turismo-backend\vendor\laravel\framework\src\Illuminate\Database\Query\Processors\PostgresProcessor.php:24
D:\Ciclo7\github-project\capachica-project\turismo-backend\vendor\laravel\framework\src\Illuminate\Database\Query\Builder.php:3769
D:\Ciclo7\github-project\capachica-project\turismo-backend\vendor\laravel\framework\src\Illuminate\Database\Eloquent\Builder.php:2208
D:\Ciclo7\github-project\capachica-project\turismo-backend\vendor\laravel\framework\src\Illuminate\Database\Eloquent\Model.php:1408
D:\Ciclo7\github-project\capachica-project\turismo-backend\vendor\laravel\framework\src\Illuminate\Database\Eloquent\Model.php:1373
D:\Ciclo7\github-project\capachica-project\turismo-backend\vendor\laravel\framework\src\Illuminate\Database\Eloquent\Model.php:1212
D:\Ciclo7\github-project\capachica-project\turismo-backend\vendor\laravel\framework\src\Illuminate\Database\Eloquent\Factories\Factory.php:351
D:\Ciclo7\github-project\capachica-project\turismo-backend\vendor\laravel\framework\src\Illuminate\Collections\Traits\EnumeratesValues.php:274
D:\Ciclo7\github-project\capachica-project\turismo-backend\vendor\laravel\framework\src\Illuminate\Database\Eloquent\Factories\Factory.php:346
D:\Ciclo7\github-project\capachica-project\turismo-backend\vendor\laravel\framework\src\Illuminate\Database\Eloquent\Factories\Factory.php:302
D:\Ciclo7\github-project\capachica-project\turismo-backend\vendor\laravel\framework\src\Illuminate\Database\Eloquent\Factories\Factory.php:497
D:\Ciclo7\github-project\capachica-project\turismo-backend\vendor\laravel\framework\src\Illuminate\Collections\Arr.php:609
D:\Ciclo7\github-project\capachica-project\turismo-backend\vendor\laravel\framework\src\Illuminate\Collections\Collection.php:800
D:\Ciclo7\github-project\capachica-project\turismo-backend\vendor\laravel\framework\src\Illuminate\Database\Eloquent\Factories\Factory.php:492
D:\Ciclo7\github-project\capachica-project\turismo-backend\vendor\laravel\framework\src\Illuminate\Database\Eloquent\Factories\Factory.php:446
D:\Ciclo7\github-project\capachica-project\turismo-backend\vendor\laravel\framework\src\Illuminate\Database\Eloquent\Factories\Factory.php:430
D:\Ciclo7\github-project\capachica-project\turismo-backend\vendor\laravel\framework\src\Illuminate\Database\Eloquent\Concerns\GuardsAttributes.php:155
D:\Ciclo7\github-project\capachica-project\turismo-backend\vendor\laravel\framework\src\Illuminate\Database\Eloquent\Factories\Factory.php:429
D:\Ciclo7\github-project\capachica-project\turismo-backend\vendor\laravel\framework\src\Illuminate\Database\Eloquent\Factories\Factory.php:403
D:\Ciclo7\github-project\capachica-project\turismo-backend\vendor\laravel\framework\src\Illuminate\Database\Eloquent\Factories\Factory.php:299
D:\Ciclo7\github-project\capachica-project\turismo-backend\tests\Unit\Models\PlanInscripcionTest.php:37</error>
        </testcase>
        <testcase name="plan_inscripcion_has_fillable_attributes" file="D:\Ciclo7\github-project\capachica-project\turismo-backend\tests\Unit\Models\PlanInscripcionTest.php" line="46" class="Tests\Unit\Models\PlanInscripcionTest" classname="Tests.Unit.Models.PlanInscripcionTest" assertions="0" time="0.000000">
          <error type="Illuminate\Database\QueryException">Tests\Unit\Models\PlanInscripcionTest::plan_inscripcion_has_fillable_attributes&#13;
Illuminate\Database\QueryException: SQLSTATE[23514]: Check violation: 7 ERROR:  el nuevo registro para la relación «plans» viola la restricción «check» «plans_estado_check»
DETAIL:  La fila que falla contiene (3, Expedición Fotográfica Titicaca, Sumérgete en las tradiciones ancestrales de Capachica con activ..., 16, t, borrador, 18, 2025-07-01 00:09:55, 2025-07-01 00:09:55, 7, Hospedaje 3 noches, todas las comidas, actividades familiares, t..., plans/13ec34c4-c03d-3ac6-aa69-eaa946c8a53c.jpg, ["plans\/gallery\/40da89db-67ca-3679-aa9f-82160f8d692f.jpg","pla..., 54, 200.00, moderado, Saber nadar, no tener problemas cardíacos, edad entre 16-65 añ..., Binoculares, cargador portátil, memoria extra para cámara, lin...). (Connection: pgsql, SQL: insert into "plans" ("nombre", "descripcion", "que_incluye", "capacidad", "duracion_dias", "es_publico", "estado", "creado_por_usuario_id", "emprendedor_id", "precio_total", "dificultad", "requerimientos", "que_llevar", "imagen_principal", "imagenes_galeria", "updated_at", "created_at") values (Expedición Fotográfica Titicaca, Sumérgete en las tradiciones ancestrales de Capachica con actividades auténticas y encuentros comunitarios. Aspernatur aut ipsum dolor quam facere qui totam nobis., Hospedaje 3 noches, todas las comidas, actividades familiares, transporte local, 16, 7, 1, borrador, 18, 54, 200, moderado, Saber nadar, no tener problemas cardíacos, edad entre 16-65 años, Binoculares, cargador portátil, memoria extra para cámara, linterna pequeña, plans/13ec34c4-c03d-3ac6-aa69-eaa946c8a53c.jpg, ["plans\/gallery\/40da89db-67ca-3679-aa9f-82160f8d692f.jpg","plans\/gallery\/42abf650-e2c1-3d7f-bd96-10db7877af45.jpg","plans\/gallery\/cbef9c76-f7d4-3564-9b37-131ab798f985.jpg","plans\/gallery\/27507756-890f-318d-bb31-fccd95d89a64.jpg"], 2025-07-01 00:09:55, 2025-07-01 00:09:55) returning "id")
&#13;
D:\Ciclo7\github-project\capachica-project\turismo-backend\vendor\laravel\framework\src\Illuminate\Database\Connection.php:822
D:\Ciclo7\github-project\capachica-project\turismo-backend\vendor\laravel\framework\src\Illuminate\Database\Connection.php:776
D:\Ciclo7\github-project\capachica-project\turismo-backend\vendor\laravel\framework\src\Illuminate\Database\Connection.php:395
D:\Ciclo7\github-project\capachica-project\turismo-backend\vendor\laravel\framework\src\Illuminate\Database\Connection.php:382
D:\Ciclo7\github-project\capachica-project\turismo-backend\vendor\laravel\framework\src\Illuminate\Database\Query\Processors\PostgresProcessor.php:24
D:\Ciclo7\github-project\capachica-project\turismo-backend\vendor\laravel\framework\src\Illuminate\Database\Query\Builder.php:3769
D:\Ciclo7\github-project\capachica-project\turismo-backend\vendor\laravel\framework\src\Illuminate\Database\Eloquent\Builder.php:2208
D:\Ciclo7\github-project\capachica-project\turismo-backend\vendor\laravel\framework\src\Illuminate\Database\Eloquent\Model.php:1408
D:\Ciclo7\github-project\capachica-project\turismo-backend\vendor\laravel\framework\src\Illuminate\Database\Eloquent\Model.php:1373
D:\Ciclo7\github-project\capachica-project\turismo-backend\vendor\laravel\framework\src\Illuminate\Database\Eloquent\Model.php:1212
D:\Ciclo7\github-project\capachica-project\turismo-backend\vendor\laravel\framework\src\Illuminate\Database\Eloquent\Factories\Factory.php:351
D:\Ciclo7\github-project\capachica-project\turismo-backend\vendor\laravel\framework\src\Illuminate\Collections\Traits\EnumeratesValues.php:274
D:\Ciclo7\github-project\capachica-project\turismo-backend\vendor\laravel\framework\src\Illuminate\Database\Eloquent\Factories\Factory.php:346
D:\Ciclo7\github-project\capachica-project\turismo-backend\vendor\laravel\framework\src\Illuminate\Database\Eloquent\Factories\Factory.php:302
D:\Ciclo7\github-project\capachica-project\turismo-backend\vendor\laravel\framework\src\Illuminate\Database\Eloquent\Factories\Factory.php:296
D:\Ciclo7\github-project\capachica-project\turismo-backend\tests\Unit\Models\PlanInscripcionTest.php:28</error>
        </testcase>
        <testcase name="plan_inscripcion_casts_dates_and_decimal" file="D:\Ciclo7\github-project\capachica-project\turismo-backend\tests\Unit\Models\PlanInscripcionTest.php" line="61" class="Tests\Unit\Models\PlanInscripcionTest" classname="Tests.Unit.Models.PlanInscripcionTest" assertions="4" time="0.164503"/>
        <testcase name="plan_inscripcion_has_plan_relationship" file="D:\Ciclo7\github-project\capachica-project\turismo-backend\tests\Unit\Models\PlanInscripcionTest.php" line="77" class="Tests\Unit\Models\PlanInscripcionTest" classname="Tests.Unit.Models.PlanInscripcionTest" assertions="0" time="0.000000">
          <error type="Illuminate\Database\QueryException">Tests\Unit\Models\PlanInscripcionTest::plan_inscripcion_has_plan_relationship&#13;
Illuminate\Database\QueryException: SQLSTATE[23514]: Check violation: 7 ERROR:  el nuevo registro para la relación «plans» viola la restricción «check» «plans_estado_check»
DETAIL:  La fila que falla contiene (6, Expedición Fotográfica Titicaca, Captura la belleza natural y cultural del Titicaca con guías es..., 16, t, borrador, 24, 2025-07-01 00:09:55, 2025-07-01 00:09:55, 5, Actividades culturales, talleres artesanales, degustaciones, mat..., plans/0b958a41-248d-361b-b723-a319f208fdbf.jpg, ["plans\/gallery\/f9e9c7ca-3a8e-3616-b676-b2d6be6337c4.jpg","pla..., 57, 200.00, facil, Documentos de identidad, ropa abrigada, zapatos cómodos para ca..., Ropa abrigada, protector solar factor 50+, gorra, lentes de sol,...). (Connection: pgsql, SQL: insert into "plans" ("nombre", "descripcion", "que_incluye", "capacidad", "duracion_dias", "es_publico", "estado", "creado_por_usuario_id", "emprendedor_id", "precio_total", "dificultad", "requerimientos", "que_llevar", "imagen_principal", "imagenes_galeria", "updated_at", "created_at") values (Expedición Fotográfica Titicaca, Captura la belleza natural y cultural del Titicaca con guías especializados en fotografía de paisajes. Cupiditate debitis placeat earum rerum animi excepturi vel vitae voluptatem sed adipisci aut placeat inventore., Actividades culturales, talleres artesanales, degustaciones, materiales incluidos, 16, 5, 1, borrador, 24, 57, 200, facil, Documentos de identidad, ropa abrigada, zapatos cómodos para caminar, Ropa abrigada, protector solar factor 50+, gorra, lentes de sol, cámara fotográfica, plans/0b958a41-248d-361b-b723-a319f208fdbf.jpg, ["plans\/gallery\/f9e9c7ca-3a8e-3616-b676-b2d6be6337c4.jpg","plans\/gallery\/4f5a64c7-73b1-3c42-8656-0b115baa30db.jpg","plans\/gallery\/80643243-3974-310c-8e0f-1396f8376b52.jpg","plans\/gallery\/81d24cd4-dabd-3220-938a-7eb46ddfb92c.jpg","plans\/gallery\/fa4c805d-6085-3591-9c32-f0046f8a4201.jpg","plans\/gallery\/4a48b701-25fd-37f3-a9ca-c0ec9cb5fe69.jpg"], 2025-07-01 00:09:55, 2025-07-01 00:09:55) returning "id")
&#13;
D:\Ciclo7\github-project\capachica-project\turismo-backend\vendor\laravel\framework\src\Illuminate\Database\Connection.php:822
D:\Ciclo7\github-project\capachica-project\turismo-backend\vendor\laravel\framework\src\Illuminate\Database\Connection.php:776
D:\Ciclo7\github-project\capachica-project\turismo-backend\vendor\laravel\framework\src\Illuminate\Database\Connection.php:395
D:\Ciclo7\github-project\capachica-project\turismo-backend\vendor\laravel\framework\src\Illuminate\Database\Connection.php:382
D:\Ciclo7\github-project\capachica-project\turismo-backend\vendor\laravel\framework\src\Illuminate\Database\Query\Processors\PostgresProcessor.php:24
D:\Ciclo7\github-project\capachica-project\turismo-backend\vendor\laravel\framework\src\Illuminate\Database\Query\Builder.php:3769
D:\Ciclo7\github-project\capachica-project\turismo-backend\vendor\laravel\framework\src\Illuminate\Database\Eloquent\Builder.php:2208
D:\Ciclo7\github-project\capachica-project\turismo-backend\vendor\laravel\framework\src\Illuminate\Database\Eloquent\Model.php:1408
D:\Ciclo7\github-project\capachica-project\turismo-backend\vendor\laravel\framework\src\Illuminate\Database\Eloquent\Model.php:1373
D:\Ciclo7\github-project\capachica-project\turismo-backend\vendor\laravel\framework\src\Illuminate\Database\Eloquent\Model.php:1212
D:\Ciclo7\github-project\capachica-project\turismo-backend\vendor\laravel\framework\src\Illuminate\Database\Eloquent\Factories\Factory.php:351
D:\Ciclo7\github-project\capachica-project\turismo-backend\vendor\laravel\framework\src\Illuminate\Collections\Traits\EnumeratesValues.php:274
D:\Ciclo7\github-project\capachica-project\turismo-backend\vendor\laravel\framework\src\Illuminate\Database\Eloquent\Factories\Factory.php:346
D:\Ciclo7\github-project\capachica-project\turismo-backend\vendor\laravel\framework\src\Illuminate\Database\Eloquent\Factories\Factory.php:302
D:\Ciclo7\github-project\capachica-project\turismo-backend\vendor\laravel\framework\src\Illuminate\Database\Eloquent\Factories\Factory.php:296
D:\Ciclo7\github-project\capachica-project\turismo-backend\tests\Unit\Models\PlanInscripcionTest.php:28</error>
        </testcase>
        <testcase name="plan_inscripcion_has_user_relationship" file="D:\Ciclo7\github-project\capachica-project\turismo-backend\tests\Unit\Models\PlanInscripcionTest.php" line="88" class="Tests\Unit\Models\PlanInscripcionTest" classname="Tests.Unit.Models.PlanInscripcionTest" assertions="4" time="0.149983"/>
        <testcase name="plan_inscripcion_calculates_precio_total_with_participants" file="D:\Ciclo7\github-project\capachica-project\turismo-backend\tests\Unit\Models\PlanInscripcionTest.php" line="101" class="Tests\Unit\Models\PlanInscripcionTest" classname="Tests.Unit.Models.PlanInscripcionTest" assertions="0" time="0.246373">
          <error type="Illuminate\Database\QueryException">Tests\Unit\Models\PlanInscripcionTest::plan_inscripcion_calculates_precio_total_with_participants&#13;
Illuminate\Database\QueryException: SQLSTATE[23514]: Check violation: 7 ERROR:  el nuevo registro para la relación «plan_inscripciones» viola la restricción «check» «plan_inscripciones_estado_check»
DETAIL:  La fila que falla contiene (3, 9, 30, en_progreso, Rem est ex accusamus eos unde hic ratione voluptatibus. Culpa do..., 2025-07-01 00:09:56, 2025-07-01 00:09:56, 2025-06-27 20:41:26, 2025-07-28 11:25:52, 2025-07-31 11:25:52, Eius molestias at repellat et libero culpa et., null, 3, 334.17, efectivo, null). (Connection: pgsql, SQL: insert into "plan_inscripciones" ("plan_id", "user_id", "estado", "notas", "fecha_inscripcion", "fecha_inicio_plan", "fecha_fin_plan", "notas_usuario", "requerimientos_especiales", "numero_participantes", "precio_pagado", "metodo_pago", "comentarios_adicionales", "updated_at", "created_at") values (9, 30, en_progreso, Rem est ex accusamus eos unde hic ratione voluptatibus. Culpa dolor voluptatem adipisci libero beatae labore consequatur. Earum qui sunt vero aut. Esse assumenda adipisci autem praesentium dolores et., 2025-06-27 20:41:26, 2025-07-28 11:25:52, 2025-07-31 11:25:52, Eius molestias at repellat et libero culpa et., ?, 3, 334.17, efectivo, ?, 2025-07-01 00:09:56, 2025-07-01 00:09:56) returning "id")
&#13;
D:\Ciclo7\github-project\capachica-project\turismo-backend\vendor\laravel\framework\src\Illuminate\Database\Connection.php:822
D:\Ciclo7\github-project\capachica-project\turismo-backend\vendor\laravel\framework\src\Illuminate\Database\Connection.php:776
D:\Ciclo7\github-project\capachica-project\turismo-backend\vendor\laravel\framework\src\Illuminate\Database\Connection.php:395
D:\Ciclo7\github-project\capachica-project\turismo-backend\vendor\laravel\framework\src\Illuminate\Database\Connection.php:382
D:\Ciclo7\github-project\capachica-project\turismo-backend\vendor\laravel\framework\src\Illuminate\Database\Query\Processors\PostgresProcessor.php:24
D:\Ciclo7\github-project\capachica-project\turismo-backend\vendor\laravel\framework\src\Illuminate\Database\Query\Builder.php:3769
D:\Ciclo7\github-project\capachica-project\turismo-backend\vendor\laravel\framework\src\Illuminate\Database\Eloquent\Builder.php:2208
D:\Ciclo7\github-project\capachica-project\turismo-backend\vendor\laravel\framework\src\Illuminate\Database\Eloquent\Model.php:1408
D:\Ciclo7\github-project\capachica-project\turismo-backend\vendor\laravel\framework\src\Illuminate\Database\Eloquent\Model.php:1373
D:\Ciclo7\github-project\capachica-project\turismo-backend\vendor\laravel\framework\src\Illuminate\Database\Eloquent\Model.php:1212
D:\Ciclo7\github-project\capachica-project\turismo-backend\vendor\laravel\framework\src\Illuminate\Database\Eloquent\Factories\Factory.php:351
D:\Ciclo7\github-project\capachica-project\turismo-backend\vendor\laravel\framework\src\Illuminate\Collections\Traits\EnumeratesValues.php:274
D:\Ciclo7\github-project\capachica-project\turismo-backend\vendor\laravel\framework\src\Illuminate\Database\Eloquent\Factories\Factory.php:346
D:\Ciclo7\github-project\capachica-project\turismo-backend\vendor\laravel\framework\src\Illuminate\Database\Eloquent\Factories\Factory.php:302
D:\Ciclo7\github-project\capachica-project\turismo-backend\vendor\laravel\framework\src\Illuminate\Database\Eloquent\Factories\Factory.php:296
D:\Ciclo7\github-project\capachica-project\turismo-backend\tests\Unit\Models\PlanInscripcionTest.php:103</error>
        </testcase>
        <testcase name="plan_inscripcion_esta_activa_with_confirmed_status" file="D:\Ciclo7\github-project\capachica-project\turismo-backend\tests\Unit\Models\PlanInscripcionTest.php" line="114" class="Tests\Unit\Models\PlanInscripcionTest" classname="Tests.Unit.Models.PlanInscripcionTest" assertions="0" time="0.186295">
          <error type="Illuminate\Database\QueryException">Tests\Unit\Models\PlanInscripcionTest::plan_inscripcion_esta_activa_with_confirmed_status&#13;
Illuminate\Database\QueryException: SQLSTATE[23514]: Check violation: 7 ERROR:  el nuevo registro para la relación «plan_inscripciones» viola la restricción «check» «plan_inscripciones_estado_check»
DETAIL:  La fila que falla contiene (5, 12, 36, en_progreso, Non rerum repellendus sed. Cum amet dolorem labore iusto unde eu..., 2025-07-01 00:09:56, 2025-07-01 00:09:56, 2025-06-25 17:13:48, 2025-06-26 03:18:58, 2025-07-05 19:51:58, null, Voluptatibus reprehenderit ut totam. Facere dolorem minus ipsam ..., 2, 256.14, plin, Commodi eos est aut sequi dolores iure autem repudiandae. At ass...). (Connection: pgsql, SQL: insert into "plan_inscripciones" ("plan_id", "user_id", "estado", "notas", "fecha_inscripcion", "fecha_inicio_plan", "fecha_fin_plan", "notas_usuario", "requerimientos_especiales", "numero_participantes", "precio_pagado", "metodo_pago", "comentarios_adicionales", "updated_at", "created_at") values (12, 36, en_progreso, Non rerum repellendus sed. Cum amet dolorem labore iusto unde eum. Expedita dolores nostrum quia. Magnam sit dolor ex maiores quia., 2025-06-25 17:13:48, 2025-06-26 03:18:58, 2025-07-05 19:51:58, ?, Voluptatibus reprehenderit ut totam. Facere dolorem minus ipsam dignissimos., 2, 256.14, plin, Commodi eos est aut sequi dolores iure autem repudiandae. At assumenda quod culpa animi porro omnis. Autem corrupti et magni et aspernatur voluptas. Iusto similique et et excepturi. Quae debitis culpa sit rerum odio unde. Aliquam necessitatibus dolores voluptas est corporis facere expedita., 2025-07-01 00:09:56, 2025-07-01 00:09:56) returning "id")
&#13;
D:\Ciclo7\github-project\capachica-project\turismo-backend\vendor\laravel\framework\src\Illuminate\Database\Connection.php:822
D:\Ciclo7\github-project\capachica-project\turismo-backend\vendor\laravel\framework\src\Illuminate\Database\Connection.php:776
D:\Ciclo7\github-project\capachica-project\turismo-backend\vendor\laravel\framework\src\Illuminate\Database\Connection.php:395
D:\Ciclo7\github-project\capachica-project\turismo-backend\vendor\laravel\framework\src\Illuminate\Database\Connection.php:382
D:\Ciclo7\github-project\capachica-project\turismo-backend\vendor\laravel\framework\src\Illuminate\Database\Query\Processors\PostgresProcessor.php:24
D:\Ciclo7\github-project\capachica-project\turismo-backend\vendor\laravel\framework\src\Illuminate\Database\Query\Builder.php:3769
D:\Ciclo7\github-project\capachica-project\turismo-backend\vendor\laravel\framework\src\Illuminate\Database\Eloquent\Builder.php:2208
D:\Ciclo7\github-project\capachica-project\turismo-backend\vendor\laravel\framework\src\Illuminate\Database\Eloquent\Model.php:1408
D:\Ciclo7\github-project\capachica-project\turismo-backend\vendor\laravel\framework\src\Illuminate\Database\Eloquent\Model.php:1373
D:\Ciclo7\github-project\capachica-project\turismo-backend\vendor\laravel\framework\src\Illuminate\Database\Eloquent\Model.php:1212
D:\Ciclo7\github-project\capachica-project\turismo-backend\vendor\laravel\framework\src\Illuminate\Database\Eloquent\Factories\Factory.php:351
D:\Ciclo7\github-project\capachica-project\turismo-backend\vendor\laravel\framework\src\Illuminate\Collections\Traits\EnumeratesValues.php:274
D:\Ciclo7\github-project\capachica-project\turismo-backend\vendor\laravel\framework\src\Illuminate\Database\Eloquent\Factories\Factory.php:346
D:\Ciclo7\github-project\capachica-project\turismo-backend\vendor\laravel\framework\src\Illuminate\Database\Eloquent\Factories\Factory.php:302
D:\Ciclo7\github-project\capachica-project\turismo-backend\tests\Unit\Models\PlanInscripcionTest.php:117</error>
        </testcase>
        <testcase name="plan_inscripcion_puede_ser_cancelada_when_pending" file="D:\Ciclo7\github-project\capachica-project\turismo-backend\tests\Unit\Models\PlanInscripcionTest.php" line="126" class="Tests\Unit\Models\PlanInscripcionTest" classname="Tests.Unit.Models.PlanInscripcionTest" assertions="1" time="0.147465"/>
        <testcase name="plan_inscripcion_cannot_be_cancelled_when_started" file="D:\Ciclo7\github-project\capachica-project\turismo-backend\tests\Unit\Models\PlanInscripcionTest.php" line="136" class="Tests\Unit\Models\PlanInscripcionTest" classname="Tests.Unit.Models.PlanInscripcionTest" assertions="0" time="0.000000">
          <error type="Illuminate\Database\QueryException">Tests\Unit\Models\PlanInscripcionTest::plan_inscripcion_cannot_be_cancelled_when_started&#13;
Illuminate\Database\QueryException: SQLSTATE[23514]: Check violation: 7 ERROR:  el nuevo registro para la relación «plans» viola la restricción «check» «plans_estado_check»
DETAIL:  La fila que falla contiene (15, Circuito Artesanal Tradicional, Aventura de múltiples días navegando por las islas más hermos..., 20, t, borrador, 42, 2025-07-01 00:09:56, 2025-07-01 00:09:56, 5, Actividades culturales, talleres artesanales, degustaciones, mat..., plans/53aba616-4b7e-3aa2-881c-8601fe0a21fd.jpg, ["plans\/gallery\/b701e1a8-f4fe-3c7c-8ea8-e27e02b1b328.jpg","pla..., 66, 200.00, moderado, Documentos de identidad, ropa abrigada, zapatos cómodos para ca..., Zapatos antideslizantes, mochila pequeña, botella de agua, snac...). (Connection: pgsql, SQL: insert into "plans" ("nombre", "descripcion", "que_incluye", "capacidad", "duracion_dias", "es_publico", "estado", "creado_por_usuario_id", "emprendedor_id", "precio_total", "dificultad", "requerimientos", "que_llevar", "imagen_principal", "imagenes_galeria", "updated_at", "created_at") values (Circuito Artesanal Tradicional, Aventura de múltiples días navegando por las islas más hermosas del lago navegable más alto del mundo. Minus ea qui officia velit officia possimus qui et consequatur earum iure quaerat temporibus nostrum nam., Actividades culturales, talleres artesanales, degustaciones, materiales incluidos, 20, 5, 1, borrador, 42, 66, 200, moderado, Documentos de identidad, ropa abrigada, zapatos cómodos para caminar, Zapatos antideslizantes, mochila pequeña, botella de agua, snacks personales, plans/53aba616-4b7e-3aa2-881c-8601fe0a21fd.jpg, ["plans\/gallery\/b701e1a8-f4fe-3c7c-8ea8-e27e02b1b328.jpg","plans\/gallery\/11fc9357-f8ab-375f-a8f9-6a951b393033.jpg","plans\/gallery\/4f0ab9bc-7aa5-3304-a423-baf33d564572.jpg","plans\/gallery\/ea5cc86e-44ab-30e8-9531-ca4ed8cc979f.jpg","plans\/gallery\/87521d49-9662-3e4e-84d9-b1313270a9de.jpg"], 2025-07-01 00:09:56, 2025-07-01 00:09:56) returning "id")
&#13;
D:\Ciclo7\github-project\capachica-project\turismo-backend\vendor\laravel\framework\src\Illuminate\Database\Connection.php:822
D:\Ciclo7\github-project\capachica-project\turismo-backend\vendor\laravel\framework\src\Illuminate\Database\Connection.php:776
D:\Ciclo7\github-project\capachica-project\turismo-backend\vendor\laravel\framework\src\Illuminate\Database\Connection.php:395
D:\Ciclo7\github-project\capachica-project\turismo-backend\vendor\laravel\framework\src\Illuminate\Database\Connection.php:382
D:\Ciclo7\github-project\capachica-project\turismo-backend\vendor\laravel\framework\src\Illuminate\Database\Query\Processors\PostgresProcessor.php:24
D:\Ciclo7\github-project\capachica-project\turismo-backend\vendor\laravel\framework\src\Illuminate\Database\Query\Builder.php:3769
D:\Ciclo7\github-project\capachica-project\turismo-backend\vendor\laravel\framework\src\Illuminate\Database\Eloquent\Builder.php:2208
D:\Ciclo7\github-project\capachica-project\turismo-backend\vendor\laravel\framework\src\Illuminate\Database\Eloquent\Model.php:1408
D:\Ciclo7\github-project\capachica-project\turismo-backend\vendor\laravel\framework\src\Illuminate\Database\Eloquent\Model.php:1373
D:\Ciclo7\github-project\capachica-project\turismo-backend\vendor\laravel\framework\src\Illuminate\Database\Eloquent\Model.php:1212
D:\Ciclo7\github-project\capachica-project\turismo-backend\vendor\laravel\framework\src\Illuminate\Database\Eloquent\Factories\Factory.php:351
D:\Ciclo7\github-project\capachica-project\turismo-backend\vendor\laravel\framework\src\Illuminate\Collections\Traits\EnumeratesValues.php:274
D:\Ciclo7\github-project\capachica-project\turismo-backend\vendor\laravel\framework\src\Illuminate\Database\Eloquent\Factories\Factory.php:346
D:\Ciclo7\github-project\capachica-project\turismo-backend\vendor\laravel\framework\src\Illuminate\Database\Eloquent\Factories\Factory.php:302
D:\Ciclo7\github-project\capachica-project\turismo-backend\vendor\laravel\framework\src\Illuminate\Database\Eloquent\Factories\Factory.php:296
D:\Ciclo7\github-project\capachica-project\turismo-backend\tests\Unit\Models\PlanInscripcionTest.php:28</error>
        </testcase>
        <testcase name="plan_inscripcion_cannot_be_cancelled_when_completed" file="D:\Ciclo7\github-project\capachica-project\turismo-backend\tests\Unit\Models\PlanInscripcionTest.php" line="146" class="Tests\Unit\Models\PlanInscripcionTest" classname="Tests.Unit.Models.PlanInscripcionTest" assertions="0" time="0.165668">
          <error type="Illuminate\Database\QueryException">Tests\Unit\Models\PlanInscripcionTest::plan_inscripcion_cannot_be_cancelled_when_completed&#13;
Illuminate\Database\QueryException: SQLSTATE[23514]: Check violation: 7 ERROR:  el nuevo registro para la relación «plans» viola la restricción «check» «plans_estado_check»
DETAIL:  La fila que falla contiene (17, Aventura Completa en el Titicaca, Explora los sabores únicos del altiplano en una experiencia gas..., 17, t, borrador, 45, 2025-07-01 00:09:56, 2025-07-01 00:09:56, 6, Transporte ida y vuelta, guía especializado, todas las comidas,..., plans/abb70abf-da34-328f-8915-5e236643235a.jpg, ["plans\/gallery\/1a6bde9e-94b6-3fa1-89ee-d73b0039f92a.jpg","pla..., 68, 385.65, dificil, Saber nadar, no tener problemas cardíacos, edad entre 16-65 añ..., Binoculares, cargador portátil, memoria extra para cámara, lin...). (Connection: pgsql, SQL: insert into "plans" ("nombre", "descripcion", "que_incluye", "capacidad", "duracion_dias", "es_publico", "estado", "creado_por_usuario_id", "emprendedor_id", "precio_total", "dificultad", "requerimientos", "que_llevar", "imagen_principal", "imagenes_galeria", "updated_at", "created_at") values (Aventura Completa en el Titicaca, Explora los sabores únicos del altiplano en una experiencia gastronómica que incluye productos locales y técnicas tradicionales. Odio velit reprehenderit sunt quia sit eveniet laboriosam impedit dolor distinctio qui., Transporte ida y vuelta, guía especializado, todas las comidas, hospedaje en casas locales, 17, 6, 1, borrador, 45, 68, 385.65, dificil, Saber nadar, no tener problemas cardíacos, edad entre 16-65 años, Binoculares, cargador portátil, memoria extra para cámara, linterna pequeña, plans/abb70abf-da34-328f-8915-5e236643235a.jpg, ["plans\/gallery\/1a6bde9e-94b6-3fa1-89ee-d73b0039f92a.jpg","plans\/gallery\/34b7d20c-b226-3c32-a169-95e052598c16.jpg"], 2025-07-01 00:09:56, 2025-07-01 00:09:56) returning "id")
&#13;
D:\Ciclo7\github-project\capachica-project\turismo-backend\vendor\laravel\framework\src\Illuminate\Database\Connection.php:822
D:\Ciclo7\github-project\capachica-project\turismo-backend\vendor\laravel\framework\src\Illuminate\Database\Connection.php:776
D:\Ciclo7\github-project\capachica-project\turismo-backend\vendor\laravel\framework\src\Illuminate\Database\Connection.php:395
D:\Ciclo7\github-project\capachica-project\turismo-backend\vendor\laravel\framework\src\Illuminate\Database\Connection.php:382
D:\Ciclo7\github-project\capachica-project\turismo-backend\vendor\laravel\framework\src\Illuminate\Database\Query\Processors\PostgresProcessor.php:24
D:\Ciclo7\github-project\capachica-project\turismo-backend\vendor\laravel\framework\src\Illuminate\Database\Query\Builder.php:3769
D:\Ciclo7\github-project\capachica-project\turismo-backend\vendor\laravel\framework\src\Illuminate\Database\Eloquent\Builder.php:2208
D:\Ciclo7\github-project\capachica-project\turismo-backend\vendor\laravel\framework\src\Illuminate\Database\Eloquent\Model.php:1408
D:\Ciclo7\github-project\capachica-project\turismo-backend\vendor\laravel\framework\src\Illuminate\Database\Eloquent\Model.php:1373
D:\Ciclo7\github-project\capachica-project\turismo-backend\vendor\laravel\framework\src\Illuminate\Database\Eloquent\Model.php:1212
D:\Ciclo7\github-project\capachica-project\turismo-backend\vendor\laravel\framework\src\Illuminate\Database\Eloquent\Factories\Factory.php:351
D:\Ciclo7\github-project\capachica-project\turismo-backend\vendor\laravel\framework\src\Illuminate\Collections\Traits\EnumeratesValues.php:274
D:\Ciclo7\github-project\capachica-project\turismo-backend\vendor\laravel\framework\src\Illuminate\Database\Eloquent\Factories\Factory.php:346
D:\Ciclo7\github-project\capachica-project\turismo-backend\vendor\laravel\framework\src\Illuminate\Database\Eloquent\Factories\Factory.php:302
D:\Ciclo7\github-project\capachica-project\turismo-backend\vendor\laravel\framework\src\Illuminate\Database\Eloquent\Factories\Factory.php:497
D:\Ciclo7\github-project\capachica-project\turismo-backend\vendor\laravel\framework\src\Illuminate\Collections\Arr.php:609
D:\Ciclo7\github-project\capachica-project\turismo-backend\vendor\laravel\framework\src\Illuminate\Collections\Collection.php:800
D:\Ciclo7\github-project\capachica-project\turismo-backend\vendor\laravel\framework\src\Illuminate\Database\Eloquent\Factories\Factory.php:492
D:\Ciclo7\github-project\capachica-project\turismo-backend\vendor\laravel\framework\src\Illuminate\Database\Eloquent\Factories\Factory.php:446
D:\Ciclo7\github-project\capachica-project\turismo-backend\vendor\laravel\framework\src\Illuminate\Database\Eloquent\Factories\Factory.php:430
D:\Ciclo7\github-project\capachica-project\turismo-backend\vendor\laravel\framework\src\Illuminate\Database\Eloquent\Concerns\GuardsAttributes.php:155
D:\Ciclo7\github-project\capachica-project\turismo-backend\vendor\laravel\framework\src\Illuminate\Database\Eloquent\Factories\Factory.php:429
D:\Ciclo7\github-project\capachica-project\turismo-backend\vendor\laravel\framework\src\Illuminate\Database\Eloquent\Factories\Factory.php:403
D:\Ciclo7\github-project\capachica-project\turismo-backend\vendor\laravel\framework\src\Illuminate\Database\Eloquent\Factories\Factory.php:299
D:\Ciclo7\github-project\capachica-project\turismo-backend\tests\Unit\Models\PlanInscripcionTest.php:148</error>
        </testcase>
        <testcase name="plan_inscripcion_calculates_dias_para_inicio" file="D:\Ciclo7\github-project\capachica-project\turismo-backend\tests\Unit\Models\PlanInscripcionTest.php" line="154" class="Tests\Unit\Models\PlanInscripcionTest" classname="Tests.Unit.Models.PlanInscripcionTest" assertions="0" time="0.275924">
          <error type="Illuminate\Database\QueryException">Tests\Unit\Models\PlanInscripcionTest::plan_inscripcion_calculates_dias_para_inicio&#13;
Illuminate\Database\QueryException: SQLSTATE[23514]: Check violation: 7 ERROR:  el nuevo registro para la relación «plan_inscripciones» viola la restricción «check» «plan_inscripciones_estado_check»
DETAIL:  La fila que falla contiene (7, 19, 49, en_progreso, A blanditiis assumenda iusto minima vel. Aspernatur rem qui quia..., 2025-07-01 00:09:57, 2025-07-01 00:09:57, 2025-06-23 05:00:40, 2025-07-06 00:09:57, 2025-07-18 07:44:02, null, Sint ullam non tempore voluptatibus. Possimus eligendi dolorum n..., 3, 411.54, efectivo, Porro odio temporibus suscipit fugit quasi non voluptatem est. E...). (Connection: pgsql, SQL: insert into "plan_inscripciones" ("plan_id", "user_id", "estado", "notas", "fecha_inscripcion", "fecha_inicio_plan", "fecha_fin_plan", "notas_usuario", "requerimientos_especiales", "numero_participantes", "precio_pagado", "metodo_pago", "comentarios_adicionales", "updated_at", "created_at") values (19, 49, en_progreso, A blanditiis assumenda iusto minima vel. Aspernatur rem qui quia possimus exercitationem. Deleniti est tenetur repudiandae nihil voluptas sed. Velit id molestias blanditiis voluptatem error., 2025-06-23 05:00:40, 2025-07-06 00:09:57, 2025-07-18 07:44:02, ?, Sint ullam non tempore voluptatibus. Possimus eligendi dolorum nihil. Qui molestiae consectetur qui qui., 3, 411.54, efectivo, Porro odio temporibus suscipit fugit quasi non voluptatem est. Et et nihil quam est. Repudiandae non labore vero. Autem cum eum sequi tenetur aliquam voluptatem saepe. Numquam quo omnis ex dolores recusandae delectus quia. Et perferendis ratione qui quia qui eos adipisci., 2025-07-01 00:09:57, 2025-07-01 00:09:57) returning "id")
&#13;
D:\Ciclo7\github-project\capachica-project\turismo-backend\vendor\laravel\framework\src\Illuminate\Database\Connection.php:822
D:\Ciclo7\github-project\capachica-project\turismo-backend\vendor\laravel\framework\src\Illuminate\Database\Connection.php:776
D:\Ciclo7\github-project\capachica-project\turismo-backend\vendor\laravel\framework\src\Illuminate\Database\Connection.php:395
D:\Ciclo7\github-project\capachica-project\turismo-backend\vendor\laravel\framework\src\Illuminate\Database\Connection.php:382
D:\Ciclo7\github-project\capachica-project\turismo-backend\vendor\laravel\framework\src\Illuminate\Database\Query\Processors\PostgresProcessor.php:24
D:\Ciclo7\github-project\capachica-project\turismo-backend\vendor\laravel\framework\src\Illuminate\Database\Query\Builder.php:3769
D:\Ciclo7\github-project\capachica-project\turismo-backend\vendor\laravel\framework\src\Illuminate\Database\Eloquent\Builder.php:2208
D:\Ciclo7\github-project\capachica-project\turismo-backend\vendor\laravel\framework\src\Illuminate\Database\Eloquent\Model.php:1408
D:\Ciclo7\github-project\capachica-project\turismo-backend\vendor\laravel\framework\src\Illuminate\Database\Eloquent\Model.php:1373
D:\Ciclo7\github-project\capachica-project\turismo-backend\vendor\laravel\framework\src\Illuminate\Database\Eloquent\Model.php:1212
D:\Ciclo7\github-project\capachica-project\turismo-backend\vendor\laravel\framework\src\Illuminate\Database\Eloquent\Factories\Factory.php:351
D:\Ciclo7\github-project\capachica-project\turismo-backend\vendor\laravel\framework\src\Illuminate\Collections\Traits\EnumeratesValues.php:274
D:\Ciclo7\github-project\capachica-project\turismo-backend\vendor\laravel\framework\src\Illuminate\Database\Eloquent\Factories\Factory.php:346
D:\Ciclo7\github-project\capachica-project\turismo-backend\vendor\laravel\framework\src\Illuminate\Database\Eloquent\Factories\Factory.php:302
D:\Ciclo7\github-project\capachica-project\turismo-backend\vendor\laravel\framework\src\Illuminate\Database\Eloquent\Factories\Factory.php:296
D:\Ciclo7\github-project\capachica-project\turismo-backend\tests\Unit\Models\PlanInscripcionTest.php:156</error>
        </testcase>
        <testcase name="plan_inscripcion_dias_para_inicio_is_negative_for_past_dates" file="D:\Ciclo7\github-project\capachica-project\turismo-backend\tests\Unit\Models\PlanInscripcionTest.php" line="164" class="Tests\Unit\Models\PlanInscripcionTest" classname="Tests.Unit.Models.PlanInscripcionTest" assertions="1" time="0.152826"/>
        <testcase name="plan_inscripcion_dias_para_inicio_is_null_when_no_date" file="D:\Ciclo7\github-project\capachica-project\turismo-backend\tests\Unit\Models\PlanInscripcionTest.php" line="174" class="Tests\Unit\Models\PlanInscripcionTest" classname="Tests.Unit.Models.PlanInscripcionTest" assertions="0" time="0.156367">
          <error type="Illuminate\Database\QueryException">Tests\Unit\Models\PlanInscripcionTest::plan_inscripcion_dias_para_inicio_is_null_when_no_date&#13;
Illuminate\Database\QueryException: SQLSTATE[23514]: Check violation: 7 ERROR:  el nuevo registro para la relación «plan_inscripciones» viola la restricción «check» «plan_inscripciones_estado_check»
DETAIL:  La fila que falla contiene (9, 23, 57, en_progreso, null, 2025-07-01 00:09:57, 2025-07-01 00:09:57, 2025-06-01 15:57:23, null, 2025-08-02 17:19:20, null, null, 2, 117.33, plin, Sit soluta debitis saepe nihil. Et atque eius odio ab rerum. Sun...). (Connection: pgsql, SQL: insert into "plan_inscripciones" ("plan_id", "user_id", "estado", "notas", "fecha_inscripcion", "fecha_inicio_plan", "fecha_fin_plan", "notas_usuario", "requerimientos_especiales", "numero_participantes", "precio_pagado", "metodo_pago", "comentarios_adicionales", "updated_at", "created_at") values (23, 57, en_progreso, ?, 2025-06-01 15:57:23, ?, 2025-08-02 17:19:20, ?, ?, 2, 117.33, plin, Sit soluta debitis saepe nihil. Et atque eius odio ab rerum. Sunt esse ut odio quo animi nesciunt. Et fugiat deleniti eum ipsum. Aut est ipsum saepe aut sit., 2025-07-01 00:09:57, 2025-07-01 00:09:57) returning "id")
&#13;
D:\Ciclo7\github-project\capachica-project\turismo-backend\vendor\laravel\framework\src\Illuminate\Database\Connection.php:822
D:\Ciclo7\github-project\capachica-project\turismo-backend\vendor\laravel\framework\src\Illuminate\Database\Connection.php:776
D:\Ciclo7\github-project\capachica-project\turismo-backend\vendor\laravel\framework\src\Illuminate\Database\Connection.php:395
D:\Ciclo7\github-project\capachica-project\turismo-backend\vendor\laravel\framework\src\Illuminate\Database\Connection.php:382
D:\Ciclo7\github-project\capachica-project\turismo-backend\vendor\laravel\framework\src\Illuminate\Database\Query\Processors\PostgresProcessor.php:24
D:\Ciclo7\github-project\capachica-project\turismo-backend\vendor\laravel\framework\src\Illuminate\Database\Query\Builder.php:3769
D:\Ciclo7\github-project\capachica-project\turismo-backend\vendor\laravel\framework\src\Illuminate\Database\Eloquent\Builder.php:2208
D:\Ciclo7\github-project\capachica-project\turismo-backend\vendor\laravel\framework\src\Illuminate\Database\Eloquent\Model.php:1408
D:\Ciclo7\github-project\capachica-project\turismo-backend\vendor\laravel\framework\src\Illuminate\Database\Eloquent\Model.php:1373
D:\Ciclo7\github-project\capachica-project\turismo-backend\vendor\laravel\framework\src\Illuminate\Database\Eloquent\Model.php:1212
D:\Ciclo7\github-project\capachica-project\turismo-backend\vendor\laravel\framework\src\Illuminate\Database\Eloquent\Factories\Factory.php:351
D:\Ciclo7\github-project\capachica-project\turismo-backend\vendor\laravel\framework\src\Illuminate\Collections\Traits\EnumeratesValues.php:274
D:\Ciclo7\github-project\capachica-project\turismo-backend\vendor\laravel\framework\src\Illuminate\Database\Eloquent\Factories\Factory.php:346
D:\Ciclo7\github-project\capachica-project\turismo-backend\vendor\laravel\framework\src\Illuminate\Database\Eloquent\Factories\Factory.php:302
D:\Ciclo7\github-project\capachica-project\turismo-backend\vendor\laravel\framework\src\Illuminate\Database\Eloquent\Factories\Factory.php:296
D:\Ciclo7\github-project\capachica-project\turismo-backend\tests\Unit\Models\PlanInscripcionTest.php:176</error>
        </testcase>
        <testcase name="plan_inscripcion_scope_activas_filters_correctly" file="D:\Ciclo7\github-project\capachica-project\turismo-backend\tests\Unit\Models\PlanInscripcionTest.php" line="184" class="Tests\Unit\Models\PlanInscripcionTest" classname="Tests.Unit.Models.PlanInscripcionTest" assertions="0" time="0.148709">
          <error type="Illuminate\Database\QueryException">Tests\Unit\Models\PlanInscripcionTest::plan_inscripcion_scope_activas_filters_correctly&#13;
Illuminate\Database\QueryException: SQLSTATE[23514]: Check violation: 7 ERROR:  el nuevo registro para la relación «plans» viola la restricción «check» «plans_estado_check»
DETAIL:  La fila que falla contiene (25, Trekking Islas Flotantes, Aventura de múltiples días navegando por las islas más hermos..., 9, f, borrador, 60, 2025-07-01 00:09:57, 2025-07-01 00:09:57, 4, Actividades culturales, talleres artesanales, degustaciones, mat..., plans/bafeb57c-9e85-36c9-af58-41bf09772e36.jpg, ["plans\/gallery\/34655f1c-2033-3c7b-9174-7ac94f8795cf.jpg","pla..., 76, 1000.91, dificil, Documentos de identidad, ropa abrigada, zapatos cómodos para ca..., Ropa abrigada, protector solar factor 50+, gorra, lentes de sol,...). (Connection: pgsql, SQL: insert into "plans" ("nombre", "descripcion", "que_incluye", "capacidad", "duracion_dias", "es_publico", "estado", "creado_por_usuario_id", "emprendedor_id", "precio_total", "dificultad", "requerimientos", "que_llevar", "imagen_principal", "imagenes_galeria", "updated_at", "created_at") values (Trekking Islas Flotantes, Aventura de múltiples días navegando por las islas más hermosas del lago navegable más alto del mundo. Officiis totam et a ea et inventore iste id., Actividades culturales, talleres artesanales, degustaciones, materiales incluidos, 9, 4, 0, borrador, 60, 76, 1000.91, dificil, Documentos de identidad, ropa abrigada, zapatos cómodos para caminar, Ropa abrigada, protector solar factor 50+, gorra, lentes de sol, cámara fotográfica, plans/bafeb57c-9e85-36c9-af58-41bf09772e36.jpg, ["plans\/gallery\/34655f1c-2033-3c7b-9174-7ac94f8795cf.jpg","plans\/gallery\/e4ec7eca-40ec-3bb3-936d-4bbe75d40940.jpg","plans\/gallery\/296dbdee-5c16-3cd3-ac8f-2398a8c7bd17.jpg","plans\/gallery\/2bd74427-c968-36cd-9ee9-1884ddd7959a.jpg","plans\/gallery\/f7c76290-21ce-33d2-b48b-6df95107c528.jpg"], 2025-07-01 00:09:57, 2025-07-01 00:09:57) returning "id")
&#13;
D:\Ciclo7\github-project\capachica-project\turismo-backend\vendor\laravel\framework\src\Illuminate\Database\Connection.php:822
D:\Ciclo7\github-project\capachica-project\turismo-backend\vendor\laravel\framework\src\Illuminate\Database\Connection.php:776
D:\Ciclo7\github-project\capachica-project\turismo-backend\vendor\laravel\framework\src\Illuminate\Database\Connection.php:395
D:\Ciclo7\github-project\capachica-project\turismo-backend\vendor\laravel\framework\src\Illuminate\Database\Connection.php:382
D:\Ciclo7\github-project\capachica-project\turismo-backend\vendor\laravel\framework\src\Illuminate\Database\Query\Processors\PostgresProcessor.php:24
D:\Ciclo7\github-project\capachica-project\turismo-backend\vendor\laravel\framework\src\Illuminate\Database\Query\Builder.php:3769
D:\Ciclo7\github-project\capachica-project\turismo-backend\vendor\laravel\framework\src\Illuminate\Database\Eloquent\Builder.php:2208
D:\Ciclo7\github-project\capachica-project\turismo-backend\vendor\laravel\framework\src\Illuminate\Database\Eloquent\Model.php:1408
D:\Ciclo7\github-project\capachica-project\turismo-backend\vendor\laravel\framework\src\Illuminate\Database\Eloquent\Model.php:1373
D:\Ciclo7\github-project\capachica-project\turismo-backend\vendor\laravel\framework\src\Illuminate\Database\Eloquent\Model.php:1212
D:\Ciclo7\github-project\capachica-project\turismo-backend\vendor\laravel\framework\src\Illuminate\Database\Eloquent\Factories\Factory.php:351
D:\Ciclo7\github-project\capachica-project\turismo-backend\vendor\laravel\framework\src\Illuminate\Collections\Traits\EnumeratesValues.php:274
D:\Ciclo7\github-project\capachica-project\turismo-backend\vendor\laravel\framework\src\Illuminate\Database\Eloquent\Factories\Factory.php:346
D:\Ciclo7\github-project\capachica-project\turismo-backend\vendor\laravel\framework\src\Illuminate\Database\Eloquent\Factories\Factory.php:302
D:\Ciclo7\github-project\capachica-project\turismo-backend\vendor\laravel\framework\src\Illuminate\Database\Eloquent\Factories\Factory.php:497
D:\Ciclo7\github-project\capachica-project\turismo-backend\vendor\laravel\framework\src\Illuminate\Collections\Arr.php:609
D:\Ciclo7\github-project\capachica-project\turismo-backend\vendor\laravel\framework\src\Illuminate\Collections\Collection.php:800
D:\Ciclo7\github-project\capachica-project\turismo-backend\vendor\laravel\framework\src\Illuminate\Database\Eloquent\Factories\Factory.php:492
D:\Ciclo7\github-project\capachica-project\turismo-backend\vendor\laravel\framework\src\Illuminate\Database\Eloquent\Factories\Factory.php:446
D:\Ciclo7\github-project\capachica-project\turismo-backend\vendor\laravel\framework\src\Illuminate\Database\Eloquent\Factories\Factory.php:430
D:\Ciclo7\github-project\capachica-project\turismo-backend\vendor\laravel\framework\src\Illuminate\Database\Eloquent\Concerns\GuardsAttributes.php:155
D:\Ciclo7\github-project\capachica-project\turismo-backend\vendor\laravel\framework\src\Illuminate\Database\Eloquent\Factories\Factory.php:429
D:\Ciclo7\github-project\capachica-project\turismo-backend\vendor\laravel\framework\src\Illuminate\Database\Eloquent\Factories\Factory.php:403
D:\Ciclo7\github-project\capachica-project\turismo-backend\vendor\laravel\framework\src\Illuminate\Database\Eloquent\Factories\Factory.php:299
D:\Ciclo7\github-project\capachica-project\turismo-backend\tests\Unit\Models\PlanInscripcionTest.php:186</error>
        </testcase>
        <testcase name="plan_inscripcion_scope_pendientes_filters_correctly" file="D:\Ciclo7\github-project\capachica-project\turismo-backend\tests\Unit\Models\PlanInscripcionTest.php" line="201" class="Tests\Unit\Models\PlanInscripcionTest" classname="Tests.Unit.Models.PlanInscripcionTest" assertions="3" time="0.191965"/>
        <testcase name="plan_inscripcion_scope_del_usuario_filters_correctly" file="D:\Ciclo7\github-project\capachica-project\turismo-backend\tests\Unit\Models\PlanInscripcionTest.php" line="214" class="Tests\Unit\Models\PlanInscripcionTest" classname="Tests.Unit.Models.PlanInscripcionTest" assertions="0" time="0.184579">
          <error type="Illuminate\Database\QueryException">Tests\Unit\Models\PlanInscripcionTest::plan_inscripcion_scope_del_usuario_filters_correctly&#13;
Illuminate\Database\QueryException: SQLSTATE[23514]: Check violation: 7 ERROR:  el nuevo registro para la relación «plans» viola la restricción «check» «plans_estado_check»
DETAIL:  La fila que falla contiene (31, Aventura Acuática Premium, Sumérgete en las tradiciones ancestrales de Capachica con activ..., 18, t, borrador, 71, 2025-07-01 00:09:57, 2025-07-01 00:09:57, 2, Guía bilingüe, entrada a sitios arqueológicos, kit de primero..., plans/95a11bdb-43c2-35c2-ba62-7dbe31a295a8.jpg, ["plans\/gallery\/9486953e-d9a4-364a-957e-f0ed4b3f04a7.jpg","pla..., 82, 287.53, moderado, Edad mínima 12 años, condición física básica, no apto para ..., Documentos en bolsa impermeable, medicamentos personales, dinero...). (Connection: pgsql, SQL: insert into "plans" ("nombre", "descripcion", "que_incluye", "capacidad", "duracion_dias", "es_publico", "estado", "creado_por_usuario_id", "emprendedor_id", "precio_total", "dificultad", "requerimientos", "que_llevar", "imagen_principal", "imagenes_galeria", "updated_at", "created_at") values (Aventura Acuática Premium, Sumérgete en las tradiciones ancestrales de Capachica con actividades auténticas y encuentros comunitarios. Dolores distinctio voluptatem delectus mollitia aut cupiditate veritatis occaecati ipsa est eius itaque nobis., Guía bilingüe, entrada a sitios arqueológicos, kit de primeros auxilios, seguro de viaje, 18, 2, 1, borrador, 71, 82, 287.53, moderado, Edad mínima 12 años, condición física básica, no apto para embarazadas, Documentos en bolsa impermeable, medicamentos personales, dinero en efectivo, plans/95a11bdb-43c2-35c2-ba62-7dbe31a295a8.jpg, ["plans\/gallery\/9486953e-d9a4-364a-957e-f0ed4b3f04a7.jpg","plans\/gallery\/bea86441-c97e-37dc-9436-6e800a0ed5e7.jpg"], 2025-07-01 00:09:57, 2025-07-01 00:09:57) returning "id")
&#13;
D:\Ciclo7\github-project\capachica-project\turismo-backend\vendor\laravel\framework\src\Illuminate\Database\Connection.php:822
D:\Ciclo7\github-project\capachica-project\turismo-backend\vendor\laravel\framework\src\Illuminate\Database\Connection.php:776
D:\Ciclo7\github-project\capachica-project\turismo-backend\vendor\laravel\framework\src\Illuminate\Database\Connection.php:395
D:\Ciclo7\github-project\capachica-project\turismo-backend\vendor\laravel\framework\src\Illuminate\Database\Connection.php:382
D:\Ciclo7\github-project\capachica-project\turismo-backend\vendor\laravel\framework\src\Illuminate\Database\Query\Processors\PostgresProcessor.php:24
D:\Ciclo7\github-project\capachica-project\turismo-backend\vendor\laravel\framework\src\Illuminate\Database\Query\Builder.php:3769
D:\Ciclo7\github-project\capachica-project\turismo-backend\vendor\laravel\framework\src\Illuminate\Database\Eloquent\Builder.php:2208
D:\Ciclo7\github-project\capachica-project\turismo-backend\vendor\laravel\framework\src\Illuminate\Database\Eloquent\Model.php:1408
D:\Ciclo7\github-project\capachica-project\turismo-backend\vendor\laravel\framework\src\Illuminate\Database\Eloquent\Model.php:1373
D:\Ciclo7\github-project\capachica-project\turismo-backend\vendor\laravel\framework\src\Illuminate\Database\Eloquent\Model.php:1212
D:\Ciclo7\github-project\capachica-project\turismo-backend\vendor\laravel\framework\src\Illuminate\Database\Eloquent\Factories\Factory.php:351
D:\Ciclo7\github-project\capachica-project\turismo-backend\vendor\laravel\framework\src\Illuminate\Collections\Traits\EnumeratesValues.php:274
D:\Ciclo7\github-project\capachica-project\turismo-backend\vendor\laravel\framework\src\Illuminate\Database\Eloquent\Factories\Factory.php:346
D:\Ciclo7\github-project\capachica-project\turismo-backend\vendor\laravel\framework\src\Illuminate\Database\Eloquent\Factories\Factory.php:302
D:\Ciclo7\github-project\capachica-project\turismo-backend\vendor\laravel\framework\src\Illuminate\Database\Eloquent\Factories\Factory.php:497
D:\Ciclo7\github-project\capachica-project\turismo-backend\vendor\laravel\framework\src\Illuminate\Collections\Arr.php:609
D:\Ciclo7\github-project\capachica-project\turismo-backend\vendor\laravel\framework\src\Illuminate\Collections\Collection.php:800
D:\Ciclo7\github-project\capachica-project\turismo-backend\vendor\laravel\framework\src\Illuminate\Database\Eloquent\Factories\Factory.php:492
D:\Ciclo7\github-project\capachica-project\turismo-backend\vendor\laravel\framework\src\Illuminate\Database\Eloquent\Factories\Factory.php:446
D:\Ciclo7\github-project\capachica-project\turismo-backend\vendor\laravel\framework\src\Illuminate\Database\Eloquent\Factories\Factory.php:430
D:\Ciclo7\github-project\capachica-project\turismo-backend\vendor\laravel\framework\src\Illuminate\Database\Eloquent\Concerns\GuardsAttributes.php:155
D:\Ciclo7\github-project\capachica-project\turismo-backend\vendor\laravel\framework\src\Illuminate\Database\Eloquent\Factories\Factory.php:429
D:\Ciclo7\github-project\capachica-project\turismo-backend\vendor\laravel\framework\src\Illuminate\Database\Eloquent\Factories\Factory.php:403
D:\Ciclo7\github-project\capachica-project\turismo-backend\vendor\laravel\framework\src\Illuminate\Database\Eloquent\Factories\Factory.php:299
D:\Ciclo7\github-project\capachica-project\turismo-backend\vendor\laravel\framework\src\Illuminate\Database\Eloquent\Factories\Factory.php:296
D:\Ciclo7\github-project\capachica-project\turismo-backend\tests\Unit\Models\PlanInscripcionTest.php:218</error>
        </testcase>
        <testcase name="plan_inscripcion_scope_del_plan_filters_correctly" file="D:\Ciclo7\github-project\capachica-project\turismo-backend\tests\Unit\Models\PlanInscripcionTest.php" line="228" class="Tests\Unit\Models\PlanInscripcionTest" classname="Tests.Unit.Models.PlanInscripcionTest" assertions="0" time="0.154465">
          <error type="Illuminate\Database\QueryException">Tests\Unit\Models\PlanInscripcionTest::plan_inscripcion_scope_del_plan_filters_correctly&#13;
Illuminate\Database\QueryException: SQLSTATE[23514]: Check violation: 7 ERROR:  el nuevo registro para la relación «plans» viola la restricción «check» «plans_estado_check»
DETAIL:  La fila que falla contiene (33, Retiro Espiritual Andino, Descubre la magia del Lago Titicaca en este plan completo que co..., 9, t, borrador, 75, 2025-07-01 00:09:58, 2025-07-01 00:09:58, 7, Equipos de seguridad, instructor certificado, snacks energético..., plans/da763a69-44cf-327d-bc2c-6cb12e510950.jpg, ["plans\/gallery\/ebe5cf2f-6923-3c3b-adfd-c4561a356e90.jpg","pla..., 84, 986.14, moderado, Autorización parental para menores, seguro médico vigente, Ropa abrigada, protector solar factor 50+, gorra, lentes de sol,...). (Connection: pgsql, SQL: insert into "plans" ("nombre", "descripcion", "que_incluye", "capacidad", "duracion_dias", "es_publico", "estado", "creado_por_usuario_id", "emprendedor_id", "precio_total", "dificultad", "requerimientos", "que_llevar", "imagen_principal", "imagenes_galeria", "updated_at", "created_at") values (Retiro Espiritual Andino, Descubre la magia del Lago Titicaca en este plan completo que combina aventura, cultura y gastronomía local. Tenetur ipsa ut fugit nihil quia nihil saepe., Equipos de seguridad, instructor certificado, snacks energéticos, fotos profesionales, 9, 7, 1, borrador, 75, 84, 986.14, moderado, Autorización parental para menores, seguro médico vigente, Ropa abrigada, protector solar factor 50+, gorra, lentes de sol, cámara fotográfica, plans/da763a69-44cf-327d-bc2c-6cb12e510950.jpg, ["plans\/gallery\/ebe5cf2f-6923-3c3b-adfd-c4561a356e90.jpg","plans\/gallery\/92882eaa-5315-3889-b7f7-99ca62fca10d.jpg","plans\/gallery\/183def79-6ac9-32ab-8bfc-028c984f5833.jpg","plans\/gallery\/aa7c3d58-5cb7-3a36-bf29-df6545559605.jpg","plans\/gallery\/1f7a9418-0f4b-3fe8-91c5-e45e346d9d07.jpg"], 2025-07-01 00:09:58, 2025-07-01 00:09:58) returning "id")
&#13;
D:\Ciclo7\github-project\capachica-project\turismo-backend\vendor\laravel\framework\src\Illuminate\Database\Connection.php:822
D:\Ciclo7\github-project\capachica-project\turismo-backend\vendor\laravel\framework\src\Illuminate\Database\Connection.php:776
D:\Ciclo7\github-project\capachica-project\turismo-backend\vendor\laravel\framework\src\Illuminate\Database\Connection.php:395
D:\Ciclo7\github-project\capachica-project\turismo-backend\vendor\laravel\framework\src\Illuminate\Database\Connection.php:382
D:\Ciclo7\github-project\capachica-project\turismo-backend\vendor\laravel\framework\src\Illuminate\Database\Query\Processors\PostgresProcessor.php:24
D:\Ciclo7\github-project\capachica-project\turismo-backend\vendor\laravel\framework\src\Illuminate\Database\Query\Builder.php:3769
D:\Ciclo7\github-project\capachica-project\turismo-backend\vendor\laravel\framework\src\Illuminate\Database\Eloquent\Builder.php:2208
D:\Ciclo7\github-project\capachica-project\turismo-backend\vendor\laravel\framework\src\Illuminate\Database\Eloquent\Model.php:1408
D:\Ciclo7\github-project\capachica-project\turismo-backend\vendor\laravel\framework\src\Illuminate\Database\Eloquent\Model.php:1373
D:\Ciclo7\github-project\capachica-project\turismo-backend\vendor\laravel\framework\src\Illuminate\Database\Eloquent\Model.php:1212
D:\Ciclo7\github-project\capachica-project\turismo-backend\vendor\laravel\framework\src\Illuminate\Database\Eloquent\Factories\Factory.php:351
D:\Ciclo7\github-project\capachica-project\turismo-backend\vendor\laravel\framework\src\Illuminate\Collections\Traits\EnumeratesValues.php:274
D:\Ciclo7\github-project\capachica-project\turismo-backend\vendor\laravel\framework\src\Illuminate\Database\Eloquent\Factories\Factory.php:346
D:\Ciclo7\github-project\capachica-project\turismo-backend\vendor\laravel\framework\src\Illuminate\Database\Eloquent\Factories\Factory.php:302
D:\Ciclo7\github-project\capachica-project\turismo-backend\tests\Unit\Models\PlanInscripcionTest.php:231</error>
        </testcase>
        <testcase name="plan_inscripcion_scope_proximas_a_iniciar_filters_correctly" file="D:\Ciclo7\github-project\capachica-project\turismo-backend\tests\Unit\Models\PlanInscripcionTest.php" line="242" class="Tests\Unit\Models\PlanInscripcionTest" classname="Tests.Unit.Models.PlanInscripcionTest" assertions="3" time="0.183259"/>
        <testcase name="plan_inscripcion_scope_en_progreso_filters_correctly" file="D:\Ciclo7\github-project\capachica-project\turismo-backend\tests\Unit\Models\PlanInscripcionTest.php" line="260" class="Tests\Unit\Models\PlanInscripcionTest" classname="Tests.Unit.Models.PlanInscripcionTest" assertions="0" time="0.179944">
          <error type="Illuminate\Database\QueryException">Tests\Unit\Models\PlanInscripcionTest::plan_inscripcion_scope_en_progreso_filters_correctly&#13;
Illuminate\Database\QueryException: SQLSTATE[23514]: Check violation: 7 ERROR:  el nuevo registro para la relación «plans» viola la restricción «check» «plans_estado_check»
DETAIL:  La fila que falla contiene (39, Paquete Familiar Lago Sagrado, Explora los sabores únicos del altiplano en una experiencia gas..., 12, t, borrador, 86, 2025-07-01 00:09:58, 2025-07-01 00:09:58, 3, Transporte ida y vuelta, guía especializado, todas las comidas,..., plans/4de76c24-e522-3353-8871-bd2de3c0092d.jpg, ["plans\/gallery\/4b39718d-a472-336e-95c5-98bd3943c88d.jpg","pla..., 90, 1057.48, facil, Documentos de identidad, ropa abrigada, zapatos cómodos para ca..., Ropa de cambio, toalla, traje de baño, sandalias, impermeable). (Connection: pgsql, SQL: insert into "plans" ("nombre", "descripcion", "que_incluye", "capacidad", "duracion_dias", "es_publico", "estado", "creado_por_usuario_id", "emprendedor_id", "precio_total", "dificultad", "requerimientos", "que_llevar", "imagen_principal", "imagenes_galeria", "updated_at", "created_at") values (Paquete Familiar Lago Sagrado, Explora los sabores únicos del altiplano en una experiencia gastronómica que incluye productos locales y técnicas tradicionales. Quia quasi sed nemo aspernatur perspiciatis qui nihil maxime et quasi dicta., Transporte ida y vuelta, guía especializado, todas las comidas, hospedaje en casas locales, 12, 3, 1, borrador, 86, 90, 1057.48, facil, Documentos de identidad, ropa abrigada, zapatos cómodos para caminar, Ropa de cambio, toalla, traje de baño, sandalias, impermeable, plans/4de76c24-e522-3353-8871-bd2de3c0092d.jpg, ["plans\/gallery\/4b39718d-a472-336e-95c5-98bd3943c88d.jpg","plans\/gallery\/f634ee98-3420-3fd6-93da-fc1bf5f53740.jpg","plans\/gallery\/d78867af-12aa-3b49-80e5-b1877ea4c87e.jpg","plans\/gallery\/60190a25-7ece-329a-b6df-e52de53c08a8.jpg","plans\/gallery\/e8d65425-0f85-3914-9b56-de00ef0f0b4f.jpg"], 2025-07-01 00:09:58, 2025-07-01 00:09:58) returning "id")
&#13;
D:\Ciclo7\github-project\capachica-project\turismo-backend\vendor\laravel\framework\src\Illuminate\Database\Connection.php:822
D:\Ciclo7\github-project\capachica-project\turismo-backend\vendor\laravel\framework\src\Illuminate\Database\Connection.php:776
D:\Ciclo7\github-project\capachica-project\turismo-backend\vendor\laravel\framework\src\Illuminate\Database\Connection.php:395
D:\Ciclo7\github-project\capachica-project\turismo-backend\vendor\laravel\framework\src\Illuminate\Database\Connection.php:382
D:\Ciclo7\github-project\capachica-project\turismo-backend\vendor\laravel\framework\src\Illuminate\Database\Query\Processors\PostgresProcessor.php:24
D:\Ciclo7\github-project\capachica-project\turismo-backend\vendor\laravel\framework\src\Illuminate\Database\Query\Builder.php:3769
D:\Ciclo7\github-project\capachica-project\turismo-backend\vendor\laravel\framework\src\Illuminate\Database\Eloquent\Builder.php:2208
D:\Ciclo7\github-project\capachica-project\turismo-backend\vendor\laravel\framework\src\Illuminate\Database\Eloquent\Model.php:1408
D:\Ciclo7\github-project\capachica-project\turismo-backend\vendor\laravel\framework\src\Illuminate\Database\Eloquent\Model.php:1373
D:\Ciclo7\github-project\capachica-project\turismo-backend\vendor\laravel\framework\src\Illuminate\Database\Eloquent\Model.php:1212
D:\Ciclo7\github-project\capachica-project\turismo-backend\vendor\laravel\framework\src\Illuminate\Database\Eloquent\Factories\Factory.php:351
D:\Ciclo7\github-project\capachica-project\turismo-backend\vendor\laravel\framework\src\Illuminate\Collections\Traits\EnumeratesValues.php:274
D:\Ciclo7\github-project\capachica-project\turismo-backend\vendor\laravel\framework\src\Illuminate\Database\Eloquent\Factories\Factory.php:346
D:\Ciclo7\github-project\capachica-project\turismo-backend\vendor\laravel\framework\src\Illuminate\Database\Eloquent\Factories\Factory.php:302
D:\Ciclo7\github-project\capachica-project\turismo-backend\vendor\laravel\framework\src\Illuminate\Database\Eloquent\Factories\Factory.php:497
D:\Ciclo7\github-project\capachica-project\turismo-backend\vendor\laravel\framework\src\Illuminate\Collections\Arr.php:609
D:\Ciclo7\github-project\capachica-project\turismo-backend\vendor\laravel\framework\src\Illuminate\Collections\Collection.php:800
D:\Ciclo7\github-project\capachica-project\turismo-backend\vendor\laravel\framework\src\Illuminate\Database\Eloquent\Factories\Factory.php:492
D:\Ciclo7\github-project\capachica-project\turismo-backend\vendor\laravel\framework\src\Illuminate\Database\Eloquent\Factories\Factory.php:446
D:\Ciclo7\github-project\capachica-project\turismo-backend\vendor\laravel\framework\src\Illuminate\Database\Eloquent\Factories\Factory.php:430
D:\Ciclo7\github-project\capachica-project\turismo-backend\vendor\laravel\framework\src\Illuminate\Database\Eloquent\Concerns\GuardsAttributes.php:155
D:\Ciclo7\github-project\capachica-project\turismo-backend\vendor\laravel\framework\src\Illuminate\Database\Eloquent\Factories\Factory.php:429
D:\Ciclo7\github-project\capachica-project\turismo-backend\vendor\laravel\framework\src\Illuminate\Database\Eloquent\Factories\Factory.php:403
D:\Ciclo7\github-project\capachica-project\turismo-backend\vendor\laravel\framework\src\Illuminate\Database\Eloquent\Factories\Factory.php:299
D:\Ciclo7\github-project\capachica-project\turismo-backend\vendor\laravel\framework\src\Illuminate\Database\Eloquent\Factories\Factory.php:296
D:\Ciclo7\github-project\capachica-project\turismo-backend\tests\Unit\Models\PlanInscripcionTest.php:267</error>
        </testcase>
        <testcase name="plan_inscripcion_validates_payment_methods" file="D:\Ciclo7\github-project\capachica-project\turismo-backend\tests\Unit\Models\PlanInscripcionTest.php" line="280" class="Tests\Unit\Models\PlanInscripcionTest" classname="Tests.Unit.Models.PlanInscripcionTest" assertions="5" time="0.225477"/>
        <testcase name="plan_inscripcion_validates_status_constants" file="D:\Ciclo7\github-project\capachica-project\turismo-backend\tests\Unit\Models\PlanInscripcionTest.php" line="290" class="Tests\Unit\Models\PlanInscripcionTest" classname="Tests.Unit.Models.PlanInscripcionTest" assertions="0" time="0.000000">
          <error type="Illuminate\Database\QueryException">Tests\Unit\Models\PlanInscripcionTest::plan_inscripcion_validates_status_constants&#13;
Illuminate\Database\QueryException: SQLSTATE[23514]: Check violation: 7 ERROR:  el nuevo registro para la relación «plans» viola la restricción «check» «plans_estado_check»
DETAIL:  La fila que falla contiene (41, Trekking Islas Flotantes, Sumérgete en las tradiciones ancestrales de Capachica con activ..., 16, t, borrador, 90, 2025-07-01 00:09:58, 2025-07-01 00:09:58, 5, Hospedaje 3 noches, todas las comidas, actividades familiares, t..., plans/824e56ac-6922-375e-b766-a82b70347c89.jpg, ["plans\/gallery\/311574b6-26c5-397d-8716-cade6a657cf5.jpg","pla..., 92, 200.00, moderado, Documentos de identidad, ropa abrigada, zapatos cómodos para ca..., Documentos en bolsa impermeable, medicamentos personales, dinero...). (Connection: pgsql, SQL: insert into "plans" ("nombre", "descripcion", "que_incluye", "capacidad", "duracion_dias", "es_publico", "estado", "creado_por_usuario_id", "emprendedor_id", "precio_total", "dificultad", "requerimientos", "que_llevar", "imagen_principal", "imagenes_galeria", "updated_at", "created_at") values (Trekking Islas Flotantes, Sumérgete en las tradiciones ancestrales de Capachica con actividades auténticas y encuentros comunitarios. Culpa sit dolorum id suscipit doloremque dicta assumenda doloribus optio esse nulla ea et ipsam doloremque., Hospedaje 3 noches, todas las comidas, actividades familiares, transporte local, 16, 5, 1, borrador, 90, 92, 200, moderado, Documentos de identidad, ropa abrigada, zapatos cómodos para caminar, Documentos en bolsa impermeable, medicamentos personales, dinero en efectivo, plans/824e56ac-6922-375e-b766-a82b70347c89.jpg, ["plans\/gallery\/311574b6-26c5-397d-8716-cade6a657cf5.jpg","plans\/gallery\/8bfff3b0-7444-3003-944c-b3666adeb5ae.jpg","plans\/gallery\/bda00835-1276-3ef2-91d1-f340a7b364d7.jpg"], 2025-07-01 00:09:58, 2025-07-01 00:09:58) returning "id")
&#13;
D:\Ciclo7\github-project\capachica-project\turismo-backend\vendor\laravel\framework\src\Illuminate\Database\Connection.php:822
D:\Ciclo7\github-project\capachica-project\turismo-backend\vendor\laravel\framework\src\Illuminate\Database\Connection.php:776
D:\Ciclo7\github-project\capachica-project\turismo-backend\vendor\laravel\framework\src\Illuminate\Database\Connection.php:395
D:\Ciclo7\github-project\capachica-project\turismo-backend\vendor\laravel\framework\src\Illuminate\Database\Connection.php:382
D:\Ciclo7\github-project\capachica-project\turismo-backend\vendor\laravel\framework\src\Illuminate\Database\Query\Processors\PostgresProcessor.php:24
D:\Ciclo7\github-project\capachica-project\turismo-backend\vendor\laravel\framework\src\Illuminate\Database\Query\Builder.php:3769
D:\Ciclo7\github-project\capachica-project\turismo-backend\vendor\laravel\framework\src\Illuminate\Database\Eloquent\Builder.php:2208
D:\Ciclo7\github-project\capachica-project\turismo-backend\vendor\laravel\framework\src\Illuminate\Database\Eloquent\Model.php:1408
D:\Ciclo7\github-project\capachica-project\turismo-backend\vendor\laravel\framework\src\Illuminate\Database\Eloquent\Model.php:1373
D:\Ciclo7\github-project\capachica-project\turismo-backend\vendor\laravel\framework\src\Illuminate\Database\Eloquent\Model.php:1212
D:\Ciclo7\github-project\capachica-project\turismo-backend\vendor\laravel\framework\src\Illuminate\Database\Eloquent\Factories\Factory.php:351
D:\Ciclo7\github-project\capachica-project\turismo-backend\vendor\laravel\framework\src\Illuminate\Collections\Traits\EnumeratesValues.php:274
D:\Ciclo7\github-project\capachica-project\turismo-backend\vendor\laravel\framework\src\Illuminate\Database\Eloquent\Factories\Factory.php:346
D:\Ciclo7\github-project\capachica-project\turismo-backend\vendor\laravel\framework\src\Illuminate\Database\Eloquent\Factories\Factory.php:302
D:\Ciclo7\github-project\capachica-project\turismo-backend\vendor\laravel\framework\src\Illuminate\Database\Eloquent\Factories\Factory.php:296
D:\Ciclo7\github-project\capachica-project\turismo-backend\tests\Unit\Models\PlanInscripcionTest.php:28</error>
        </testcase>
      </testsuite>
      <testsuite name="Tests\Unit\Models\PlanTest" file="D:\Ciclo7\github-project\capachica-project\turismo-backend\tests\Unit\Models\PlanTest.php" tests="28" assertions="75" errors="7" failures="0" skipped="0" time="3.738801">
        <testcase name="puede_crear_plan_con_datos_validos" file="D:\Ciclo7\github-project\capachica-project\turismo-backend\tests\Unit\Models\PlanTest.php" line="38" class="Tests\Unit\Models\PlanTest" classname="Tests.Unit.Models.PlanTest" assertions="7" time="0.158030"/>
        <testcase name="fillable_permite_campos_correctos" file="D:\Ciclo7\github-project\capachica-project\turismo-backend\tests\Unit\Models\PlanTest.php" line="78" class="Tests\Unit\Models\PlanTest" classname="Tests.Unit.Models.PlanTest" assertions="6" time="0.114459"/>
        <testcase name="casts_convierte_tipos_correctamente" file="D:\Ciclo7\github-project\capachica-project\turismo-backend\tests\Unit\Models\PlanTest.php" line="107" class="Tests\Unit\Models\PlanTest" classname="Tests.Unit.Models.PlanTest" assertions="0" time="0.122292">
          <error type="Illuminate\Database\QueryException">Tests\Unit\Models\PlanTest::casts_convierte_tipos_correctamente&#13;
Illuminate\Database\QueryException: SQLSTATE[23514]: Check violation: 7 ERROR:  el nuevo registro para la relación «plans» viola la restricción «check» «plans_estado_check»
DETAIL:  La fila que falla contiene (43, Trekking Islas Flotantes, Sumérgete en las tradiciones ancestrales de Capachica con activ..., 10, t, borrador, 93, 2025-07-01 00:09:59, 2025-07-01 00:09:59, 2, Guía bilingüe, entrada a sitios arqueológicos, kit de primero..., plans/12ce63fa-3a27-3fb8-812d-ea9eb694b9c3.jpg, ["img1.jpg","img2.jpg"], 95, 850.75, facil, Documentos de identidad, ropa abrigada, zapatos cómodos para ca..., Libreta de notas, materiales de arte, ropa cómoda, gorro de lan...). (Connection: pgsql, SQL: insert into "plans" ("nombre", "descripcion", "que_incluye", "capacidad", "duracion_dias", "es_publico", "estado", "creado_por_usuario_id", "emprendedor_id", "precio_total", "dificultad", "requerimientos", "que_llevar", "imagen_principal", "imagenes_galeria", "updated_at", "created_at") values (Trekking Islas Flotantes, Sumérgete en las tradiciones ancestrales de Capachica con actividades auténticas y encuentros comunitarios. Qui aliquam blanditiis minus voluptas ea totam quia., Guía bilingüe, entrada a sitios arqueológicos, kit de primeros auxilios, seguro de viaje, 10, 2, 1, borrador, 93, 95, 850.75, facil, Documentos de identidad, ropa abrigada, zapatos cómodos para caminar, Libreta de notas, materiales de arte, ropa cómoda, gorro de lana, plans/12ce63fa-3a27-3fb8-812d-ea9eb694b9c3.jpg, ["img1.jpg","img2.jpg"], 2025-07-01 00:09:59, 2025-07-01 00:09:59) returning "id")
&#13;
D:\Ciclo7\github-project\capachica-project\turismo-backend\vendor\laravel\framework\src\Illuminate\Database\Connection.php:822
D:\Ciclo7\github-project\capachica-project\turismo-backend\vendor\laravel\framework\src\Illuminate\Database\Connection.php:776
D:\Ciclo7\github-project\capachica-project\turismo-backend\vendor\laravel\framework\src\Illuminate\Database\Connection.php:395
D:\Ciclo7\github-project\capachica-project\turismo-backend\vendor\laravel\framework\src\Illuminate\Database\Connection.php:382
D:\Ciclo7\github-project\capachica-project\turismo-backend\vendor\laravel\framework\src\Illuminate\Database\Query\Processors\PostgresProcessor.php:24
D:\Ciclo7\github-project\capachica-project\turismo-backend\vendor\laravel\framework\src\Illuminate\Database\Query\Builder.php:3769
D:\Ciclo7\github-project\capachica-project\turismo-backend\vendor\laravel\framework\src\Illuminate\Database\Eloquent\Builder.php:2208
D:\Ciclo7\github-project\capachica-project\turismo-backend\vendor\laravel\framework\src\Illuminate\Database\Eloquent\Model.php:1408
D:\Ciclo7\github-project\capachica-project\turismo-backend\vendor\laravel\framework\src\Illuminate\Database\Eloquent\Model.php:1373
D:\Ciclo7\github-project\capachica-project\turismo-backend\vendor\laravel\framework\src\Illuminate\Database\Eloquent\Model.php:1212
D:\Ciclo7\github-project\capachica-project\turismo-backend\vendor\laravel\framework\src\Illuminate\Database\Eloquent\Factories\Factory.php:351
D:\Ciclo7\github-project\capachica-project\turismo-backend\vendor\laravel\framework\src\Illuminate\Collections\Traits\EnumeratesValues.php:274
D:\Ciclo7\github-project\capachica-project\turismo-backend\vendor\laravel\framework\src\Illuminate\Database\Eloquent\Factories\Factory.php:346
D:\Ciclo7\github-project\capachica-project\turismo-backend\vendor\laravel\framework\src\Illuminate\Database\Eloquent\Factories\Factory.php:302
D:\Ciclo7\github-project\capachica-project\turismo-backend\vendor\laravel\framework\src\Illuminate\Database\Eloquent\Factories\Factory.php:296
D:\Ciclo7\github-project\capachica-project\turismo-backend\tests\Unit\Models\PlanTest.php:110</error>
        </testcase>
        <testcase name="constantes_de_estado_estan_definidas" file="D:\Ciclo7\github-project\capachica-project\turismo-backend\tests\Unit\Models\PlanTest.php" line="128" class="Tests\Unit\Models\PlanTest" classname="Tests.Unit.Models.PlanTest" assertions="3" time="0.116574"/>
        <testcase name="constantes_de_dificultad_estan_definidas" file="D:\Ciclo7\github-project\capachica-project\turismo-backend\tests\Unit\Models\PlanTest.php" line="137" class="Tests\Unit\Models\PlanTest" classname="Tests.Unit.Models.PlanTest" assertions="3" time="0.115668"/>
        <testcase name="relacion_creado_por_funciona_correctamente" file="D:\Ciclo7\github-project\capachica-project\turismo-backend\tests\Unit\Models\PlanTest.php" line="146" class="Tests\Unit\Models\PlanTest" classname="Tests.Unit.Models.PlanTest" assertions="3" time="0.122580"/>
        <testcase name="relacion_emprendedor_legacy_funciona_correctamente" file="D:\Ciclo7\github-project\capachica-project\turismo-backend\tests\Unit\Models\PlanTest.php" line="164" class="Tests\Unit\Models\PlanTest" classname="Tests.Unit.Models.PlanTest" assertions="0" time="0.233784">
          <error type="Illuminate\Database\QueryException">Tests\Unit\Models\PlanTest::relacion_emprendedor_legacy_funciona_correctamente&#13;
Illuminate\Database\QueryException: SQLSTATE[23514]: Check violation: 7 ERROR:  el nuevo registro para la relación «plans» viola la restricción «check» «plans_estado_check»
DETAIL:  La fila que falla contiene (45, Ruta Gastronómica del Altiplano, Sumérgete en las tradiciones ancestrales de Capachica con activ..., 15, t, borrador, 97, 2025-07-01 00:09:59, 2025-07-01 00:09:59, 4, Equipos de seguridad, instructor certificado, snacks energético..., plans/305cb067-11b9-3dc2-93c1-c8a30bdb3cbb.jpg, ["plans\/gallery\/177cc27d-0da9-33c5-ab1a-c5cb5b13ded5.jpg","pla..., 99, 1079.41, moderado, Experiencia previa no necesaria, apto para principiantes, Binoculares, cargador portátil, memoria extra para cámara, lin...). (Connection: pgsql, SQL: insert into "plans" ("nombre", "descripcion", "que_incluye", "capacidad", "duracion_dias", "es_publico", "estado", "creado_por_usuario_id", "emprendedor_id", "precio_total", "dificultad", "requerimientos", "que_llevar", "imagen_principal", "imagenes_galeria", "updated_at", "created_at") values (Ruta Gastronómica del Altiplano, Sumérgete en las tradiciones ancestrales de Capachica con actividades auténticas y encuentros comunitarios. Eum impedit blanditiis eos error ut ipsum sunt et explicabo fugiat cum quos ducimus inventore cupiditate., Equipos de seguridad, instructor certificado, snacks energéticos, fotos profesionales, 15, 4, 1, borrador, 97, 99, 1079.41, moderado, Experiencia previa no necesaria, apto para principiantes, Binoculares, cargador portátil, memoria extra para cámara, linterna pequeña, plans/305cb067-11b9-3dc2-93c1-c8a30bdb3cbb.jpg, ["plans\/gallery\/177cc27d-0da9-33c5-ab1a-c5cb5b13ded5.jpg","plans\/gallery\/9da33383-309f-3eb0-af44-dca035841c39.jpg","plans\/gallery\/1b1eb61d-03eb-3e42-b23d-3ac0a4f585f5.jpg","plans\/gallery\/f0d877d0-df2e-3a8b-b301-22d4e1633e1e.jpg","plans\/gallery\/b0349233-c2c5-341f-b75a-51a5648f9ddc.jpg"], 2025-07-01 00:09:59, 2025-07-01 00:09:59) returning "id")
&#13;
D:\Ciclo7\github-project\capachica-project\turismo-backend\vendor\laravel\framework\src\Illuminate\Database\Connection.php:822
D:\Ciclo7\github-project\capachica-project\turismo-backend\vendor\laravel\framework\src\Illuminate\Database\Connection.php:776
D:\Ciclo7\github-project\capachica-project\turismo-backend\vendor\laravel\framework\src\Illuminate\Database\Connection.php:395
D:\Ciclo7\github-project\capachica-project\turismo-backend\vendor\laravel\framework\src\Illuminate\Database\Connection.php:382
D:\Ciclo7\github-project\capachica-project\turismo-backend\vendor\laravel\framework\src\Illuminate\Database\Query\Processors\PostgresProcessor.php:24
D:\Ciclo7\github-project\capachica-project\turismo-backend\vendor\laravel\framework\src\Illuminate\Database\Query\Builder.php:3769
D:\Ciclo7\github-project\capachica-project\turismo-backend\vendor\laravel\framework\src\Illuminate\Database\Eloquent\Builder.php:2208
D:\Ciclo7\github-project\capachica-project\turismo-backend\vendor\laravel\framework\src\Illuminate\Database\Eloquent\Model.php:1408
D:\Ciclo7\github-project\capachica-project\turismo-backend\vendor\laravel\framework\src\Illuminate\Database\Eloquent\Model.php:1373
D:\Ciclo7\github-project\capachica-project\turismo-backend\vendor\laravel\framework\src\Illuminate\Database\Eloquent\Model.php:1212
D:\Ciclo7\github-project\capachica-project\turismo-backend\vendor\laravel\framework\src\Illuminate\Database\Eloquent\Factories\Factory.php:351
D:\Ciclo7\github-project\capachica-project\turismo-backend\vendor\laravel\framework\src\Illuminate\Collections\Traits\EnumeratesValues.php:274
D:\Ciclo7\github-project\capachica-project\turismo-backend\vendor\laravel\framework\src\Illuminate\Database\Eloquent\Factories\Factory.php:346
D:\Ciclo7\github-project\capachica-project\turismo-backend\vendor\laravel\framework\src\Illuminate\Database\Eloquent\Factories\Factory.php:302
D:\Ciclo7\github-project\capachica-project\turismo-backend\vendor\laravel\framework\src\Illuminate\Database\Eloquent\Factories\Factory.php:296
D:\Ciclo7\github-project\capachica-project\turismo-backend\tests\Unit\Models\PlanTest.php:167</error>
        </testcase>
        <testcase name="relacion_dias_funciona_correctamente" file="D:\Ciclo7\github-project\capachica-project\turismo-backend\tests\Unit\Models\PlanTest.php" line="182" class="Tests\Unit\Models\PlanTest" classname="Tests.Unit.Models.PlanTest" assertions="0" time="0.117014">
          <error type="Illuminate\Database\QueryException">Tests\Unit\Models\PlanTest::relacion_dias_funciona_correctamente&#13;
Illuminate\Database\QueryException: SQLSTATE[23514]: Check violation: 7 ERROR:  el nuevo registro para la relación «plans» viola la restricción «check» «plans_estado_check»
DETAIL:  La fila que falla contiene (46, Expedición Fotográfica Titicaca, Descubre la magia del Lago Titicaca en este plan completo que co..., 13, t, borrador, 98, 2025-07-01 00:09:59, 2025-07-01 00:09:59, 3, Navegación en totora, visitas a islas, almuerzo tradicional, ce..., plans/bc3e6ac4-21fa-3fde-9e53-15db37fa9d4a.jpg, ["plans\/gallery\/519d0ce7-5077-3435-903d-22bb77639181.jpg","pla..., 100, 932.44, facil, Edad mínima 12 años, condición física básica, no apto para ..., Ropa abrigada, protector solar factor 50+, gorra, lentes de sol,...). (Connection: pgsql, SQL: insert into "plans" ("nombre", "descripcion", "que_incluye", "capacidad", "duracion_dias", "es_publico", "estado", "creado_por_usuario_id", "emprendedor_id", "precio_total", "dificultad", "requerimientos", "que_llevar", "imagen_principal", "imagenes_galeria", "updated_at", "created_at") values (Expedición Fotográfica Titicaca, Descubre la magia del Lago Titicaca en este plan completo que combina aventura, cultura y gastronomía local. Ratione cupiditate consequatur maxime quia impedit rerum inventore sed et ut sunt non dolorem mollitia., Navegación en totora, visitas a islas, almuerzo tradicional, certificado de participación, 13, 3, 1, borrador, 98, 100, 932.44, facil, Edad mínima 12 años, condición física básica, no apto para embarazadas, Ropa abrigada, protector solar factor 50+, gorra, lentes de sol, cámara fotográfica, plans/bc3e6ac4-21fa-3fde-9e53-15db37fa9d4a.jpg, ["plans\/gallery\/519d0ce7-5077-3435-903d-22bb77639181.jpg","plans\/gallery\/9c476241-77d0-3713-958f-1e2f809865ff.jpg"], 2025-07-01 00:09:59, 2025-07-01 00:09:59) returning "id")
&#13;
D:\Ciclo7\github-project\capachica-project\turismo-backend\vendor\laravel\framework\src\Illuminate\Database\Connection.php:822
D:\Ciclo7\github-project\capachica-project\turismo-backend\vendor\laravel\framework\src\Illuminate\Database\Connection.php:776
D:\Ciclo7\github-project\capachica-project\turismo-backend\vendor\laravel\framework\src\Illuminate\Database\Connection.php:395
D:\Ciclo7\github-project\capachica-project\turismo-backend\vendor\laravel\framework\src\Illuminate\Database\Connection.php:382
D:\Ciclo7\github-project\capachica-project\turismo-backend\vendor\laravel\framework\src\Illuminate\Database\Query\Processors\PostgresProcessor.php:24
D:\Ciclo7\github-project\capachica-project\turismo-backend\vendor\laravel\framework\src\Illuminate\Database\Query\Builder.php:3769
D:\Ciclo7\github-project\capachica-project\turismo-backend\vendor\laravel\framework\src\Illuminate\Database\Eloquent\Builder.php:2208
D:\Ciclo7\github-project\capachica-project\turismo-backend\vendor\laravel\framework\src\Illuminate\Database\Eloquent\Model.php:1408
D:\Ciclo7\github-project\capachica-project\turismo-backend\vendor\laravel\framework\src\Illuminate\Database\Eloquent\Model.php:1373
D:\Ciclo7\github-project\capachica-project\turismo-backend\vendor\laravel\framework\src\Illuminate\Database\Eloquent\Model.php:1212
D:\Ciclo7\github-project\capachica-project\turismo-backend\vendor\laravel\framework\src\Illuminate\Database\Eloquent\Factories\Factory.php:351
D:\Ciclo7\github-project\capachica-project\turismo-backend\vendor\laravel\framework\src\Illuminate\Collections\Traits\EnumeratesValues.php:274
D:\Ciclo7\github-project\capachica-project\turismo-backend\vendor\laravel\framework\src\Illuminate\Database\Eloquent\Factories\Factory.php:346
D:\Ciclo7\github-project\capachica-project\turismo-backend\vendor\laravel\framework\src\Illuminate\Database\Eloquent\Factories\Factory.php:302
D:\Ciclo7\github-project\capachica-project\turismo-backend\vendor\laravel\framework\src\Illuminate\Database\Eloquent\Factories\Factory.php:296
D:\Ciclo7\github-project\capachica-project\turismo-backend\tests\Unit\Models\PlanTest.php:185</error>
        </testcase>
        <testcase name="puede_verificar_cupos_disponibles" file="D:\Ciclo7\github-project\capachica-project\turismo-backend\tests\Unit\Models\PlanTest.php" line="215" class="Tests\Unit\Models\PlanTest" classname="Tests.Unit.Models.PlanTest" assertions="4" time="0.141779"/>
        <testcase name="no_tiene_cupos_cuando_esta_lleno" file="D:\Ciclo7\github-project\capachica-project\turismo-backend\tests\Unit\Models\PlanTest.php" line="252" class="Tests\Unit\Models\PlanTest" classname="Tests.Unit.Models.PlanTest" assertions="2" time="0.129094"/>
        <testcase name="inscripciones_pendientes_no_afectan_cupos_disponibles" file="D:\Ciclo7\github-project\capachica-project\turismo-backend\tests\Unit\Models\PlanTest.php" line="276" class="Tests\Unit\Models\PlanTest" classname="Tests.Unit.Models.PlanTest" assertions="0" time="0.121524">
          <error type="Illuminate\Database\QueryException">Tests\Unit\Models\PlanTest::inscripciones_pendientes_no_afectan_cupos_disponibles&#13;
Illuminate\Database\QueryException: SQLSTATE[23514]: Check violation: 7 ERROR:  el nuevo registro para la relación «plans» viola la restricción «check» «plans_estado_check»
DETAIL:  La fila que falla contiene (49, Expedición Fotográfica Titicaca, Aventura de múltiples días navegando por las islas más hermos..., 15, t, borrador, 102, 2025-07-01 00:10:00, 2025-07-01 00:10:00, 5, Equipos de seguridad, instructor certificado, snacks energético..., plans/9360837a-ec58-3174-8a61-b90de0785323.jpg, ["plans\/gallery\/4e6ad550-6870-319a-a122-a1abfd525f08.jpg","pla..., 103, 603.03, dificil, Experiencia previa no necesaria, apto para principiantes, Ropa abrigada, protector solar factor 50+, gorra, lentes de sol,...). (Connection: pgsql, SQL: insert into "plans" ("nombre", "descripcion", "que_incluye", "capacidad", "duracion_dias", "es_publico", "estado", "creado_por_usuario_id", "emprendedor_id", "precio_total", "dificultad", "requerimientos", "que_llevar", "imagen_principal", "imagenes_galeria", "updated_at", "created_at") values (Expedición Fotográfica Titicaca, Aventura de múltiples días navegando por las islas más hermosas del lago navegable más alto del mundo. Et perspiciatis aut voluptatem ducimus facilis aut repellat., Equipos de seguridad, instructor certificado, snacks energéticos, fotos profesionales, 15, 5, 1, borrador, 102, 103, 603.03, dificil, Experiencia previa no necesaria, apto para principiantes, Ropa abrigada, protector solar factor 50+, gorra, lentes de sol, cámara fotográfica, plans/9360837a-ec58-3174-8a61-b90de0785323.jpg, ["plans\/gallery\/4e6ad550-6870-319a-a122-a1abfd525f08.jpg","plans\/gallery\/42d592a2-3676-3742-ab48-9ed64fbebcca.jpg","plans\/gallery\/567b981a-9f87-383d-8d78-87961009e18c.jpg","plans\/gallery\/85418849-6982-3740-817f-406d0a4b0f6a.jpg","plans\/gallery\/7fa1192e-e463-3523-9cd1-d89702d2861a.jpg","plans\/gallery\/c70fd3d1-dcb4-3844-8713-a10d440fac71.jpg"], 2025-07-01 00:10:00, 2025-07-01 00:10:00) returning "id")
&#13;
D:\Ciclo7\github-project\capachica-project\turismo-backend\vendor\laravel\framework\src\Illuminate\Database\Connection.php:822
D:\Ciclo7\github-project\capachica-project\turismo-backend\vendor\laravel\framework\src\Illuminate\Database\Connection.php:776
D:\Ciclo7\github-project\capachica-project\turismo-backend\vendor\laravel\framework\src\Illuminate\Database\Connection.php:395
D:\Ciclo7\github-project\capachica-project\turismo-backend\vendor\laravel\framework\src\Illuminate\Database\Connection.php:382
D:\Ciclo7\github-project\capachica-project\turismo-backend\vendor\laravel\framework\src\Illuminate\Database\Query\Processors\PostgresProcessor.php:24
D:\Ciclo7\github-project\capachica-project\turismo-backend\vendor\laravel\framework\src\Illuminate\Database\Query\Builder.php:3769
D:\Ciclo7\github-project\capachica-project\turismo-backend\vendor\laravel\framework\src\Illuminate\Database\Eloquent\Builder.php:2208
D:\Ciclo7\github-project\capachica-project\turismo-backend\vendor\laravel\framework\src\Illuminate\Database\Eloquent\Model.php:1408
D:\Ciclo7\github-project\capachica-project\turismo-backend\vendor\laravel\framework\src\Illuminate\Database\Eloquent\Model.php:1373
D:\Ciclo7\github-project\capachica-project\turismo-backend\vendor\laravel\framework\src\Illuminate\Database\Eloquent\Model.php:1212
D:\Ciclo7\github-project\capachica-project\turismo-backend\vendor\laravel\framework\src\Illuminate\Database\Eloquent\Factories\Factory.php:351
D:\Ciclo7\github-project\capachica-project\turismo-backend\vendor\laravel\framework\src\Illuminate\Collections\Traits\EnumeratesValues.php:274
D:\Ciclo7\github-project\capachica-project\turismo-backend\vendor\laravel\framework\src\Illuminate\Database\Eloquent\Factories\Factory.php:346
D:\Ciclo7\github-project\capachica-project\turismo-backend\vendor\laravel\framework\src\Illuminate\Database\Eloquent\Factories\Factory.php:302
D:\Ciclo7\github-project\capachica-project\turismo-backend\vendor\laravel\framework\src\Illuminate\Database\Eloquent\Factories\Factory.php:296
D:\Ciclo7\github-project\capachica-project\turismo-backend\tests\Unit\Models\PlanTest.php:279</error>
        </testcase>
        <testcase name="puede_obtener_imagen_principal_url" file="D:\Ciclo7\github-project\capachica-project\turismo-backend\tests\Unit\Models\PlanTest.php" line="300" class="Tests\Unit\Models\PlanTest" classname="Tests.Unit.Models.PlanTest" assertions="0" time="0.117581">
          <error type="Illuminate\Database\QueryException">Tests\Unit\Models\PlanTest::puede_obtener_imagen_principal_url&#13;
Illuminate\Database\QueryException: SQLSTATE[23514]: Check violation: 7 ERROR:  el nuevo registro para la relación «plans» viola la restricción «check» «plans_estado_check»
DETAIL:  La fila que falla contiene (50, Retiro Espiritual Andino, Sumérgete en las tradiciones ancestrales de Capachica con activ..., 18, t, borrador, 103, 2025-07-01 00:10:00, 2025-07-01 00:10:00, 2, Actividades culturales, talleres artesanales, degustaciones, mat..., plans/test-image.jpg, ["plans\/gallery\/5094553b-22a1-303d-889b-9c39d7dba88f.jpg","pla..., 104, 876.32, dificil, Experiencia previa no necesaria, apto para principiantes, Zapatos antideslizantes, mochila pequeña, botella de agua, snac...). (Connection: pgsql, SQL: insert into "plans" ("nombre", "descripcion", "que_incluye", "capacidad", "duracion_dias", "es_publico", "estado", "creado_por_usuario_id", "emprendedor_id", "precio_total", "dificultad", "requerimientos", "que_llevar", "imagen_principal", "imagenes_galeria", "updated_at", "created_at") values (Retiro Espiritual Andino, Sumérgete en las tradiciones ancestrales de Capachica con actividades auténticas y encuentros comunitarios. Quisquam odit quia consectetur vitae illum repudiandae fugit omnis nesciunt rerum., Actividades culturales, talleres artesanales, degustaciones, materiales incluidos, 18, 2, 1, borrador, 103, 104, 876.32, dificil, Experiencia previa no necesaria, apto para principiantes, Zapatos antideslizantes, mochila pequeña, botella de agua, snacks personales, plans/test-image.jpg, ["plans\/gallery\/5094553b-22a1-303d-889b-9c39d7dba88f.jpg","plans\/gallery\/6d58c0d8-5c9f-34e9-b7a0-eec6c6b88034.jpg","plans\/gallery\/a5479c9f-244b-31bd-8d01-369c0ebe512e.jpg","plans\/gallery\/159aa25c-8cc6-3fab-8b3e-03c18c03f9fa.jpg","plans\/gallery\/7fb2685f-1771-38b7-80a8-b199afa252c0.jpg"], 2025-07-01 00:10:00, 2025-07-01 00:10:00) returning "id")
&#13;
D:\Ciclo7\github-project\capachica-project\turismo-backend\vendor\laravel\framework\src\Illuminate\Database\Connection.php:822
D:\Ciclo7\github-project\capachica-project\turismo-backend\vendor\laravel\framework\src\Illuminate\Database\Connection.php:776
D:\Ciclo7\github-project\capachica-project\turismo-backend\vendor\laravel\framework\src\Illuminate\Database\Connection.php:395
D:\Ciclo7\github-project\capachica-project\turismo-backend\vendor\laravel\framework\src\Illuminate\Database\Connection.php:382
D:\Ciclo7\github-project\capachica-project\turismo-backend\vendor\laravel\framework\src\Illuminate\Database\Query\Processors\PostgresProcessor.php:24
D:\Ciclo7\github-project\capachica-project\turismo-backend\vendor\laravel\framework\src\Illuminate\Database\Query\Builder.php:3769
D:\Ciclo7\github-project\capachica-project\turismo-backend\vendor\laravel\framework\src\Illuminate\Database\Eloquent\Builder.php:2208
D:\Ciclo7\github-project\capachica-project\turismo-backend\vendor\laravel\framework\src\Illuminate\Database\Eloquent\Model.php:1408
D:\Ciclo7\github-project\capachica-project\turismo-backend\vendor\laravel\framework\src\Illuminate\Database\Eloquent\Model.php:1373
D:\Ciclo7\github-project\capachica-project\turismo-backend\vendor\laravel\framework\src\Illuminate\Database\Eloquent\Model.php:1212
D:\Ciclo7\github-project\capachica-project\turismo-backend\vendor\laravel\framework\src\Illuminate\Database\Eloquent\Factories\Factory.php:351
D:\Ciclo7\github-project\capachica-project\turismo-backend\vendor\laravel\framework\src\Illuminate\Collections\Traits\EnumeratesValues.php:274
D:\Ciclo7\github-project\capachica-project\turismo-backend\vendor\laravel\framework\src\Illuminate\Database\Eloquent\Factories\Factory.php:346
D:\Ciclo7\github-project\capachica-project\turismo-backend\vendor\laravel\framework\src\Illuminate\Database\Eloquent\Factories\Factory.php:302
D:\Ciclo7\github-project\capachica-project\turismo-backend\vendor\laravel\framework\src\Illuminate\Database\Eloquent\Factories\Factory.php:296
D:\Ciclo7\github-project\capachica-project\turismo-backend\tests\Unit\Models\PlanTest.php:303</error>
        </testcase>
        <testcase name="retorna_null_si_no_hay_imagen_principal" file="D:\Ciclo7\github-project\capachica-project\turismo-backend\tests\Unit\Models\PlanTest.php" line="318" class="Tests\Unit\Models\PlanTest" classname="Tests.Unit.Models.PlanTest" assertions="1" time="0.113997"/>
        <testcase name="puede_obtener_imagenes_galeria_urls" file="D:\Ciclo7\github-project\capachica-project\turismo-backend\tests\Unit\Models\PlanTest.php" line="335" class="Tests\Unit\Models\PlanTest" classname="Tests.Unit.Models.PlanTest" assertions="4" time="0.115386"/>
        <testcase name="retorna_array_vacio_si_no_hay_imagenes_galeria" file="D:\Ciclo7\github-project\capachica-project\turismo-backend\tests\Unit\Models\PlanTest.php" line="357" class="Tests\Unit\Models\PlanTest" classname="Tests.Unit.Models.PlanTest" assertions="0" time="0.114368">
          <error type="Illuminate\Database\QueryException">Tests\Unit\Models\PlanTest::retorna_array_vacio_si_no_hay_imagenes_galeria&#13;
Illuminate\Database\QueryException: SQLSTATE[23514]: Check violation: 7 ERROR:  el nuevo registro para la relación «plans» viola la restricción «check» «plans_estado_check»
DETAIL:  La fila que falla contiene (53, Aventura Completa en el Titicaca, Sumérgete en las tradiciones ancestrales de Capachica con activ..., 20, t, borrador, 106, 2025-07-01 00:10:00, 2025-07-01 00:10:00, 3, Guía bilingüe, entrada a sitios arqueológicos, kit de primero..., plans/c8b68a83-f0b7-3e51-be94-270d65161a3c.jpg, null, 107, 423.31, dificil, Nivel intermedio de caminata, resistencia a alturas (3800+ msnm), Binoculares, cargador portátil, memoria extra para cámara, lin...). (Connection: pgsql, SQL: insert into "plans" ("nombre", "descripcion", "que_incluye", "capacidad", "duracion_dias", "es_publico", "estado", "creado_por_usuario_id", "emprendedor_id", "precio_total", "dificultad", "requerimientos", "que_llevar", "imagen_principal", "imagenes_galeria", "updated_at", "created_at") values (Aventura Completa en el Titicaca, Sumérgete en las tradiciones ancestrales de Capachica con actividades auténticas y encuentros comunitarios. Eum dolorum exercitationem optio est reiciendis inventore perspiciatis ad., Guía bilingüe, entrada a sitios arqueológicos, kit de primeros auxilios, seguro de viaje, 20, 3, 1, borrador, 106, 107, 423.31, dificil, Nivel intermedio de caminata, resistencia a alturas (3800+ msnm), Binoculares, cargador portátil, memoria extra para cámara, linterna pequeña, plans/c8b68a83-f0b7-3e51-be94-270d65161a3c.jpg, ?, 2025-07-01 00:10:00, 2025-07-01 00:10:00) returning "id")
&#13;
D:\Ciclo7\github-project\capachica-project\turismo-backend\vendor\laravel\framework\src\Illuminate\Database\Connection.php:822
D:\Ciclo7\github-project\capachica-project\turismo-backend\vendor\laravel\framework\src\Illuminate\Database\Connection.php:776
D:\Ciclo7\github-project\capachica-project\turismo-backend\vendor\laravel\framework\src\Illuminate\Database\Connection.php:395
D:\Ciclo7\github-project\capachica-project\turismo-backend\vendor\laravel\framework\src\Illuminate\Database\Connection.php:382
D:\Ciclo7\github-project\capachica-project\turismo-backend\vendor\laravel\framework\src\Illuminate\Database\Query\Processors\PostgresProcessor.php:24
D:\Ciclo7\github-project\capachica-project\turismo-backend\vendor\laravel\framework\src\Illuminate\Database\Query\Builder.php:3769
D:\Ciclo7\github-project\capachica-project\turismo-backend\vendor\laravel\framework\src\Illuminate\Database\Eloquent\Builder.php:2208
D:\Ciclo7\github-project\capachica-project\turismo-backend\vendor\laravel\framework\src\Illuminate\Database\Eloquent\Model.php:1408
D:\Ciclo7\github-project\capachica-project\turismo-backend\vendor\laravel\framework\src\Illuminate\Database\Eloquent\Model.php:1373
D:\Ciclo7\github-project\capachica-project\turismo-backend\vendor\laravel\framework\src\Illuminate\Database\Eloquent\Model.php:1212
D:\Ciclo7\github-project\capachica-project\turismo-backend\vendor\laravel\framework\src\Illuminate\Database\Eloquent\Factories\Factory.php:351
D:\Ciclo7\github-project\capachica-project\turismo-backend\vendor\laravel\framework\src\Illuminate\Collections\Traits\EnumeratesValues.php:274
D:\Ciclo7\github-project\capachica-project\turismo-backend\vendor\laravel\framework\src\Illuminate\Database\Eloquent\Factories\Factory.php:346
D:\Ciclo7\github-project\capachica-project\turismo-backend\vendor\laravel\framework\src\Illuminate\Database\Eloquent\Factories\Factory.php:302
D:\Ciclo7\github-project\capachica-project\turismo-backend\vendor\laravel\framework\src\Illuminate\Database\Eloquent\Factories\Factory.php:296
D:\Ciclo7\github-project\capachica-project\turismo-backend\tests\Unit\Models\PlanTest.php:360</error>
        </testcase>
        <testcase name="scope_activos_filtra_correctamente" file="D:\Ciclo7\github-project\capachica-project\turismo-backend\tests\Unit\Models\PlanTest.php" line="375" class="Tests\Unit\Models\PlanTest" classname="Tests.Unit.Models.PlanTest" assertions="2" time="0.119830"/>
        <testcase name="scope_publicos_filtra_correctamente" file="D:\Ciclo7\github-project\capachica-project\turismo-backend\tests\Unit\Models\PlanTest.php" line="397" class="Tests\Unit\Models\PlanTest" classname="Tests.Unit.Models.PlanTest" assertions="2" time="0.152001"/>
        <testcase name="scope_por_dificultad_filtra_correctamente" file="D:\Ciclo7\github-project\capachica-project\turismo-backend\tests\Unit\Models\PlanTest.php" line="419" class="Tests\Unit\Models\PlanTest" classname="Tests.Unit.Models.PlanTest" assertions="0" time="0.142229">
          <error type="Illuminate\Database\QueryException">Tests\Unit\Models\PlanTest::scope_por_dificultad_filtra_correctamente&#13;
Illuminate\Database\QueryException: SQLSTATE[23514]: Check violation: 7 ERROR:  el nuevo registro para la relación «plans» viola la restricción «check» «plans_estado_check»
DETAIL:  La fila que falla contiene (59, Circuito Artesanal Tradicional, Descubre la magia del Lago Titicaca en este plan completo que co..., 8, t, borrador, 109, 2025-07-01 00:10:01, 2025-07-01 00:10:01, 4, Transporte ida y vuelta, guía especializado, todas las comidas,..., plans/5c760357-61c8-3905-9b02-41dc4173b0e6.jpg, ["plans\/gallery\/1edbc7fb-4f7f-3905-a16c-9cb464f9511e.jpg","pla..., 110, 609.06, dificil, Autorización parental para menores, seguro médico vigente, Libreta de notas, materiales de arte, ropa cómoda, gorro de lan...). (Connection: pgsql, SQL: insert into "plans" ("nombre", "descripcion", "que_incluye", "capacidad", "duracion_dias", "es_publico", "estado", "creado_por_usuario_id", "emprendedor_id", "precio_total", "dificultad", "requerimientos", "que_llevar", "imagen_principal", "imagenes_galeria", "updated_at", "created_at") values (Circuito Artesanal Tradicional, Descubre la magia del Lago Titicaca en este plan completo que combina aventura, cultura y gastronomía local. Possimus vero quis nihil aliquid dicta deserunt mollitia molestiae fugit sunt est qui quo cumque., Transporte ida y vuelta, guía especializado, todas las comidas, hospedaje en casas locales, 8, 4, 1, borrador, 109, 110, 609.06, dificil, Autorización parental para menores, seguro médico vigente, Libreta de notas, materiales de arte, ropa cómoda, gorro de lana, plans/5c760357-61c8-3905-9b02-41dc4173b0e6.jpg, ["plans\/gallery\/1edbc7fb-4f7f-3905-a16c-9cb464f9511e.jpg","plans\/gallery\/bb98df83-2dce-3f6f-b584-9cca9ac341bb.jpg","plans\/gallery\/d2e1ced9-f7c8-3985-8b87-62d6601631d7.jpg"], 2025-07-01 00:10:01, 2025-07-01 00:10:01) returning "id")
&#13;
D:\Ciclo7\github-project\capachica-project\turismo-backend\vendor\laravel\framework\src\Illuminate\Database\Connection.php:822
D:\Ciclo7\github-project\capachica-project\turismo-backend\vendor\laravel\framework\src\Illuminate\Database\Connection.php:776
D:\Ciclo7\github-project\capachica-project\turismo-backend\vendor\laravel\framework\src\Illuminate\Database\Connection.php:395
D:\Ciclo7\github-project\capachica-project\turismo-backend\vendor\laravel\framework\src\Illuminate\Database\Connection.php:382
D:\Ciclo7\github-project\capachica-project\turismo-backend\vendor\laravel\framework\src\Illuminate\Database\Query\Processors\PostgresProcessor.php:24
D:\Ciclo7\github-project\capachica-project\turismo-backend\vendor\laravel\framework\src\Illuminate\Database\Query\Builder.php:3769
D:\Ciclo7\github-project\capachica-project\turismo-backend\vendor\laravel\framework\src\Illuminate\Database\Eloquent\Builder.php:2208
D:\Ciclo7\github-project\capachica-project\turismo-backend\vendor\laravel\framework\src\Illuminate\Database\Eloquent\Model.php:1408
D:\Ciclo7\github-project\capachica-project\turismo-backend\vendor\laravel\framework\src\Illuminate\Database\Eloquent\Model.php:1373
D:\Ciclo7\github-project\capachica-project\turismo-backend\vendor\laravel\framework\src\Illuminate\Database\Eloquent\Model.php:1212
D:\Ciclo7\github-project\capachica-project\turismo-backend\vendor\laravel\framework\src\Illuminate\Database\Eloquent\Factories\Factory.php:351
D:\Ciclo7\github-project\capachica-project\turismo-backend\vendor\laravel\framework\src\Illuminate\Collections\Traits\EnumeratesValues.php:274
D:\Ciclo7\github-project\capachica-project\turismo-backend\vendor\laravel\framework\src\Illuminate\Database\Eloquent\Factories\Factory.php:346
D:\Ciclo7\github-project\capachica-project\turismo-backend\vendor\laravel\framework\src\Illuminate\Database\Eloquent\Factories\Factory.php:302
D:\Ciclo7\github-project\capachica-project\turismo-backend\vendor\laravel\framework\src\Illuminate\Database\Eloquent\Factories\Factory.php:296
D:\Ciclo7\github-project\capachica-project\turismo-backend\tests\Unit\Models\PlanTest.php:427</error>
        </testcase>
        <testcase name="scope_buscar_encuentra_por_nombre" file="D:\Ciclo7\github-project\capachica-project\turismo-backend\tests\Unit\Models\PlanTest.php" line="441" class="Tests\Unit\Models\PlanTest" classname="Tests.Unit.Models.PlanTest" assertions="1" time="0.134303"/>
        <testcase name="scope_buscar_encuentra_por_descripcion" file="D:\Ciclo7\github-project\capachica-project\turismo-backend\tests\Unit\Models\PlanTest.php" line="458" class="Tests\Unit\Models\PlanTest" classname="Tests.Unit.Models.PlanTest" assertions="1" time="0.125721"/>
        <testcase name="puede_actualizar_campos_individuales" file="D:\Ciclo7\github-project\capachica-project\turismo-backend\tests\Unit\Models\PlanTest.php" line="475" class="Tests\Unit\Models\PlanTest" classname="Tests.Unit.Models.PlanTest" assertions="3" time="0.237139"/>
        <testcase name="puede_eliminar_plan" file="D:\Ciclo7\github-project\capachica-project\turismo-backend\tests\Unit\Models\PlanTest.php" line="499" class="Tests\Unit\Models\PlanTest" classname="Tests.Unit.Models.PlanTest" assertions="2" time="0.129149"/>
        <testcase name="created_at_y_updated_at_se_establecen_automaticamente" file="D:\Ciclo7\github-project\capachica-project\turismo-backend\tests\Unit\Models\PlanTest.php" line="517" class="Tests\Unit\Models\PlanTest" classname="Tests.Unit.Models.PlanTest" assertions="4" time="0.123580"/>
        <testcase name="puede_convertir_a_array" file="D:\Ciclo7\github-project\capachica-project\turismo-backend\tests\Unit\Models\PlanTest.php" line="533" class="Tests\Unit\Models\PlanTest" classname="Tests.Unit.Models.PlanTest" assertions="13" time="0.133806"/>
        <testcase name="maneja_valores_nulos_correctamente" file="D:\Ciclo7\github-project\capachica-project\turismo-backend\tests\Unit\Models\PlanTest.php" line="563" class="Tests\Unit\Models\PlanTest" classname="Tests.Unit.Models.PlanTest" assertions="6" time="0.124123"/>
        <testcase name="puede_cargar_relaciones_eager" file="D:\Ciclo7\github-project\capachica-project\turismo-backend\tests\Unit\Models\PlanTest.php" line="586" class="Tests\Unit\Models\PlanTest" classname="Tests.Unit.Models.PlanTest" assertions="6" time="0.140701"/>
        <testcase name="primary_key_es_id_por_defecto" file="D:\Ciclo7\github-project\capachica-project\turismo-backend\tests\Unit\Models\PlanTest.php" line="609" class="Tests\Unit\Models\PlanTest" classname="Tests.Unit.Models.PlanTest" assertions="1" time="0.110126"/>
        <testcase name="timestamps_estan_habilitados" file="D:\Ciclo7\github-project\capachica-project\turismo-backend\tests\Unit\Models\PlanTest.php" line="622" class="Tests\Unit\Models\PlanTest" classname="Tests.Unit.Models.PlanTest" assertions="1" time="0.111964"/>
      </testsuite>
      <testsuite name="Tests\Unit\Models\ReservaServicioTest" file="D:\Ciclo7\github-project\capachica-project\turismo-backend\tests\Unit\Models\ReservaServicioTest.php" tests="31" assertions="92" errors="2" failures="2" skipped="0" time="4.792621">
        <testcase name="puede_crear_reserva_servicio_con_datos_validos" file="D:\Ciclo7\github-project\capachica-project\turismo-backend\tests\Unit\Models\ReservaServicioTest.php" line="42" class="Tests\Unit\Models\ReservaServicioTest" classname="Tests.Unit.Models.ReservaServicioTest" assertions="8" time="0.222414"/>
        <testcase name="fillable_permite_campos_correctos" file="D:\Ciclo7\github-project\capachica-project\turismo-backend\tests\Unit\Models\ReservaServicioTest.php" line="82" class="Tests\Unit\Models\ReservaServicioTest" classname="Tests.Unit.Models.ReservaServicioTest" assertions="4" time="0.122131">
          <failure type="PHPUnit\Framework\ExpectationFailedException">Tests\Unit\Models\ReservaServicioTest::fillable_permite_campos_correctos&#13;
Failed asserting that Illuminate\Support\Carbon Object #12843 (
    'endOfTime' =&gt; false,
    'startOfTime' =&gt; false,
    'constructedObjectId' =&gt; '000000000000322b0000000000000000',
    'clock' =&gt; null,
    'localMonthsOverflow' =&gt; null,
    'localYearsOverflow' =&gt; null,
    'localStrictModeEnabled' =&gt; null,
    'localHumanDiffOptions' =&gt; null,
    'localToStringFormat' =&gt; null,
    'localSerializer' =&gt; null,
    'localMacros' =&gt; null,
    'localGenericMacros' =&gt; null,
    'localFormatFunction' =&gt; null,
    'localTranslator' =&gt; null,
    'dumpProperties' =&gt; Array &amp;0 [
        0 =&gt; 'date',
        1 =&gt; 'timezone_type',
        2 =&gt; 'timezone',
    ],
    'dumpLocale' =&gt; null,
    'dumpDateProperties' =&gt; null,
    'date' =&gt; '2024-08-15 00:00:00.000000',
    'timezone_type' =&gt; 3,
    'timezone' =&gt; 'UTC',
) matches expected '2024-08-15'.
&#13;
D:\Ciclo7\github-project\capachica-project\turismo-backend\tests\Unit\Models\ReservaServicioTest.php:107</failure>
        </testcase>
        <testcase name="tabla_correcta_es_utilizada" file="D:\Ciclo7\github-project\capachica-project\turismo-backend\tests\Unit\Models\ReservaServicioTest.php" line="114" class="Tests\Unit\Models\ReservaServicioTest" classname="Tests.Unit.Models.ReservaServicioTest" assertions="1" time="0.122728"/>
        <testcase name="casts_convierte_tipos_correctamente" file="D:\Ciclo7\github-project\capachica-project\turismo-backend\tests\Unit\Models\ReservaServicioTest.php" line="127" class="Tests\Unit\Models\ReservaServicioTest" classname="Tests.Unit.Models.ReservaServicioTest" assertions="3" time="0.129939">
          <failure type="PHPUnit\Framework\ExpectationFailedException">Tests\Unit\Models\ReservaServicioTest::casts_convierte_tipos_correctamente&#13;
Failed asserting that '125.75' is of type float.
&#13;
D:\Ciclo7\github-project\capachica-project\turismo-backend\tests\Unit\Models\ReservaServicioTest.php:142</failure>
        </testcase>
        <testcase name="constantes_de_estado_estan_definidas" file="D:\Ciclo7\github-project\capachica-project\turismo-backend\tests\Unit\Models\ReservaServicioTest.php" line="147" class="Tests\Unit\Models\ReservaServicioTest" classname="Tests.Unit.Models.ReservaServicioTest" assertions="5" time="0.225113"/>
        <testcase name="relacion_reserva_funciona_correctamente" file="D:\Ciclo7\github-project\capachica-project\turismo-backend\tests\Unit\Models\ReservaServicioTest.php" line="158" class="Tests\Unit\Models\ReservaServicioTest" classname="Tests.Unit.Models.ReservaServicioTest" assertions="3" time="0.127101"/>
        <testcase name="relacion_servicio_funciona_correctamente" file="D:\Ciclo7\github-project\capachica-project\turismo-backend\tests\Unit\Models\ReservaServicioTest.php" line="177" class="Tests\Unit\Models\ReservaServicioTest" classname="Tests.Unit.Models.ReservaServicioTest" assertions="3" time="0.126598"/>
        <testcase name="relacion_emprendedor_funciona_correctamente" file="D:\Ciclo7\github-project\capachica-project\turismo-backend\tests\Unit\Models\ReservaServicioTest.php" line="196" class="Tests\Unit\Models\ReservaServicioTest" classname="Tests.Unit.Models.ReservaServicioTest" assertions="3" time="0.236966"/>
        <testcase name="atributo_subtotal_calcula_correctamente" file="D:\Ciclo7\github-project\capachica-project\turismo-backend\tests\Unit\Models\ReservaServicioTest.php" line="215" class="Tests\Unit\Models\ReservaServicioTest" classname="Tests.Unit.Models.ReservaServicioTest" assertions="1" time="0.133084"/>
        <testcase name="atributo_subtotal_maneja_valores_nulos" file="D:\Ciclo7\github-project\capachica-project\turismo-backend\tests\Unit\Models\ReservaServicioTest.php" line="234" class="Tests\Unit\Models\ReservaServicioTest" classname="Tests.Unit.Models.ReservaServicioTest" assertions="1" time="0.135336"/>
        <testcase name="atributo_subtotal_usa_cantidad_por_defecto" file="D:\Ciclo7\github-project\capachica-project\turismo-backend\tests\Unit\Models\ReservaServicioTest.php" line="253" class="Tests\Unit\Models\ReservaServicioTest" classname="Tests.Unit.Models.ReservaServicioTest" assertions="0" time="0.137183">
          <error type="Illuminate\Database\QueryException">Tests\Unit\Models\ReservaServicioTest::atributo_subtotal_usa_cantidad_por_defecto&#13;
Illuminate\Database\QueryException: SQLSTATE[23502]: Not null violation: 7 ERROR:  el valor nulo en la columna «cantidad» de la relación «reserva_servicios» viola la restricción de no nulo
DETAIL:  La fila que falla contiene (8, 11, 14, 131, 2025-08-01, null, 08:00:00, 11:00:00, 180, null, 50.00, confirmado, null, null, 2025-07-01 00:10:04, 2025-07-01 00:10:04). (Connection: pgsql, SQL: insert into "reserva_servicios" ("reserva_id", "servicio_id", "emprendedor_id", "fecha_inicio", "fecha_fin", "hora_inicio", "hora_fin", "duracion_minutos", "cantidad", "precio", "estado", "notas_cliente", "notas_emprendedor", "updated_at", "created_at") values (11, 14, 131, 2025-08-01 00:00:00, ?, 08:00:00, 11:00:00, 180, ?, 50, confirmado, ?, ?, 2025-07-01 00:10:04, 2025-07-01 00:10:04) returning "id")
&#13;
D:\Ciclo7\github-project\capachica-project\turismo-backend\vendor\laravel\framework\src\Illuminate\Database\Connection.php:822
D:\Ciclo7\github-project\capachica-project\turismo-backend\vendor\laravel\framework\src\Illuminate\Database\Connection.php:776
D:\Ciclo7\github-project\capachica-project\turismo-backend\vendor\laravel\framework\src\Illuminate\Database\Connection.php:395
D:\Ciclo7\github-project\capachica-project\turismo-backend\vendor\laravel\framework\src\Illuminate\Database\Connection.php:382
D:\Ciclo7\github-project\capachica-project\turismo-backend\vendor\laravel\framework\src\Illuminate\Database\Query\Processors\PostgresProcessor.php:24
D:\Ciclo7\github-project\capachica-project\turismo-backend\vendor\laravel\framework\src\Illuminate\Database\Query\Builder.php:3769
D:\Ciclo7\github-project\capachica-project\turismo-backend\vendor\laravel\framework\src\Illuminate\Database\Eloquent\Builder.php:2208
D:\Ciclo7\github-project\capachica-project\turismo-backend\vendor\laravel\framework\src\Illuminate\Database\Eloquent\Model.php:1408
D:\Ciclo7\github-project\capachica-project\turismo-backend\vendor\laravel\framework\src\Illuminate\Database\Eloquent\Model.php:1373
D:\Ciclo7\github-project\capachica-project\turismo-backend\vendor\laravel\framework\src\Illuminate\Database\Eloquent\Model.php:1212
D:\Ciclo7\github-project\capachica-project\turismo-backend\vendor\laravel\framework\src\Illuminate\Database\Eloquent\Factories\Factory.php:351
D:\Ciclo7\github-project\capachica-project\turismo-backend\vendor\laravel\framework\src\Illuminate\Collections\Traits\EnumeratesValues.php:274
D:\Ciclo7\github-project\capachica-project\turismo-backend\vendor\laravel\framework\src\Illuminate\Database\Eloquent\Factories\Factory.php:346
D:\Ciclo7\github-project\capachica-project\turismo-backend\vendor\laravel\framework\src\Illuminate\Database\Eloquent\Factories\Factory.php:302
D:\Ciclo7\github-project\capachica-project\turismo-backend\vendor\laravel\framework\src\Illuminate\Database\Eloquent\Factories\Factory.php:296
D:\Ciclo7\github-project\capachica-project\turismo-backend\tests\Unit\Models\ReservaServicioTest.php:256</error>
        </testcase>
        <testcase name="puede_verificar_solapamiento_basico" file="D:\Ciclo7\github-project\capachica-project\turismo-backend\tests\Unit\Models\ReservaServicioTest.php" line="272" class="Tests\Unit\Models\ReservaServicioTest" classname="Tests.Unit.Models.ReservaServicioTest" assertions="1" time="0.256474"/>
        <testcase name="no_verifica_solapamiento_con_servicios_en_carrito" file="D:\Ciclo7\github-project\capachica-project\turismo-backend\tests\Unit\Models\ReservaServicioTest.php" line="299" class="Tests\Unit\Models\ReservaServicioTest" classname="Tests.Unit.Models.ReservaServicioTest" assertions="1" time="0.135163"/>
        <testcase name="puede_verificar_solapamiento_con_rangos_de_fechas" file="D:\Ciclo7\github-project\capachica-project\turismo-backend\tests\Unit\Models\ReservaServicioTest.php" line="326" class="Tests\Unit\Models\ReservaServicioTest" classname="Tests.Unit.Models.ReservaServicioTest" assertions="1" time="0.132838"/>
        <testcase name="no_detecta_solapamiento_con_fechas_diferentes" file="D:\Ciclo7\github-project\capachica-project\turismo-backend\tests\Unit\Models\ReservaServicioTest.php" line="353" class="Tests\Unit\Models\ReservaServicioTest" classname="Tests.Unit.Models.ReservaServicioTest" assertions="1" time="0.137853"/>
        <testcase name="no_detecta_solapamiento_con_horarios_diferentes" file="D:\Ciclo7\github-project\capachica-project\turismo-backend\tests\Unit\Models\ReservaServicioTest.php" line="380" class="Tests\Unit\Models\ReservaServicioTest" classname="Tests.Unit.Models.ReservaServicioTest" assertions="1" time="0.143915"/>
        <testcase name="puede_excluir_reserva_actual_al_verificar_solapamiento" file="D:\Ciclo7\github-project\capachica-project\turismo-backend\tests\Unit\Models\ReservaServicioTest.php" line="407" class="Tests\Unit\Models\ReservaServicioTest" classname="Tests.Unit.Models.ReservaServicioTest" assertions="1" time="0.153263"/>
        <testcase name="puede_actualizar_campos_individuales" file="D:\Ciclo7\github-project\capachica-project\turismo-backend\tests\Unit\Models\ReservaServicioTest.php" line="435" class="Tests\Unit\Models\ReservaServicioTest" classname="Tests.Unit.Models.ReservaServicioTest" assertions="4" time="0.147378"/>
        <testcase name="puede_eliminar_reserva_servicio" file="D:\Ciclo7\github-project\capachica-project\turismo-backend\tests\Unit\Models\ReservaServicioTest.php" line="463" class="Tests\Unit\Models\ReservaServicioTest" classname="Tests.Unit.Models.ReservaServicioTest" assertions="2" time="0.140784"/>
        <testcase name="maneja_valores_nulos_correctamente" file="D:\Ciclo7\github-project\capachica-project\turismo-backend\tests\Unit\Models\ReservaServicioTest.php" line="482" class="Tests\Unit\Models\ReservaServicioTest" classname="Tests.Unit.Models.ReservaServicioTest" assertions="0" time="0.144456">
          <error type="Illuminate\Database\QueryException">Tests\Unit\Models\ReservaServicioTest::maneja_valores_nulos_correctamente&#13;
Illuminate\Database\QueryException: SQLSTATE[23502]: Not null violation: 7 ERROR:  el valor nulo en la columna «hora_fin» de la relación «reserva_servicios» viola la restricción de no nulo
DETAIL:  La fila que falla contiene (17, 20, 23, 140, 2025-07-24, null, 09:00:00, null, 240, 2, 75.00, confirmado, null, null, 2025-07-01 00:10:05, 2025-07-01 00:10:05). (Connection: pgsql, SQL: insert into "reserva_servicios" ("reserva_id", "servicio_id", "emprendedor_id", "fecha_inicio", "fecha_fin", "hora_inicio", "hora_fin", "duracion_minutos", "cantidad", "precio", "estado", "notas_cliente", "notas_emprendedor", "updated_at", "created_at") values (20, 23, 140, 2025-07-24 00:00:00, ?, 09:00:00, ?, 240, 2, 75, confirmado, ?, ?, 2025-07-01 00:10:05, 2025-07-01 00:10:05) returning "id")
&#13;
D:\Ciclo7\github-project\capachica-project\turismo-backend\vendor\laravel\framework\src\Illuminate\Database\Connection.php:822
D:\Ciclo7\github-project\capachica-project\turismo-backend\vendor\laravel\framework\src\Illuminate\Database\Connection.php:776
D:\Ciclo7\github-project\capachica-project\turismo-backend\vendor\laravel\framework\src\Illuminate\Database\Connection.php:395
D:\Ciclo7\github-project\capachica-project\turismo-backend\vendor\laravel\framework\src\Illuminate\Database\Connection.php:382
D:\Ciclo7\github-project\capachica-project\turismo-backend\vendor\laravel\framework\src\Illuminate\Database\Query\Processors\PostgresProcessor.php:24
D:\Ciclo7\github-project\capachica-project\turismo-backend\vendor\laravel\framework\src\Illuminate\Database\Query\Builder.php:3769
D:\Ciclo7\github-project\capachica-project\turismo-backend\vendor\laravel\framework\src\Illuminate\Database\Eloquent\Builder.php:2208
D:\Ciclo7\github-project\capachica-project\turismo-backend\vendor\laravel\framework\src\Illuminate\Database\Eloquent\Model.php:1408
D:\Ciclo7\github-project\capachica-project\turismo-backend\vendor\laravel\framework\src\Illuminate\Database\Eloquent\Model.php:1373
D:\Ciclo7\github-project\capachica-project\turismo-backend\vendor\laravel\framework\src\Illuminate\Database\Eloquent\Model.php:1212
D:\Ciclo7\github-project\capachica-project\turismo-backend\vendor\laravel\framework\src\Illuminate\Database\Eloquent\Factories\Factory.php:351
D:\Ciclo7\github-project\capachica-project\turismo-backend\vendor\laravel\framework\src\Illuminate\Collections\Traits\EnumeratesValues.php:274
D:\Ciclo7\github-project\capachica-project\turismo-backend\vendor\laravel\framework\src\Illuminate\Database\Eloquent\Factories\Factory.php:346
D:\Ciclo7\github-project\capachica-project\turismo-backend\vendor\laravel\framework\src\Illuminate\Database\Eloquent\Factories\Factory.php:302
D:\Ciclo7\github-project\capachica-project\turismo-backend\vendor\laravel\framework\src\Illuminate\Database\Eloquent\Factories\Factory.php:296
D:\Ciclo7\github-project\capachica-project\turismo-backend\tests\Unit\Models\ReservaServicioTest.php:485</error>
        </testcase>
        <testcase name="created_at_y_updated_at_se_establecen_automaticamente" file="D:\Ciclo7\github-project\capachica-project\turismo-backend\tests\Unit\Models\ReservaServicioTest.php" line="503" class="Tests\Unit\Models\ReservaServicioTest" classname="Tests.Unit.Models.ReservaServicioTest" assertions="4" time="0.139136"/>
        <testcase name="puede_convertir_a_array" file="D:\Ciclo7\github-project\capachica-project\turismo-backend\tests\Unit\Models\ReservaServicioTest.php" line="520" class="Tests\Unit\Models\ReservaServicioTest" classname="Tests.Unit.Models.ReservaServicioTest" assertions="11" time="0.142555"/>
        <testcase name="puede_convertir_a_json" file="D:\Ciclo7\github-project\capachica-project\turismo-backend\tests\Unit\Models\ReservaServicioTest.php" line="547" class="Tests\Unit\Models\ReservaServicioTest" classname="Tests.Unit.Models.ReservaServicioTest" assertions="5" time="0.144251"/>
        <testcase name="puede_cargar_relaciones_eager" file="D:\Ciclo7\github-project\capachica-project\turismo-backend\tests\Unit\Models\ReservaServicioTest.php" line="569" class="Tests\Unit\Models\ReservaServicioTest" classname="Tests.Unit.Models.ReservaServicioTest" assertions="6" time="0.140543"/>
        <testcase name="puede_filtrar_por_estado" file="D:\Ciclo7\github-project\capachica-project\turismo-backend\tests\Unit\Models\ReservaServicioTest.php" line="592" class="Tests\Unit\Models\ReservaServicioTest" classname="Tests.Unit.Models.ReservaServicioTest" assertions="7" time="0.146937"/>
        <testcase name="puede_filtrar_por_fechas" file="D:\Ciclo7\github-project\capachica-project\turismo-backend\tests\Unit\Models\ReservaServicioTest.php" line="625" class="Tests\Unit\Models\ReservaServicioTest" classname="Tests.Unit.Models.ReservaServicioTest" assertions="2" time="0.275223"/>
        <testcase name="puede_ordenar_por_fecha_y_hora" file="D:\Ciclo7\github-project\capachica-project\turismo-backend\tests\Unit\Models\ReservaServicioTest.php" line="655" class="Tests\Unit\Models\ReservaServicioTest" classname="Tests.Unit.Models.ReservaServicioTest" assertions="3" time="0.160766"/>
        <testcase name="primary_key_es_id_por_defecto" file="D:\Ciclo7\github-project\capachica-project\turismo-backend\tests\Unit\Models\ReservaServicioTest.php" line="694" class="Tests\Unit\Models\ReservaServicioTest" classname="Tests.Unit.Models.ReservaServicioTest" assertions="1" time="0.132005"/>
        <testcase name="timestamps_estan_habilitados" file="D:\Ciclo7\github-project\capachica-project\turismo-backend\tests\Unit\Models\ReservaServicioTest.php" line="707" class="Tests\Unit\Models\ReservaServicioTest" classname="Tests.Unit.Models.ReservaServicioTest" assertions="1" time="0.132590"/>
        <testcase name="puede_manejar_servicios_de_un_dia_completo" file="D:\Ciclo7\github-project\capachica-project\turismo-backend\tests\Unit\Models\ReservaServicioTest.php" line="720" class="Tests\Unit\Models\ReservaServicioTest" classname="Tests.Unit.Models.ReservaServicioTest" assertions="4" time="0.127676"/>
        <testcase name="puede_manejar_servicios_de_multiples_dias" file="D:\Ciclo7\github-project\capachica-project\turismo-backend\tests\Unit\Models\ReservaServicioTest.php" line="737" class="Tests\Unit\Models\ReservaServicioTest" classname="Tests.Unit.Models.ReservaServicioTest" assertions="4" time="0.140223"/>
      </testsuite>
      <testsuite name="Tests\Unit\Models\ReservaTest" file="D:\Ciclo7\github-project\capachica-project\turismo-backend\tests\Unit\Models\ReservaTest.php" tests="28" assertions="85" errors="2" failures="3" skipped="0" time="4.306566">
        <testcase name="puede_crear_reserva_con_datos_validos" file="D:\Ciclo7\github-project\capachica-project\turismo-backend\tests\Unit\Models\ReservaTest.php" line="40" class="Tests\Unit\Models\ReservaTest" classname="Tests.Unit.Models.ReservaTest" assertions="6" time="0.290463"/>
        <testcase name="fillable_permite_campos_correctos" file="D:\Ciclo7\github-project\capachica-project\turismo-backend\tests\Unit\Models\ReservaTest.php" line="68" class="Tests\Unit\Models\ReservaTest" classname="Tests.Unit.Models.ReservaTest" assertions="5" time="0.128084"/>
        <testcase name="constantes_de_estado_estan_definidas" file="D:\Ciclo7\github-project\capachica-project\turismo-backend\tests\Unit\Models\ReservaTest.php" line="92" class="Tests\Unit\Models\ReservaTest" classname="Tests.Unit.Models.ReservaTest" assertions="5" time="0.116731"/>
        <testcase name="relacion_usuario_funciona_correctamente" file="D:\Ciclo7\github-project\capachica-project\turismo-backend\tests\Unit\Models\ReservaTest.php" line="103" class="Tests\Unit\Models\ReservaTest" classname="Tests.Unit.Models.ReservaTest" assertions="4" time="0.129404"/>
        <testcase name="relacion_servicios_funciona_correctamente" file="D:\Ciclo7\github-project\capachica-project\turismo-backend\tests\Unit\Models\ReservaTest.php" line="119" class="Tests\Unit\Models\ReservaTest" classname="Tests.Unit.Models.ReservaTest" assertions="4" time="0.146460"/>
        <testcase name="puede_generar_codigo_reserva_unico" file="D:\Ciclo7\github-project\capachica-project\turismo-backend\tests\Unit\Models\ReservaTest.php" line="143" class="Tests\Unit\Models\ReservaTest" classname="Tests.Unit.Models.ReservaTest" assertions="7" time="0.128136"/>
        <testcase name="codigo_reserva_no_se_repite" file="D:\Ciclo7\github-project\capachica-project\turismo-backend\tests\Unit\Models\ReservaTest.php" line="165" class="Tests\Unit\Models\ReservaTest" classname="Tests.Unit.Models.ReservaTest" assertions="2" time="0.131811"/>
        <testcase name="atributo_total_servicios_calcula_correctamente" file="D:\Ciclo7\github-project\capachica-project\turismo-backend\tests\Unit\Models\ReservaTest.php" line="186" class="Tests\Unit\Models\ReservaTest" classname="Tests.Unit.Models.ReservaTest" assertions="1" time="0.148821"/>
        <testcase name="atributo_fecha_inicio_obtiene_primer_servicio" file="D:\Ciclo7\github-project\capachica-project\turismo-backend\tests\Unit\Models\ReservaTest.php" line="205" class="Tests\Unit\Models\ReservaTest" classname="Tests.Unit.Models.ReservaTest" assertions="1" time="0.156535">
          <failure type="PHPUnit\Framework\ExpectationFailedException">Tests\Unit\Models\ReservaTest::atributo_fecha_inicio_obtiene_primer_servicio&#13;
Failed asserting that two strings are equal.
--- Expected
+++ Actual
@@ @@
-'2024-08-15'
+'2024-08-15 00:00:00'
&#13;
D:\Ciclo7\github-project\capachica-project\turismo-backend\tests\Unit\Models\ReservaTest.php:228</failure>
        </testcase>
        <testcase name="atributo_fecha_fin_obtiene_ultimo_servicio" file="D:\Ciclo7\github-project\capachica-project\turismo-backend\tests\Unit\Models\ReservaTest.php" line="232" class="Tests\Unit\Models\ReservaTest" classname="Tests.Unit.Models.ReservaTest" assertions="1" time="0.138189">
          <failure type="PHPUnit\Framework\ExpectationFailedException">Tests\Unit\Models\ReservaTest::atributo_fecha_fin_obtiene_ultimo_servicio&#13;
Failed asserting that two strings are equal.
--- Expected
+++ Actual
@@ @@
-'2024-08-25'
+'2024-08-25 00:00:00'
&#13;
D:\Ciclo7\github-project\capachica-project\turismo-backend\tests\Unit\Models\ReservaTest.php:257</failure>
        </testcase>
        <testcase name="atributo_fecha_fin_usa_fecha_inicio_si_no_hay_fecha_fin" file="D:\Ciclo7\github-project\capachica-project\turismo-backend\tests\Unit\Models\ReservaTest.php" line="261" class="Tests\Unit\Models\ReservaTest" classname="Tests.Unit.Models.ReservaTest" assertions="1" time="0.242281">
          <failure type="PHPUnit\Framework\ExpectationFailedException">Tests\Unit\Models\ReservaTest::atributo_fecha_fin_usa_fecha_inicio_si_no_hay_fecha_fin&#13;
Failed asserting that two strings are equal.
--- Expected
+++ Actual
@@ @@
-'2024-08-15'
+'2024-08-15 00:00:00'
&#13;
D:\Ciclo7\github-project\capachica-project\turismo-backend\tests\Unit\Models\ReservaTest.php:278</failure>
        </testcase>
        <testcase name="atributo_precio_total_calcula_correctamente" file="D:\Ciclo7\github-project\capachica-project\turismo-backend\tests\Unit\Models\ReservaTest.php" line="282" class="Tests\Unit\Models\ReservaTest" classname="Tests.Unit.Models.ReservaTest" assertions="1" time="0.145620"/>
        <testcase name="atributo_precio_total_maneja_valores_nulos" file="D:\Ciclo7\github-project\capachica-project\turismo-backend\tests\Unit\Models\ReservaTest.php" line="311" class="Tests\Unit\Models\ReservaTest" classname="Tests.Unit.Models.ReservaTest" assertions="0" time="0.148667">
          <error type="Illuminate\Database\QueryException">Tests\Unit\Models\ReservaTest::atributo_precio_total_maneja_valores_nulos&#13;
Illuminate\Database\QueryException: SQLSTATE[23502]: Not null violation: 7 ERROR:  el valor nulo en la columna «cantidad» de la relación «reserva_servicios» viola la restricción de no nulo
DETAIL:  La fila que falla contiene (52, 41, 47, 164, 2025-08-24, null, 15:00:00, 21:00:00, 360, null, 50.00, pendiente, null, null, 2025-07-01 00:10:09, 2025-07-01 00:10:09). (Connection: pgsql, SQL: insert into "reserva_servicios" ("reserva_id", "servicio_id", "emprendedor_id", "fecha_inicio", "fecha_fin", "hora_inicio", "hora_fin", "duracion_minutos", "cantidad", "precio", "estado", "notas_cliente", "notas_emprendedor", "updated_at", "created_at") values (41, 47, 164, 2025-08-24 00:00:00, ?, 15:00:00, 21:00:00, 360, ?, 50, pendiente, ?, ?, 2025-07-01 00:10:09, 2025-07-01 00:10:09) returning "id")
&#13;
D:\Ciclo7\github-project\capachica-project\turismo-backend\vendor\laravel\framework\src\Illuminate\Database\Connection.php:822
D:\Ciclo7\github-project\capachica-project\turismo-backend\vendor\laravel\framework\src\Illuminate\Database\Connection.php:776
D:\Ciclo7\github-project\capachica-project\turismo-backend\vendor\laravel\framework\src\Illuminate\Database\Connection.php:395
D:\Ciclo7\github-project\capachica-project\turismo-backend\vendor\laravel\framework\src\Illuminate\Database\Connection.php:382
D:\Ciclo7\github-project\capachica-project\turismo-backend\vendor\laravel\framework\src\Illuminate\Database\Query\Processors\PostgresProcessor.php:24
D:\Ciclo7\github-project\capachica-project\turismo-backend\vendor\laravel\framework\src\Illuminate\Database\Query\Builder.php:3769
D:\Ciclo7\github-project\capachica-project\turismo-backend\vendor\laravel\framework\src\Illuminate\Database\Eloquent\Builder.php:2208
D:\Ciclo7\github-project\capachica-project\turismo-backend\vendor\laravel\framework\src\Illuminate\Database\Eloquent\Model.php:1408
D:\Ciclo7\github-project\capachica-project\turismo-backend\vendor\laravel\framework\src\Illuminate\Database\Eloquent\Model.php:1373
D:\Ciclo7\github-project\capachica-project\turismo-backend\vendor\laravel\framework\src\Illuminate\Database\Eloquent\Model.php:1212
D:\Ciclo7\github-project\capachica-project\turismo-backend\vendor\laravel\framework\src\Illuminate\Database\Eloquent\Factories\Factory.php:351
D:\Ciclo7\github-project\capachica-project\turismo-backend\vendor\laravel\framework\src\Illuminate\Collections\Traits\EnumeratesValues.php:274
D:\Ciclo7\github-project\capachica-project\turismo-backend\vendor\laravel\framework\src\Illuminate\Database\Eloquent\Factories\Factory.php:346
D:\Ciclo7\github-project\capachica-project\turismo-backend\vendor\laravel\framework\src\Illuminate\Database\Eloquent\Factories\Factory.php:302
D:\Ciclo7\github-project\capachica-project\turismo-backend\vendor\laravel\framework\src\Illuminate\Database\Eloquent\Factories\Factory.php:296
D:\Ciclo7\github-project\capachica-project\turismo-backend\tests\Unit\Models\ReservaTest.php:324</error>
        </testcase>
        <testcase name="puede_actualizar_campos_individuales" file="D:\Ciclo7\github-project\capachica-project\turismo-backend\tests\Unit\Models\ReservaTest.php" line="340" class="Tests\Unit\Models\ReservaTest" classname="Tests.Unit.Models.ReservaTest" assertions="2" time="0.137430"/>
        <testcase name="puede_eliminar_reserva" file="D:\Ciclo7\github-project\capachica-project\turismo-backend\tests\Unit\Models\ReservaTest.php" line="361" class="Tests\Unit\Models\ReservaTest" classname="Tests.Unit.Models.ReservaTest" assertions="2" time="0.237721"/>
        <testcase name="maneja_valores_nulos_correctamente" file="D:\Ciclo7\github-project\capachica-project\turismo-backend\tests\Unit\Models\ReservaTest.php" line="376" class="Tests\Unit\Models\ReservaTest" classname="Tests.Unit.Models.ReservaTest" assertions="0" time="0.132335">
          <error type="Illuminate\Database\QueryException">Tests\Unit\Models\ReservaTest::maneja_valores_nulos_correctamente&#13;
Illuminate\Database\QueryException: SQLSTATE[23502]: Not null violation: 7 ERROR:  el valor nulo en la columna «codigo_reserva» de la relación «reservas» viola la restricción de no nulo
DETAIL:  La fila que falla contiene (44, 166, null, confirmada, null, 2025-07-01 00:10:09, 2025-07-01 00:10:09). (Connection: pgsql, SQL: insert into "reservas" ("usuario_id", "codigo_reserva", "estado", "notas", "updated_at", "created_at") values (166, ?, confirmada, ?, 2025-07-01 00:10:09, 2025-07-01 00:10:09) returning "id")
&#13;
D:\Ciclo7\github-project\capachica-project\turismo-backend\vendor\laravel\framework\src\Illuminate\Database\Connection.php:822
D:\Ciclo7\github-project\capachica-project\turismo-backend\vendor\laravel\framework\src\Illuminate\Database\Connection.php:776
D:\Ciclo7\github-project\capachica-project\turismo-backend\vendor\laravel\framework\src\Illuminate\Database\Connection.php:395
D:\Ciclo7\github-project\capachica-project\turismo-backend\vendor\laravel\framework\src\Illuminate\Database\Connection.php:382
D:\Ciclo7\github-project\capachica-project\turismo-backend\vendor\laravel\framework\src\Illuminate\Database\Query\Processors\PostgresProcessor.php:24
D:\Ciclo7\github-project\capachica-project\turismo-backend\vendor\laravel\framework\src\Illuminate\Database\Query\Builder.php:3769
D:\Ciclo7\github-project\capachica-project\turismo-backend\vendor\laravel\framework\src\Illuminate\Database\Eloquent\Builder.php:2208
D:\Ciclo7\github-project\capachica-project\turismo-backend\vendor\laravel\framework\src\Illuminate\Database\Eloquent\Model.php:1408
D:\Ciclo7\github-project\capachica-project\turismo-backend\vendor\laravel\framework\src\Illuminate\Database\Eloquent\Model.php:1373
D:\Ciclo7\github-project\capachica-project\turismo-backend\vendor\laravel\framework\src\Illuminate\Database\Eloquent\Model.php:1212
D:\Ciclo7\github-project\capachica-project\turismo-backend\vendor\laravel\framework\src\Illuminate\Database\Eloquent\Factories\Factory.php:351
D:\Ciclo7\github-project\capachica-project\turismo-backend\vendor\laravel\framework\src\Illuminate\Collections\Traits\EnumeratesValues.php:274
D:\Ciclo7\github-project\capachica-project\turismo-backend\vendor\laravel\framework\src\Illuminate\Database\Eloquent\Factories\Factory.php:346
D:\Ciclo7\github-project\capachica-project\turismo-backend\vendor\laravel\framework\src\Illuminate\Database\Eloquent\Factories\Factory.php:302
D:\Ciclo7\github-project\capachica-project\turismo-backend\vendor\laravel\framework\src\Illuminate\Database\Eloquent\Factories\Factory.php:296
D:\Ciclo7\github-project\capachica-project\turismo-backend\tests\Unit\Models\ReservaTest.php:379</error>
        </testcase>
        <testcase name="created_at_y_updated_at_se_establecen_automaticamente" file="D:\Ciclo7\github-project\capachica-project\turismo-backend\tests\Unit\Models\ReservaTest.php" line="393" class="Tests\Unit\Models\ReservaTest" classname="Tests.Unit.Models.ReservaTest" assertions="4" time="0.226842"/>
        <testcase name="puede_convertir_a_array" file="D:\Ciclo7\github-project\capachica-project\turismo-backend\tests\Unit\Models\ReservaTest.php" line="406" class="Tests\Unit\Models\ReservaTest" classname="Tests.Unit.Models.ReservaTest" assertions="8" time="0.128471"/>
        <testcase name="puede_convertir_a_json" file="D:\Ciclo7\github-project\capachica-project\turismo-backend\tests\Unit\Models\ReservaTest.php" line="426" class="Tests\Unit\Models\ReservaTest" classname="Tests.Unit.Models.ReservaTest" assertions="5" time="0.125245"/>
        <testcase name="tabla_correcta_es_utilizada" file="D:\Ciclo7\github-project\capachica-project\turismo-backend\tests\Unit\Models\ReservaTest.php" line="444" class="Tests\Unit\Models\ReservaTest" classname="Tests.Unit.Models.ReservaTest" assertions="1" time="0.125238"/>
        <testcase name="primary_key_es_id_por_defecto" file="D:\Ciclo7\github-project\capachica-project\turismo-backend\tests\Unit\Models\ReservaTest.php" line="457" class="Tests\Unit\Models\ReservaTest" classname="Tests.Unit.Models.ReservaTest" assertions="1" time="0.223740"/>
        <testcase name="timestamps_estan_habilitados" file="D:\Ciclo7\github-project\capachica-project\turismo-backend\tests\Unit\Models\ReservaTest.php" line="470" class="Tests\Unit\Models\ReservaTest" classname="Tests.Unit.Models.ReservaTest" assertions="1" time="0.112584"/>
        <testcase name="puede_cargar_relaciones_eager" file="D:\Ciclo7\github-project\capachica-project\turismo-backend\tests\Unit\Models\ReservaTest.php" line="483" class="Tests\Unit\Models\ReservaTest" classname="Tests.Unit.Models.ReservaTest" assertions="4" time="0.136939"/>
        <testcase name="puede_filtrar_por_estado" file="D:\Ciclo7\github-project\capachica-project\turismo-backend\tests\Unit\Models\ReservaTest.php" line="504" class="Tests\Unit\Models\ReservaTest" classname="Tests.Unit.Models.ReservaTest" assertions="4" time="0.144170"/>
        <testcase name="puede_filtrar_por_usuario" file="D:\Ciclo7\github-project\capachica-project\turismo-backend\tests\Unit\Models\ReservaTest.php" line="524" class="Tests\Unit\Models\ReservaTest" classname="Tests.Unit.Models.ReservaTest" assertions="5" time="0.146390"/>
        <testcase name="puede_buscar_por_codigo_reserva" file="D:\Ciclo7\github-project\capachica-project\turismo-backend\tests\Unit\Models\ReservaTest.php" line="546" class="Tests\Unit\Models\ReservaTest" classname="Tests.Unit.Models.ReservaTest" assertions="3" time="0.124448"/>
        <testcase name="atributos_calculados_manejan_reserva_sin_servicios" file="D:\Ciclo7\github-project\capachica-project\turismo-backend\tests\Unit\Models\ReservaTest.php" line="565" class="Tests\Unit\Models\ReservaTest" classname="Tests.Unit.Models.ReservaTest" assertions="4" time="0.124008"/>
        <testcase name="puede_ordenar_por_fecha_creacion" file="D:\Ciclo7\github-project\capachica-project\turismo-backend\tests\Unit\Models\ReservaTest.php" line="578" class="Tests\Unit\Models\ReservaTest" classname="Tests.Unit.Models.ReservaTest" assertions="3" time="0.129805"/>
      </testsuite>
      <testsuite name="Tests\Unit\Models\ServicioTest" file="D:\Ciclo7\github-project\capachica-project\turismo-backend\tests\Unit\Models\ServicioTest.php" tests="24" assertions="72" errors="0" failures="2" skipped="0" time="3.069461">
        <testcase name="puede_crear_servicio_con_datos_validos" file="D:\Ciclo7\github-project\capachica-project\turismo-backend\tests\Unit\Models\ServicioTest.php" line="36" class="Tests\Unit\Models\ServicioTest" classname="Tests.Unit.Models.ServicioTest" assertions="5" time="0.160367"/>
        <testcase name="fillable_permite_campos_correctos" file="D:\Ciclo7\github-project\capachica-project\turismo-backend\tests\Unit\Models\ServicioTest.php" line="63" class="Tests\Unit\Models\ServicioTest" classname="Tests.Unit.Models.ServicioTest" assertions="4" time="0.220843"/>
        <testcase name="casts_convierte_tipos_correctamente" file="D:\Ciclo7\github-project\capachica-project\turismo-backend\tests\Unit\Models\ServicioTest.php" line="91" class="Tests\Unit\Models\ServicioTest" classname="Tests.Unit.Models.ServicioTest" assertions="1" time="0.117117">
          <failure type="PHPUnit\Framework\ExpectationFailedException">Tests\Unit\Models\ServicioTest::casts_convierte_tipos_correctamente&#13;
Failed asserting that '45.50' is of type float.
&#13;
D:\Ciclo7\github-project\capachica-project\turismo-backend\tests\Unit\Models\ServicioTest.php:103</failure>
        </testcase>
        <testcase name="relacion_emprendedor_funciona_correctamente" file="D:\Ciclo7\github-project\capachica-project\turismo-backend\tests\Unit\Models\ServicioTest.php" line="116" class="Tests\Unit\Models\ServicioTest" classname="Tests.Unit.Models.ServicioTest" assertions="3" time="0.107736"/>
        <testcase name="relacion_categorias_funciona_correctamente" file="D:\Ciclo7\github-project\capachica-project\turismo-backend\tests\Unit\Models\ServicioTest.php" line="133" class="Tests\Unit\Models\ServicioTest" classname="Tests.Unit.Models.ServicioTest" assertions="4" time="0.123372"/>
        <testcase name="relacion_categorias_incluye_timestamps" file="D:\Ciclo7\github-project\capachica-project\turismo-backend\tests\Unit\Models\ServicioTest.php" line="158" class="Tests\Unit\Models\ServicioTest" classname="Tests.Unit.Models.ServicioTest" assertions="2" time="0.117927"/>
        <testcase name="relacion_horarios_existe_y_funciona" file="D:\Ciclo7\github-project\capachica-project\turismo-backend\tests\Unit\Models\ServicioTest.php" line="176" class="Tests\Unit\Models\ServicioTest" classname="Tests.Unit.Models.ServicioTest" assertions="2" time="0.117411"/>
        <testcase name="relacion_reservas_existe_y_funciona" file="D:\Ciclo7\github-project\capachica-project\turismo-backend\tests\Unit\Models\ServicioTest.php" line="192" class="Tests\Unit\Models\ServicioTest" classname="Tests.Unit.Models.ServicioTest" assertions="2" time="0.106960"/>
        <testcase name="relacion_sliders_existe_y_funciona" file="D:\Ciclo7\github-project\capachica-project\turismo-backend\tests\Unit\Models\ServicioTest.php" line="208" class="Tests\Unit\Models\ServicioTest" classname="Tests.Unit.Models.ServicioTest" assertions="2" time="0.112787"/>
        <testcase name="tabla_correcta_es_utilizada" file="D:\Ciclo7\github-project\capachica-project\turismo-backend\tests\Unit\Models\ServicioTest.php" line="224" class="Tests\Unit\Models\ServicioTest" classname="Tests.Unit.Models.ServicioTest" assertions="1" time="0.108245"/>
        <testcase name="primary_key_es_id_por_defecto" file="D:\Ciclo7\github-project\capachica-project\turismo-backend\tests\Unit\Models\ServicioTest.php" line="237" class="Tests\Unit\Models\ServicioTest" classname="Tests.Unit.Models.ServicioTest" assertions="1" time="0.098490"/>
        <testcase name="timestamps_estan_habilitados" file="D:\Ciclo7\github-project\capachica-project\turismo-backend\tests\Unit\Models\ServicioTest.php" line="250" class="Tests\Unit\Models\ServicioTest" classname="Tests.Unit.Models.ServicioTest" assertions="1" time="0.100472"/>
        <testcase name="puede_actualizar_campos_individuales" file="D:\Ciclo7\github-project\capachica-project\turismo-backend\tests\Unit\Models\ServicioTest.php" line="263" class="Tests\Unit\Models\ServicioTest" classname="Tests.Unit.Models.ServicioTest" assertions="2" time="0.221822"/>
        <testcase name="puede_eliminar_servicio" file="D:\Ciclo7\github-project\capachica-project\turismo-backend\tests\Unit\Models\ServicioTest.php" line="284" class="Tests\Unit\Models\ServicioTest" classname="Tests.Unit.Models.ServicioTest" assertions="2" time="0.118247"/>
        <testcase name="puede_asociar_y_desasociar_categorias" file="D:\Ciclo7\github-project\capachica-project\turismo-backend\tests\Unit\Models\ServicioTest.php" line="301" class="Tests\Unit\Models\ServicioTest" classname="Tests.Unit.Models.ServicioTest" assertions="4" time="0.128681"/>
        <testcase name="puede_sincronizar_categorias" file="D:\Ciclo7\github-project\capachica-project\turismo-backend\tests\Unit\Models\ServicioTest.php" line="327" class="Tests\Unit\Models\ServicioTest" classname="Tests.Unit.Models.ServicioTest" assertions="6" time="0.134873"/>
        <testcase name="maneja_valores_nulos_correctamente" file="D:\Ciclo7\github-project\capachica-project\turismo-backend\tests\Unit\Models\ServicioTest.php" line="354" class="Tests\Unit\Models\ServicioTest" classname="Tests.Unit.Models.ServicioTest" assertions="4" time="0.106411"/>
        <testcase name="created_at_y_updated_at_se_establecen_automaticamente" file="D:\Ciclo7\github-project\capachica-project\turismo-backend\tests\Unit\Models\ServicioTest.php" line="373" class="Tests\Unit\Models\ServicioTest" classname="Tests.Unit.Models.ServicioTest" assertions="4" time="0.105216"/>
        <testcase name="precio_referencial_se_almacena_con_precision_decimal" file="D:\Ciclo7\github-project\capachica-project\turismo-backend\tests\Unit\Models\ServicioTest.php" line="388" class="Tests\Unit\Models\ServicioTest" classname="Tests.Unit.Models.ServicioTest" assertions="1" time="0.108414"/>
        <testcase name="estado_se_almacena_como_boolean" file="D:\Ciclo7\github-project\capachica-project\turismo-backend\tests\Unit\Models\ServicioTest.php" line="401" class="Tests\Unit\Models\ServicioTest" classname="Tests.Unit.Models.ServicioTest" assertions="4" time="0.111631"/>
        <testcase name="coordenadas_se_almacenan_con_precision_correcta" file="D:\Ciclo7\github-project\capachica-project\turismo-backend\tests\Unit\Models\ServicioTest.php" line="422" class="Tests\Unit\Models\ServicioTest" classname="Tests.Unit.Models.ServicioTest" assertions="1" time="0.105057">
          <failure type="PHPUnit\Framework\ExpectationFailedException">Tests\Unit\Models\ServicioTest::coordenadas_se_almacenan_con_precision_correcta&#13;
Failed asserting that '-15.8422123' is of type float.
&#13;
D:\Ciclo7\github-project\capachica-project\turismo-backend\tests\Unit\Models\ServicioTest.php:432</failure>
        </testcase>
        <testcase name="puede_convertir_a_array" file="D:\Ciclo7\github-project\capachica-project\turismo-backend\tests\Unit\Models\ServicioTest.php" line="440" class="Tests\Unit\Models\ServicioTest" classname="Tests.Unit.Models.ServicioTest" assertions="9" time="0.113978"/>
        <testcase name="puede_convertir_a_json" file="D:\Ciclo7\github-project\capachica-project\turismo-backend\tests\Unit\Models\ServicioTest.php" line="463" class="Tests\Unit\Models\ServicioTest" classname="Tests.Unit.Models.ServicioTest" assertions="5" time="0.208656"/>
        <testcase name="capacidad_es_entero_positivo" file="D:\Ciclo7\github-project\capachica-project\turismo-backend\tests\Unit\Models\ServicioTest.php" line="483" class="Tests\Unit\Models\ServicioTest" classname="Tests.Unit.Models.ServicioTest" assertions="2" time="0.114750"/>
      </testsuite>
      <testsuite name="Tests\Unit\Models\SliderTest" file="D:\Ciclo7\github-project\capachica-project\turismo-backend\tests\Unit\Models\SliderTest.php" tests="15" assertions="4" errors="13" failures="0" skipped="0" time="1.905172">
        <testcase name="slider_can_be_created_with_factory" file="D:\Ciclo7\github-project\capachica-project\turismo-backend\tests\Unit\Models\SliderTest.php" line="27" class="Tests\Unit\Models\SliderTest" classname="Tests.Unit.Models.SliderTest" assertions="0" time="0.243247">
          <error type="Illuminate\Database\QueryException">Tests\Unit\Models\SliderTest::slider_can_be_created_with_factory&#13;
Illuminate\Database\QueryException: SQLSTATE[23502]: Not null violation: 7 ERROR:  el valor nulo en la columna «tipo_entidad» de la relación «sliders» viola la restricción de no nulo
DETAIL:  La fila que falla contiene (1, https://via.placeholder.com/1200x600.png/00aa11?text=nature+dolo..., Est harum ipsa eligendi., f, null, null, 8, t, 2025-07-01 00:10:14, 2025-07-01 00:10:14). (Connection: pgsql, SQL: insert into "sliders" ("url", "nombre", "es_principal", "tipo_entidad", "entidad_id", "orden", "activo", "updated_at", "created_at") values (https://via.placeholder.com/1200x600.png/00aa11?text=nature+dolorem, Est harum ipsa eligendi., 0, ?, ?, 8, 1, 2025-07-01 00:10:14, 2025-07-01 00:10:14) returning "id")
&#13;
D:\Ciclo7\github-project\capachica-project\turismo-backend\vendor\laravel\framework\src\Illuminate\Database\Connection.php:822
D:\Ciclo7\github-project\capachica-project\turismo-backend\vendor\laravel\framework\src\Illuminate\Database\Connection.php:776
D:\Ciclo7\github-project\capachica-project\turismo-backend\vendor\laravel\framework\src\Illuminate\Database\Connection.php:395
D:\Ciclo7\github-project\capachica-project\turismo-backend\vendor\laravel\framework\src\Illuminate\Database\Connection.php:382
D:\Ciclo7\github-project\capachica-project\turismo-backend\vendor\laravel\framework\src\Illuminate\Database\Query\Processors\PostgresProcessor.php:24
D:\Ciclo7\github-project\capachica-project\turismo-backend\vendor\laravel\framework\src\Illuminate\Database\Query\Builder.php:3769
D:\Ciclo7\github-project\capachica-project\turismo-backend\vendor\laravel\framework\src\Illuminate\Database\Eloquent\Builder.php:2208
D:\Ciclo7\github-project\capachica-project\turismo-backend\vendor\laravel\framework\src\Illuminate\Database\Eloquent\Model.php:1408
D:\Ciclo7\github-project\capachica-project\turismo-backend\vendor\laravel\framework\src\Illuminate\Database\Eloquent\Model.php:1373
D:\Ciclo7\github-project\capachica-project\turismo-backend\vendor\laravel\framework\src\Illuminate\Database\Eloquent\Model.php:1212
D:\Ciclo7\github-project\capachica-project\turismo-backend\vendor\laravel\framework\src\Illuminate\Database\Eloquent\Factories\Factory.php:351
D:\Ciclo7\github-project\capachica-project\turismo-backend\vendor\laravel\framework\src\Illuminate\Collections\Traits\EnumeratesValues.php:274
D:\Ciclo7\github-project\capachica-project\turismo-backend\vendor\laravel\framework\src\Illuminate\Database\Eloquent\Factories\Factory.php:346
D:\Ciclo7\github-project\capachica-project\turismo-backend\vendor\laravel\framework\src\Illuminate\Database\Eloquent\Factories\Factory.php:302
D:\Ciclo7\github-project\capachica-project\turismo-backend\tests\Unit\Models\SliderTest.php:29</error>
        </testcase>
        <testcase name="slider_has_fillable_attributes" file="D:\Ciclo7\github-project\capachica-project\turismo-backend\tests\Unit\Models\SliderTest.php" line="39" class="Tests\Unit\Models\SliderTest" classname="Tests.Unit.Models.SliderTest" assertions="1" time="0.084718"/>
        <testcase name="slider_casts_boolean_attributes" file="D:\Ciclo7\github-project\capachica-project\turismo-backend\tests\Unit\Models\SliderTest.php" line="52" class="Tests\Unit\Models\SliderTest" classname="Tests.Unit.Models.SliderTest" assertions="0" time="0.090402">
          <error type="Illuminate\Database\QueryException">Tests\Unit\Models\SliderTest::slider_casts_boolean_attributes&#13;
Illuminate\Database\QueryException: SQLSTATE[23502]: Not null violation: 7 ERROR:  el valor nulo en la columna «tipo_entidad» de la relación «sliders» viola la restricción de no nulo
DETAIL:  La fila que falla contiene (2, https://via.placeholder.com/1200x600.png/006622?text=nature+dolo..., Ea sed quo nisi., t, null, null, 6, t, 2025-07-01 00:10:15, 2025-07-01 00:10:15). (Connection: pgsql, SQL: insert into "sliders" ("url", "nombre", "es_principal", "tipo_entidad", "entidad_id", "orden", "activo", "updated_at", "created_at") values (https://via.placeholder.com/1200x600.png/006622?text=nature+dolorem, Ea sed quo nisi., 1, ?, ?, 6, 1, 2025-07-01 00:10:15, 2025-07-01 00:10:15) returning "id")
&#13;
D:\Ciclo7\github-project\capachica-project\turismo-backend\vendor\laravel\framework\src\Illuminate\Database\Connection.php:822
D:\Ciclo7\github-project\capachica-project\turismo-backend\vendor\laravel\framework\src\Illuminate\Database\Connection.php:776
D:\Ciclo7\github-project\capachica-project\turismo-backend\vendor\laravel\framework\src\Illuminate\Database\Connection.php:395
D:\Ciclo7\github-project\capachica-project\turismo-backend\vendor\laravel\framework\src\Illuminate\Database\Connection.php:382
D:\Ciclo7\github-project\capachica-project\turismo-backend\vendor\laravel\framework\src\Illuminate\Database\Query\Processors\PostgresProcessor.php:24
D:\Ciclo7\github-project\capachica-project\turismo-backend\vendor\laravel\framework\src\Illuminate\Database\Query\Builder.php:3769
D:\Ciclo7\github-project\capachica-project\turismo-backend\vendor\laravel\framework\src\Illuminate\Database\Eloquent\Builder.php:2208
D:\Ciclo7\github-project\capachica-project\turismo-backend\vendor\laravel\framework\src\Illuminate\Database\Eloquent\Model.php:1408
D:\Ciclo7\github-project\capachica-project\turismo-backend\vendor\laravel\framework\src\Illuminate\Database\Eloquent\Model.php:1373
D:\Ciclo7\github-project\capachica-project\turismo-backend\vendor\laravel\framework\src\Illuminate\Database\Eloquent\Model.php:1212
D:\Ciclo7\github-project\capachica-project\turismo-backend\vendor\laravel\framework\src\Illuminate\Database\Eloquent\Factories\Factory.php:351
D:\Ciclo7\github-project\capachica-project\turismo-backend\vendor\laravel\framework\src\Illuminate\Collections\Traits\EnumeratesValues.php:274
D:\Ciclo7\github-project\capachica-project\turismo-backend\vendor\laravel\framework\src\Illuminate\Database\Eloquent\Factories\Factory.php:346
D:\Ciclo7\github-project\capachica-project\turismo-backend\vendor\laravel\framework\src\Illuminate\Database\Eloquent\Factories\Factory.php:302
D:\Ciclo7\github-project\capachica-project\turismo-backend\vendor\laravel\framework\src\Illuminate\Database\Eloquent\Factories\Factory.php:296
D:\Ciclo7\github-project\capachica-project\turismo-backend\tests\Unit\Models\SliderTest.php:54</error>
        </testcase>
        <testcase name="slider_has_descripcion_relationship" file="D:\Ciclo7\github-project\capachica-project\turismo-backend\tests\Unit\Models\SliderTest.php" line="64" class="Tests\Unit\Models\SliderTest" classname="Tests.Unit.Models.SliderTest" assertions="0" time="0.091824">
          <error type="Illuminate\Database\QueryException">Tests\Unit\Models\SliderTest::slider_has_descripcion_relationship&#13;
Illuminate\Database\QueryException: SQLSTATE[23502]: Not null violation: 7 ERROR:  el valor nulo en la columna «tipo_entidad» de la relación «sliders» viola la restricción de no nulo
DETAIL:  La fila que falla contiene (3, https://via.placeholder.com/1200x600.png/001133?text=nature+nobi..., Sed animi maxime iure., t, null, null, 6, t, 2025-07-01 00:10:15, 2025-07-01 00:10:15). (Connection: pgsql, SQL: insert into "sliders" ("url", "nombre", "es_principal", "tipo_entidad", "entidad_id", "orden", "activo", "updated_at", "created_at") values (https://via.placeholder.com/1200x600.png/001133?text=nature+nobis, Sed animi maxime iure., 1, ?, ?, 6, 1, 2025-07-01 00:10:15, 2025-07-01 00:10:15) returning "id")
&#13;
D:\Ciclo7\github-project\capachica-project\turismo-backend\vendor\laravel\framework\src\Illuminate\Database\Connection.php:822
D:\Ciclo7\github-project\capachica-project\turismo-backend\vendor\laravel\framework\src\Illuminate\Database\Connection.php:776
D:\Ciclo7\github-project\capachica-project\turismo-backend\vendor\laravel\framework\src\Illuminate\Database\Connection.php:395
D:\Ciclo7\github-project\capachica-project\turismo-backend\vendor\laravel\framework\src\Illuminate\Database\Connection.php:382
D:\Ciclo7\github-project\capachica-project\turismo-backend\vendor\laravel\framework\src\Illuminate\Database\Query\Processors\PostgresProcessor.php:24
D:\Ciclo7\github-project\capachica-project\turismo-backend\vendor\laravel\framework\src\Illuminate\Database\Query\Builder.php:3769
D:\Ciclo7\github-project\capachica-project\turismo-backend\vendor\laravel\framework\src\Illuminate\Database\Eloquent\Builder.php:2208
D:\Ciclo7\github-project\capachica-project\turismo-backend\vendor\laravel\framework\src\Illuminate\Database\Eloquent\Model.php:1408
D:\Ciclo7\github-project\capachica-project\turismo-backend\vendor\laravel\framework\src\Illuminate\Database\Eloquent\Model.php:1373
D:\Ciclo7\github-project\capachica-project\turismo-backend\vendor\laravel\framework\src\Illuminate\Database\Eloquent\Model.php:1212
D:\Ciclo7\github-project\capachica-project\turismo-backend\vendor\laravel\framework\src\Illuminate\Database\Eloquent\Factories\Factory.php:351
D:\Ciclo7\github-project\capachica-project\turismo-backend\vendor\laravel\framework\src\Illuminate\Collections\Traits\EnumeratesValues.php:274
D:\Ciclo7\github-project\capachica-project\turismo-backend\vendor\laravel\framework\src\Illuminate\Database\Eloquent\Factories\Factory.php:346
D:\Ciclo7\github-project\capachica-project\turismo-backend\vendor\laravel\framework\src\Illuminate\Database\Eloquent\Factories\Factory.php:302
D:\Ciclo7\github-project\capachica-project\turismo-backend\tests\Unit\Models\SliderTest.php:66</error>
        </testcase>
        <testcase name="slider_can_have_emprendedor_as_entidad" file="D:\Ciclo7\github-project\capachica-project\turismo-backend\tests\Unit\Models\SliderTest.php" line="74" class="Tests\Unit\Models\SliderTest" classname="Tests.Unit.Models.SliderTest" assertions="3" time="0.114587"/>
        <testcase name="slider_can_have_servicio_as_entidad" file="D:\Ciclo7\github-project\capachica-project\turismo-backend\tests\Unit\Models\SliderTest.php" line="90" class="Tests\Unit\Models\SliderTest" classname="Tests.Unit.Models.SliderTest" assertions="0" time="0.111543">
          <error type="Illuminate\Database\QueryException">Tests\Unit\Models\SliderTest::slider_can_have_servicio_as_entidad&#13;
Illuminate\Database\QueryException: SQLSTATE[42703]: Undefined column: 7 ERROR:  no existe la columna «categoria_id» en la relación «servicios»
LINE 1: ...", "latitud", "longitud", "ubicacion_referencia", "categoria...
                                                             ^ (Connection: pgsql, SQL: insert into "servicios" ("nombre", "descripcion", "precio_referencial", "emprendedor_id", "estado", "capacidad", "latitud", "longitud", "ubicacion_referencia", "categoria_id", "updated_at", "created_at") values (Degustación de Trucha, Quia itaque quasi veniam quisquam vel omnis. Voluptas placeat nesciunt quia eveniet. Qui est quas incidunt omnis mollitia. Magnam dolor sint perferendis. Qui a sed qui possimus harum qui. Vero mollitia aut et corrupti rerum. Molestias nihil dicta quia., 68.88, 205, 1, 18, -15.846308, -70.011755, ?, 29, 2025-07-01 00:10:15, 2025-07-01 00:10:15) returning "id")
&#13;
D:\Ciclo7\github-project\capachica-project\turismo-backend\vendor\laravel\framework\src\Illuminate\Database\Connection.php:822
D:\Ciclo7\github-project\capachica-project\turismo-backend\vendor\laravel\framework\src\Illuminate\Database\Connection.php:776
D:\Ciclo7\github-project\capachica-project\turismo-backend\vendor\laravel\framework\src\Illuminate\Database\Connection.php:395
D:\Ciclo7\github-project\capachica-project\turismo-backend\vendor\laravel\framework\src\Illuminate\Database\Connection.php:382
D:\Ciclo7\github-project\capachica-project\turismo-backend\vendor\laravel\framework\src\Illuminate\Database\Query\Processors\PostgresProcessor.php:24
D:\Ciclo7\github-project\capachica-project\turismo-backend\vendor\laravel\framework\src\Illuminate\Database\Query\Builder.php:3769
D:\Ciclo7\github-project\capachica-project\turismo-backend\vendor\laravel\framework\src\Illuminate\Database\Eloquent\Builder.php:2208
D:\Ciclo7\github-project\capachica-project\turismo-backend\vendor\laravel\framework\src\Illuminate\Database\Eloquent\Model.php:1408
D:\Ciclo7\github-project\capachica-project\turismo-backend\vendor\laravel\framework\src\Illuminate\Database\Eloquent\Model.php:1373
D:\Ciclo7\github-project\capachica-project\turismo-backend\vendor\laravel\framework\src\Illuminate\Database\Eloquent\Model.php:1212
D:\Ciclo7\github-project\capachica-project\turismo-backend\vendor\laravel\framework\src\Illuminate\Database\Eloquent\Factories\Factory.php:351
D:\Ciclo7\github-project\capachica-project\turismo-backend\vendor\laravel\framework\src\Illuminate\Collections\Traits\EnumeratesValues.php:274
D:\Ciclo7\github-project\capachica-project\turismo-backend\vendor\laravel\framework\src\Illuminate\Database\Eloquent\Factories\Factory.php:346
D:\Ciclo7\github-project\capachica-project\turismo-backend\vendor\laravel\framework\src\Illuminate\Database\Eloquent\Factories\Factory.php:302
D:\Ciclo7\github-project\capachica-project\turismo-backend\vendor\laravel\framework\src\Illuminate\Database\Eloquent\Factories\Factory.php:296
D:\Ciclo7\github-project\capachica-project\turismo-backend\tests\Unit\Models\SliderTest.php:95</error>
        </testcase>
        <testcase name="slider_can_have_evento_as_entidad" file="D:\Ciclo7\github-project\capachica-project\turismo-backend\tests\Unit\Models\SliderTest.php" line="111" class="Tests\Unit\Models\SliderTest" classname="Tests.Unit.Models.SliderTest" assertions="0" time="0.081096">
          <error type="BadMethodCallException">Tests\Unit\Models\SliderTest::slider_can_have_evento_as_entidad&#13;
BadMethodCallException: Call to undefined method App\Models\Evento::factory()
&#13;
D:\Ciclo7\github-project\capachica-project\turismo-backend\vendor\laravel\framework\src\Illuminate\Support\Traits\ForwardsCalls.php:67
D:\Ciclo7\github-project\capachica-project\turismo-backend\vendor\laravel\framework\src\Illuminate\Support\Traits\ForwardsCalls.php:36
D:\Ciclo7\github-project\capachica-project\turismo-backend\vendor\laravel\framework\src\Illuminate\Database\Eloquent\Model.php:2449
D:\Ciclo7\github-project\capachica-project\turismo-backend\vendor\laravel\framework\src\Illuminate\Database\Eloquent\Model.php:2465
D:\Ciclo7\github-project\capachica-project\turismo-backend\tests\Unit\Models\SliderTest.php:113</error>
        </testcase>
        <testcase name="slider_can_be_principal" file="D:\Ciclo7\github-project\capachica-project\turismo-backend\tests\Unit\Models\SliderTest.php" line="126" class="Tests\Unit\Models\SliderTest" classname="Tests.Unit.Models.SliderTest" assertions="0" time="0.221422">
          <error type="Illuminate\Database\QueryException">Tests\Unit\Models\SliderTest::slider_can_be_principal&#13;
Illuminate\Database\QueryException: SQLSTATE[23502]: Not null violation: 7 ERROR:  el valor nulo en la columna «tipo_entidad» de la relación «sliders» viola la restricción de no nulo
DETAIL:  La fila que falla contiene (5, https://via.placeholder.com/1200x600.png/000055?text=nature+sequ..., Sapiente magni sit., t, null, null, 1, t, 2025-07-01 00:10:15, 2025-07-01 00:10:15). (Connection: pgsql, SQL: insert into "sliders" ("url", "nombre", "es_principal", "tipo_entidad", "entidad_id", "orden", "activo", "updated_at", "created_at") values (https://via.placeholder.com/1200x600.png/000055?text=nature+sequi, Sapiente magni sit., 1, ?, ?, 1, 1, 2025-07-01 00:10:15, 2025-07-01 00:10:15) returning "id")
&#13;
D:\Ciclo7\github-project\capachica-project\turismo-backend\vendor\laravel\framework\src\Illuminate\Database\Connection.php:822
D:\Ciclo7\github-project\capachica-project\turismo-backend\vendor\laravel\framework\src\Illuminate\Database\Connection.php:776
D:\Ciclo7\github-project\capachica-project\turismo-backend\vendor\laravel\framework\src\Illuminate\Database\Connection.php:395
D:\Ciclo7\github-project\capachica-project\turismo-backend\vendor\laravel\framework\src\Illuminate\Database\Connection.php:382
D:\Ciclo7\github-project\capachica-project\turismo-backend\vendor\laravel\framework\src\Illuminate\Database\Query\Processors\PostgresProcessor.php:24
D:\Ciclo7\github-project\capachica-project\turismo-backend\vendor\laravel\framework\src\Illuminate\Database\Query\Builder.php:3769
D:\Ciclo7\github-project\capachica-project\turismo-backend\vendor\laravel\framework\src\Illuminate\Database\Eloquent\Builder.php:2208
D:\Ciclo7\github-project\capachica-project\turismo-backend\vendor\laravel\framework\src\Illuminate\Database\Eloquent\Model.php:1408
D:\Ciclo7\github-project\capachica-project\turismo-backend\vendor\laravel\framework\src\Illuminate\Database\Eloquent\Model.php:1373
D:\Ciclo7\github-project\capachica-project\turismo-backend\vendor\laravel\framework\src\Illuminate\Database\Eloquent\Model.php:1212
D:\Ciclo7\github-project\capachica-project\turismo-backend\vendor\laravel\framework\src\Illuminate\Database\Eloquent\Factories\Factory.php:351
D:\Ciclo7\github-project\capachica-project\turismo-backend\vendor\laravel\framework\src\Illuminate\Collections\Traits\EnumeratesValues.php:274
D:\Ciclo7\github-project\capachica-project\turismo-backend\vendor\laravel\framework\src\Illuminate\Database\Eloquent\Factories\Factory.php:346
D:\Ciclo7\github-project\capachica-project\turismo-backend\vendor\laravel\framework\src\Illuminate\Database\Eloquent\Factories\Factory.php:302
D:\Ciclo7\github-project\capachica-project\turismo-backend\tests\Unit\Models\SliderTest.php:128</error>
        </testcase>
        <testcase name="slider_can_be_inactive" file="D:\Ciclo7\github-project\capachica-project\turismo-backend\tests\Unit\Models\SliderTest.php" line="135" class="Tests\Unit\Models\SliderTest" classname="Tests.Unit.Models.SliderTest" assertions="0" time="0.090624">
          <error type="Illuminate\Database\QueryException">Tests\Unit\Models\SliderTest::slider_can_be_inactive&#13;
Illuminate\Database\QueryException: SQLSTATE[23502]: Not null violation: 7 ERROR:  el valor nulo en la columna «tipo_entidad» de la relación «sliders» viola la restricción de no nulo
DETAIL:  La fila que falla contiene (6, https://via.placeholder.com/1200x600.png/006600?text=nature+numq..., Aut aut totam quidem., t, null, null, 9, f, 2025-07-01 00:10:15, 2025-07-01 00:10:15). (Connection: pgsql, SQL: insert into "sliders" ("url", "nombre", "es_principal", "tipo_entidad", "entidad_id", "orden", "activo", "updated_at", "created_at") values (https://via.placeholder.com/1200x600.png/006600?text=nature+numquam, Aut aut totam quidem., 1, ?, ?, 9, 0, 2025-07-01 00:10:15, 2025-07-01 00:10:15) returning "id")
&#13;
D:\Ciclo7\github-project\capachica-project\turismo-backend\vendor\laravel\framework\src\Illuminate\Database\Connection.php:822
D:\Ciclo7\github-project\capachica-project\turismo-backend\vendor\laravel\framework\src\Illuminate\Database\Connection.php:776
D:\Ciclo7\github-project\capachica-project\turismo-backend\vendor\laravel\framework\src\Illuminate\Database\Connection.php:395
D:\Ciclo7\github-project\capachica-project\turismo-backend\vendor\laravel\framework\src\Illuminate\Database\Connection.php:382
D:\Ciclo7\github-project\capachica-project\turismo-backend\vendor\laravel\framework\src\Illuminate\Database\Query\Processors\PostgresProcessor.php:24
D:\Ciclo7\github-project\capachica-project\turismo-backend\vendor\laravel\framework\src\Illuminate\Database\Query\Builder.php:3769
D:\Ciclo7\github-project\capachica-project\turismo-backend\vendor\laravel\framework\src\Illuminate\Database\Eloquent\Builder.php:2208
D:\Ciclo7\github-project\capachica-project\turismo-backend\vendor\laravel\framework\src\Illuminate\Database\Eloquent\Model.php:1408
D:\Ciclo7\github-project\capachica-project\turismo-backend\vendor\laravel\framework\src\Illuminate\Database\Eloquent\Model.php:1373
D:\Ciclo7\github-project\capachica-project\turismo-backend\vendor\laravel\framework\src\Illuminate\Database\Eloquent\Model.php:1212
D:\Ciclo7\github-project\capachica-project\turismo-backend\vendor\laravel\framework\src\Illuminate\Database\Eloquent\Factories\Factory.php:351
D:\Ciclo7\github-project\capachica-project\turismo-backend\vendor\laravel\framework\src\Illuminate\Collections\Traits\EnumeratesValues.php:274
D:\Ciclo7\github-project\capachica-project\turismo-backend\vendor\laravel\framework\src\Illuminate\Database\Eloquent\Factories\Factory.php:346
D:\Ciclo7\github-project\capachica-project\turismo-backend\vendor\laravel\framework\src\Illuminate\Database\Eloquent\Factories\Factory.php:302
D:\Ciclo7\github-project\capachica-project\turismo-backend\tests\Unit\Models\SliderTest.php:137</error>
        </testcase>
        <testcase name="slider_generates_url_completa_for_relative_url" file="D:\Ciclo7\github-project\capachica-project\turismo-backend\tests\Unit\Models\SliderTest.php" line="143" class="Tests\Unit\Models\SliderTest" classname="Tests.Unit.Models.SliderTest" assertions="0" time="0.091540">
          <error type="Illuminate\Database\QueryException">Tests\Unit\Models\SliderTest::slider_generates_url_completa_for_relative_url&#13;
Illuminate\Database\QueryException: SQLSTATE[23502]: Not null violation: 7 ERROR:  el valor nulo en la columna «tipo_entidad» de la relación «sliders» viola la restricción de no nulo
DETAIL:  La fila que falla contiene (7, sliders/test-image.jpg, Nihil quos., t, null, null, 8, t, 2025-07-01 00:10:15, 2025-07-01 00:10:15). (Connection: pgsql, SQL: insert into "sliders" ("url", "nombre", "es_principal", "tipo_entidad", "entidad_id", "orden", "activo", "updated_at", "created_at") values (sliders/test-image.jpg, Nihil quos., 1, ?, ?, 8, 1, 2025-07-01 00:10:15, 2025-07-01 00:10:15) returning "id")
&#13;
D:\Ciclo7\github-project\capachica-project\turismo-backend\vendor\laravel\framework\src\Illuminate\Database\Connection.php:822
D:\Ciclo7\github-project\capachica-project\turismo-backend\vendor\laravel\framework\src\Illuminate\Database\Connection.php:776
D:\Ciclo7\github-project\capachica-project\turismo-backend\vendor\laravel\framework\src\Illuminate\Database\Connection.php:395
D:\Ciclo7\github-project\capachica-project\turismo-backend\vendor\laravel\framework\src\Illuminate\Database\Connection.php:382
D:\Ciclo7\github-project\capachica-project\turismo-backend\vendor\laravel\framework\src\Illuminate\Database\Query\Processors\PostgresProcessor.php:24
D:\Ciclo7\github-project\capachica-project\turismo-backend\vendor\laravel\framework\src\Illuminate\Database\Query\Builder.php:3769
D:\Ciclo7\github-project\capachica-project\turismo-backend\vendor\laravel\framework\src\Illuminate\Database\Eloquent\Builder.php:2208
D:\Ciclo7\github-project\capachica-project\turismo-backend\vendor\laravel\framework\src\Illuminate\Database\Eloquent\Model.php:1408
D:\Ciclo7\github-project\capachica-project\turismo-backend\vendor\laravel\framework\src\Illuminate\Database\Eloquent\Model.php:1373
D:\Ciclo7\github-project\capachica-project\turismo-backend\vendor\laravel\framework\src\Illuminate\Database\Eloquent\Model.php:1212
D:\Ciclo7\github-project\capachica-project\turismo-backend\vendor\laravel\framework\src\Illuminate\Database\Eloquent\Factories\Factory.php:351
D:\Ciclo7\github-project\capachica-project\turismo-backend\vendor\laravel\framework\src\Illuminate\Collections\Traits\EnumeratesValues.php:274
D:\Ciclo7\github-project\capachica-project\turismo-backend\vendor\laravel\framework\src\Illuminate\Database\Eloquent\Factories\Factory.php:346
D:\Ciclo7\github-project\capachica-project\turismo-backend\vendor\laravel\framework\src\Illuminate\Database\Eloquent\Factories\Factory.php:302
D:\Ciclo7\github-project\capachica-project\turismo-backend\vendor\laravel\framework\src\Illuminate\Database\Eloquent\Factories\Factory.php:296
D:\Ciclo7\github-project\capachica-project\turismo-backend\tests\Unit\Models\SliderTest.php:145</error>
        </testcase>
        <testcase name="slider_returns_absolute_url_when_url_is_complete" file="D:\Ciclo7\github-project\capachica-project\turismo-backend\tests\Unit\Models\SliderTest.php" line="156" class="Tests\Unit\Models\SliderTest" classname="Tests.Unit.Models.SliderTest" assertions="0" time="0.194875">
          <error type="Illuminate\Database\QueryException">Tests\Unit\Models\SliderTest::slider_returns_absolute_url_when_url_is_complete&#13;
Illuminate\Database\QueryException: SQLSTATE[23502]: Not null violation: 7 ERROR:  el valor nulo en la columna «tipo_entidad» de la relación «sliders» viola la restricción de no nulo
DETAIL:  La fila que falla contiene (8, https://example.com/image.jpg, Voluptatibus odio et., f, null, null, 8, t, 2025-07-01 00:10:16, 2025-07-01 00:10:16). (Connection: pgsql, SQL: insert into "sliders" ("url", "nombre", "es_principal", "tipo_entidad", "entidad_id", "orden", "activo", "updated_at", "created_at") values (https://example.com/image.jpg, Voluptatibus odio et., 0, ?, ?, 8, 1, 2025-07-01 00:10:16, 2025-07-01 00:10:16) returning "id")
&#13;
D:\Ciclo7\github-project\capachica-project\turismo-backend\vendor\laravel\framework\src\Illuminate\Database\Connection.php:822
D:\Ciclo7\github-project\capachica-project\turismo-backend\vendor\laravel\framework\src\Illuminate\Database\Connection.php:776
D:\Ciclo7\github-project\capachica-project\turismo-backend\vendor\laravel\framework\src\Illuminate\Database\Connection.php:395
D:\Ciclo7\github-project\capachica-project\turismo-backend\vendor\laravel\framework\src\Illuminate\Database\Connection.php:382
D:\Ciclo7\github-project\capachica-project\turismo-backend\vendor\laravel\framework\src\Illuminate\Database\Query\Processors\PostgresProcessor.php:24
D:\Ciclo7\github-project\capachica-project\turismo-backend\vendor\laravel\framework\src\Illuminate\Database\Query\Builder.php:3769
D:\Ciclo7\github-project\capachica-project\turismo-backend\vendor\laravel\framework\src\Illuminate\Database\Eloquent\Builder.php:2208
D:\Ciclo7\github-project\capachica-project\turismo-backend\vendor\laravel\framework\src\Illuminate\Database\Eloquent\Model.php:1408
D:\Ciclo7\github-project\capachica-project\turismo-backend\vendor\laravel\framework\src\Illuminate\Database\Eloquent\Model.php:1373
D:\Ciclo7\github-project\capachica-project\turismo-backend\vendor\laravel\framework\src\Illuminate\Database\Eloquent\Model.php:1212
D:\Ciclo7\github-project\capachica-project\turismo-backend\vendor\laravel\framework\src\Illuminate\Database\Eloquent\Factories\Factory.php:351
D:\Ciclo7\github-project\capachica-project\turismo-backend\vendor\laravel\framework\src\Illuminate\Collections\Traits\EnumeratesValues.php:274
D:\Ciclo7\github-project\capachica-project\turismo-backend\vendor\laravel\framework\src\Illuminate\Database\Eloquent\Factories\Factory.php:346
D:\Ciclo7\github-project\capachica-project\turismo-backend\vendor\laravel\framework\src\Illuminate\Database\Eloquent\Factories\Factory.php:302
D:\Ciclo7\github-project\capachica-project\turismo-backend\vendor\laravel\framework\src\Illuminate\Database\Eloquent\Factories\Factory.php:296
D:\Ciclo7\github-project\capachica-project\turismo-backend\tests\Unit\Models\SliderTest.php:159</error>
        </testcase>
        <testcase name="slider_url_completa_is_appended_to_array" file="D:\Ciclo7\github-project\capachica-project\turismo-backend\tests\Unit\Models\SliderTest.php" line="167" class="Tests\Unit\Models\SliderTest" classname="Tests.Unit.Models.SliderTest" assertions="0" time="0.200545">
          <error type="Illuminate\Database\QueryException">Tests\Unit\Models\SliderTest::slider_url_completa_is_appended_to_array&#13;
Illuminate\Database\QueryException: SQLSTATE[23502]: Not null violation: 7 ERROR:  el valor nulo en la columna «tipo_entidad» de la relación «sliders» viola la restricción de no nulo
DETAIL:  La fila que falla contiene (9, https://via.placeholder.com/1200x600.png/000000?text=nature+porr..., Voluptatem culpa voluptate., f, null, null, 5, t, 2025-07-01 00:10:16, 2025-07-01 00:10:16). (Connection: pgsql, SQL: insert into "sliders" ("url", "nombre", "es_principal", "tipo_entidad", "entidad_id", "orden", "activo", "updated_at", "created_at") values (https://via.placeholder.com/1200x600.png/000000?text=nature+porro, Voluptatem culpa voluptate., 0, ?, ?, 5, 1, 2025-07-01 00:10:16, 2025-07-01 00:10:16) returning "id")
&#13;
D:\Ciclo7\github-project\capachica-project\turismo-backend\vendor\laravel\framework\src\Illuminate\Database\Connection.php:822
D:\Ciclo7\github-project\capachica-project\turismo-backend\vendor\laravel\framework\src\Illuminate\Database\Connection.php:776
D:\Ciclo7\github-project\capachica-project\turismo-backend\vendor\laravel\framework\src\Illuminate\Database\Connection.php:395
D:\Ciclo7\github-project\capachica-project\turismo-backend\vendor\laravel\framework\src\Illuminate\Database\Connection.php:382
D:\Ciclo7\github-project\capachica-project\turismo-backend\vendor\laravel\framework\src\Illuminate\Database\Query\Processors\PostgresProcessor.php:24
D:\Ciclo7\github-project\capachica-project\turismo-backend\vendor\laravel\framework\src\Illuminate\Database\Query\Builder.php:3769
D:\Ciclo7\github-project\capachica-project\turismo-backend\vendor\laravel\framework\src\Illuminate\Database\Eloquent\Builder.php:2208
D:\Ciclo7\github-project\capachica-project\turismo-backend\vendor\laravel\framework\src\Illuminate\Database\Eloquent\Model.php:1408
D:\Ciclo7\github-project\capachica-project\turismo-backend\vendor\laravel\framework\src\Illuminate\Database\Eloquent\Model.php:1373
D:\Ciclo7\github-project\capachica-project\turismo-backend\vendor\laravel\framework\src\Illuminate\Database\Eloquent\Model.php:1212
D:\Ciclo7\github-project\capachica-project\turismo-backend\vendor\laravel\framework\src\Illuminate\Database\Eloquent\Factories\Factory.php:351
D:\Ciclo7\github-project\capachica-project\turismo-backend\vendor\laravel\framework\src\Illuminate\Collections\Traits\EnumeratesValues.php:274
D:\Ciclo7\github-project\capachica-project\turismo-backend\vendor\laravel\framework\src\Illuminate\Database\Eloquent\Factories\Factory.php:346
D:\Ciclo7\github-project\capachica-project\turismo-backend\vendor\laravel\framework\src\Illuminate\Database\Eloquent\Factories\Factory.php:302
D:\Ciclo7\github-project\capachica-project\turismo-backend\tests\Unit\Models\SliderTest.php:169</error>
        </testcase>
        <testcase name="slider_without_entidad_has_null_polymorphic_fields" file="D:\Ciclo7\github-project\capachica-project\turismo-backend\tests\Unit\Models\SliderTest.php" line="178" class="Tests\Unit\Models\SliderTest" classname="Tests.Unit.Models.SliderTest" assertions="0" time="0.090673">
          <error type="Illuminate\Database\QueryException">Tests\Unit\Models\SliderTest::slider_without_entidad_has_null_polymorphic_fields&#13;
Illuminate\Database\QueryException: SQLSTATE[23502]: Not null violation: 7 ERROR:  el valor nulo en la columna «tipo_entidad» de la relación «sliders» viola la restricción de no nulo
DETAIL:  La fila que falla contiene (10, https://via.placeholder.com/1200x600.png/0033ff?text=nature+erro..., Sit voluptatum quibusdam., f, null, null, 5, t, 2025-07-01 00:10:16, 2025-07-01 00:10:16). (Connection: pgsql, SQL: insert into "sliders" ("url", "nombre", "es_principal", "tipo_entidad", "entidad_id", "orden", "activo", "updated_at", "created_at") values (https://via.placeholder.com/1200x600.png/0033ff?text=nature+error, Sit voluptatum quibusdam., 0, ?, ?, 5, 1, 2025-07-01 00:10:16, 2025-07-01 00:10:16) returning "id")
&#13;
D:\Ciclo7\github-project\capachica-project\turismo-backend\vendor\laravel\framework\src\Illuminate\Database\Connection.php:822
D:\Ciclo7\github-project\capachica-project\turismo-backend\vendor\laravel\framework\src\Illuminate\Database\Connection.php:776
D:\Ciclo7\github-project\capachica-project\turismo-backend\vendor\laravel\framework\src\Illuminate\Database\Connection.php:395
D:\Ciclo7\github-project\capachica-project\turismo-backend\vendor\laravel\framework\src\Illuminate\Database\Connection.php:382
D:\Ciclo7\github-project\capachica-project\turismo-backend\vendor\laravel\framework\src\Illuminate\Database\Query\Processors\PostgresProcessor.php:24
D:\Ciclo7\github-project\capachica-project\turismo-backend\vendor\laravel\framework\src\Illuminate\Database\Query\Builder.php:3769
D:\Ciclo7\github-project\capachica-project\turismo-backend\vendor\laravel\framework\src\Illuminate\Database\Eloquent\Builder.php:2208
D:\Ciclo7\github-project\capachica-project\turismo-backend\vendor\laravel\framework\src\Illuminate\Database\Eloquent\Model.php:1408
D:\Ciclo7\github-project\capachica-project\turismo-backend\vendor\laravel\framework\src\Illuminate\Database\Eloquent\Model.php:1373
D:\Ciclo7\github-project\capachica-project\turismo-backend\vendor\laravel\framework\src\Illuminate\Database\Eloquent\Model.php:1212
D:\Ciclo7\github-project\capachica-project\turismo-backend\vendor\laravel\framework\src\Illuminate\Database\Eloquent\Factories\Factory.php:351
D:\Ciclo7\github-project\capachica-project\turismo-backend\vendor\laravel\framework\src\Illuminate\Collections\Traits\EnumeratesValues.php:274
D:\Ciclo7\github-project\capachica-project\turismo-backend\vendor\laravel\framework\src\Illuminate\Database\Eloquent\Factories\Factory.php:346
D:\Ciclo7\github-project\capachica-project\turismo-backend\vendor\laravel\framework\src\Illuminate\Database\Eloquent\Factories\Factory.php:302
D:\Ciclo7\github-project\capachica-project\turismo-backend\vendor\laravel\framework\src\Illuminate\Database\Eloquent\Factories\Factory.php:296
D:\Ciclo7\github-project\capachica-project\turismo-backend\tests\Unit\Models\SliderTest.php:180</error>
        </testcase>
        <testcase name="multiple_sliders_can_have_different_orden" file="D:\Ciclo7\github-project\capachica-project\turismo-backend\tests\Unit\Models\SliderTest.php" line="191" class="Tests\Unit\Models\SliderTest" classname="Tests.Unit.Models.SliderTest" assertions="0" time="0.090330">
          <error type="Illuminate\Database\QueryException">Tests\Unit\Models\SliderTest::multiple_sliders_can_have_different_orden&#13;
Illuminate\Database\QueryException: SQLSTATE[23502]: Not null violation: 7 ERROR:  el valor nulo en la columna «tipo_entidad» de la relación «sliders» viola la restricción de no nulo
DETAIL:  La fila que falla contiene (11, https://via.placeholder.com/1200x600.png/009944?text=nature+dolo..., Qui dolor delectus minima., f, null, null, 1, t, 2025-07-01 00:10:16, 2025-07-01 00:10:16). (Connection: pgsql, SQL: insert into "sliders" ("url", "nombre", "es_principal", "tipo_entidad", "entidad_id", "orden", "activo", "updated_at", "created_at") values (https://via.placeholder.com/1200x600.png/009944?text=nature+doloremque, Qui dolor delectus minima., 0, ?, ?, 1, 1, 2025-07-01 00:10:16, 2025-07-01 00:10:16) returning "id")
&#13;
D:\Ciclo7\github-project\capachica-project\turismo-backend\vendor\laravel\framework\src\Illuminate\Database\Connection.php:822
D:\Ciclo7\github-project\capachica-project\turismo-backend\vendor\laravel\framework\src\Illuminate\Database\Connection.php:776
D:\Ciclo7\github-project\capachica-project\turismo-backend\vendor\laravel\framework\src\Illuminate\Database\Connection.php:395
D:\Ciclo7\github-project\capachica-project\turismo-backend\vendor\laravel\framework\src\Illuminate\Database\Connection.php:382
D:\Ciclo7\github-project\capachica-project\turismo-backend\vendor\laravel\framework\src\Illuminate\Database\Query\Processors\PostgresProcessor.php:24
D:\Ciclo7\github-project\capachica-project\turismo-backend\vendor\laravel\framework\src\Illuminate\Database\Query\Builder.php:3769
D:\Ciclo7\github-project\capachica-project\turismo-backend\vendor\laravel\framework\src\Illuminate\Database\Eloquent\Builder.php:2208
D:\Ciclo7\github-project\capachica-project\turismo-backend\vendor\laravel\framework\src\Illuminate\Database\Eloquent\Model.php:1408
D:\Ciclo7\github-project\capachica-project\turismo-backend\vendor\laravel\framework\src\Illuminate\Database\Eloquent\Model.php:1373
D:\Ciclo7\github-project\capachica-project\turismo-backend\vendor\laravel\framework\src\Illuminate\Database\Eloquent\Model.php:1212
D:\Ciclo7\github-project\capachica-project\turismo-backend\vendor\laravel\framework\src\Illuminate\Database\Eloquent\Factories\Factory.php:351
D:\Ciclo7\github-project\capachica-project\turismo-backend\vendor\laravel\framework\src\Illuminate\Collections\Traits\EnumeratesValues.php:274
D:\Ciclo7\github-project\capachica-project\turismo-backend\vendor\laravel\framework\src\Illuminate\Database\Eloquent\Factories\Factory.php:346
D:\Ciclo7\github-project\capachica-project\turismo-backend\vendor\laravel\framework\src\Illuminate\Database\Eloquent\Factories\Factory.php:302
D:\Ciclo7\github-project\capachica-project\turismo-backend\vendor\laravel\framework\src\Illuminate\Database\Eloquent\Factories\Factory.php:296
D:\Ciclo7\github-project\capachica-project\turismo-backend\tests\Unit\Models\SliderTest.php:193</error>
        </testcase>
        <testcase name="slider_can_have_descripcion_with_titulo_and_text" file="D:\Ciclo7\github-project\capachica-project\turismo-backend\tests\Unit\Models\SliderTest.php" line="203" class="Tests\Unit\Models\SliderTest" classname="Tests.Unit.Models.SliderTest" assertions="0" time="0.107746">
          <error type="Illuminate\Database\QueryException">Tests\Unit\Models\SliderTest::slider_can_have_descripcion_with_titulo_and_text&#13;
Illuminate\Database\QueryException: SQLSTATE[23502]: Not null violation: 7 ERROR:  el valor nulo en la columna «tipo_entidad» de la relación «sliders» viola la restricción de no nulo
DETAIL:  La fila que falla contiene (12, https://via.placeholder.com/1200x600.png/007733?text=nature+corp..., Incidunt ex modi dicta architecto., f, null, null, 6, t, 2025-07-01 00:10:16, 2025-07-01 00:10:16). (Connection: pgsql, SQL: insert into "sliders" ("url", "nombre", "es_principal", "tipo_entidad", "entidad_id", "orden", "activo", "updated_at", "created_at") values (https://via.placeholder.com/1200x600.png/007733?text=nature+corporis, Incidunt ex modi dicta architecto., 0, ?, ?, 6, 1, 2025-07-01 00:10:16, 2025-07-01 00:10:16) returning "id")
&#13;
D:\Ciclo7\github-project\capachica-project\turismo-backend\vendor\laravel\framework\src\Illuminate\Database\Connection.php:822
D:\Ciclo7\github-project\capachica-project\turismo-backend\vendor\laravel\framework\src\Illuminate\Database\Connection.php:776
D:\Ciclo7\github-project\capachica-project\turismo-backend\vendor\laravel\framework\src\Illuminate\Database\Connection.php:395
D:\Ciclo7\github-project\capachica-project\turismo-backend\vendor\laravel\framework\src\Illuminate\Database\Connection.php:382
D:\Ciclo7\github-project\capachica-project\turismo-backend\vendor\laravel\framework\src\Illuminate\Database\Query\Processors\PostgresProcessor.php:24
D:\Ciclo7\github-project\capachica-project\turismo-backend\vendor\laravel\framework\src\Illuminate\Database\Query\Builder.php:3769
D:\Ciclo7\github-project\capachica-project\turismo-backend\vendor\laravel\framework\src\Illuminate\Database\Eloquent\Builder.php:2208
D:\Ciclo7\github-project\capachica-project\turismo-backend\vendor\laravel\framework\src\Illuminate\Database\Eloquent\Model.php:1408
D:\Ciclo7\github-project\capachica-project\turismo-backend\vendor\laravel\framework\src\Illuminate\Database\Eloquent\Model.php:1373
D:\Ciclo7\github-project\capachica-project\turismo-backend\vendor\laravel\framework\src\Illuminate\Database\Eloquent\Model.php:1212
D:\Ciclo7\github-project\capachica-project\turismo-backend\vendor\laravel\framework\src\Illuminate\Database\Eloquent\Factories\Factory.php:351
D:\Ciclo7\github-project\capachica-project\turismo-backend\vendor\laravel\framework\src\Illuminate\Collections\Traits\EnumeratesValues.php:274
D:\Ciclo7\github-project\capachica-project\turismo-backend\vendor\laravel\framework\src\Illuminate\Database\Eloquent\Factories\Factory.php:346
D:\Ciclo7\github-project\capachica-project\turismo-backend\vendor\laravel\framework\src\Illuminate\Database\Eloquent\Factories\Factory.php:302
D:\Ciclo7\github-project\capachica-project\turismo-backend\tests\Unit\Models\SliderTest.php:205</error>
        </testcase>
      </testsuite>
      <testsuite name="Tests\Unit\Models\UserTest" file="D:\Ciclo7\github-project\capachica-project\turismo-backend\tests\Unit\Models\UserTest.php" tests="20" assertions="24" errors="7" failures="0" skipped="0" time="3.095949">
        <testcase name="user_can_be_created_with_factory" file="D:\Ciclo7\github-project\capachica-project\turismo-backend\tests\Unit\Models\UserTest.php" line="31" class="Tests\Unit\Models\UserTest" classname="Tests.Unit.Models.UserTest" assertions="2" time="0.157577"/>
        <testcase name="user_has_fillable_attributes" file="D:\Ciclo7\github-project\capachica-project\turismo-backend\tests\Unit\Models\UserTest.php" line="43" class="Tests\Unit\Models\UserTest" classname="Tests.Unit.Models.UserTest" assertions="1" time="0.093924"/>
        <testcase name="user_has_hidden_attributes" file="D:\Ciclo7\github-project\capachica-project\turismo-backend\tests\Unit\Models\UserTest.php" line="57" class="Tests\Unit\Models\UserTest" classname="Tests.Unit.Models.UserTest" assertions="1" time="0.197559"/>
        <testcase name="user_casts_attributes_correctly" file="D:\Ciclo7\github-project\capachica-project\turismo-backend\tests\Unit\Models\UserTest.php" line="67" class="Tests\Unit\Models\UserTest" classname="Tests.Unit.Models.UserTest" assertions="4" time="0.101412"/>
        <testcase name="user_has_emprendimientos_relationship" file="D:\Ciclo7\github-project\capachica-project\turismo-backend\tests\Unit\Models\UserTest.php" line="83" class="Tests\Unit\Models\UserTest" classname="Tests.Unit.Models.UserTest" assertions="2" time="0.127538"/>
        <testcase name="user_can_check_if_administra_emprendimientos" file="D:\Ciclo7\github-project\capachica-project\turismo-backend\tests\Unit\Models\UserTest.php" line="98" class="Tests\Unit\Models\UserTest" classname="Tests.Unit.Models.UserTest" assertions="2" time="0.238498"/>
        <testcase name="user_has_planes_creados_relationship" file="D:\Ciclo7\github-project\capachica-project\turismo-backend\tests\Unit\Models\UserTest.php" line="114" class="Tests\Unit\Models\UserTest" classname="Tests.Unit.Models.UserTest" assertions="0" time="0.134694">
          <error type="Illuminate\Database\QueryException">Tests\Unit\Models\UserTest::user_has_planes_creados_relationship&#13;
Illuminate\Database\QueryException: SQLSTATE[23514]: Check violation: 7 ERROR:  el nuevo registro para la relación «plans» viola la restricción «check» «plans_estado_check»
DETAIL:  La fila que falla contiene (68, Descubrimiento Cultural Intensivo, Sumérgete en las tradiciones ancestrales de Capachica con activ..., 12, t, borrador, 184, 2025-07-01 00:10:17, 2025-07-01 00:10:17, 1, Equipos de seguridad, instructor certificado, snacks energético..., plans/82b97785-6088-39d3-816f-68accbf24a12.jpg, ["plans\/gallery\/ec3a484d-b2a7-315f-a46e-e6191b73f456.jpg","pla..., 208, 737.89, moderado, Experiencia previa no necesaria, apto para principiantes, Documentos en bolsa impermeable, medicamentos personales, dinero...). (Connection: pgsql, SQL: insert into "plans" ("nombre", "descripcion", "que_incluye", "capacidad", "duracion_dias", "es_publico", "estado", "creado_por_usuario_id", "emprendedor_id", "precio_total", "dificultad", "requerimientos", "que_llevar", "imagen_principal", "imagenes_galeria", "updated_at", "created_at") values (Descubrimiento Cultural Intensivo, Sumérgete en las tradiciones ancestrales de Capachica con actividades auténticas y encuentros comunitarios. Nisi id sit aliquid est quod consequatur autem repellat., Equipos de seguridad, instructor certificado, snacks energéticos, fotos profesionales, 12, 1, 1, borrador, 184, 208, 737.89, moderado, Experiencia previa no necesaria, apto para principiantes, Documentos en bolsa impermeable, medicamentos personales, dinero en efectivo, plans/82b97785-6088-39d3-816f-68accbf24a12.jpg, ["plans\/gallery\/ec3a484d-b2a7-315f-a46e-e6191b73f456.jpg","plans\/gallery\/94b94c1e-e83b-3d5d-9125-b1a16b052eea.jpg","plans\/gallery\/f491185a-e714-3acf-9c6a-586665a95b58.jpg"], 2025-07-01 00:10:17, 2025-07-01 00:10:17) returning "id")
&#13;
D:\Ciclo7\github-project\capachica-project\turismo-backend\vendor\laravel\framework\src\Illuminate\Database\Connection.php:822
D:\Ciclo7\github-project\capachica-project\turismo-backend\vendor\laravel\framework\src\Illuminate\Database\Connection.php:776
D:\Ciclo7\github-project\capachica-project\turismo-backend\vendor\laravel\framework\src\Illuminate\Database\Connection.php:395
D:\Ciclo7\github-project\capachica-project\turismo-backend\vendor\laravel\framework\src\Illuminate\Database\Connection.php:382
D:\Ciclo7\github-project\capachica-project\turismo-backend\vendor\laravel\framework\src\Illuminate\Database\Query\Processors\PostgresProcessor.php:24
D:\Ciclo7\github-project\capachica-project\turismo-backend\vendor\laravel\framework\src\Illuminate\Database\Query\Builder.php:3769
D:\Ciclo7\github-project\capachica-project\turismo-backend\vendor\laravel\framework\src\Illuminate\Database\Eloquent\Builder.php:2208
D:\Ciclo7\github-project\capachica-project\turismo-backend\vendor\laravel\framework\src\Illuminate\Database\Eloquent\Model.php:1408
D:\Ciclo7\github-project\capachica-project\turismo-backend\vendor\laravel\framework\src\Illuminate\Database\Eloquent\Model.php:1373
D:\Ciclo7\github-project\capachica-project\turismo-backend\vendor\laravel\framework\src\Illuminate\Database\Eloquent\Model.php:1212
D:\Ciclo7\github-project\capachica-project\turismo-backend\vendor\laravel\framework\src\Illuminate\Database\Eloquent\Factories\Factory.php:351
D:\Ciclo7\github-project\capachica-project\turismo-backend\vendor\laravel\framework\src\Illuminate\Collections\Traits\EnumeratesValues.php:274
D:\Ciclo7\github-project\capachica-project\turismo-backend\vendor\laravel\framework\src\Illuminate\Database\Eloquent\Factories\Factory.php:346
D:\Ciclo7\github-project\capachica-project\turismo-backend\vendor\laravel\framework\src\Illuminate\Database\Eloquent\Factories\Factory.php:302
D:\Ciclo7\github-project\capachica-project\turismo-backend\vendor\laravel\framework\src\Illuminate\Database\Eloquent\Factories\Factory.php:296
D:\Ciclo7\github-project\capachica-project\turismo-backend\tests\Unit\Models\UserTest.php:117</error>
        </testcase>
        <testcase name="user_has_inscripciones_relationship" file="D:\Ciclo7\github-project\capachica-project\turismo-backend\tests\Unit\Models\UserTest.php" line="123" class="Tests\Unit\Models\UserTest" classname="Tests.Unit.Models.UserTest" assertions="1" time="0.140726"/>
        <testcase name="user_has_planes_inscritos_relationship" file="D:\Ciclo7\github-project\capachica-project\turismo-backend\tests\Unit\Models\UserTest.php" line="132" class="Tests\Unit\Models\UserTest" classname="Tests.Unit.Models.UserTest" assertions="1" time="0.146777"/>
        <testcase name="user_can_get_inscripciones_activas" file="D:\Ciclo7\github-project\capachica-project\turismo-backend\tests\Unit\Models\UserTest.php" line="147" class="Tests\Unit\Models\UserTest" classname="Tests.Unit.Models.UserTest" assertions="0" time="0.168446">
          <error type="Illuminate\Database\QueryException">Tests\Unit\Models\UserTest::user_can_get_inscripciones_activas&#13;
Illuminate\Database\QueryException: SQLSTATE[23514]: Check violation: 7 ERROR:  el nuevo registro para la relación «plan_inscripciones» viola la restricción «check» «plan_inscripciones_estado_check»
DETAIL:  La fila que falla contiene (23, 72, 189, en_progreso, null, 2025-07-01 00:10:18, 2025-07-01 00:10:18, 2025-06-09 15:24:36, 2025-06-26 23:46:22, 2025-07-05 03:25:09, At deleniti eaque molestiae dolorem nostrum ut ut., null, 4, 82.72, plin, null). (Connection: pgsql, SQL: insert into "plan_inscripciones" ("plan_id", "user_id", "estado", "notas", "fecha_inscripcion", "fecha_inicio_plan", "fecha_fin_plan", "notas_usuario", "requerimientos_especiales", "numero_participantes", "precio_pagado", "metodo_pago", "comentarios_adicionales", "updated_at", "created_at") values (72, 189, en_progreso, ?, 2025-06-09 15:24:36, 2025-06-26 23:46:22, 2025-07-05 03:25:09, At deleniti eaque molestiae dolorem nostrum ut ut., ?, 4, 82.72, plin, ?, 2025-07-01 00:10:18, 2025-07-01 00:10:18) returning "id")
&#13;
D:\Ciclo7\github-project\capachica-project\turismo-backend\vendor\laravel\framework\src\Illuminate\Database\Connection.php:822
D:\Ciclo7\github-project\capachica-project\turismo-backend\vendor\laravel\framework\src\Illuminate\Database\Connection.php:776
D:\Ciclo7\github-project\capachica-project\turismo-backend\vendor\laravel\framework\src\Illuminate\Database\Connection.php:395
D:\Ciclo7\github-project\capachica-project\turismo-backend\vendor\laravel\framework\src\Illuminate\Database\Connection.php:382
D:\Ciclo7\github-project\capachica-project\turismo-backend\vendor\laravel\framework\src\Illuminate\Database\Query\Processors\PostgresProcessor.php:24
D:\Ciclo7\github-project\capachica-project\turismo-backend\vendor\laravel\framework\src\Illuminate\Database\Query\Builder.php:3769
D:\Ciclo7\github-project\capachica-project\turismo-backend\vendor\laravel\framework\src\Illuminate\Database\Eloquent\Builder.php:2208
D:\Ciclo7\github-project\capachica-project\turismo-backend\vendor\laravel\framework\src\Illuminate\Database\Eloquent\Model.php:1408
D:\Ciclo7\github-project\capachica-project\turismo-backend\vendor\laravel\framework\src\Illuminate\Database\Eloquent\Model.php:1373
D:\Ciclo7\github-project\capachica-project\turismo-backend\vendor\laravel\framework\src\Illuminate\Database\Eloquent\Model.php:1212
D:\Ciclo7\github-project\capachica-project\turismo-backend\vendor\laravel\framework\src\Illuminate\Database\Eloquent\Factories\Factory.php:351
D:\Ciclo7\github-project\capachica-project\turismo-backend\vendor\laravel\framework\src\Illuminate\Collections\Traits\EnumeratesValues.php:274
D:\Ciclo7\github-project\capachica-project\turismo-backend\vendor\laravel\framework\src\Illuminate\Database\Eloquent\Factories\Factory.php:346
D:\Ciclo7\github-project\capachica-project\turismo-backend\vendor\laravel\framework\src\Illuminate\Database\Eloquent\Factories\Factory.php:302
D:\Ciclo7\github-project\capachica-project\turismo-backend\vendor\laravel\framework\src\Illuminate\Database\Eloquent\Factories\Factory.php:296
D:\Ciclo7\github-project\capachica-project\turismo-backend\tests\Unit\Models\UserTest.php:152</error>
        </testcase>
        <testcase name="user_can_get_inscripciones_pendientes" file="D:\Ciclo7\github-project\capachica-project\turismo-backend\tests\Unit\Models\UserTest.php" line="164" class="Tests\Unit\Models\UserTest" classname="Tests.Unit.Models.UserTest" assertions="0" time="0.172185">
          <error type="Illuminate\Database\QueryException">Tests\Unit\Models\UserTest::user_can_get_inscripciones_pendientes&#13;
Illuminate\Database\QueryException: SQLSTATE[23514]: Check violation: 7 ERROR:  el nuevo registro para la relación «plans» viola la restricción «check» «plans_estado_check»
DETAIL:  La fila que falla contiene (74, Circuito Artesanal Tradicional, Sumérgete en las tradiciones ancestrales de Capachica con activ..., 15, t, borrador, 194, 2025-07-01 00:10:18, 2025-07-01 00:10:18, 2, Hospedaje 3 noches, todas las comidas, actividades familiares, t..., plans/4289c535-4a32-300d-9553-b28d5b16314b.jpg, ["plans\/gallery\/6df59c54-82a6-322b-bb1e-249674272655.jpg","pla..., 214, 464.17, facil, Edad mínima 12 años, condición física básica, no apto para ..., Libreta de notas, materiales de arte, ropa cómoda, gorro de lan...). (Connection: pgsql, SQL: insert into "plans" ("nombre", "descripcion", "que_incluye", "capacidad", "duracion_dias", "es_publico", "estado", "creado_por_usuario_id", "emprendedor_id", "precio_total", "dificultad", "requerimientos", "que_llevar", "imagen_principal", "imagenes_galeria", "updated_at", "created_at") values (Circuito Artesanal Tradicional, Sumérgete en las tradiciones ancestrales de Capachica con actividades auténticas y encuentros comunitarios. Eligendi blanditiis quo soluta sit aut soluta quas deserunt esse sit repudiandae amet neque soluta., Hospedaje 3 noches, todas las comidas, actividades familiares, transporte local, 15, 2, 1, borrador, 194, 214, 464.17, facil, Edad mínima 12 años, condición física básica, no apto para embarazadas, Libreta de notas, materiales de arte, ropa cómoda, gorro de lana, plans/4289c535-4a32-300d-9553-b28d5b16314b.jpg, ["plans\/gallery\/6df59c54-82a6-322b-bb1e-249674272655.jpg","plans\/gallery\/0f52f1d7-3daf-333b-bdc6-a0518f0f0c6c.jpg","plans\/gallery\/4951d36a-332e-36cc-9a4f-75d17908ab33.jpg"], 2025-07-01 00:10:18, 2025-07-01 00:10:18) returning "id")
&#13;
D:\Ciclo7\github-project\capachica-project\turismo-backend\vendor\laravel\framework\src\Illuminate\Database\Connection.php:822
D:\Ciclo7\github-project\capachica-project\turismo-backend\vendor\laravel\framework\src\Illuminate\Database\Connection.php:776
D:\Ciclo7\github-project\capachica-project\turismo-backend\vendor\laravel\framework\src\Illuminate\Database\Connection.php:395
D:\Ciclo7\github-project\capachica-project\turismo-backend\vendor\laravel\framework\src\Illuminate\Database\Connection.php:382
D:\Ciclo7\github-project\capachica-project\turismo-backend\vendor\laravel\framework\src\Illuminate\Database\Query\Processors\PostgresProcessor.php:24
D:\Ciclo7\github-project\capachica-project\turismo-backend\vendor\laravel\framework\src\Illuminate\Database\Query\Builder.php:3769
D:\Ciclo7\github-project\capachica-project\turismo-backend\vendor\laravel\framework\src\Illuminate\Database\Eloquent\Builder.php:2208
D:\Ciclo7\github-project\capachica-project\turismo-backend\vendor\laravel\framework\src\Illuminate\Database\Eloquent\Model.php:1408
D:\Ciclo7\github-project\capachica-project\turismo-backend\vendor\laravel\framework\src\Illuminate\Database\Eloquent\Model.php:1373
D:\Ciclo7\github-project\capachica-project\turismo-backend\vendor\laravel\framework\src\Illuminate\Database\Eloquent\Model.php:1212
D:\Ciclo7\github-project\capachica-project\turismo-backend\vendor\laravel\framework\src\Illuminate\Database\Eloquent\Factories\Factory.php:351
D:\Ciclo7\github-project\capachica-project\turismo-backend\vendor\laravel\framework\src\Illuminate\Collections\Traits\EnumeratesValues.php:274
D:\Ciclo7\github-project\capachica-project\turismo-backend\vendor\laravel\framework\src\Illuminate\Database\Eloquent\Factories\Factory.php:346
D:\Ciclo7\github-project\capachica-project\turismo-backend\vendor\laravel\framework\src\Illuminate\Database\Eloquent\Factories\Factory.php:302
D:\Ciclo7\github-project\capachica-project\turismo-backend\vendor\laravel\framework\src\Illuminate\Database\Eloquent\Factories\Factory.php:497
D:\Ciclo7\github-project\capachica-project\turismo-backend\vendor\laravel\framework\src\Illuminate\Collections\Arr.php:609
D:\Ciclo7\github-project\capachica-project\turismo-backend\vendor\laravel\framework\src\Illuminate\Collections\Collection.php:800
D:\Ciclo7\github-project\capachica-project\turismo-backend\vendor\laravel\framework\src\Illuminate\Database\Eloquent\Factories\Factory.php:492
D:\Ciclo7\github-project\capachica-project\turismo-backend\vendor\laravel\framework\src\Illuminate\Database\Eloquent\Factories\Factory.php:446
D:\Ciclo7\github-project\capachica-project\turismo-backend\vendor\laravel\framework\src\Illuminate\Database\Eloquent\Factories\Factory.php:430
D:\Ciclo7\github-project\capachica-project\turismo-backend\vendor\laravel\framework\src\Illuminate\Database\Eloquent\Concerns\GuardsAttributes.php:155
D:\Ciclo7\github-project\capachica-project\turismo-backend\vendor\laravel\framework\src\Illuminate\Database\Eloquent\Factories\Factory.php:429
D:\Ciclo7\github-project\capachica-project\turismo-backend\vendor\laravel\framework\src\Illuminate\Database\Eloquent\Factories\Factory.php:403
D:\Ciclo7\github-project\capachica-project\turismo-backend\vendor\laravel\framework\src\Illuminate\Database\Eloquent\Factories\Factory.php:299
D:\Ciclo7\github-project\capachica-project\turismo-backend\vendor\laravel\framework\src\Illuminate\Database\Eloquent\Factories\Factory.php:296
D:\Ciclo7\github-project\capachica-project\turismo-backend\tests\Unit\Models\UserTest.php:169</error>
        </testcase>
        <testcase name="user_can_get_proximas_inscripciones" file="D:\Ciclo7\github-project\capachica-project\turismo-backend\tests\Unit\Models\UserTest.php" line="179" class="Tests\Unit\Models\UserTest" classname="Tests.Unit.Models.UserTest" assertions="0" time="0.283518">
          <error type="TypeError">Tests\Unit\Models\UserTest::user_can_get_proximas_inscripciones&#13;
TypeError: PHPUnit\Framework\Assert::assertCount(): Argument #2 ($haystack) must be of type Countable|Traversable|array, Illuminate\Database\Eloquent\Relations\HasMany given, called in D:\Ciclo7\github-project\capachica-project\turismo-backend\tests\Unit\Models\UserTest.php on line 197
&#13;
D:\Ciclo7\github-project\capachica-project\turismo-backend\tests\Unit\Models\UserTest.php:197</error>
        </testcase>
        <testcase name="user_can_get_inscripciones_en_progreso" file="D:\Ciclo7\github-project\capachica-project\turismo-backend\tests\Unit\Models\UserTest.php" line="203" class="Tests\Unit\Models\UserTest" classname="Tests.Unit.Models.UserTest" assertions="3" time="0.168150"/>
        <testcase name="user_can_check_if_puede_gestionar_plan" file="D:\Ciclo7\github-project\capachica-project\turismo-backend\tests\Unit\Models\UserTest.php" line="229" class="Tests\Unit\Models\UserTest" classname="Tests.Unit.Models.UserTest" assertions="2" time="0.149752"/>
        <testcase name="admin_user_can_gestionar_any_plan" file="D:\Ciclo7\github-project\capachica-project\turismo-backend\tests\Unit\Models\UserTest.php" line="241" class="Tests\Unit\Models\UserTest" classname="Tests.Unit.Models.UserTest" assertions="1" time="0.146282"/>
        <testcase name="user_gets_estadisticas_planes_correctly" file="D:\Ciclo7\github-project\capachica-project\turismo-backend\tests\Unit\Models\UserTest.php" line="252" class="Tests\Unit\Models\UserTest" classname="Tests.Unit.Models.UserTest" assertions="0" time="0.153557">
          <error type="Illuminate\Database\QueryException">Tests\Unit\Models\UserTest::user_gets_estadisticas_planes_correctly&#13;
Illuminate\Database\QueryException: SQLSTATE[23514]: Check violation: 7 ERROR:  el nuevo registro para la relación «plans» viola la restricción «check» «plans_estado_check»
DETAIL:  La fila que falla contiene (82, Aventura Acuática Premium, Descubre la magia del Lago Titicaca en este plan completo que co..., 19, t, borrador, 205, 2025-07-01 00:10:19, 2025-07-01 00:10:19, 4, Guía bilingüe, entrada a sitios arqueológicos, kit de primero..., plans/c46b3058-07c2-3e20-bb95-afa28904bca0.jpg, ["plans\/gallery\/a0f230e6-e47f-3199-9b6a-6f3fed100ddb.jpg","pla..., 222, 319.08, moderado, Autorización parental para menores, seguro médico vigente, Zapatos antideslizantes, mochila pequeña, botella de agua, snac...). (Connection: pgsql, SQL: insert into "plans" ("nombre", "descripcion", "que_incluye", "capacidad", "duracion_dias", "es_publico", "estado", "creado_por_usuario_id", "emprendedor_id", "precio_total", "dificultad", "requerimientos", "que_llevar", "imagen_principal", "imagenes_galeria", "updated_at", "created_at") values (Aventura Acuática Premium, Descubre la magia del Lago Titicaca en este plan completo que combina aventura, cultura y gastronomía local. Ut molestiae dolor deleniti dolor qui dolorum pariatur vel neque unde libero repellat est possimus quia ea., Guía bilingüe, entrada a sitios arqueológicos, kit de primeros auxilios, seguro de viaje, 19, 4, 1, borrador, 205, 222, 319.08, moderado, Autorización parental para menores, seguro médico vigente, Zapatos antideslizantes, mochila pequeña, botella de agua, snacks personales, plans/c46b3058-07c2-3e20-bb95-afa28904bca0.jpg, ["plans\/gallery\/a0f230e6-e47f-3199-9b6a-6f3fed100ddb.jpg","plans\/gallery\/e5703c1f-4b14-3a3e-b22e-afcc7c895928.jpg"], 2025-07-01 00:10:19, 2025-07-01 00:10:19) returning "id")
&#13;
D:\Ciclo7\github-project\capachica-project\turismo-backend\vendor\laravel\framework\src\Illuminate\Database\Connection.php:822
D:\Ciclo7\github-project\capachica-project\turismo-backend\vendor\laravel\framework\src\Illuminate\Database\Connection.php:776
D:\Ciclo7\github-project\capachica-project\turismo-backend\vendor\laravel\framework\src\Illuminate\Database\Connection.php:395
D:\Ciclo7\github-project\capachica-project\turismo-backend\vendor\laravel\framework\src\Illuminate\Database\Connection.php:382
D:\Ciclo7\github-project\capachica-project\turismo-backend\vendor\laravel\framework\src\Illuminate\Database\Query\Processors\PostgresProcessor.php:24
D:\Ciclo7\github-project\capachica-project\turismo-backend\vendor\laravel\framework\src\Illuminate\Database\Query\Builder.php:3769
D:\Ciclo7\github-project\capachica-project\turismo-backend\vendor\laravel\framework\src\Illuminate\Database\Eloquent\Builder.php:2208
D:\Ciclo7\github-project\capachica-project\turismo-backend\vendor\laravel\framework\src\Illuminate\Database\Eloquent\Model.php:1408
D:\Ciclo7\github-project\capachica-project\turismo-backend\vendor\laravel\framework\src\Illuminate\Database\Eloquent\Model.php:1373
D:\Ciclo7\github-project\capachica-project\turismo-backend\vendor\laravel\framework\src\Illuminate\Database\Eloquent\Model.php:1212
D:\Ciclo7\github-project\capachica-project\turismo-backend\vendor\laravel\framework\src\Illuminate\Database\Eloquent\Factories\Factory.php:351
D:\Ciclo7\github-project\capachica-project\turismo-backend\vendor\laravel\framework\src\Illuminate\Collections\Traits\EnumeratesValues.php:274
D:\Ciclo7\github-project\capachica-project\turismo-backend\vendor\laravel\framework\src\Illuminate\Database\Eloquent\Factories\Factory.php:346
D:\Ciclo7\github-project\capachica-project\turismo-backend\vendor\laravel\framework\src\Illuminate\Database\Eloquent\Factories\Factory.php:306
D:\Ciclo7\github-project\capachica-project\turismo-backend\vendor\laravel\framework\src\Illuminate\Database\Eloquent\Factories\Factory.php:296
D:\Ciclo7\github-project\capachica-project\turismo-backend\tests\Unit\Models\UserTest.php:257</error>
        </testcase>
        <testcase name="user_can_check_tiene_inscripciones_proximas" file="D:\Ciclo7\github-project\capachica-project\turismo-backend\tests\Unit\Models\UserTest.php" line="273" class="Tests\Unit\Models\UserTest" classname="Tests.Unit.Models.UserTest" assertions="2" time="0.150767"/>
        <testcase name="user_can_check_tiene_inscripciones_en_progreso" file="D:\Ciclo7\github-project\capachica-project\turismo-backend\tests\Unit\Models\UserTest.php" line="287" class="Tests\Unit\Models\UserTest" classname="Tests.Unit.Models.UserTest" assertions="1" time="0.141269"/>
        <testcase name="user_gets_foto_perfil_url_correctly" file="D:\Ciclo7\github-project\capachica-project\turismo-backend\tests\Unit\Models\UserTest.php" line="302" class="Tests\Unit\Models\UserTest" classname="Tests.Unit.Models.UserTest" assertions="1" time="0.112081">
          <error type="Illuminate\Database\QueryException">Tests\Unit\Models\UserTest::user_gets_foto_perfil_url_correctly&#13;
Illuminate\Database\QueryException: SQLSTATE[23502]: Not null violation: 7 ERROR:  el valor nulo en la columna «password» de la relación «users» viola la restricción de no nulo
DETAIL:  La fila que falla contiene (211, Jessyca Schuster MD, stuart.walsh@example.com, 2025-07-01 00:10:19, null, T79SqOZlZq, 2025-07-01 00:10:19, 2025-07-01 00:10:19, Perú, 1997-02-28, 964 Hane Fall Suite 091
Ernamouth, FL 89479, masculino, +1.281.377.0201, es, t, null, null, 5d719afe-f7a1-3a36-bd8a-23f9db942a8b, https://example.com/avatar.jpg). (Connection: pgsql, SQL: insert into "users" ("name", "email", "email_verified_at", "password", "phone", "active", "foto_perfil", "google_id", "avatar", "country", "birth_date", "address", "gender", "preferred_language", "last_login", "remember_token", "updated_at", "created_at") values (Jessyca Schuster MD, stuart.walsh@example.com, 2025-07-01 00:10:19, ?, +1.281.377.0201, 1, ?, 5d719afe-f7a1-3a36-bd8a-23f9db942a8b, https://example.com/avatar.jpg, Perú, 1997-02-28 00:00:00, 964 Hane Fall Suite 091
Ernamouth, FL 89479, masculino, es, ?, T79SqOZlZq, 2025-07-01 00:10:19, 2025-07-01 00:10:19) returning "id")
&#13;
D:\Ciclo7\github-project\capachica-project\turismo-backend\vendor\laravel\framework\src\Illuminate\Database\Connection.php:822
D:\Ciclo7\github-project\capachica-project\turismo-backend\vendor\laravel\framework\src\Illuminate\Database\Connection.php:776
D:\Ciclo7\github-project\capachica-project\turismo-backend\vendor\laravel\framework\src\Illuminate\Database\Connection.php:395
D:\Ciclo7\github-project\capachica-project\turismo-backend\vendor\laravel\framework\src\Illuminate\Database\Connection.php:382
D:\Ciclo7\github-project\capachica-project\turismo-backend\vendor\laravel\framework\src\Illuminate\Database\Query\Processors\PostgresProcessor.php:24
D:\Ciclo7\github-project\capachica-project\turismo-backend\vendor\laravel\framework\src\Illuminate\Database\Query\Builder.php:3769
D:\Ciclo7\github-project\capachica-project\turismo-backend\vendor\laravel\framework\src\Illuminate\Database\Eloquent\Builder.php:2208
D:\Ciclo7\github-project\capachica-project\turismo-backend\vendor\laravel\framework\src\Illuminate\Database\Eloquent\Model.php:1408
D:\Ciclo7\github-project\capachica-project\turismo-backend\vendor\laravel\framework\src\Illuminate\Database\Eloquent\Model.php:1373
D:\Ciclo7\github-project\capachica-project\turismo-backend\vendor\laravel\framework\src\Illuminate\Database\Eloquent\Model.php:1212
D:\Ciclo7\github-project\capachica-project\turismo-backend\vendor\laravel\framework\src\Illuminate\Database\Eloquent\Factories\Factory.php:351
D:\Ciclo7\github-project\capachica-project\turismo-backend\vendor\laravel\framework\src\Illuminate\Collections\Traits\EnumeratesValues.php:274
D:\Ciclo7\github-project\capachica-project\turismo-backend\vendor\laravel\framework\src\Illuminate\Database\Eloquent\Factories\Factory.php:346
D:\Ciclo7\github-project\capachica-project\turismo-backend\vendor\laravel\framework\src\Illuminate\Database\Eloquent\Factories\Factory.php:302
D:\Ciclo7\github-project\capachica-project\turismo-backend\vendor\laravel\framework\src\Illuminate\Database\Eloquent\Factories\Factory.php:296
D:\Ciclo7\github-project\capachica-project\turismo-backend\tests\Unit\Models\UserTest.php:312</error>
        </testcase>
        <testcase name="user_can_check_registered_with_google" file="D:\Ciclo7\github-project\capachica-project\turismo-backend\tests\Unit\Models\UserTest.php" line="328" class="Tests\Unit\Models\UserTest" classname="Tests.Unit.Models.UserTest" assertions="0" time="0.111239">
          <error type="Illuminate\Database\QueryException">Tests\Unit\Models\UserTest::user_can_check_registered_with_google&#13;
Illuminate\Database\QueryException: SQLSTATE[23502]: Not null violation: 7 ERROR:  el valor nulo en la columna «password» de la relación «users» viola la restricción de no nulo
DETAIL:  La fila que falla contiene (213, Rahsaan Reichert Sr., epollich@example.net, 2025-07-01 00:10:19, null, VmeyUusp1i, 2025-07-01 00:10:19, 2025-07-01 00:10:19, Perú, 1990-01-14, 72270 Erich Canyon Suite 080
Angelitatown, VT 46972-8536, femenino, +1.469.683.9721, qu, t, 2025-06-12 05:16:58, null, 9bcca47c-753d-3789-8906-e22a150089ac, https://via.placeholder.com/200x200.png/00eebb?text=people+moles...). (Connection: pgsql, SQL: insert into "users" ("name", "email", "email_verified_at", "password", "phone", "active", "foto_perfil", "google_id", "avatar", "country", "birth_date", "address", "gender", "preferred_language", "last_login", "remember_token", "updated_at", "created_at") values (Rahsaan Reichert Sr., epollich@example.net, 2025-07-01 00:10:19, ?, +1.469.683.9721, 1, ?, 9bcca47c-753d-3789-8906-e22a150089ac, https://via.placeholder.com/200x200.png/00eebb?text=people+molestiae, Perú, 1990-01-14 00:00:00, 72270 Erich Canyon Suite 080
Angelitatown, VT 46972-8536, femenino, qu, 2025-06-12 05:16:58, VmeyUusp1i, 2025-07-01 00:10:19, 2025-07-01 00:10:19) returning "id")
&#13;
D:\Ciclo7\github-project\capachica-project\turismo-backend\vendor\laravel\framework\src\Illuminate\Database\Connection.php:822
D:\Ciclo7\github-project\capachica-project\turismo-backend\vendor\laravel\framework\src\Illuminate\Database\Connection.php:776
D:\Ciclo7\github-project\capachica-project\turismo-backend\vendor\laravel\framework\src\Illuminate\Database\Connection.php:395
D:\Ciclo7\github-project\capachica-project\turismo-backend\vendor\laravel\framework\src\Illuminate\Database\Connection.php:382
D:\Ciclo7\github-project\capachica-project\turismo-backend\vendor\laravel\framework\src\Illuminate\Database\Query\Processors\PostgresProcessor.php:24
D:\Ciclo7\github-project\capachica-project\turismo-backend\vendor\laravel\framework\src\Illuminate\Database\Query\Builder.php:3769
D:\Ciclo7\github-project\capachica-project\turismo-backend\vendor\laravel\framework\src\Illuminate\Database\Eloquent\Builder.php:2208
D:\Ciclo7\github-project\capachica-project\turismo-backend\vendor\laravel\framework\src\Illuminate\Database\Eloquent\Model.php:1408
D:\Ciclo7\github-project\capachica-project\turismo-backend\vendor\laravel\framework\src\Illuminate\Database\Eloquent\Model.php:1373
D:\Ciclo7\github-project\capachica-project\turismo-backend\vendor\laravel\framework\src\Illuminate\Database\Eloquent\Model.php:1212
D:\Ciclo7\github-project\capachica-project\turismo-backend\vendor\laravel\framework\src\Illuminate\Database\Eloquent\Factories\Factory.php:351
D:\Ciclo7\github-project\capachica-project\turismo-backend\vendor\laravel\framework\src\Illuminate\Collections\Traits\EnumeratesValues.php:274
D:\Ciclo7\github-project\capachica-project\turismo-backend\vendor\laravel\framework\src\Illuminate\Database\Eloquent\Factories\Factory.php:346
D:\Ciclo7\github-project\capachica-project\turismo-backend\vendor\laravel\framework\src\Illuminate\Database\Eloquent\Factories\Factory.php:302
D:\Ciclo7\github-project\capachica-project\turismo-backend\tests\Unit\Models\UserTest.php:331</error>
        </testcase>
      </testsuite>
      <testsuite name="Tests\Unit\Services\AsociacionesServiceTest" file="D:\Ciclo7\github-project\capachica-project\turismo-backend\tests\Unit\Services\AsociacionesServiceTest.php" tests="11" assertions="29" errors="0" failures="0" skipped="0" time="1.363420">
        <testcase name="puede_obtener_todas_las_asociaciones_paginadas" file="D:\Ciclo7\github-project\capachica-project\turismo-backend\tests\Unit\Services\AsociacionesServiceTest.php" line="35" class="Tests\Unit\Services\AsociacionesServiceTest" classname="Tests.Unit.Services.AsociacionesServiceTest" assertions="4" time="0.223057"/>
        <testcase name="puede_obtener_una_asociacion_por_id" file="D:\Ciclo7\github-project\capachica-project\turismo-backend\tests\Unit\Services\AsociacionesServiceTest.php" line="53" class="Tests\Unit\Services\AsociacionesServiceTest" classname="Tests.Unit.Services.AsociacionesServiceTest" assertions="3" time="0.105649"/>
        <testcase name="retorna_null_cuando_asociacion_no_existe" file="D:\Ciclo7\github-project\capachica-project\turismo-backend\tests\Unit\Services\AsociacionesServiceTest.php" line="70" class="Tests\Unit\Services\AsociacionesServiceTest" classname="Tests.Unit.Services.AsociacionesServiceTest" assertions="1" time="0.089707"/>
        <testcase name="puede_obtener_asociacion_con_emprendedores" file="D:\Ciclo7\github-project\capachica-project\turismo-backend\tests\Unit\Services\AsociacionesServiceTest.php" line="80" class="Tests\Unit\Services\AsociacionesServiceTest" classname="Tests.Unit.Services.AsociacionesServiceTest" assertions="3" time="0.116858"/>
        <testcase name="puede_crear_nueva_asociacion_sin_imagen" file="D:\Ciclo7\github-project\capachica-project\turismo-backend\tests\Unit\Services\AsociacionesServiceTest.php" line="101" class="Tests\Unit\Services\AsociacionesServiceTest" classname="Tests.Unit.Services.AsociacionesServiceTest" assertions="4" time="0.099264"/>
        <testcase name="puede_actualizar_asociacion_existente" file="D:\Ciclo7\github-project\capachica-project\turismo-backend\tests\Unit\Services\AsociacionesServiceTest.php" line="129" class="Tests\Unit\Services\AsociacionesServiceTest" classname="Tests.Unit.Services.AsociacionesServiceTest" assertions="5" time="0.105694"/>
        <testcase name="retorna_null_al_actualizar_asociacion_inexistente" file="D:\Ciclo7\github-project\capachica-project\turismo-backend\tests\Unit\Services\AsociacionesServiceTest.php" line="158" class="Tests\Unit\Services\AsociacionesServiceTest" classname="Tests.Unit.Services.AsociacionesServiceTest" assertions="1" time="0.090388"/>
        <testcase name="puede_eliminar_asociacion_existente" file="D:\Ciclo7\github-project\capachica-project\turismo-backend\tests\Unit\Services\AsociacionesServiceTest.php" line="171" class="Tests\Unit\Services\AsociacionesServiceTest" classname="Tests.Unit.Services.AsociacionesServiceTest" assertions="2" time="0.111250"/>
        <testcase name="retorna_false_al_eliminar_asociacion_inexistente" file="D:\Ciclo7\github-project\capachica-project\turismo-backend\tests\Unit\Services\AsociacionesServiceTest.php" line="189" class="Tests\Unit\Services\AsociacionesServiceTest" classname="Tests.Unit.Services.AsociacionesServiceTest" assertions="1" time="0.092703"/>
        <testcase name="puede_obtener_asociaciones_por_municipalidad" file="D:\Ciclo7\github-project\capachica-project\turismo-backend\tests\Unit\Services\AsociacionesServiceTest.php" line="199" class="Tests\Unit\Services\AsociacionesServiceTest" classname="Tests.Unit.Services.AsociacionesServiceTest" assertions="4" time="0.112418"/>
        <testcase name="maneja_excepcion_en_creacion" file="D:\Ciclo7\github-project\capachica-project\turismo-backend\tests\Unit\Services\AsociacionesServiceTest.php" line="226" class="Tests\Unit\Services\AsociacionesServiceTest" classname="Tests.Unit.Services.AsociacionesServiceTest" assertions="1" time="0.216432"/>
      </testsuite>
      <testsuite name="Tests\Unit\Services\AuthServiceTest" file="D:\Ciclo7\github-project\capachica-project\turismo-backend\tests\Unit\Services\AuthServiceTest.php" tests="20" assertions="48" errors="0" failures="1" skipped="0" time="3.224031">
        <testcase name="register_creates_new_user_successfully" file="D:\Ciclo7\github-project\capachica-project\turismo-backend\tests\Unit\Services\AuthServiceTest.php" line="46" class="Tests\Unit\Services\AuthServiceTest" classname="Tests.Unit.Services.AuthServiceTest" assertions="7" time="0.188838"/>
        <testcase name="register_with_profile_photo_stores_file" file="D:\Ciclo7\github-project\capachica-project\turismo-backend\tests\Unit\Services\AuthServiceTest.php" line="73" class="Tests\Unit\Services\AuthServiceTest" classname="Tests.Unit.Services.AuthServiceTest" assertions="2" time="0.128822"/>
        <testcase name="login_returns_user_data_on_success" file="D:\Ciclo7\github-project\capachica-project\turismo-backend\tests\Unit\Services\AuthServiceTest.php" line="90" class="Tests\Unit\Services\AuthServiceTest" classname="Tests.Unit.Services.AuthServiceTest" assertions="7" time="0.252702"/>
        <testcase name="login_returns_null_with_invalid_credentials" file="D:\Ciclo7\github-project\capachica-project\turismo-backend\tests\Unit\Services\AuthServiceTest.php" line="111" class="Tests\Unit\Services\AuthServiceTest" classname="Tests.Unit.Services.AuthServiceTest" assertions="1" time="0.317111"/>
        <testcase name="login_returns_error_for_inactive_user" file="D:\Ciclo7\github-project\capachica-project\turismo-backend\tests\Unit\Services\AuthServiceTest.php" line="124" class="Tests\Unit\Services\AuthServiceTest" classname="Tests.Unit.Services.AuthServiceTest" assertions="3" time="0.117982"/>
        <testcase name="login_updates_last_login_timestamp" file="D:\Ciclo7\github-project\capachica-project\turismo-backend\tests\Unit\Services\AuthServiceTest.php" line="140" class="Tests\Unit\Services\AuthServiceTest" classname="Tests.Unit.Services.AuthServiceTest" assertions="1" time="0.136478"/>
        <testcase name="login_deletes_previous_tokens" file="D:\Ciclo7\github-project\capachica-project\turismo-backend\tests\Unit\Services\AuthServiceTest.php" line="157" class="Tests\Unit\Services\AuthServiceTest" classname="Tests.Unit.Services.AuthServiceTest" assertions="3" time="0.128663"/>
        <testcase name="update_profile_updates_user_data" file="D:\Ciclo7\github-project\capachica-project\turismo-backend\tests\Unit\Services\AuthServiceTest.php" line="178" class="Tests\Unit\Services\AuthServiceTest" classname="Tests.Unit.Services.AuthServiceTest" assertions="3" time="0.110000"/>
        <testcase name="update_profile_with_password_hashes_it" file="D:\Ciclo7\github-project\capachica-project\turismo-backend\tests\Unit\Services\AuthServiceTest.php" line="199" class="Tests\Unit\Services\AuthServiceTest" classname="Tests.Unit.Services.AuthServiceTest" assertions="1" time="0.227369"/>
        <testcase name="update_profile_with_photo_stores_file" file="D:\Ciclo7\github-project\capachica-project\turismo-backend\tests\Unit\Services\AuthServiceTest.php" line="213" class="Tests\Unit\Services\AuthServiceTest" classname="Tests.Unit.Services.AuthServiceTest" assertions="2" time="0.124554"/>
        <testcase name="update_profile_deletes_old_photo_when_uploading_new_one" file="D:\Ciclo7\github-project\capachica-project\turismo-backend\tests\Unit\Services\AuthServiceTest.php" line="227" class="Tests\Unit\Services\AuthServiceTest" classname="Tests.Unit.Services.AuthServiceTest" assertions="2" time="0.117190"/>
        <testcase name="update_profile_marks_email_as_unverified_when_changing_email" file="D:\Ciclo7\github-project\capachica-project\turismo-backend\tests\Unit\Services\AuthServiceTest.php" line="246" class="Tests\Unit\Services\AuthServiceTest" classname="Tests.Unit.Services.AuthServiceTest" assertions="2" time="0.115724">
          <failure type="PHPUnit\Framework\ExpectationFailedException">Tests\Unit\Services\AuthServiceTest::update_profile_marks_email_as_unverified_when_changing_email&#13;
Failed asserting that Illuminate\Support\Carbon Object #9608 (
    'endOfTime' =&gt; false,
    'startOfTime' =&gt; false,
    'constructedObjectId' =&gt; '00000000000025880000000000000000',
    'clock' =&gt; null,
    'localMonthsOverflow' =&gt; null,
    'localYearsOverflow' =&gt; null,
    'localStrictModeEnabled' =&gt; null,
    'localHumanDiffOptions' =&gt; null,
    'localToStringFormat' =&gt; null,
    'localSerializer' =&gt; null,
    'localMacros' =&gt; null,
    'localGenericMacros' =&gt; null,
    'localFormatFunction' =&gt; null,
    'localTranslator' =&gt; null,
    'dumpProperties' =&gt; Array &amp;0 [
        0 =&gt; 'date',
        1 =&gt; 'timezone_type',
        2 =&gt; 'timezone',
    ],
    'dumpLocale' =&gt; null,
    'dumpDateProperties' =&gt; null,
    'date' =&gt; '2025-07-01 00:10:23.000000',
    'timezone_type' =&gt; 3,
    'timezone' =&gt; 'UTC',
) is null.
&#13;
D:\Ciclo7\github-project\capachica-project\turismo-backend\tests\Unit\Services\AuthServiceTest.php:258</failure>
        </testcase>
        <testcase name="send_password_reset_link_calls_password_facade" file="D:\Ciclo7\github-project\capachica-project\turismo-backend\tests\Unit\Services\AuthServiceTest.php" line="262" class="Tests\Unit\Services\AuthServiceTest" classname="Tests.Unit.Services.AuthServiceTest" assertions="2" time="0.226789"/>
        <testcase name="reset_password_calls_password_facade" file="D:\Ciclo7\github-project\capachica-project\turismo-backend\tests\Unit\Services\AuthServiceTest.php" line="275" class="Tests\Unit\Services\AuthServiceTest" classname="Tests.Unit.Services.AuthServiceTest" assertions="2" time="0.106068"/>
        <testcase name="verify_email_returns_false_with_invalid_hash" file="D:\Ciclo7\github-project\capachica-project\turismo-backend\tests\Unit\Services\AuthServiceTest.php" line="295" class="Tests\Unit\Services\AuthServiceTest" classname="Tests.Unit.Services.AuthServiceTest" assertions="1" time="0.107972"/>
        <testcase name="verify_email_returns_true_if_already_verified" file="D:\Ciclo7\github-project\capachica-project\turismo-backend\tests\Unit\Services\AuthServiceTest.php" line="305" class="Tests\Unit\Services\AuthServiceTest" classname="Tests.Unit.Services.AuthServiceTest" assertions="1" time="0.220810"/>
        <testcase name="verify_email_marks_email_as_verified" file="D:\Ciclo7\github-project\capachica-project\turismo-backend\tests\Unit\Services\AuthServiceTest.php" line="316" class="Tests\Unit\Services\AuthServiceTest" classname="Tests.Unit.Services.AuthServiceTest" assertions="3" time="0.216181"/>
        <testcase name="resend_verification_email_throws_exception_if_already_verified" file="D:\Ciclo7\github-project\capachica-project\turismo-backend\tests\Unit\Services\AuthServiceTest.php" line="330" class="Tests\Unit\Services\AuthServiceTest" classname="Tests.Unit.Services.AuthServiceTest" assertions="2" time="0.106041"/>
        <testcase name="resend_verification_email_sends_notification_for_unverified_user" file="D:\Ciclo7\github-project\capachica-project\turismo-backend\tests\Unit\Services\AuthServiceTest.php" line="341" class="Tests\Unit\Services\AuthServiceTest" classname="Tests.Unit.Services.AuthServiceTest" assertions="1" time="0.128624"/>
        <testcase name="handle_google_callback_returns_error_on_exception" file="D:\Ciclo7\github-project\capachica-project\turismo-backend\tests\Unit\Services\AuthServiceTest.php" line="352" class="Tests\Unit\Services\AuthServiceTest" classname="Tests.Unit.Services.AuthServiceTest" assertions="2" time="0.146112"/>
      </testsuite>
      <testsuite name="Tests\Unit\Services\CategoriaRepositoryTest" file="D:\Ciclo7\github-project\capachica-project\turismo-backend\tests\Unit\Services\CategoriaRepositoryTest.php" tests="19" assertions="47" errors="0" failures="0" skipped="0" time="3.066135">
        <testcase name="puede_obtener_todas_las_categorias" file="D:\Ciclo7\github-project\capachica-project\turismo-backend\tests\Unit\Services\CategoriaRepositoryTest.php" line="28" class="Tests\Unit\Services\CategoriaRepositoryTest" classname="Tests.Unit.Services.CategoriaRepositoryTest" assertions="2" time="0.145415"/>
        <testcase name="puede_obtener_categorias_paginadas" file="D:\Ciclo7\github-project\capachica-project\turismo-backend\tests\Unit\Services\CategoriaRepositoryTest.php" line="42" class="Tests\Unit\Services\CategoriaRepositoryTest" classname="Tests.Unit.Services.CategoriaRepositoryTest" assertions="4" time="0.125150"/>
        <testcase name="puede_obtener_una_categoria_por_id" file="D:\Ciclo7\github-project\capachica-project\turismo-backend\tests\Unit\Services\CategoriaRepositoryTest.php" line="58" class="Tests\Unit\Services\CategoriaRepositoryTest" classname="Tests.Unit.Services.CategoriaRepositoryTest" assertions="3" time="0.087587"/>
        <testcase name="retorna_null_cuando_categoria_no_existe" file="D:\Ciclo7\github-project\capachica-project\turismo-backend\tests\Unit\Services\CategoriaRepositoryTest.php" line="73" class="Tests\Unit\Services\CategoriaRepositoryTest" classname="Tests.Unit.Services.CategoriaRepositoryTest" assertions="1" time="0.086981"/>
        <testcase name="puede_obtener_categoria_con_servicios" file="D:\Ciclo7\github-project\capachica-project\turismo-backend\tests\Unit\Services\CategoriaRepositoryTest.php" line="83" class="Tests\Unit\Services\CategoriaRepositoryTest" classname="Tests.Unit.Services.CategoriaRepositoryTest" assertions="2" time="0.093275"/>
        <testcase name="retorna_null_al_obtener_categoria_con_servicios_inexistente" file="D:\Ciclo7\github-project\capachica-project\turismo-backend\tests\Unit\Services\CategoriaRepositoryTest.php" line="97" class="Tests\Unit\Services\CategoriaRepositoryTest" classname="Tests.Unit.Services.CategoriaRepositoryTest" assertions="1" time="0.085485"/>
        <testcase name="puede_crear_nueva_categoria" file="D:\Ciclo7\github-project\capachica-project\turismo-backend\tests\Unit\Services\CategoriaRepositoryTest.php" line="107" class="Tests\Unit\Services\CategoriaRepositoryTest" classname="Tests.Unit.Services.CategoriaRepositoryTest" assertions="5" time="0.088298"/>
        <testcase name="puede_crear_categoria_con_datos_minimos" file="D:\Ciclo7\github-project\capachica-project\turismo-backend\tests\Unit\Services\CategoriaRepositoryTest.php" line="128" class="Tests\Unit\Services\CategoriaRepositoryTest" classname="Tests.Unit.Services.CategoriaRepositoryTest" assertions="5" time="0.100230"/>
        <testcase name="puede_actualizar_categoria_existente" file="D:\Ciclo7\github-project\capachica-project\turismo-backend\tests\Unit\Services\CategoriaRepositoryTest.php" line="151" class="Tests\Unit\Services\CategoriaRepositoryTest" classname="Tests.Unit.Services.CategoriaRepositoryTest" assertions="2" time="0.095498"/>
        <testcase name="puede_actualizar_campos_individuales" file="D:\Ciclo7\github-project\capachica-project\turismo-backend\tests\Unit\Services\CategoriaRepositoryTest.php" line="170" class="Tests\Unit\Services\CategoriaRepositoryTest" classname="Tests.Unit.Services.CategoriaRepositoryTest" assertions="2" time="0.093383"/>
        <testcase name="retorna_false_al_actualizar_categoria_inexistente" file="D:\Ciclo7\github-project\capachica-project\turismo-backend\tests\Unit\Services\CategoriaRepositoryTest.php" line="196" class="Tests\Unit\Services\CategoriaRepositoryTest" classname="Tests.Unit.Services.CategoriaRepositoryTest" assertions="1" time="0.085730"/>
        <testcase name="puede_eliminar_categoria_existente" file="D:\Ciclo7\github-project\capachica-project\turismo-backend\tests\Unit\Services\CategoriaRepositoryTest.php" line="211" class="Tests\Unit\Services\CategoriaRepositoryTest" classname="Tests.Unit.Services.CategoriaRepositoryTest" assertions="2" time="0.095663"/>
        <testcase name="retorna_false_al_eliminar_categoria_inexistente" file="D:\Ciclo7\github-project\capachica-project\turismo-backend\tests\Unit\Services\CategoriaRepositoryTest.php" line="225" class="Tests\Unit\Services\CategoriaRepositoryTest" classname="Tests.Unit.Services.CategoriaRepositoryTest" assertions="1" time="0.083510"/>
        <testcase name="puede_obtener_categoria_con_servicios_relacionados" file="D:\Ciclo7\github-project\capachica-project\turismo-backend\tests\Unit\Services\CategoriaRepositoryTest.php" line="235" class="Tests\Unit\Services\CategoriaRepositoryTest" classname="Tests.Unit.Services.CategoriaRepositoryTest" assertions="3" time="0.152707"/>
        <testcase name="metodo_getAll_no_carga_relaciones_por_defecto" file="D:\Ciclo7\github-project\capachica-project\turismo-backend\tests\Unit\Services\CategoriaRepositoryTest.php" line="252" class="Tests\Unit\Services\CategoriaRepositoryTest" classname="Tests.Unit.Services.CategoriaRepositoryTest" assertions="1" time="0.127515"/>
        <testcase name="maneja_excepcion_en_creacion" file="D:\Ciclo7\github-project\capachica-project\turismo-backend\tests\Unit\Services\CategoriaRepositoryTest.php" line="267" class="Tests\Unit\Services\CategoriaRepositoryTest" classname="Tests.Unit.Services.CategoriaRepositoryTest" assertions="1" time="0.085278"/>
        <testcase name="puede_usar_paginacion_con_diferentes_tamaños" file="D:\Ciclo7\github-project\capachica-project\turismo-backend\tests\Unit\Services\CategoriaRepositoryTest.php" line="280" class="Tests\Unit\Services\CategoriaRepositoryTest" classname="Tests.Unit.Services.CategoriaRepositoryTest" assertions="6" time="0.145458"/>
        <testcase name="created_at_y_updated_at_se_manejan_automaticamente" file="D:\Ciclo7\github-project\capachica-project\turismo-backend\tests\Unit\Services\CategoriaRepositoryTest.php" line="301" class="Tests\Unit\Services\CategoriaRepositoryTest" classname="Tests.Unit.Services.CategoriaRepositoryTest" assertions="4" time="0.088297"/>
        <testcase name="updated_at_se_actualiza_en_modificacion" file="D:\Ciclo7\github-project\capachica-project\turismo-backend\tests\Unit\Services\CategoriaRepositoryTest.php" line="319" class="Tests\Unit\Services\CategoriaRepositoryTest" classname="Tests.Unit.Services.CategoriaRepositoryTest" assertions="1" time="1.200673"/>
      </testsuite>
      <testsuite name="Tests\Unit\Services\CategoriasServiceTest" file="D:\Ciclo7\github-project\capachica-project\turismo-backend\tests\Unit\Services\CategoriasServiceTest.php" tests="13" assertions="0" errors="13" failures="0" skipped="0" time="0.000000">
        <testcase name="puede_obtener_todas_las_categorias_paginadas" file="D:\Ciclo7\github-project\capachica-project\turismo-backend\tests\Unit\Services\CategoriasServiceTest.php" line="26" class="Tests\Unit\Services\CategoriasServiceTest" classname="Tests.Unit.Services.CategoriasServiceTest" assertions="0" time="0.000000">
          <error type="Error">Tests\Unit\Services\CategoriasServiceTest::puede_obtener_todas_las_categorias_paginadas&#13;
Error: Class "App\Services\CategoriasService" not found
&#13;
D:\Ciclo7\github-project\capachica-project\turismo-backend\tests\Unit\Services\CategoriasServiceTest.php:22</error>
        </testcase>
        <testcase name="puede_obtener_todas_las_categorias_sin_paginacion" file="D:\Ciclo7\github-project\capachica-project\turismo-backend\tests\Unit\Services\CategoriasServiceTest.php" line="42" class="Tests\Unit\Services\CategoriasServiceTest" classname="Tests.Unit.Services.CategoriasServiceTest" assertions="0" time="0.000000">
          <error type="Error">Tests\Unit\Services\CategoriasServiceTest::puede_obtener_todas_las_categorias_sin_paginacion&#13;
Error: Class "App\Services\CategoriasService" not found
&#13;
D:\Ciclo7\github-project\capachica-project\turismo-backend\tests\Unit\Services\CategoriasServiceTest.php:22</error>
        </testcase>
        <testcase name="puede_obtener_una_categoria_por_id" file="D:\Ciclo7\github-project\capachica-project\turismo-backend\tests\Unit\Services\CategoriasServiceTest.php" line="58" class="Tests\Unit\Services\CategoriasServiceTest" classname="Tests.Unit.Services.CategoriasServiceTest" assertions="0" time="0.000000">
          <error type="Error">Tests\Unit\Services\CategoriasServiceTest::puede_obtener_una_categoria_por_id&#13;
Error: Class "App\Services\CategoriasService" not found
&#13;
D:\Ciclo7\github-project\capachica-project\turismo-backend\tests\Unit\Services\CategoriasServiceTest.php:22</error>
        </testcase>
        <testcase name="retorna_null_cuando_categoria_no_existe" file="D:\Ciclo7\github-project\capachica-project\turismo-backend\tests\Unit\Services\CategoriasServiceTest.php" line="73" class="Tests\Unit\Services\CategoriasServiceTest" classname="Tests.Unit.Services.CategoriasServiceTest" assertions="0" time="0.000000">
          <error type="Error">Tests\Unit\Services\CategoriasServiceTest::retorna_null_cuando_categoria_no_existe&#13;
Error: Class "App\Services\CategoriasService" not found
&#13;
D:\Ciclo7\github-project\capachica-project\turismo-backend\tests\Unit\Services\CategoriasServiceTest.php:22</error>
        </testcase>
        <testcase name="puede_obtener_categoria_con_servicios" file="D:\Ciclo7\github-project\capachica-project\turismo-backend\tests\Unit\Services\CategoriasServiceTest.php" line="83" class="Tests\Unit\Services\CategoriasServiceTest" classname="Tests.Unit.Services.CategoriasServiceTest" assertions="0" time="0.000000">
          <error type="Error">Tests\Unit\Services\CategoriasServiceTest::puede_obtener_categoria_con_servicios&#13;
Error: Class "App\Services\CategoriasService" not found
&#13;
D:\Ciclo7\github-project\capachica-project\turismo-backend\tests\Unit\Services\CategoriasServiceTest.php:22</error>
        </testcase>
        <testcase name="retorna_null_al_obtener_categoria_con_servicios_inexistente" file="D:\Ciclo7\github-project\capachica-project\turismo-backend\tests\Unit\Services\CategoriasServiceTest.php" line="100" class="Tests\Unit\Services\CategoriasServiceTest" classname="Tests.Unit.Services.CategoriasServiceTest" assertions="0" time="0.000000">
          <error type="Error">Tests\Unit\Services\CategoriasServiceTest::retorna_null_al_obtener_categoria_con_servicios_inexistente&#13;
Error: Class "App\Services\CategoriasService" not found
&#13;
D:\Ciclo7\github-project\capachica-project\turismo-backend\tests\Unit\Services\CategoriasServiceTest.php:22</error>
        </testcase>
        <testcase name="puede_crear_nueva_categoria" file="D:\Ciclo7\github-project\capachica-project\turismo-backend\tests\Unit\Services\CategoriasServiceTest.php" line="110" class="Tests\Unit\Services\CategoriasServiceTest" classname="Tests.Unit.Services.CategoriasServiceTest" assertions="0" time="0.000000">
          <error type="Error">Tests\Unit\Services\CategoriasServiceTest::puede_crear_nueva_categoria&#13;
Error: Class "App\Services\CategoriasService" not found
&#13;
D:\Ciclo7\github-project\capachica-project\turismo-backend\tests\Unit\Services\CategoriasServiceTest.php:22</error>
        </testcase>
        <testcase name="puede_actualizar_categoria_existente" file="D:\Ciclo7\github-project\capachica-project\turismo-backend\tests\Unit\Services\CategoriasServiceTest.php" line="131" class="Tests\Unit\Services\CategoriasServiceTest" classname="Tests.Unit.Services.CategoriasServiceTest" assertions="0" time="0.000000">
          <error type="Error">Tests\Unit\Services\CategoriasServiceTest::puede_actualizar_categoria_existente&#13;
Error: Class "App\Services\CategoriasService" not found
&#13;
D:\Ciclo7\github-project\capachica-project\turismo-backend\tests\Unit\Services\CategoriasServiceTest.php:22</error>
        </testcase>
        <testcase name="retorna_null_al_actualizar_categoria_inexistente" file="D:\Ciclo7\github-project\capachica-project\turismo-backend\tests\Unit\Services\CategoriasServiceTest.php" line="153" class="Tests\Unit\Services\CategoriasServiceTest" classname="Tests.Unit.Services.CategoriasServiceTest" assertions="0" time="0.000000">
          <error type="Error">Tests\Unit\Services\CategoriasServiceTest::retorna_null_al_actualizar_categoria_inexistente&#13;
Error: Class "App\Services\CategoriasService" not found
&#13;
D:\Ciclo7\github-project\capachica-project\turismo-backend\tests\Unit\Services\CategoriasServiceTest.php:22</error>
        </testcase>
        <testcase name="puede_eliminar_categoria_existente" file="D:\Ciclo7\github-project\capachica-project\turismo-backend\tests\Unit\Services\CategoriasServiceTest.php" line="169" class="Tests\Unit\Services\CategoriasServiceTest" classname="Tests.Unit.Services.CategoriasServiceTest" assertions="0" time="0.000000">
          <error type="Error">Tests\Unit\Services\CategoriasServiceTest::puede_eliminar_categoria_existente&#13;
Error: Class "App\Services\CategoriasService" not found
&#13;
D:\Ciclo7\github-project\capachica-project\turismo-backend\tests\Unit\Services\CategoriasServiceTest.php:22</error>
        </testcase>
        <testcase name="retorna_false_al_eliminar_categoria_inexistente" file="D:\Ciclo7\github-project\capachica-project\turismo-backend\tests\Unit\Services\CategoriasServiceTest.php" line="183" class="Tests\Unit\Services\CategoriasServiceTest" classname="Tests.Unit.Services.CategoriasServiceTest" assertions="0" time="0.000000">
          <error type="Error">Tests\Unit\Services\CategoriasServiceTest::retorna_false_al_eliminar_categoria_inexistente&#13;
Error: Class "App\Services\CategoriasService" not found
&#13;
D:\Ciclo7\github-project\capachica-project\turismo-backend\tests\Unit\Services\CategoriasServiceTest.php:22</error>
        </testcase>
        <testcase name="puede_buscar_categorias_por_nombre" file="D:\Ciclo7\github-project\capachica-project\turismo-backend\tests\Unit\Services\CategoriasServiceTest.php" line="193" class="Tests\Unit\Services\CategoriasServiceTest" classname="Tests.Unit.Services.CategoriasServiceTest" assertions="0" time="0.000000">
          <error type="Error">Tests\Unit\Services\CategoriasServiceTest::puede_buscar_categorias_por_nombre&#13;
Error: Class "App\Services\CategoriasService" not found
&#13;
D:\Ciclo7\github-project\capachica-project\turismo-backend\tests\Unit\Services\CategoriasServiceTest.php:22</error>
        </testcase>
        <testcase name="puede_obtener_categorias_activas_solamente" file="D:\Ciclo7\github-project\capachica-project\turismo-backend\tests\Unit\Services\CategoriasServiceTest.php" line="213" class="Tests\Unit\Services\CategoriasServiceTest" classname="Tests.Unit.Services.CategoriasServiceTest" assertions="0" time="0.000000">
          <error type="Error">Tests\Unit\Services\CategoriasServiceTest::puede_obtener_categorias_activas_solamente&#13;
Error: Class "App\Services\CategoriasService" not found
&#13;
D:\Ciclo7\github-project\capachica-project\turismo-backend\tests\Unit\Services\CategoriasServiceTest.php:22</error>
        </testcase>
      </testsuite>
      <testsuite name="Tests\Unit\Services\EmprendedoresServiceTest" file="D:\Ciclo7\github-project\capachica-project\turismo-backend\tests\Unit\Services\EmprendedoresServiceTest.php" tests="24" assertions="64" errors="5" failures="0" skipped="0" time="3.294090">
        <testcase name="puede_obtener_todos_los_emprendedores_paginados" file="D:\Ciclo7\github-project\capachica-project\turismo-backend\tests\Unit\Services\EmprendedoresServiceTest.php" line="54" class="Tests\Unit\Services\EmprendedoresServiceTest" classname="Tests.Unit.Services.EmprendedoresServiceTest" assertions="5" time="0.302902"/>
        <testcase name="puede_filtrar_emprendedores_por_usuario_actual" file="D:\Ciclo7\github-project\capachica-project\turismo-backend\tests\Unit\Services\EmprendedoresServiceTest.php" line="75" class="Tests\Unit\Services\EmprendedoresServiceTest" classname="Tests.Unit.Services.EmprendedoresServiceTest" assertions="3" time="0.131755"/>
        <testcase name="puede_obtener_un_emprendedor_por_id" file="D:\Ciclo7\github-project\capachica-project\turismo-backend\tests\Unit\Services\EmprendedoresServiceTest.php" line="104" class="Tests\Unit\Services\EmprendedoresServiceTest" classname="Tests.Unit.Services.EmprendedoresServiceTest" assertions="5" time="0.120793"/>
        <testcase name="retorna_null_cuando_emprendedor_no_existe" file="D:\Ciclo7\github-project\capachica-project\turismo-backend\tests\Unit\Services\EmprendedoresServiceTest.php" line="125" class="Tests\Unit\Services\EmprendedoresServiceTest" classname="Tests.Unit.Services.EmprendedoresServiceTest" assertions="1" time="0.108853"/>
        <testcase name="puede_crear_nuevo_emprendedor_sin_sliders" file="D:\Ciclo7\github-project\capachica-project\turismo-backend\tests\Unit\Services\EmprendedoresServiceTest.php" line="135" class="Tests\Unit\Services\EmprendedoresServiceTest" classname="Tests.Unit.Services.EmprendedoresServiceTest" assertions="0" time="0.102446">
          <error type="Illuminate\Database\QueryException">Tests\Unit\Services\EmprendedoresServiceTest::puede_crear_nuevo_emprendedor_sin_sliders&#13;
Illuminate\Database\QueryException: SQLSTATE[23502]: Not null violation: 7 ERROR:  el valor nulo en la columna «ubicacion» de la relación «emprendedores» viola la restricción de no nulo
DETAIL:  La fila que falla contiene (256, Restaurante El Lago, Restaurante, Especialidad en trucha fresca, null, null, null, null, null, null, null, null, null, null, null, Gastronomía, null, null, null, f, t, 2025-07-01 00:10:29, 2025-07-01 00:10:29, 282). (Connection: pgsql, SQL: insert into "emprendedores" ("nombre", "tipo_servicio", "descripcion", "categoria", "asociacion_id", "estado", "updated_at", "created_at") values (Restaurante El Lago, Restaurante, Especialidad en trucha fresca, Gastronomía, 282, 1, 2025-07-01 00:10:29, 2025-07-01 00:10:29) returning "id")
&#13;
D:\Ciclo7\github-project\capachica-project\turismo-backend\vendor\laravel\framework\src\Illuminate\Database\Connection.php:822
D:\Ciclo7\github-project\capachica-project\turismo-backend\vendor\laravel\framework\src\Illuminate\Database\Connection.php:776
D:\Ciclo7\github-project\capachica-project\turismo-backend\vendor\laravel\framework\src\Illuminate\Database\Connection.php:395
D:\Ciclo7\github-project\capachica-project\turismo-backend\vendor\laravel\framework\src\Illuminate\Database\Connection.php:382
D:\Ciclo7\github-project\capachica-project\turismo-backend\vendor\laravel\framework\src\Illuminate\Database\Query\Processors\PostgresProcessor.php:24
D:\Ciclo7\github-project\capachica-project\turismo-backend\vendor\laravel\framework\src\Illuminate\Database\Query\Builder.php:3769
D:\Ciclo7\github-project\capachica-project\turismo-backend\vendor\laravel\framework\src\Illuminate\Database\Eloquent\Builder.php:2208
D:\Ciclo7\github-project\capachica-project\turismo-backend\vendor\laravel\framework\src\Illuminate\Database\Eloquent\Model.php:1408
D:\Ciclo7\github-project\capachica-project\turismo-backend\vendor\laravel\framework\src\Illuminate\Database\Eloquent\Model.php:1373
D:\Ciclo7\github-project\capachica-project\turismo-backend\vendor\laravel\framework\src\Illuminate\Database\Eloquent\Model.php:1212
D:\Ciclo7\github-project\capachica-project\turismo-backend\app\Services\EmprendedoresService.php:69
D:\Ciclo7\github-project\capachica-project\turismo-backend\tests\Unit\Services\EmprendedoresServiceTest.php:148</error>
        </testcase>
        <testcase name="puede_crear_emprendedor_con_sliders_principales" file="D:\Ciclo7\github-project\capachica-project\turismo-backend\tests\Unit\Services\EmprendedoresServiceTest.php" line="161" class="Tests\Unit\Services\EmprendedoresServiceTest" classname="Tests.Unit.Services.EmprendedoresServiceTest" assertions="0" time="0.099811">
          <error type="Illuminate\Database\QueryException">Tests\Unit\Services\EmprendedoresServiceTest::puede_crear_emprendedor_con_sliders_principales&#13;
Illuminate\Database\QueryException: SQLSTATE[23502]: Not null violation: 7 ERROR:  el valor nulo en la columna «tipo_servicio» de la relación «emprendedores» viola la restricción de no nulo
DETAIL:  La fila que falla contiene (257, Hotel Vista Hermosa, null, null, null, null, null, null, null, null, null, null, null, null, null, Hospedaje, null, null, null, f, t, 2025-07-01 00:10:29, 2025-07-01 00:10:29, 283). (Connection: pgsql, SQL: insert into "emprendedores" ("nombre", "categoria", "asociacion_id", "estado", "updated_at", "created_at") values (Hotel Vista Hermosa, Hospedaje, 283, 1, 2025-07-01 00:10:29, 2025-07-01 00:10:29) returning "id")
&#13;
D:\Ciclo7\github-project\capachica-project\turismo-backend\vendor\laravel\framework\src\Illuminate\Database\Connection.php:822
D:\Ciclo7\github-project\capachica-project\turismo-backend\vendor\laravel\framework\src\Illuminate\Database\Connection.php:776
D:\Ciclo7\github-project\capachica-project\turismo-backend\vendor\laravel\framework\src\Illuminate\Database\Connection.php:395
D:\Ciclo7\github-project\capachica-project\turismo-backend\vendor\laravel\framework\src\Illuminate\Database\Connection.php:382
D:\Ciclo7\github-project\capachica-project\turismo-backend\vendor\laravel\framework\src\Illuminate\Database\Query\Processors\PostgresProcessor.php:24
D:\Ciclo7\github-project\capachica-project\turismo-backend\vendor\laravel\framework\src\Illuminate\Database\Query\Builder.php:3769
D:\Ciclo7\github-project\capachica-project\turismo-backend\vendor\laravel\framework\src\Illuminate\Database\Eloquent\Builder.php:2208
D:\Ciclo7\github-project\capachica-project\turismo-backend\vendor\laravel\framework\src\Illuminate\Database\Eloquent\Model.php:1408
D:\Ciclo7\github-project\capachica-project\turismo-backend\vendor\laravel\framework\src\Illuminate\Database\Eloquent\Model.php:1373
D:\Ciclo7\github-project\capachica-project\turismo-backend\vendor\laravel\framework\src\Illuminate\Database\Eloquent\Model.php:1212
D:\Ciclo7\github-project\capachica-project\turismo-backend\app\Services\EmprendedoresService.php:69
D:\Ciclo7\github-project\capachica-project\turismo-backend\tests\Unit\Services\EmprendedoresServiceTest.php:186</error>
        </testcase>
        <testcase name="puede_crear_emprendedor_con_sliders_secundarios" file="D:\Ciclo7\github-project\capachica-project\turismo-backend\tests\Unit\Services\EmprendedoresServiceTest.php" line="194" class="Tests\Unit\Services\EmprendedoresServiceTest" classname="Tests.Unit.Services.EmprendedoresServiceTest" assertions="0" time="0.206126">
          <error type="Illuminate\Database\QueryException">Tests\Unit\Services\EmprendedoresServiceTest::puede_crear_emprendedor_con_sliders_secundarios&#13;
Illuminate\Database\QueryException: SQLSTATE[23502]: Not null violation: 7 ERROR:  el valor nulo en la columna «tipo_servicio» de la relación «emprendedores» viola la restricción de no nulo
DETAIL:  La fila que falla contiene (258, Artesanías Locales, null, null, null, null, null, null, null, null, null, null, null, null, null, Artesanías, null, null, null, f, t, 2025-07-01 00:10:29, 2025-07-01 00:10:29, 284). (Connection: pgsql, SQL: insert into "emprendedores" ("nombre", "categoria", "asociacion_id", "estado", "updated_at", "created_at") values (Artesanías Locales, Artesanías, 284, 1, 2025-07-01 00:10:29, 2025-07-01 00:10:29) returning "id")
&#13;
D:\Ciclo7\github-project\capachica-project\turismo-backend\vendor\laravel\framework\src\Illuminate\Database\Connection.php:822
D:\Ciclo7\github-project\capachica-project\turismo-backend\vendor\laravel\framework\src\Illuminate\Database\Connection.php:776
D:\Ciclo7\github-project\capachica-project\turismo-backend\vendor\laravel\framework\src\Illuminate\Database\Connection.php:395
D:\Ciclo7\github-project\capachica-project\turismo-backend\vendor\laravel\framework\src\Illuminate\Database\Connection.php:382
D:\Ciclo7\github-project\capachica-project\turismo-backend\vendor\laravel\framework\src\Illuminate\Database\Query\Processors\PostgresProcessor.php:24
D:\Ciclo7\github-project\capachica-project\turismo-backend\vendor\laravel\framework\src\Illuminate\Database\Query\Builder.php:3769
D:\Ciclo7\github-project\capachica-project\turismo-backend\vendor\laravel\framework\src\Illuminate\Database\Eloquent\Builder.php:2208
D:\Ciclo7\github-project\capachica-project\turismo-backend\vendor\laravel\framework\src\Illuminate\Database\Eloquent\Model.php:1408
D:\Ciclo7\github-project\capachica-project\turismo-backend\vendor\laravel\framework\src\Illuminate\Database\Eloquent\Model.php:1373
D:\Ciclo7\github-project\capachica-project\turismo-backend\vendor\laravel\framework\src\Illuminate\Database\Eloquent\Model.php:1212
D:\Ciclo7\github-project\capachica-project\turismo-backend\app\Services\EmprendedoresService.php:69
D:\Ciclo7\github-project\capachica-project\turismo-backend\tests\Unit\Services\EmprendedoresServiceTest.php:213</error>
        </testcase>
        <testcase name="puede_actualizar_emprendedor_existente" file="D:\Ciclo7\github-project\capachica-project\turismo-backend\tests\Unit\Services\EmprendedoresServiceTest.php" line="221" class="Tests\Unit\Services\EmprendedoresServiceTest" classname="Tests.Unit.Services.EmprendedoresServiceTest" assertions="5" time="0.121118"/>
        <testcase name="puede_actualizar_emprendedor_con_sliders" file="D:\Ciclo7\github-project\capachica-project\turismo-backend\tests\Unit\Services\EmprendedoresServiceTest.php" line="251" class="Tests\Unit\Services\EmprendedoresServiceTest" classname="Tests.Unit.Services.EmprendedoresServiceTest" assertions="0" time="0.105610">
          <error type="TypeError">Tests\Unit\Services\EmprendedoresServiceTest::puede_actualizar_emprendedor_con_sliders&#13;
TypeError: Mockery_6_App_Repository_SliderRepository::updateEntitySliders(): Return value must be of type Illuminate\Support\Collection, true returned
&#13;
D:\Ciclo7\github-project\capachica-project\turismo-backend\app\Services\EmprendedoresService.php:140
D:\Ciclo7\github-project\capachica-project\turismo-backend\tests\Unit\Services\EmprendedoresServiceTest.php:270</error>
        </testcase>
        <testcase name="retorna_null_al_actualizar_emprendedor_inexistente" file="D:\Ciclo7\github-project\capachica-project\turismo-backend\tests\Unit\Services\EmprendedoresServiceTest.php" line="278" class="Tests\Unit\Services\EmprendedoresServiceTest" classname="Tests.Unit.Services.EmprendedoresServiceTest" assertions="1" time="0.099039"/>
        <testcase name="puede_eliminar_emprendedor_existente" file="D:\Ciclo7\github-project\capachica-project\turismo-backend\tests\Unit\Services\EmprendedoresServiceTest.php" line="291" class="Tests\Unit\Services\EmprendedoresServiceTest" classname="Tests.Unit.Services.EmprendedoresServiceTest" assertions="2" time="0.121114"/>
        <testcase name="retorna_false_al_eliminar_emprendedor_inexistente" file="D:\Ciclo7\github-project\capachica-project\turismo-backend\tests\Unit\Services\EmprendedoresServiceTest.php" line="307" class="Tests\Unit\Services\EmprendedoresServiceTest" classname="Tests.Unit.Services.EmprendedoresServiceTest" assertions="1" time="0.100492"/>
        <testcase name="puede_buscar_emprendedores_por_categoria" file="D:\Ciclo7\github-project\capachica-project\turismo-backend\tests\Unit\Services\EmprendedoresServiceTest.php" line="317" class="Tests\Unit\Services\EmprendedoresServiceTest" classname="Tests.Unit.Services.EmprendedoresServiceTest" assertions="5" time="0.118454"/>
        <testcase name="puede_buscar_emprendedores_por_asociacion" file="D:\Ciclo7\github-project\capachica-project\turismo-backend\tests\Unit\Services\EmprendedoresServiceTest.php" line="341" class="Tests\Unit\Services\EmprendedoresServiceTest" classname="Tests.Unit.Services.EmprendedoresServiceTest" assertions="5" time="0.127215"/>
        <testcase name="puede_buscar_emprendedores_por_texto" file="D:\Ciclo7\github-project\capachica-project\turismo-backend\tests\Unit\Services\EmprendedoresServiceTest.php" line="369" class="Tests\Unit\Services\EmprendedoresServiceTest" classname="Tests.Unit.Services.EmprendedoresServiceTest" assertions="5" time="0.113434"/>
        <testcase name="puede_obtener_emprendedor_con_todas_las_relaciones" file="D:\Ciclo7\github-project\capachica-project\turismo-backend\tests\Unit\Services\EmprendedoresServiceTest.php" line="404" class="Tests\Unit\Services\EmprendedoresServiceTest" classname="Tests.Unit.Services.EmprendedoresServiceTest" assertions="6" time="0.141461"/>
        <testcase name="retorna_null_al_obtener_con_relaciones_emprendedor_inexistente" file="D:\Ciclo7\github-project\capachica-project\turismo-backend\tests\Unit\Services\EmprendedoresServiceTest.php" line="429" class="Tests\Unit\Services\EmprendedoresServiceTest" classname="Tests.Unit.Services.EmprendedoresServiceTest" assertions="1" time="0.108567"/>
        <testcase name="puede_obtener_emprendimientos_por_usuario" file="D:\Ciclo7\github-project\capachica-project\turismo-backend\tests\Unit\Services\EmprendedoresServiceTest.php" line="439" class="Tests\Unit\Services\EmprendedoresServiceTest" classname="Tests.Unit.Services.EmprendedoresServiceTest" assertions="5" time="0.142056"/>
        <testcase name="puede_verificar_si_usuario_es_administrador" file="D:\Ciclo7\github-project\capachica-project\turismo-backend\tests\Unit\Services\EmprendedoresServiceTest.php" line="485" class="Tests\Unit\Services\EmprendedoresServiceTest" classname="Tests.Unit.Services.EmprendedoresServiceTest" assertions="2" time="0.124782"/>
        <testcase name="puede_verificar_si_usuario_es_administrador_principal" file="D:\Ciclo7\github-project\capachica-project\turismo-backend\tests\Unit\Services\EmprendedoresServiceTest.php" line="506" class="Tests\Unit\Services\EmprendedoresServiceTest" classname="Tests.Unit.Services.EmprendedoresServiceTest" assertions="2" time="0.123095"/>
        <testcase name="maneja_transacciones_correctamente_en_creacion" file="D:\Ciclo7\github-project\capachica-project\turismo-backend\tests\Unit\Services\EmprendedoresServiceTest.php" line="533" class="Tests\Unit\Services\EmprendedoresServiceTest" classname="Tests.Unit.Services.EmprendedoresServiceTest" assertions="0" time="0.104107">
          <error type="Illuminate\Database\QueryException">Tests\Unit\Services\EmprendedoresServiceTest::maneja_transacciones_correctamente_en_creacion&#13;
Illuminate\Database\QueryException: SQLSTATE[23502]: Not null violation: 7 ERROR:  el valor nulo en la columna «tipo_servicio» de la relación «emprendedores» viola la restricción de no nulo
DETAIL:  La fila que falla contiene (280, Emprendedor Transaccional, null, null, null, null, null, null, null, null, null, null, null, null, null, null, null, null, null, f, t, 2025-07-01 00:10:31, 2025-07-01 00:10:31, 299). (Connection: pgsql, SQL: insert into "emprendedores" ("nombre", "asociacion_id", "estado", "updated_at", "created_at") values (Emprendedor Transaccional, 299, 1, 2025-07-01 00:10:31, 2025-07-01 00:10:31) returning "id")
&#13;
D:\Ciclo7\github-project\capachica-project\turismo-backend\vendor\laravel\framework\src\Illuminate\Database\Connection.php:822
D:\Ciclo7\github-project\capachica-project\turismo-backend\vendor\laravel\framework\src\Illuminate\Database\Connection.php:776
D:\Ciclo7\github-project\capachica-project\turismo-backend\vendor\laravel\framework\src\Illuminate\Database\Connection.php:395
D:\Ciclo7\github-project\capachica-project\turismo-backend\vendor\laravel\framework\src\Illuminate\Database\Connection.php:382
D:\Ciclo7\github-project\capachica-project\turismo-backend\vendor\laravel\framework\src\Illuminate\Database\Query\Processors\PostgresProcessor.php:24
D:\Ciclo7\github-project\capachica-project\turismo-backend\vendor\laravel\framework\src\Illuminate\Database\Query\Builder.php:3769
D:\Ciclo7\github-project\capachica-project\turismo-backend\vendor\laravel\framework\src\Illuminate\Database\Eloquent\Builder.php:2208
D:\Ciclo7\github-project\capachica-project\turismo-backend\vendor\laravel\framework\src\Illuminate\Database\Eloquent\Model.php:1408
D:\Ciclo7\github-project\capachica-project\turismo-backend\vendor\laravel\framework\src\Illuminate\Database\Eloquent\Model.php:1373
D:\Ciclo7\github-project\capachica-project\turismo-backend\vendor\laravel\framework\src\Illuminate\Database\Eloquent\Model.php:1212
D:\Ciclo7\github-project\capachica-project\turismo-backend\app\Services\EmprendedoresService.php:69
D:\Ciclo7\github-project\capachica-project\turismo-backend\tests\Unit\Services\EmprendedoresServiceTest.php:543</error>
        </testcase>
        <testcase name="maneja_transacciones_correctamente_en_actualizacion" file="D:\Ciclo7\github-project\capachica-project\turismo-backend\tests\Unit\Services\EmprendedoresServiceTest.php" line="553" class="Tests\Unit\Services\EmprendedoresServiceTest" classname="Tests.Unit.Services.EmprendedoresServiceTest" assertions="2" time="0.119767"/>
        <testcase name="maneja_transacciones_correctamente_en_eliminacion" file="D:\Ciclo7\github-project\capachica-project\turismo-backend\tests\Unit\Services\EmprendedoresServiceTest.php" line="574" class="Tests\Unit\Services\EmprendedoresServiceTest" classname="Tests.Unit.Services.EmprendedoresServiceTest" assertions="2" time="0.117704"/>
        <testcase name="puede_usar_paginacion_con_diferentes_tamaños" file="D:\Ciclo7\github-project\capachica-project\turismo-backend\tests\Unit\Services\EmprendedoresServiceTest.php" line="590" class="Tests\Unit\Services\EmprendedoresServiceTest" classname="Tests.Unit.Services.EmprendedoresServiceTest" assertions="6" time="0.333388"/>
      </testsuite>
      <testsuite name="Tests\Unit\Services\EventoRepositoryTest" file="D:\Ciclo7\github-project\capachica-project\turismo-backend\tests\Unit\Services\EventoRepositoryTest.php" tests="24" assertions="17" errors="19" failures="0" skipped="0" time="3.645060">
        <testcase name="puede_obtener_todos_los_eventos" file="D:\Ciclo7\github-project\capachica-project\turismo-backend\tests\Unit\Services\EventoRepositoryTest.php" line="54" class="Tests\Unit\Services\EventoRepositoryTest" classname="Tests.Unit.Services.EventoRepositoryTest" assertions="0" time="0.281818">
          <error type="BadMethodCallException">Tests\Unit\Services\EventoRepositoryTest::puede_obtener_todos_los_eventos&#13;
BadMethodCallException: Call to undefined method App\Models\Evento::factory()
&#13;
D:\Ciclo7\github-project\capachica-project\turismo-backend\vendor\laravel\framework\src\Illuminate\Support\Traits\ForwardsCalls.php:67
D:\Ciclo7\github-project\capachica-project\turismo-backend\vendor\laravel\framework\src\Illuminate\Support\Traits\ForwardsCalls.php:36
D:\Ciclo7\github-project\capachica-project\turismo-backend\vendor\laravel\framework\src\Illuminate\Database\Eloquent\Model.php:2449
D:\Ciclo7\github-project\capachica-project\turismo-backend\vendor\laravel\framework\src\Illuminate\Database\Eloquent\Model.php:2465
D:\Ciclo7\github-project\capachica-project\turismo-backend\tests\Unit\Services\EventoRepositoryTest.php:57</error>
        </testcase>
        <testcase name="puede_obtener_eventos_paginados" file="D:\Ciclo7\github-project\capachica-project\turismo-backend\tests\Unit\Services\EventoRepositoryTest.php" line="72" class="Tests\Unit\Services\EventoRepositoryTest" classname="Tests.Unit.Services.EventoRepositoryTest" assertions="0" time="0.205884">
          <error type="BadMethodCallException">Tests\Unit\Services\EventoRepositoryTest::puede_obtener_eventos_paginados&#13;
BadMethodCallException: Call to undefined method App\Models\Evento::factory()
&#13;
D:\Ciclo7\github-project\capachica-project\turismo-backend\vendor\laravel\framework\src\Illuminate\Support\Traits\ForwardsCalls.php:67
D:\Ciclo7\github-project\capachica-project\turismo-backend\vendor\laravel\framework\src\Illuminate\Support\Traits\ForwardsCalls.php:36
D:\Ciclo7\github-project\capachica-project\turismo-backend\vendor\laravel\framework\src\Illuminate\Database\Eloquent\Model.php:2449
D:\Ciclo7\github-project\capachica-project\turismo-backend\vendor\laravel\framework\src\Illuminate\Database\Eloquent\Model.php:2465
D:\Ciclo7\github-project\capachica-project\turismo-backend\tests\Unit\Services\EventoRepositoryTest.php:75</error>
        </testcase>
        <testcase name="puede_obtener_evento_por_id" file="D:\Ciclo7\github-project\capachica-project\turismo-backend\tests\Unit\Services\EventoRepositoryTest.php" line="92" class="Tests\Unit\Services\EventoRepositoryTest" classname="Tests.Unit.Services.EventoRepositoryTest" assertions="0" time="0.102587">
          <error type="BadMethodCallException">Tests\Unit\Services\EventoRepositoryTest::puede_obtener_evento_por_id&#13;
BadMethodCallException: Call to undefined method App\Models\Evento::factory()
&#13;
D:\Ciclo7\github-project\capachica-project\turismo-backend\vendor\laravel\framework\src\Illuminate\Support\Traits\ForwardsCalls.php:67
D:\Ciclo7\github-project\capachica-project\turismo-backend\vendor\laravel\framework\src\Illuminate\Support\Traits\ForwardsCalls.php:36
D:\Ciclo7\github-project\capachica-project\turismo-backend\vendor\laravel\framework\src\Illuminate\Database\Eloquent\Model.php:2449
D:\Ciclo7\github-project\capachica-project\turismo-backend\vendor\laravel\framework\src\Illuminate\Database\Eloquent\Model.php:2465
D:\Ciclo7\github-project\capachica-project\turismo-backend\tests\Unit\Services\EventoRepositoryTest.php:95</error>
        </testcase>
        <testcase name="retorna_null_cuando_evento_no_existe" file="D:\Ciclo7\github-project\capachica-project\turismo-backend\tests\Unit\Services\EventoRepositoryTest.php" line="111" class="Tests\Unit\Services\EventoRepositoryTest" classname="Tests.Unit.Services.EventoRepositoryTest" assertions="1" time="0.112426"/>
        <testcase name="puede_crear_evento_sin_sliders" file="D:\Ciclo7\github-project\capachica-project\turismo-backend\tests\Unit\Services\EventoRepositoryTest.php" line="121" class="Tests\Unit\Services\EventoRepositoryTest" classname="Tests.Unit.Services.EventoRepositoryTest" assertions="5" time="0.213965"/>
        <testcase name="puede_crear_evento_con_sliders" file="D:\Ciclo7\github-project\capachica-project\turismo-backend\tests\Unit\Services\EventoRepositoryTest.php" line="157" class="Tests\Unit\Services\EventoRepositoryTest" classname="Tests.Unit.Services.EventoRepositoryTest" assertions="0" time="0.113167">
          <error type="Illuminate\Database\QueryException">Tests\Unit\Services\EventoRepositoryTest::puede_crear_evento_con_sliders&#13;
Illuminate\Database\QueryException: SQLSTATE[23502]: Not null violation: 7 ERROR:  el valor nulo en la columna «descripcion» de la relación «eventos» viola la restricción de no nulo
DETAIL:  La fila que falla contiene (3, Ceremonia del Inti Raymi, null, Ceremonia Tradicional, null, 2024-06-21, null, null, null, null, null, null, 313, null, 2025-07-01 00:10:33, 2025-07-01 00:10:33). (Connection: pgsql, SQL: insert into "eventos" ("nombre", "tipo_evento", "fecha_inicio", "id_emprendedor", "updated_at", "created_at") values (Ceremonia del Inti Raymi, Ceremonia Tradicional, 2024-06-21, 313, 2025-07-01 00:10:33, 2025-07-01 00:10:33) returning "id")
&#13;
D:\Ciclo7\github-project\capachica-project\turismo-backend\vendor\laravel\framework\src\Illuminate\Database\Connection.php:822
D:\Ciclo7\github-project\capachica-project\turismo-backend\vendor\laravel\framework\src\Illuminate\Database\Connection.php:776
D:\Ciclo7\github-project\capachica-project\turismo-backend\vendor\laravel\framework\src\Illuminate\Database\Connection.php:395
D:\Ciclo7\github-project\capachica-project\turismo-backend\vendor\laravel\framework\src\Illuminate\Database\Connection.php:382
D:\Ciclo7\github-project\capachica-project\turismo-backend\vendor\laravel\framework\src\Illuminate\Database\Query\Processors\PostgresProcessor.php:24
D:\Ciclo7\github-project\capachica-project\turismo-backend\vendor\laravel\framework\src\Illuminate\Database\Query\Builder.php:3769
D:\Ciclo7\github-project\capachica-project\turismo-backend\vendor\laravel\framework\src\Illuminate\Database\Eloquent\Builder.php:2208
D:\Ciclo7\github-project\capachica-project\turismo-backend\vendor\laravel\framework\src\Illuminate\Database\Eloquent\Model.php:1408
D:\Ciclo7\github-project\capachica-project\turismo-backend\vendor\laravel\framework\src\Illuminate\Database\Eloquent\Model.php:1373
D:\Ciclo7\github-project\capachica-project\turismo-backend\vendor\laravel\framework\src\Illuminate\Database\Eloquent\Model.php:1212
D:\Ciclo7\github-project\capachica-project\turismo-backend\vendor\laravel\framework\src\Illuminate\Database\Eloquent\Builder.php:1192
D:\Ciclo7\github-project\capachica-project\turismo-backend\vendor\laravel\framework\src\Illuminate\Support\helpers.php:399
D:\Ciclo7\github-project\capachica-project\turismo-backend\vendor\laravel\framework\src\Illuminate\Database\Eloquent\Builder.php:1191
D:\Ciclo7\github-project\capachica-project\turismo-backend\vendor\laravel\framework\src\Illuminate\Support\Traits\ForwardsCalls.php:23
D:\Ciclo7\github-project\capachica-project\turismo-backend\vendor\laravel\framework\src\Illuminate\Database\Eloquent\Model.php:2449
D:\Ciclo7\github-project\capachica-project\turismo-backend\app\Repository\EventoRepository.php:47
D:\Ciclo7\github-project\capachica-project\turismo-backend\tests\Unit\Services\EventoRepositoryTest.php:184</error>
        </testcase>
        <testcase name="puede_actualizar_evento_existente" file="D:\Ciclo7\github-project\capachica-project\turismo-backend\tests\Unit\Services\EventoRepositoryTest.php" line="196" class="Tests\Unit\Services\EventoRepositoryTest" classname="Tests.Unit.Services.EventoRepositoryTest" assertions="0" time="0.101666">
          <error type="BadMethodCallException">Tests\Unit\Services\EventoRepositoryTest::puede_actualizar_evento_existente&#13;
BadMethodCallException: Call to undefined method App\Models\Evento::factory()
&#13;
D:\Ciclo7\github-project\capachica-project\turismo-backend\vendor\laravel\framework\src\Illuminate\Support\Traits\ForwardsCalls.php:67
D:\Ciclo7\github-project\capachica-project\turismo-backend\vendor\laravel\framework\src\Illuminate\Support\Traits\ForwardsCalls.php:36
D:\Ciclo7\github-project\capachica-project\turismo-backend\vendor\laravel\framework\src\Illuminate\Database\Eloquent\Model.php:2449
D:\Ciclo7\github-project\capachica-project\turismo-backend\vendor\laravel\framework\src\Illuminate\Database\Eloquent\Model.php:2465
D:\Ciclo7\github-project\capachica-project\turismo-backend\tests\Unit\Services\EventoRepositoryTest.php:199</error>
        </testcase>
        <testcase name="puede_actualizar_evento_con_sliders" file="D:\Ciclo7\github-project\capachica-project\turismo-backend\tests\Unit\Services\EventoRepositoryTest.php" line="225" class="Tests\Unit\Services\EventoRepositoryTest" classname="Tests.Unit.Services.EventoRepositoryTest" assertions="0" time="0.104733">
          <error type="BadMethodCallException">Tests\Unit\Services\EventoRepositoryTest::puede_actualizar_evento_con_sliders&#13;
BadMethodCallException: Call to undefined method App\Models\Evento::factory()
&#13;
D:\Ciclo7\github-project\capachica-project\turismo-backend\vendor\laravel\framework\src\Illuminate\Support\Traits\ForwardsCalls.php:67
D:\Ciclo7\github-project\capachica-project\turismo-backend\vendor\laravel\framework\src\Illuminate\Support\Traits\ForwardsCalls.php:36
D:\Ciclo7\github-project\capachica-project\turismo-backend\vendor\laravel\framework\src\Illuminate\Database\Eloquent\Model.php:2449
D:\Ciclo7\github-project\capachica-project\turismo-backend\vendor\laravel\framework\src\Illuminate\Database\Eloquent\Model.php:2465
D:\Ciclo7\github-project\capachica-project\turismo-backend\tests\Unit\Services\EventoRepositoryTest.php:228</error>
        </testcase>
        <testcase name="puede_actualizar_evento_eliminando_sliders" file="D:\Ciclo7\github-project\capachica-project\turismo-backend\tests\Unit\Services\EventoRepositoryTest.php" line="252" class="Tests\Unit\Services\EventoRepositoryTest" classname="Tests.Unit.Services.EventoRepositoryTest" assertions="0" time="0.101201">
          <error type="BadMethodCallException">Tests\Unit\Services\EventoRepositoryTest::puede_actualizar_evento_eliminando_sliders&#13;
BadMethodCallException: Call to undefined method App\Models\Evento::factory()
&#13;
D:\Ciclo7\github-project\capachica-project\turismo-backend\vendor\laravel\framework\src\Illuminate\Support\Traits\ForwardsCalls.php:67
D:\Ciclo7\github-project\capachica-project\turismo-backend\vendor\laravel\framework\src\Illuminate\Support\Traits\ForwardsCalls.php:36
D:\Ciclo7\github-project\capachica-project\turismo-backend\vendor\laravel\framework\src\Illuminate\Database\Eloquent\Model.php:2449
D:\Ciclo7\github-project\capachica-project\turismo-backend\vendor\laravel\framework\src\Illuminate\Database\Eloquent\Model.php:2465
D:\Ciclo7\github-project\capachica-project\turismo-backend\tests\Unit\Services\EventoRepositoryTest.php:255</error>
        </testcase>
        <testcase name="lanza_excepcion_al_actualizar_evento_inexistente" file="D:\Ciclo7\github-project\capachica-project\turismo-backend\tests\Unit\Services\EventoRepositoryTest.php" line="279" class="Tests\Unit\Services\EventoRepositoryTest" classname="Tests.Unit.Services.EventoRepositoryTest" assertions="2" time="0.102637"/>
        <testcase name="puede_eliminar_evento_existente" file="D:\Ciclo7\github-project\capachica-project\turismo-backend\tests\Unit\Services\EventoRepositoryTest.php" line="292" class="Tests\Unit\Services\EventoRepositoryTest" classname="Tests.Unit.Services.EventoRepositoryTest" assertions="0" time="0.778460">
          <error type="BadMethodCallException">Tests\Unit\Services\EventoRepositoryTest::puede_eliminar_evento_existente&#13;
BadMethodCallException: Call to undefined method App\Models\Evento::factory()
&#13;
D:\Ciclo7\github-project\capachica-project\turismo-backend\vendor\laravel\framework\src\Illuminate\Support\Traits\ForwardsCalls.php:67
D:\Ciclo7\github-project\capachica-project\turismo-backend\vendor\laravel\framework\src\Illuminate\Support\Traits\ForwardsCalls.php:36
D:\Ciclo7\github-project\capachica-project\turismo-backend\vendor\laravel\framework\src\Illuminate\Database\Eloquent\Model.php:2449
D:\Ciclo7\github-project\capachica-project\turismo-backend\vendor\laravel\framework\src\Illuminate\Database\Eloquent\Model.php:2465
D:\Ciclo7\github-project\capachica-project\turismo-backend\tests\Unit\Services\EventoRepositoryTest.php:295</error>
        </testcase>
        <testcase name="puede_eliminar_evento_con_sliders" file="D:\Ciclo7\github-project\capachica-project\turismo-backend\tests\Unit\Services\EventoRepositoryTest.php" line="306" class="Tests\Unit\Services\EventoRepositoryTest" classname="Tests.Unit.Services.EventoRepositoryTest" assertions="0" time="0.103958">
          <error type="BadMethodCallException">Tests\Unit\Services\EventoRepositoryTest::puede_eliminar_evento_con_sliders&#13;
BadMethodCallException: Call to undefined method App\Models\Evento::factory()
&#13;
D:\Ciclo7\github-project\capachica-project\turismo-backend\vendor\laravel\framework\src\Illuminate\Support\Traits\ForwardsCalls.php:67
D:\Ciclo7\github-project\capachica-project\turismo-backend\vendor\laravel\framework\src\Illuminate\Support\Traits\ForwardsCalls.php:36
D:\Ciclo7\github-project\capachica-project\turismo-backend\vendor\laravel\framework\src\Illuminate\Database\Eloquent\Model.php:2449
D:\Ciclo7\github-project\capachica-project\turismo-backend\vendor\laravel\framework\src\Illuminate\Database\Eloquent\Model.php:2465
D:\Ciclo7\github-project\capachica-project\turismo-backend\tests\Unit\Services\EventoRepositoryTest.php:309</error>
        </testcase>
        <testcase name="retorna_false_al_eliminar_evento_inexistente" file="D:\Ciclo7\github-project\capachica-project\turismo-backend\tests\Unit\Services\EventoRepositoryTest.php" line="324" class="Tests\Unit\Services\EventoRepositoryTest" classname="Tests.Unit.Services.EventoRepositoryTest" assertions="1" time="0.108538"/>
        <testcase name="puede_obtener_eventos_por_emprendedor" file="D:\Ciclo7\github-project\capachica-project\turismo-backend\tests\Unit\Services\EventoRepositoryTest.php" line="334" class="Tests\Unit\Services\EventoRepositoryTest" classname="Tests.Unit.Services.EventoRepositoryTest" assertions="0" time="0.109726">
          <error type="BadMethodCallException">Tests\Unit\Services\EventoRepositoryTest::puede_obtener_eventos_por_emprendedor&#13;
BadMethodCallException: Call to undefined method App\Models\Evento::factory()
&#13;
D:\Ciclo7\github-project\capachica-project\turismo-backend\vendor\laravel\framework\src\Illuminate\Support\Traits\ForwardsCalls.php:67
D:\Ciclo7\github-project\capachica-project\turismo-backend\vendor\laravel\framework\src\Illuminate\Support\Traits\ForwardsCalls.php:36
D:\Ciclo7\github-project\capachica-project\turismo-backend\vendor\laravel\framework\src\Illuminate\Database\Eloquent\Model.php:2449
D:\Ciclo7\github-project\capachica-project\turismo-backend\vendor\laravel\framework\src\Illuminate\Database\Eloquent\Model.php:2465
D:\Ciclo7\github-project\capachica-project\turismo-backend\tests\Unit\Services\EventoRepositoryTest.php:339</error>
        </testcase>
        <testcase name="puede_obtener_eventos_activos" file="D:\Ciclo7\github-project\capachica-project\turismo-backend\tests\Unit\Services\EventoRepositoryTest.php" line="358" class="Tests\Unit\Services\EventoRepositoryTest" classname="Tests.Unit.Services.EventoRepositoryTest" assertions="0" time="0.106028">
          <error type="BadMethodCallException">Tests\Unit\Services\EventoRepositoryTest::puede_obtener_eventos_activos&#13;
BadMethodCallException: Call to undefined method App\Models\Evento::factory()
&#13;
D:\Ciclo7\github-project\capachica-project\turismo-backend\vendor\laravel\framework\src\Illuminate\Support\Traits\ForwardsCalls.php:67
D:\Ciclo7\github-project\capachica-project\turismo-backend\vendor\laravel\framework\src\Illuminate\Support\Traits\ForwardsCalls.php:36
D:\Ciclo7\github-project\capachica-project\turismo-backend\vendor\laravel\framework\src\Illuminate\Database\Eloquent\Model.php:2449
D:\Ciclo7\github-project\capachica-project\turismo-backend\vendor\laravel\framework\src\Illuminate\Database\Eloquent\Model.php:2465
D:\Ciclo7\github-project\capachica-project\turismo-backend\tests\Unit\Services\EventoRepositoryTest.php:366</error>
        </testcase>
        <testcase name="puede_obtener_proximos_eventos" file="D:\Ciclo7\github-project\capachica-project\turismo-backend\tests\Unit\Services\EventoRepositoryTest.php" line="400" class="Tests\Unit\Services\EventoRepositoryTest" classname="Tests.Unit.Services.EventoRepositoryTest" assertions="0" time="0.100600">
          <error type="BadMethodCallException">Tests\Unit\Services\EventoRepositoryTest::puede_obtener_proximos_eventos&#13;
BadMethodCallException: Call to undefined method App\Models\Evento::factory()
&#13;
D:\Ciclo7\github-project\capachica-project\turismo-backend\vendor\laravel\framework\src\Illuminate\Support\Traits\ForwardsCalls.php:67
D:\Ciclo7\github-project\capachica-project\turismo-backend\vendor\laravel\framework\src\Illuminate\Support\Traits\ForwardsCalls.php:36
D:\Ciclo7\github-project\capachica-project\turismo-backend\vendor\laravel\framework\src\Illuminate\Database\Eloquent\Model.php:2449
D:\Ciclo7\github-project\capachica-project\turismo-backend\vendor\laravel\framework\src\Illuminate\Database\Eloquent\Model.php:2465
D:\Ciclo7\github-project\capachica-project\turismo-backend\tests\Unit\Services\EventoRepositoryTest.php:409</error>
        </testcase>
        <testcase name="puede_obtener_proximos_eventos_con_limite_por_defecto" file="D:\Ciclo7\github-project\capachica-project\turismo-backend\tests\Unit\Services\EventoRepositoryTest.php" line="441" class="Tests\Unit\Services\EventoRepositoryTest" classname="Tests.Unit.Services.EventoRepositoryTest" assertions="0" time="0.106045">
          <error type="BadMethodCallException">Tests\Unit\Services\EventoRepositoryTest::puede_obtener_proximos_eventos_con_limite_por_defecto&#13;
BadMethodCallException: Call to undefined method App\Models\Evento::factory()
&#13;
D:\Ciclo7\github-project\capachica-project\turismo-backend\vendor\laravel\framework\src\Illuminate\Support\Traits\ForwardsCalls.php:67
D:\Ciclo7\github-project\capachica-project\turismo-backend\vendor\laravel\framework\src\Illuminate\Support\Traits\ForwardsCalls.php:36
D:\Ciclo7\github-project\capachica-project\turismo-backend\vendor\laravel\framework\src\Illuminate\Database\Eloquent\Model.php:2449
D:\Ciclo7\github-project\capachica-project\turismo-backend\vendor\laravel\framework\src\Illuminate\Database\Eloquent\Model.php:2465
D:\Ciclo7\github-project\capachica-project\turismo-backend\tests\Unit\Services\EventoRepositoryTest.php:444</error>
        </testcase>
        <testcase name="maneja_transacciones_correctamente_en_creacion" file="D:\Ciclo7\github-project\capachica-project\turismo-backend\tests\Unit\Services\EventoRepositoryTest.php" line="458" class="Tests\Unit\Services\EventoRepositoryTest" classname="Tests.Unit.Services.EventoRepositoryTest" assertions="0" time="0.113192">
          <error type="Illuminate\Database\QueryException">Tests\Unit\Services\EventoRepositoryTest::maneja_transacciones_correctamente_en_creacion&#13;
Illuminate\Database\QueryException: SQLSTATE[23502]: Not null violation: 7 ERROR:  el valor nulo en la columna «descripcion» de la relación «eventos» viola la restricción de no nulo
DETAIL:  La fila que falla contiene (1, Evento Transaccional, null, null, null, 2024-08-15, null, null, null, null, null, null, 9, null, 2025-07-01 00:10:35, 2025-07-01 00:10:35). (Connection: pgsql, SQL: insert into "eventos" ("nombre", "fecha_inicio", "id_emprendedor", "updated_at", "created_at") values (Evento Transaccional, 2024-08-15, 9, 2025-07-01 00:10:35, 2025-07-01 00:10:35) returning "id")
&#13;
D:\Ciclo7\github-project\capachica-project\turismo-backend\vendor\laravel\framework\src\Illuminate\Database\Connection.php:822
D:\Ciclo7\github-project\capachica-project\turismo-backend\vendor\laravel\framework\src\Illuminate\Database\Connection.php:776
D:\Ciclo7\github-project\capachica-project\turismo-backend\vendor\laravel\framework\src\Illuminate\Database\Connection.php:395
D:\Ciclo7\github-project\capachica-project\turismo-backend\vendor\laravel\framework\src\Illuminate\Database\Connection.php:382
D:\Ciclo7\github-project\capachica-project\turismo-backend\vendor\laravel\framework\src\Illuminate\Database\Query\Processors\PostgresProcessor.php:24
D:\Ciclo7\github-project\capachica-project\turismo-backend\vendor\laravel\framework\src\Illuminate\Database\Query\Builder.php:3769
D:\Ciclo7\github-project\capachica-project\turismo-backend\vendor\laravel\framework\src\Illuminate\Database\Eloquent\Builder.php:2208
D:\Ciclo7\github-project\capachica-project\turismo-backend\vendor\laravel\framework\src\Illuminate\Database\Eloquent\Model.php:1408
D:\Ciclo7\github-project\capachica-project\turismo-backend\vendor\laravel\framework\src\Illuminate\Database\Eloquent\Model.php:1373
D:\Ciclo7\github-project\capachica-project\turismo-backend\vendor\laravel\framework\src\Illuminate\Database\Eloquent\Model.php:1212
D:\Ciclo7\github-project\capachica-project\turismo-backend\vendor\laravel\framework\src\Illuminate\Database\Eloquent\Builder.php:1192
D:\Ciclo7\github-project\capachica-project\turismo-backend\vendor\laravel\framework\src\Illuminate\Support\helpers.php:399
D:\Ciclo7\github-project\capachica-project\turismo-backend\vendor\laravel\framework\src\Illuminate\Database\Eloquent\Builder.php:1191
D:\Ciclo7\github-project\capachica-project\turismo-backend\vendor\laravel\framework\src\Illuminate\Support\Traits\ForwardsCalls.php:23
D:\Ciclo7\github-project\capachica-project\turismo-backend\vendor\laravel\framework\src\Illuminate\Database\Eloquent\Model.php:2449
D:\Ciclo7\github-project\capachica-project\turismo-backend\app\Repository\EventoRepository.php:47
D:\Ciclo7\github-project\capachica-project\turismo-backend\tests\Unit\Services\EventoRepositoryTest.php:469</error>
        </testcase>
        <testcase name="maneja_transacciones_correctamente_en_actualizacion" file="D:\Ciclo7\github-project\capachica-project\turismo-backend\tests\Unit\Services\EventoRepositoryTest.php" line="480" class="Tests\Unit\Services\EventoRepositoryTest" classname="Tests.Unit.Services.EventoRepositoryTest" assertions="0" time="0.108649">
          <error type="BadMethodCallException">Tests\Unit\Services\EventoRepositoryTest::maneja_transacciones_correctamente_en_actualizacion&#13;
BadMethodCallException: Call to undefined method App\Models\Evento::factory()
&#13;
D:\Ciclo7\github-project\capachica-project\turismo-backend\vendor\laravel\framework\src\Illuminate\Support\Traits\ForwardsCalls.php:67
D:\Ciclo7\github-project\capachica-project\turismo-backend\vendor\laravel\framework\src\Illuminate\Support\Traits\ForwardsCalls.php:36
D:\Ciclo7\github-project\capachica-project\turismo-backend\vendor\laravel\framework\src\Illuminate\Database\Eloquent\Model.php:2449
D:\Ciclo7\github-project\capachica-project\turismo-backend\vendor\laravel\framework\src\Illuminate\Database\Eloquent\Model.php:2465
D:\Ciclo7\github-project\capachica-project\turismo-backend\tests\Unit\Services\EventoRepositoryTest.php:483</error>
        </testcase>
        <testcase name="maneja_transacciones_correctamente_en_eliminacion" file="D:\Ciclo7\github-project\capachica-project\turismo-backend\tests\Unit\Services\EventoRepositoryTest.php" line="500" class="Tests\Unit\Services\EventoRepositoryTest" classname="Tests.Unit.Services.EventoRepositoryTest" assertions="0" time="0.103810">
          <error type="BadMethodCallException">Tests\Unit\Services\EventoRepositoryTest::maneja_transacciones_correctamente_en_eliminacion&#13;
BadMethodCallException: Call to undefined method App\Models\Evento::factory()
&#13;
D:\Ciclo7\github-project\capachica-project\turismo-backend\vendor\laravel\framework\src\Illuminate\Support\Traits\ForwardsCalls.php:67
D:\Ciclo7\github-project\capachica-project\turismo-backend\vendor\laravel\framework\src\Illuminate\Support\Traits\ForwardsCalls.php:36
D:\Ciclo7\github-project\capachica-project\turismo-backend\vendor\laravel\framework\src\Illuminate\Database\Eloquent\Model.php:2449
D:\Ciclo7\github-project\capachica-project\turismo-backend\vendor\laravel\framework\src\Illuminate\Database\Eloquent\Model.php:2465
D:\Ciclo7\github-project\capachica-project\turismo-backend\tests\Unit\Services\EventoRepositoryTest.php:503</error>
        </testcase>
        <testcase name="puede_usar_paginacion_con_diferentes_tamaños" file="D:\Ciclo7\github-project\capachica-project\turismo-backend\tests\Unit\Services\EventoRepositoryTest.php" line="516" class="Tests\Unit\Services\EventoRepositoryTest" classname="Tests.Unit.Services.EventoRepositoryTest" assertions="0" time="0.109903">
          <error type="BadMethodCallException">Tests\Unit\Services\EventoRepositoryTest::puede_usar_paginacion_con_diferentes_tamaños&#13;
BadMethodCallException: Call to undefined method App\Models\Evento::factory()
&#13;
D:\Ciclo7\github-project\capachica-project\turismo-backend\vendor\laravel\framework\src\Illuminate\Support\Traits\ForwardsCalls.php:67
D:\Ciclo7\github-project\capachica-project\turismo-backend\vendor\laravel\framework\src\Illuminate\Support\Traits\ForwardsCalls.php:36
D:\Ciclo7\github-project\capachica-project\turismo-backend\vendor\laravel\framework\src\Illuminate\Database\Eloquent\Model.php:2449
D:\Ciclo7\github-project\capachica-project\turismo-backend\vendor\laravel\framework\src\Illuminate\Database\Eloquent\Model.php:2465
D:\Ciclo7\github-project\capachica-project\turismo-backend\tests\Unit\Services\EventoRepositoryTest.php:519</error>
        </testcase>
        <testcase name="filtra_eventos_por_emprendedor_correctamente" file="D:\Ciclo7\github-project\capachica-project\turismo-backend\tests\Unit\Services\EventoRepositoryTest.php" line="537" class="Tests\Unit\Services\EventoRepositoryTest" classname="Tests.Unit.Services.EventoRepositoryTest" assertions="0" time="0.121768">
          <error type="BadMethodCallException">Tests\Unit\Services\EventoRepositoryTest::filtra_eventos_por_emprendedor_correctamente&#13;
BadMethodCallException: Call to undefined method App\Models\Evento::factory()
&#13;
D:\Ciclo7\github-project\capachica-project\turismo-backend\vendor\laravel\framework\src\Illuminate\Support\Traits\ForwardsCalls.php:67
D:\Ciclo7\github-project\capachica-project\turismo-backend\vendor\laravel\framework\src\Illuminate\Support\Traits\ForwardsCalls.php:36
D:\Ciclo7\github-project\capachica-project\turismo-backend\vendor\laravel\framework\src\Illuminate\Database\Eloquent\Model.php:2449
D:\Ciclo7\github-project\capachica-project\turismo-backend\vendor\laravel\framework\src\Illuminate\Database\Eloquent\Model.php:2465
D:\Ciclo7\github-project\capachica-project\turismo-backend\tests\Unit\Services\EventoRepositoryTest.php:544</error>
        </testcase>
        <testcase name="maneja_eventos_con_fechas_identicas" file="D:\Ciclo7\github-project\capachica-project\turismo-backend\tests\Unit\Services\EventoRepositoryTest.php" line="564" class="Tests\Unit\Services\EventoRepositoryTest" classname="Tests.Unit.Services.EventoRepositoryTest" assertions="0" time="0.111240">
          <error type="BadMethodCallException">Tests\Unit\Services\EventoRepositoryTest::maneja_eventos_con_fechas_identicas&#13;
BadMethodCallException: Call to undefined method App\Models\Evento::factory()
&#13;
D:\Ciclo7\github-project\capachica-project\turismo-backend\vendor\laravel\framework\src\Illuminate\Support\Traits\ForwardsCalls.php:67
D:\Ciclo7\github-project\capachica-project\turismo-backend\vendor\laravel\framework\src\Illuminate\Support\Traits\ForwardsCalls.php:36
D:\Ciclo7\github-project\capachica-project\turismo-backend\vendor\laravel\framework\src\Illuminate\Database\Eloquent\Model.php:2449
D:\Ciclo7\github-project\capachica-project\turismo-backend\vendor\laravel\framework\src\Illuminate\Database\Eloquent\Model.php:2465
D:\Ciclo7\github-project\capachica-project\turismo-backend\tests\Unit\Services\EventoRepositoryTest.php:569</error>
        </testcase>
        <testcase name="puede_manejar_coleccion_vacia" file="D:\Ciclo7\github-project\capachica-project\turismo-backend\tests\Unit\Services\EventoRepositoryTest.php" line="585" class="Tests\Unit\Services\EventoRepositoryTest" classname="Tests.Unit.Services.EventoRepositoryTest" assertions="8" time="0.123057"/>
      </testsuite>
      <testsuite name="Tests\Unit\Services\ReservaRepositoryTest" file="D:\Ciclo7\github-project\capachica-project\turismo-backend\tests\Unit\Services\ReservaRepositoryTest.php" tests="33" assertions="68" errors="8" failures="0" skipped="0" time="5.692194">
        <testcase name="puede_obtener_todas_las_reservas_excluyendo_carrito" file="D:\Ciclo7\github-project\capachica-project\turismo-backend\tests\Unit\Services\ReservaRepositoryTest.php" line="46" class="Tests\Unit\Services\ReservaRepositoryTest" classname="Tests.Unit.Services.ReservaRepositoryTest" assertions="0" time="0.243382">
          <error type="Illuminate\Database\QueryException">Tests\Unit\Services\ReservaRepositoryTest::puede_obtener_todas_las_reservas_excluyendo_carrito&#13;
Illuminate\Database\QueryException: SQLSTATE[23502]: Not null violation: 7 ERROR:  el valor nulo en la columna «codigo_reserva» de la relación «reservas» viola la restricción de no nulo
DETAIL:  La fila que falla contiene (4, 1, null, en_carrito, null, 2025-07-01 00:10:35, 2025-07-01 00:10:35). (Connection: pgsql, SQL: insert into "reservas" ("usuario_id", "codigo_reserva", "estado", "notas", "updated_at", "created_at") values (1, ?, en_carrito, ?, 2025-07-01 00:10:35, 2025-07-01 00:10:35) returning "id")
&#13;
D:\Ciclo7\github-project\capachica-project\turismo-backend\vendor\laravel\framework\src\Illuminate\Database\Connection.php:822
D:\Ciclo7\github-project\capachica-project\turismo-backend\vendor\laravel\framework\src\Illuminate\Database\Connection.php:776
D:\Ciclo7\github-project\capachica-project\turismo-backend\vendor\laravel\framework\src\Illuminate\Database\Connection.php:395
D:\Ciclo7\github-project\capachica-project\turismo-backend\vendor\laravel\framework\src\Illuminate\Database\Connection.php:382
D:\Ciclo7\github-project\capachica-project\turismo-backend\vendor\laravel\framework\src\Illuminate\Database\Query\Processors\PostgresProcessor.php:24
D:\Ciclo7\github-project\capachica-project\turismo-backend\vendor\laravel\framework\src\Illuminate\Database\Query\Builder.php:3769
D:\Ciclo7\github-project\capachica-project\turismo-backend\vendor\laravel\framework\src\Illuminate\Database\Eloquent\Builder.php:2208
D:\Ciclo7\github-project\capachica-project\turismo-backend\vendor\laravel\framework\src\Illuminate\Database\Eloquent\Model.php:1408
D:\Ciclo7\github-project\capachica-project\turismo-backend\vendor\laravel\framework\src\Illuminate\Database\Eloquent\Model.php:1373
D:\Ciclo7\github-project\capachica-project\turismo-backend\vendor\laravel\framework\src\Illuminate\Database\Eloquent\Model.php:1212
D:\Ciclo7\github-project\capachica-project\turismo-backend\vendor\laravel\framework\src\Illuminate\Database\Eloquent\Factories\Factory.php:351
D:\Ciclo7\github-project\capachica-project\turismo-backend\vendor\laravel\framework\src\Illuminate\Collections\Traits\EnumeratesValues.php:274
D:\Ciclo7\github-project\capachica-project\turismo-backend\vendor\laravel\framework\src\Illuminate\Database\Eloquent\Factories\Factory.php:346
D:\Ciclo7\github-project\capachica-project\turismo-backend\vendor\laravel\framework\src\Illuminate\Database\Eloquent\Factories\Factory.php:306
D:\Ciclo7\github-project\capachica-project\turismo-backend\vendor\laravel\framework\src\Illuminate\Database\Eloquent\Factories\Factory.php:296
D:\Ciclo7\github-project\capachica-project\turismo-backend\tests\Unit\Services\ReservaRepositoryTest.php:50</error>
        </testcase>
        <testcase name="puede_obtener_reservas_paginadas" file="D:\Ciclo7\github-project\capachica-project\turismo-backend\tests\Unit\Services\ReservaRepositoryTest.php" line="69" class="Tests\Unit\Services\ReservaRepositoryTest" classname="Tests.Unit.Services.ReservaRepositoryTest" assertions="0" time="0.211006">
          <error type="Illuminate\Database\QueryException">Tests\Unit\Services\ReservaRepositoryTest::puede_obtener_reservas_paginadas&#13;
Illuminate\Database\QueryException: SQLSTATE[23502]: Not null violation: 7 ERROR:  el valor nulo en la columna «codigo_reserva» de la relación «reservas» viola la restricción de no nulo
DETAIL:  La fila que falla contiene (30, 2, null, en_carrito, null, 2025-07-01 00:10:36, 2025-07-01 00:10:36). (Connection: pgsql, SQL: insert into "reservas" ("usuario_id", "codigo_reserva", "estado", "notas", "updated_at", "created_at") values (2, ?, en_carrito, ?, 2025-07-01 00:10:36, 2025-07-01 00:10:36) returning "id")
&#13;
D:\Ciclo7\github-project\capachica-project\turismo-backend\vendor\laravel\framework\src\Illuminate\Database\Connection.php:822
D:\Ciclo7\github-project\capachica-project\turismo-backend\vendor\laravel\framework\src\Illuminate\Database\Connection.php:776
D:\Ciclo7\github-project\capachica-project\turismo-backend\vendor\laravel\framework\src\Illuminate\Database\Connection.php:395
D:\Ciclo7\github-project\capachica-project\turismo-backend\vendor\laravel\framework\src\Illuminate\Database\Connection.php:382
D:\Ciclo7\github-project\capachica-project\turismo-backend\vendor\laravel\framework\src\Illuminate\Database\Query\Processors\PostgresProcessor.php:24
D:\Ciclo7\github-project\capachica-project\turismo-backend\vendor\laravel\framework\src\Illuminate\Database\Query\Builder.php:3769
D:\Ciclo7\github-project\capachica-project\turismo-backend\vendor\laravel\framework\src\Illuminate\Database\Eloquent\Builder.php:2208
D:\Ciclo7\github-project\capachica-project\turismo-backend\vendor\laravel\framework\src\Illuminate\Database\Eloquent\Model.php:1408
D:\Ciclo7\github-project\capachica-project\turismo-backend\vendor\laravel\framework\src\Illuminate\Database\Eloquent\Model.php:1373
D:\Ciclo7\github-project\capachica-project\turismo-backend\vendor\laravel\framework\src\Illuminate\Database\Eloquent\Model.php:1212
D:\Ciclo7\github-project\capachica-project\turismo-backend\vendor\laravel\framework\src\Illuminate\Database\Eloquent\Factories\Factory.php:351
D:\Ciclo7\github-project\capachica-project\turismo-backend\vendor\laravel\framework\src\Illuminate\Collections\Traits\EnumeratesValues.php:274
D:\Ciclo7\github-project\capachica-project\turismo-backend\vendor\laravel\framework\src\Illuminate\Database\Eloquent\Factories\Factory.php:346
D:\Ciclo7\github-project\capachica-project\turismo-backend\vendor\laravel\framework\src\Illuminate\Database\Eloquent\Factories\Factory.php:306
D:\Ciclo7\github-project\capachica-project\turismo-backend\vendor\laravel\framework\src\Illuminate\Database\Eloquent\Factories\Factory.php:296
D:\Ciclo7\github-project\capachica-project\turismo-backend\tests\Unit\Services\ReservaRepositoryTest.php:73</error>
        </testcase>
        <testcase name="puede_encontrar_reserva_por_id" file="D:\Ciclo7\github-project\capachica-project\turismo-backend\tests\Unit\Services\ReservaRepositoryTest.php" line="90" class="Tests\Unit\Services\ReservaRepositoryTest" classname="Tests.Unit.Services.ReservaRepositoryTest" assertions="5" time="0.243069"/>
        <testcase name="retorna_null_cuando_reserva_no_existe" file="D:\Ciclo7\github-project\capachica-project\turismo-backend\tests\Unit\Services\ReservaRepositoryTest.php" line="109" class="Tests\Unit\Services\ReservaRepositoryTest" classname="Tests.Unit.Services.ReservaRepositoryTest" assertions="1" time="0.247139"/>
        <testcase name="puede_obtener_carrito_por_usuario" file="D:\Ciclo7\github-project\capachica-project\turismo-backend\tests\Unit\Services\ReservaRepositoryTest.php" line="119" class="Tests\Unit\Services\ReservaRepositoryTest" classname="Tests.Unit.Services.ReservaRepositoryTest" assertions="0" time="0.141191">
          <error type="Illuminate\Database\QueryException">Tests\Unit\Services\ReservaRepositoryTest::puede_obtener_carrito_por_usuario&#13;
Illuminate\Database\QueryException: SQLSTATE[23502]: Not null violation: 7 ERROR:  el valor nulo en la columna «codigo_reserva» de la relación «reservas» viola la restricción de no nulo
DETAIL:  La fila que falla contiene (32, 5, null, en_carrito, null, 2025-07-01 00:10:36, 2025-07-01 00:10:36). (Connection: pgsql, SQL: insert into "reservas" ("usuario_id", "codigo_reserva", "estado", "notas", "updated_at", "created_at") values (5, ?, en_carrito, ?, 2025-07-01 00:10:36, 2025-07-01 00:10:36) returning "id")
&#13;
D:\Ciclo7\github-project\capachica-project\turismo-backend\vendor\laravel\framework\src\Illuminate\Database\Connection.php:822
D:\Ciclo7\github-project\capachica-project\turismo-backend\vendor\laravel\framework\src\Illuminate\Database\Connection.php:776
D:\Ciclo7\github-project\capachica-project\turismo-backend\vendor\laravel\framework\src\Illuminate\Database\Connection.php:395
D:\Ciclo7\github-project\capachica-project\turismo-backend\vendor\laravel\framework\src\Illuminate\Database\Connection.php:382
D:\Ciclo7\github-project\capachica-project\turismo-backend\vendor\laravel\framework\src\Illuminate\Database\Query\Processors\PostgresProcessor.php:24
D:\Ciclo7\github-project\capachica-project\turismo-backend\vendor\laravel\framework\src\Illuminate\Database\Query\Builder.php:3769
D:\Ciclo7\github-project\capachica-project\turismo-backend\vendor\laravel\framework\src\Illuminate\Database\Eloquent\Builder.php:2208
D:\Ciclo7\github-project\capachica-project\turismo-backend\vendor\laravel\framework\src\Illuminate\Database\Eloquent\Model.php:1408
D:\Ciclo7\github-project\capachica-project\turismo-backend\vendor\laravel\framework\src\Illuminate\Database\Eloquent\Model.php:1373
D:\Ciclo7\github-project\capachica-project\turismo-backend\vendor\laravel\framework\src\Illuminate\Database\Eloquent\Model.php:1212
D:\Ciclo7\github-project\capachica-project\turismo-backend\vendor\laravel\framework\src\Illuminate\Database\Eloquent\Factories\Factory.php:351
D:\Ciclo7\github-project\capachica-project\turismo-backend\vendor\laravel\framework\src\Illuminate\Collections\Traits\EnumeratesValues.php:274
D:\Ciclo7\github-project\capachica-project\turismo-backend\vendor\laravel\framework\src\Illuminate\Database\Eloquent\Factories\Factory.php:346
D:\Ciclo7\github-project\capachica-project\turismo-backend\vendor\laravel\framework\src\Illuminate\Database\Eloquent\Factories\Factory.php:302
D:\Ciclo7\github-project\capachica-project\turismo-backend\vendor\laravel\framework\src\Illuminate\Database\Eloquent\Factories\Factory.php:296
D:\Ciclo7\github-project\capachica-project\turismo-backend\tests\Unit\Services\ReservaRepositoryTest.php:122</error>
        </testcase>
        <testcase name="retorna_null_si_usuario_no_tiene_carrito" file="D:\Ciclo7\github-project\capachica-project\turismo-backend\tests\Unit\Services\ReservaRepositoryTest.php" line="138" class="Tests\Unit\Services\ReservaRepositoryTest" classname="Tests.Unit.Services.ReservaRepositoryTest" assertions="1" time="0.123340"/>
        <testcase name="puede_crear_carrito_si_no_existe" file="D:\Ciclo7\github-project\capachica-project\turismo-backend\tests\Unit\Services\ReservaRepositoryTest.php" line="151" class="Tests\Unit\Services\ReservaRepositoryTest" classname="Tests.Unit.Services.ReservaRepositoryTest" assertions="5" time="0.233548"/>
        <testcase name="retorna_carrito_existente_si_ya_existe" file="D:\Ciclo7\github-project\capachica-project\turismo-backend\tests\Unit\Services\ReservaRepositoryTest.php" line="169" class="Tests\Unit\Services\ReservaRepositoryTest" classname="Tests.Unit.Services.ReservaRepositoryTest" assertions="0" time="0.126165">
          <error type="Illuminate\Database\QueryException">Tests\Unit\Services\ReservaRepositoryTest::retorna_carrito_existente_si_ya_existe&#13;
Illuminate\Database\QueryException: SQLSTATE[23502]: Not null violation: 7 ERROR:  el valor nulo en la columna «codigo_reserva» de la relación «reservas» viola la restricción de no nulo
DETAIL:  La fila que falla contiene (35, 8, null, en_carrito, Magnam possimus perspiciatis fugiat. Voluptatem quia dolore ex a..., 2025-07-01 00:10:37, 2025-07-01 00:10:37). (Connection: pgsql, SQL: insert into "reservas" ("usuario_id", "codigo_reserva", "estado", "notas", "updated_at", "created_at") values (8, ?, en_carrito, Magnam possimus perspiciatis fugiat. Voluptatem quia dolore ex aut sint nisi., 2025-07-01 00:10:37, 2025-07-01 00:10:37) returning "id")
&#13;
D:\Ciclo7\github-project\capachica-project\turismo-backend\vendor\laravel\framework\src\Illuminate\Database\Connection.php:822
D:\Ciclo7\github-project\capachica-project\turismo-backend\vendor\laravel\framework\src\Illuminate\Database\Connection.php:776
D:\Ciclo7\github-project\capachica-project\turismo-backend\vendor\laravel\framework\src\Illuminate\Database\Connection.php:395
D:\Ciclo7\github-project\capachica-project\turismo-backend\vendor\laravel\framework\src\Illuminate\Database\Connection.php:382
D:\Ciclo7\github-project\capachica-project\turismo-backend\vendor\laravel\framework\src\Illuminate\Database\Query\Processors\PostgresProcessor.php:24
D:\Ciclo7\github-project\capachica-project\turismo-backend\vendor\laravel\framework\src\Illuminate\Database\Query\Builder.php:3769
D:\Ciclo7\github-project\capachica-project\turismo-backend\vendor\laravel\framework\src\Illuminate\Database\Eloquent\Builder.php:2208
D:\Ciclo7\github-project\capachica-project\turismo-backend\vendor\laravel\framework\src\Illuminate\Database\Eloquent\Model.php:1408
D:\Ciclo7\github-project\capachica-project\turismo-backend\vendor\laravel\framework\src\Illuminate\Database\Eloquent\Model.php:1373
D:\Ciclo7\github-project\capachica-project\turismo-backend\vendor\laravel\framework\src\Illuminate\Database\Eloquent\Model.php:1212
D:\Ciclo7\github-project\capachica-project\turismo-backend\vendor\laravel\framework\src\Illuminate\Database\Eloquent\Factories\Factory.php:351
D:\Ciclo7\github-project\capachica-project\turismo-backend\vendor\laravel\framework\src\Illuminate\Collections\Traits\EnumeratesValues.php:274
D:\Ciclo7\github-project\capachica-project\turismo-backend\vendor\laravel\framework\src\Illuminate\Database\Eloquent\Factories\Factory.php:346
D:\Ciclo7\github-project\capachica-project\turismo-backend\vendor\laravel\framework\src\Illuminate\Database\Eloquent\Factories\Factory.php:302
D:\Ciclo7\github-project\capachica-project\turismo-backend\vendor\laravel\framework\src\Illuminate\Database\Eloquent\Factories\Factory.php:296
D:\Ciclo7\github-project\capachica-project\turismo-backend\tests\Unit\Services\ReservaRepositoryTest.php:172</error>
        </testcase>
        <testcase name="puede_crear_reserva_sin_servicios" file="D:\Ciclo7\github-project\capachica-project\turismo-backend\tests\Unit\Services\ReservaRepositoryTest.php" line="189" class="Tests\Unit\Services\ReservaRepositoryTest" classname="Tests.Unit.Services.ReservaRepositoryTest" assertions="6" time="0.240614"/>
        <testcase name="puede_crear_reserva_con_servicios" file="D:\Ciclo7\github-project\capachica-project\turismo-backend\tests\Unit\Services\ReservaRepositoryTest.php" line="215" class="Tests\Unit\Services\ReservaRepositoryTest" classname="Tests.Unit.Services.ReservaRepositoryTest" assertions="3" time="0.133322"/>
        <testcase name="puede_actualizar_reserva_sin_servicios" file="D:\Ciclo7\github-project\capachica-project\turismo-backend\tests\Unit\Services\ReservaRepositoryTest.php" line="254" class="Tests\Unit\Services\ReservaRepositoryTest" classname="Tests.Unit.Services.ReservaRepositoryTest" assertions="2" time="0.135973"/>
        <testcase name="puede_actualizar_reserva_con_nuevos_servicios" file="D:\Ciclo7\github-project\capachica-project\turismo-backend\tests\Unit\Services\ReservaRepositoryTest.php" line="277" class="Tests\Unit\Services\ReservaRepositoryTest" classname="Tests.Unit.Services.ReservaRepositoryTest" assertions="2" time="0.156830"/>
        <testcase name="puede_actualizar_servicios_existentes" file="D:\Ciclo7\github-project\capachica-project\turismo-backend\tests\Unit\Services\ReservaRepositoryTest.php" line="309" class="Tests\Unit\Services\ReservaRepositoryTest" classname="Tests.Unit.Services.ReservaRepositoryTest" assertions="2" time="0.145748"/>
        <testcase name="retorna_false_al_actualizar_reserva_inexistente" file="D:\Ciclo7\github-project\capachica-project\turismo-backend\tests\Unit\Services\ReservaRepositoryTest.php" line="342" class="Tests\Unit\Services\ReservaRepositoryTest" classname="Tests.Unit.Services.ReservaRepositoryTest" assertions="1" time="0.120381"/>
        <testcase name="puede_eliminar_reserva_existente" file="D:\Ciclo7\github-project\capachica-project\turismo-backend\tests\Unit\Services\ReservaRepositoryTest.php" line="352" class="Tests\Unit\Services\ReservaRepositoryTest" classname="Tests.Unit.Services.ReservaRepositoryTest" assertions="3" time="0.133890"/>
        <testcase name="retorna_false_al_eliminar_reserva_inexistente" file="D:\Ciclo7\github-project\capachica-project\turismo-backend\tests\Unit\Services\ReservaRepositoryTest.php" line="372" class="Tests\Unit\Services\ReservaRepositoryTest" classname="Tests.Unit.Services.ReservaRepositoryTest" assertions="1" time="0.118858"/>
        <testcase name="puede_obtener_reservas_por_usuario" file="D:\Ciclo7\github-project\capachica-project\turismo-backend\tests\Unit\Services\ReservaRepositoryTest.php" line="382" class="Tests\Unit\Services\ReservaRepositoryTest" classname="Tests.Unit.Services.ReservaRepositoryTest" assertions="0" time="0.143266">
          <error type="Illuminate\Database\QueryException">Tests\Unit\Services\ReservaRepositoryTest::puede_obtener_reservas_por_usuario&#13;
Illuminate\Database\QueryException: SQLSTATE[23502]: Not null violation: 7 ERROR:  el valor nulo en la columna «codigo_reserva» de la relación «reservas» viola la restricción de no nulo
DETAIL:  La fila que falla contiene (47, 17, null, en_carrito, null, 2025-07-01 00:10:38, 2025-07-01 00:10:38). (Connection: pgsql, SQL: insert into "reservas" ("usuario_id", "codigo_reserva", "estado", "notas", "updated_at", "created_at") values (17, ?, en_carrito, ?, 2025-07-01 00:10:38, 2025-07-01 00:10:38) returning "id")
&#13;
D:\Ciclo7\github-project\capachica-project\turismo-backend\vendor\laravel\framework\src\Illuminate\Database\Connection.php:822
D:\Ciclo7\github-project\capachica-project\turismo-backend\vendor\laravel\framework\src\Illuminate\Database\Connection.php:776
D:\Ciclo7\github-project\capachica-project\turismo-backend\vendor\laravel\framework\src\Illuminate\Database\Connection.php:395
D:\Ciclo7\github-project\capachica-project\turismo-backend\vendor\laravel\framework\src\Illuminate\Database\Connection.php:382
D:\Ciclo7\github-project\capachica-project\turismo-backend\vendor\laravel\framework\src\Illuminate\Database\Query\Processors\PostgresProcessor.php:24
D:\Ciclo7\github-project\capachica-project\turismo-backend\vendor\laravel\framework\src\Illuminate\Database\Query\Builder.php:3769
D:\Ciclo7\github-project\capachica-project\turismo-backend\vendor\laravel\framework\src\Illuminate\Database\Eloquent\Builder.php:2208
D:\Ciclo7\github-project\capachica-project\turismo-backend\vendor\laravel\framework\src\Illuminate\Database\Eloquent\Model.php:1408
D:\Ciclo7\github-project\capachica-project\turismo-backend\vendor\laravel\framework\src\Illuminate\Database\Eloquent\Model.php:1373
D:\Ciclo7\github-project\capachica-project\turismo-backend\vendor\laravel\framework\src\Illuminate\Database\Eloquent\Model.php:1212
D:\Ciclo7\github-project\capachica-project\turismo-backend\vendor\laravel\framework\src\Illuminate\Database\Eloquent\Factories\Factory.php:351
D:\Ciclo7\github-project\capachica-project\turismo-backend\vendor\laravel\framework\src\Illuminate\Collections\Traits\EnumeratesValues.php:274
D:\Ciclo7\github-project\capachica-project\turismo-backend\vendor\laravel\framework\src\Illuminate\Database\Eloquent\Factories\Factory.php:346
D:\Ciclo7\github-project\capachica-project\turismo-backend\vendor\laravel\framework\src\Illuminate\Database\Eloquent\Factories\Factory.php:302
D:\Ciclo7\github-project\capachica-project\turismo-backend\vendor\laravel\framework\src\Illuminate\Database\Eloquent\Factories\Factory.php:296
D:\Ciclo7\github-project\capachica-project\turismo-backend\tests\Unit\Services\ReservaRepositoryTest.php:389</error>
        </testcase>
        <testcase name="puede_obtener_reservas_por_estado" file="D:\Ciclo7\github-project\capachica-project\turismo-backend\tests\Unit\Services\ReservaRepositoryTest.php" line="410" class="Tests\Unit\Services\ReservaRepositoryTest" classname="Tests.Unit.Services.ReservaRepositoryTest" assertions="7" time="0.158744"/>
        <testcase name="puede_obtener_reservas_por_emprendedor" file="D:\Ciclo7\github-project\capachica-project\turismo-backend\tests\Unit\Services\ReservaRepositoryTest.php" line="434" class="Tests\Unit\Services\ReservaRepositoryTest" classname="Tests.Unit.Services.ReservaRepositoryTest" assertions="5" time="0.144442"/>
        <testcase name="puede_obtener_reservas_por_servicio" file="D:\Ciclo7\github-project\capachica-project\turismo-backend\tests\Unit\Services\ReservaRepositoryTest.php" line="468" class="Tests\Unit\Services\ReservaRepositoryTest" classname="Tests.Unit.Services.ReservaRepositoryTest" assertions="3" time="0.139772"/>
        <testcase name="puede_cambiar_estado_de_reserva" file="D:\Ciclo7\github-project\capachica-project\turismo-backend\tests\Unit\Services\ReservaRepositoryTest.php" line="498" class="Tests\Unit\Services\ReservaRepositoryTest" classname="Tests.Unit.Services.ReservaRepositoryTest" assertions="3" time="0.144174"/>
        <testcase name="retorna_false_al_cambiar_estado_de_reserva_inexistente" file="D:\Ciclo7\github-project\capachica-project\turismo-backend\tests\Unit\Services\ReservaRepositoryTest.php" line="524" class="Tests\Unit\Services\ReservaRepositoryTest" classname="Tests.Unit.Services.ReservaRepositoryTest" assertions="1" time="0.123502"/>
        <testcase name="puede_confirmar_carrito_con_servicios" file="D:\Ciclo7\github-project\capachica-project\turismo-backend\tests\Unit\Services\ReservaRepositoryTest.php" line="534" class="Tests\Unit\Services\ReservaRepositoryTest" classname="Tests.Unit.Services.ReservaRepositoryTest" assertions="0" time="0.140284">
          <error type="Illuminate\Database\QueryException">Tests\Unit\Services\ReservaRepositoryTest::puede_confirmar_carrito_con_servicios&#13;
Illuminate\Database\QueryException: SQLSTATE[23502]: Not null violation: 7 ERROR:  el valor nulo en la columna «codigo_reserva» de la relación «reservas» viola la restricción de no nulo
DETAIL:  La fila que falla contiene (58, 24, null, en_carrito, null, 2025-07-01 00:10:39, 2025-07-01 00:10:39). (Connection: pgsql, SQL: insert into "reservas" ("usuario_id", "codigo_reserva", "estado", "notas", "updated_at", "created_at") values (24, ?, en_carrito, ?, 2025-07-01 00:10:39, 2025-07-01 00:10:39) returning "id")
&#13;
D:\Ciclo7\github-project\capachica-project\turismo-backend\vendor\laravel\framework\src\Illuminate\Database\Connection.php:822
D:\Ciclo7\github-project\capachica-project\turismo-backend\vendor\laravel\framework\src\Illuminate\Database\Connection.php:776
D:\Ciclo7\github-project\capachica-project\turismo-backend\vendor\laravel\framework\src\Illuminate\Database\Connection.php:395
D:\Ciclo7\github-project\capachica-project\turismo-backend\vendor\laravel\framework\src\Illuminate\Database\Connection.php:382
D:\Ciclo7\github-project\capachica-project\turismo-backend\vendor\laravel\framework\src\Illuminate\Database\Query\Processors\PostgresProcessor.php:24
D:\Ciclo7\github-project\capachica-project\turismo-backend\vendor\laravel\framework\src\Illuminate\Database\Query\Builder.php:3769
D:\Ciclo7\github-project\capachica-project\turismo-backend\vendor\laravel\framework\src\Illuminate\Database\Eloquent\Builder.php:2208
D:\Ciclo7\github-project\capachica-project\turismo-backend\vendor\laravel\framework\src\Illuminate\Database\Eloquent\Model.php:1408
D:\Ciclo7\github-project\capachica-project\turismo-backend\vendor\laravel\framework\src\Illuminate\Database\Eloquent\Model.php:1373
D:\Ciclo7\github-project\capachica-project\turismo-backend\vendor\laravel\framework\src\Illuminate\Database\Eloquent\Model.php:1212
D:\Ciclo7\github-project\capachica-project\turismo-backend\vendor\laravel\framework\src\Illuminate\Database\Eloquent\Factories\Factory.php:351
D:\Ciclo7\github-project\capachica-project\turismo-backend\vendor\laravel\framework\src\Illuminate\Collections\Traits\EnumeratesValues.php:274
D:\Ciclo7\github-project\capachica-project\turismo-backend\vendor\laravel\framework\src\Illuminate\Database\Eloquent\Factories\Factory.php:346
D:\Ciclo7\github-project\capachica-project\turismo-backend\vendor\laravel\framework\src\Illuminate\Database\Eloquent\Factories\Factory.php:302
D:\Ciclo7\github-project\capachica-project\turismo-backend\vendor\laravel\framework\src\Illuminate\Database\Eloquent\Factories\Factory.php:296
D:\Ciclo7\github-project\capachica-project\turismo-backend\tests\Unit\Services\ReservaRepositoryTest.php:537</error>
        </testcase>
        <testcase name="retorna_null_al_confirmar_carrito_vacio" file="D:\Ciclo7\github-project\capachica-project\turismo-backend\tests\Unit\Services\ReservaRepositoryTest.php" line="559" class="Tests\Unit\Services\ReservaRepositoryTest" classname="Tests.Unit.Services.ReservaRepositoryTest" assertions="0" time="0.133388">
          <error type="Illuminate\Database\QueryException">Tests\Unit\Services\ReservaRepositoryTest::retorna_null_al_confirmar_carrito_vacio&#13;
Illuminate\Database\QueryException: SQLSTATE[23502]: Not null violation: 7 ERROR:  el valor nulo en la columna «codigo_reserva» de la relación «reservas» viola la restricción de no nulo
DETAIL:  La fila que falla contiene (59, 25, null, en_carrito, null, 2025-07-01 00:10:39, 2025-07-01 00:10:39). (Connection: pgsql, SQL: insert into "reservas" ("usuario_id", "codigo_reserva", "estado", "notas", "updated_at", "created_at") values (25, ?, en_carrito, ?, 2025-07-01 00:10:39, 2025-07-01 00:10:39) returning "id")
&#13;
D:\Ciclo7\github-project\capachica-project\turismo-backend\vendor\laravel\framework\src\Illuminate\Database\Connection.php:822
D:\Ciclo7\github-project\capachica-project\turismo-backend\vendor\laravel\framework\src\Illuminate\Database\Connection.php:776
D:\Ciclo7\github-project\capachica-project\turismo-backend\vendor\laravel\framework\src\Illuminate\Database\Connection.php:395
D:\Ciclo7\github-project\capachica-project\turismo-backend\vendor\laravel\framework\src\Illuminate\Database\Connection.php:382
D:\Ciclo7\github-project\capachica-project\turismo-backend\vendor\laravel\framework\src\Illuminate\Database\Query\Processors\PostgresProcessor.php:24
D:\Ciclo7\github-project\capachica-project\turismo-backend\vendor\laravel\framework\src\Illuminate\Database\Query\Builder.php:3769
D:\Ciclo7\github-project\capachica-project\turismo-backend\vendor\laravel\framework\src\Illuminate\Database\Eloquent\Builder.php:2208
D:\Ciclo7\github-project\capachica-project\turismo-backend\vendor\laravel\framework\src\Illuminate\Database\Eloquent\Model.php:1408
D:\Ciclo7\github-project\capachica-project\turismo-backend\vendor\laravel\framework\src\Illuminate\Database\Eloquent\Model.php:1373
D:\Ciclo7\github-project\capachica-project\turismo-backend\vendor\laravel\framework\src\Illuminate\Database\Eloquent\Model.php:1212
D:\Ciclo7\github-project\capachica-project\turismo-backend\vendor\laravel\framework\src\Illuminate\Database\Eloquent\Factories\Factory.php:351
D:\Ciclo7\github-project\capachica-project\turismo-backend\vendor\laravel\framework\src\Illuminate\Collections\Traits\EnumeratesValues.php:274
D:\Ciclo7\github-project\capachica-project\turismo-backend\vendor\laravel\framework\src\Illuminate\Database\Eloquent\Factories\Factory.php:346
D:\Ciclo7\github-project\capachica-project\turismo-backend\vendor\laravel\framework\src\Illuminate\Database\Eloquent\Factories\Factory.php:302
D:\Ciclo7\github-project\capachica-project\turismo-backend\vendor\laravel\framework\src\Illuminate\Database\Eloquent\Factories\Factory.php:296
D:\Ciclo7\github-project\capachica-project\turismo-backend\tests\Unit\Services\ReservaRepositoryTest.php:562</error>
        </testcase>
        <testcase name="retorna_null_al_confirmar_reserva_no_carrito" file="D:\Ciclo7\github-project\capachica-project\turismo-backend\tests\Unit\Services\ReservaRepositoryTest.php" line="572" class="Tests\Unit\Services\ReservaRepositoryTest" classname="Tests.Unit.Services.ReservaRepositoryTest" assertions="1" time="0.239597"/>
        <testcase name="puede_vaciar_carrito" file="D:\Ciclo7\github-project\capachica-project\turismo-backend\tests\Unit\Services\ReservaRepositoryTest.php" line="585" class="Tests\Unit\Services\ReservaRepositoryTest" classname="Tests.Unit.Services.ReservaRepositoryTest" assertions="0" time="0.246143">
          <error type="Illuminate\Database\QueryException">Tests\Unit\Services\ReservaRepositoryTest::puede_vaciar_carrito&#13;
Illuminate\Database\QueryException: SQLSTATE[23502]: Not null violation: 7 ERROR:  el valor nulo en la columna «codigo_reserva» de la relación «reservas» viola la restricción de no nulo
DETAIL:  La fila que falla contiene (61, 27, null, en_carrito, null, 2025-07-01 00:10:40, 2025-07-01 00:10:40). (Connection: pgsql, SQL: insert into "reservas" ("usuario_id", "codigo_reserva", "estado", "notas", "updated_at", "created_at") values (27, ?, en_carrito, ?, 2025-07-01 00:10:40, 2025-07-01 00:10:40) returning "id")
&#13;
D:\Ciclo7\github-project\capachica-project\turismo-backend\vendor\laravel\framework\src\Illuminate\Database\Connection.php:822
D:\Ciclo7\github-project\capachica-project\turismo-backend\vendor\laravel\framework\src\Illuminate\Database\Connection.php:776
D:\Ciclo7\github-project\capachica-project\turismo-backend\vendor\laravel\framework\src\Illuminate\Database\Connection.php:395
D:\Ciclo7\github-project\capachica-project\turismo-backend\vendor\laravel\framework\src\Illuminate\Database\Connection.php:382
D:\Ciclo7\github-project\capachica-project\turismo-backend\vendor\laravel\framework\src\Illuminate\Database\Query\Processors\PostgresProcessor.php:24
D:\Ciclo7\github-project\capachica-project\turismo-backend\vendor\laravel\framework\src\Illuminate\Database\Query\Builder.php:3769
D:\Ciclo7\github-project\capachica-project\turismo-backend\vendor\laravel\framework\src\Illuminate\Database\Eloquent\Builder.php:2208
D:\Ciclo7\github-project\capachica-project\turismo-backend\vendor\laravel\framework\src\Illuminate\Database\Eloquent\Model.php:1408
D:\Ciclo7\github-project\capachica-project\turismo-backend\vendor\laravel\framework\src\Illuminate\Database\Eloquent\Model.php:1373
D:\Ciclo7\github-project\capachica-project\turismo-backend\vendor\laravel\framework\src\Illuminate\Database\Eloquent\Model.php:1212
D:\Ciclo7\github-project\capachica-project\turismo-backend\vendor\laravel\framework\src\Illuminate\Database\Eloquent\Factories\Factory.php:351
D:\Ciclo7\github-project\capachica-project\turismo-backend\vendor\laravel\framework\src\Illuminate\Collections\Traits\EnumeratesValues.php:274
D:\Ciclo7\github-project\capachica-project\turismo-backend\vendor\laravel\framework\src\Illuminate\Database\Eloquent\Factories\Factory.php:346
D:\Ciclo7\github-project\capachica-project\turismo-backend\vendor\laravel\framework\src\Illuminate\Database\Eloquent\Factories\Factory.php:302
D:\Ciclo7\github-project\capachica-project\turismo-backend\vendor\laravel\framework\src\Illuminate\Database\Eloquent\Factories\Factory.php:296
D:\Ciclo7\github-project\capachica-project\turismo-backend\tests\Unit\Services\ReservaRepositoryTest.php:588</error>
        </testcase>
        <testcase name="retorna_false_al_vaciar_reserva_no_carrito" file="D:\Ciclo7\github-project\capachica-project\turismo-backend\tests\Unit\Services\ReservaRepositoryTest.php" line="608" class="Tests\Unit\Services\ReservaRepositoryTest" classname="Tests.Unit.Services.ReservaRepositoryTest" assertions="1" time="0.129132"/>
        <testcase name="maneja_transacciones_correctamente_en_creacion" file="D:\Ciclo7\github-project\capachica-project\turismo-backend\tests\Unit\Services\ReservaRepositoryTest.php" line="621" class="Tests\Unit\Services\ReservaRepositoryTest" classname="Tests.Unit.Services.ReservaRepositoryTest" assertions="2" time="0.126926"/>
        <testcase name="maneja_transacciones_correctamente_en_actualizacion" file="D:\Ciclo7\github-project\capachica-project\turismo-backend\tests\Unit\Services\ReservaRepositoryTest.php" line="643" class="Tests\Unit\Services\ReservaRepositoryTest" classname="Tests.Unit.Services.ReservaRepositoryTest" assertions="2" time="0.241031"/>
        <testcase name="maneja_transacciones_correctamente_en_eliminacion" file="D:\Ciclo7\github-project\capachica-project\turismo-backend\tests\Unit\Services\ReservaRepositoryTest.php" line="663" class="Tests\Unit\Services\ReservaRepositoryTest" classname="Tests.Unit.Services.ReservaRepositoryTest" assertions="2" time="0.132633"/>
        <testcase name="puede_usar_paginacion_con_diferentes_tamaños" file="D:\Ciclo7\github-project\capachica-project\turismo-backend\tests\Unit\Services\ReservaRepositoryTest.php" line="679" class="Tests\Unit\Services\ReservaRepositoryTest" classname="Tests.Unit.Services.ReservaRepositoryTest" assertions="6" time="0.327557"/>
        <testcase name="genera_codigo_reserva_automaticamente_si_no_se_proporciona" file="D:\Ciclo7\github-project\capachica-project\turismo-backend\tests\Unit\Services\ReservaRepositoryTest.php" line="700" class="Tests\Unit\Services\ReservaRepositoryTest" classname="Tests.Unit.Services.ReservaRepositoryTest" assertions="2" time="0.241172"/>
        <testcase name="respeta_codigo_reserva_proporcionado" file="D:\Ciclo7\github-project\capachica-project\turismo-backend\tests\Unit\Services\ReservaRepositoryTest.php" line="717" class="Tests\Unit\Services\ReservaRepositoryTest" classname="Tests.Unit.Services.ReservaRepositoryTest" assertions="1" time="0.125974"/>
      </testsuite>
      <testsuite name="Tests\Unit\Services\ServicioRepositoryTest" file="D:\Ciclo7\github-project\capachica-project\turismo-backend\tests\Unit\Services\ServicioRepositoryTest.php" tests="22" assertions="73" errors="0" failures="0" skipped="0" time="3.166675">
        <testcase name="puede_obtener_todos_los_servicios" file="D:\Ciclo7\github-project\capachica-project\turismo-backend\tests\Unit\Services\ServicioRepositoryTest.php" line="56" class="Tests\Unit\Services\ServicioRepositoryTest" classname="Tests.Unit.Services.ServicioRepositoryTest" assertions="5" time="0.230664"/>
        <testcase name="puede_obtener_servicios_paginados" file="D:\Ciclo7\github-project\capachica-project\turismo-backend\tests\Unit\Services\ServicioRepositoryTest.php" line="77" class="Tests\Unit\Services\ServicioRepositoryTest" classname="Tests.Unit.Services.ServicioRepositoryTest" assertions="5" time="0.181345"/>
        <testcase name="puede_obtener_un_servicio_por_id" file="D:\Ciclo7\github-project\capachica-project\turismo-backend\tests\Unit\Services\ServicioRepositoryTest.php" line="98" class="Tests\Unit\Services\ServicioRepositoryTest" classname="Tests.Unit.Services.ServicioRepositoryTest" assertions="7" time="0.121631"/>
        <testcase name="retorna_null_cuando_servicio_no_existe" file="D:\Ciclo7\github-project\capachica-project\turismo-backend\tests\Unit\Services\ServicioRepositoryTest.php" line="121" class="Tests\Unit\Services\ServicioRepositoryTest" classname="Tests.Unit.Services.ServicioRepositoryTest" assertions="1" time="0.102802"/>
        <testcase name="puede_crear_nuevo_servicio_sin_relaciones" file="D:\Ciclo7\github-project\capachica-project\turismo-backend\tests\Unit\Services\ServicioRepositoryTest.php" line="131" class="Tests\Unit\Services\ServicioRepositoryTest" classname="Tests.Unit.Services.ServicioRepositoryTest" assertions="4" time="0.230018"/>
        <testcase name="puede_crear_servicio_con_categorias" file="D:\Ciclo7\github-project\capachica-project\turismo-backend\tests\Unit\Services\ServicioRepositoryTest.php" line="157" class="Tests\Unit\Services\ServicioRepositoryTest" classname="Tests.Unit.Services.ServicioRepositoryTest" assertions="4" time="0.129439"/>
        <testcase name="puede_crear_servicio_con_horarios" file="D:\Ciclo7\github-project\capachica-project\turismo-backend\tests\Unit\Services\ServicioRepositoryTest.php" line="181" class="Tests\Unit\Services\ServicioRepositoryTest" classname="Tests.Unit.Services.ServicioRepositoryTest" assertions="2" time="0.125267"/>
        <testcase name="puede_actualizar_servicio_existente" file="D:\Ciclo7\github-project\capachica-project\turismo-backend\tests\Unit\Services\ServicioRepositoryTest.php" line="215" class="Tests\Unit\Services\ServicioRepositoryTest" classname="Tests.Unit.Services.ServicioRepositoryTest" assertions="2" time="0.121727"/>
        <testcase name="puede_actualizar_servicio_con_categorias" file="D:\Ciclo7\github-project\capachica-project\turismo-backend\tests\Unit\Services\ServicioRepositoryTest.php" line="242" class="Tests\Unit\Services\ServicioRepositoryTest" classname="Tests.Unit.Services.ServicioRepositoryTest" assertions="5" time="0.149606"/>
        <testcase name="retorna_false_al_actualizar_servicio_inexistente" file="D:\Ciclo7\github-project\capachica-project\turismo-backend\tests\Unit\Services\ServicioRepositoryTest.php" line="270" class="Tests\Unit\Services\ServicioRepositoryTest" classname="Tests.Unit.Services.ServicioRepositoryTest" assertions="1" time="0.103622"/>
        <testcase name="puede_eliminar_servicio_existente" file="D:\Ciclo7\github-project\capachica-project\turismo-backend\tests\Unit\Services\ServicioRepositoryTest.php" line="283" class="Tests\Unit\Services\ServicioRepositoryTest" classname="Tests.Unit.Services.ServicioRepositoryTest" assertions="2" time="0.120131"/>
        <testcase name="retorna_false_al_eliminar_servicio_inexistente" file="D:\Ciclo7\github-project\capachica-project\turismo-backend\tests\Unit\Services\ServicioRepositoryTest.php" line="299" class="Tests\Unit\Services\ServicioRepositoryTest" classname="Tests.Unit.Services.ServicioRepositoryTest" assertions="1" time="0.105810"/>
        <testcase name="puede_obtener_servicios_activos" file="D:\Ciclo7\github-project\capachica-project\turismo-backend\tests\Unit\Services\ServicioRepositoryTest.php" line="309" class="Tests\Unit\Services\ServicioRepositoryTest" classname="Tests.Unit.Services.ServicioRepositoryTest" assertions="5" time="0.140559"/>
        <testcase name="puede_obtener_servicios_por_emprendedor" file="D:\Ciclo7\github-project\capachica-project\turismo-backend\tests\Unit\Services\ServicioRepositoryTest.php" line="332" class="Tests\Unit\Services\ServicioRepositoryTest" classname="Tests.Unit.Services.ServicioRepositoryTest" assertions="5" time="0.131734"/>
        <testcase name="puede_obtener_servicios_por_categoria" file="D:\Ciclo7\github-project\capachica-project\turismo-backend\tests\Unit\Services\ServicioRepositoryTest.php" line="360" class="Tests\Unit\Services\ServicioRepositoryTest" classname="Tests.Unit.Services.ServicioRepositoryTest" assertions="5" time="0.140961"/>
        <testcase name="puede_obtener_servicios_por_ubicacion" file="D:\Ciclo7\github-project\capachica-project\turismo-backend\tests\Unit\Services\ServicioRepositoryTest.php" line="395" class="Tests\Unit\Services\ServicioRepositoryTest" classname="Tests.Unit.Services.ServicioRepositoryTest" assertions="5" time="0.127239"/>
        <testcase name="puede_verificar_disponibilidad_de_servicio" file="D:\Ciclo7\github-project\capachica-project\turismo-backend\tests\Unit\Services\ServicioRepositoryTest.php" line="426" class="Tests\Unit\Services\ServicioRepositoryTest" classname="Tests.Unit.Services.ServicioRepositoryTest" assertions="1" time="0.226742"/>
        <testcase name="retorna_false_al_verificar_disponibilidad_de_servicio_inexistente" file="D:\Ciclo7\github-project\capachica-project\turismo-backend\tests\Unit\Services\ServicioRepositoryTest.php" line="446" class="Tests\Unit\Services\ServicioRepositoryTest" classname="Tests.Unit.Services.ServicioRepositoryTest" assertions="1" time="0.106928"/>
        <testcase name="puede_usar_paginacion_con_diferentes_tamaños" file="D:\Ciclo7\github-project\capachica-project\turismo-backend\tests\Unit\Services\ServicioRepositoryTest.php" line="461" class="Tests\Unit\Services\ServicioRepositoryTest" classname="Tests.Unit.Services.ServicioRepositoryTest" assertions="6" time="0.198320"/>
        <testcase name="maneja_transacciones_correctamente_en_creacion" file="D:\Ciclo7\github-project\capachica-project\turismo-backend\tests\Unit\Services\ServicioRepositoryTest.php" line="484" class="Tests\Unit\Services\ServicioRepositoryTest" classname="Tests.Unit.Services.ServicioRepositoryTest" assertions="2" time="0.124680"/>
        <testcase name="maneja_transacciones_correctamente_en_actualizacion" file="D:\Ciclo7\github-project\capachica-project\turismo-backend\tests\Unit\Services\ServicioRepositoryTest.php" line="505" class="Tests\Unit\Services\ServicioRepositoryTest" classname="Tests.Unit.Services.ServicioRepositoryTest" assertions="2" time="0.123133"/>
        <testcase name="maneja_transacciones_correctamente_en_eliminacion" file="D:\Ciclo7\github-project\capachica-project\turismo-backend\tests\Unit\Services\ServicioRepositoryTest.php" line="526" class="Tests\Unit\Services\ServicioRepositoryTest" classname="Tests.Unit.Services.ServicioRepositoryTest" assertions="2" time="0.124320"/>
      </testsuite>
    </testsuite>
    <testsuite name="Feature" tests="216" assertions="707" errors="40" failures="53" skipped="0" time="40.661527">
      <testsuite name="Tests\Feature\Controllers\AsociacionControllerTest" file="D:\Ciclo7\github-project\capachica-project\turismo-backend\tests\Feature\Controllers\AsociacionControllerTest.php" tests="25" assertions="132" errors="0" failures="0" skipped="0" time="5.154508">
        <testcase name="puede_listar_todas_las_asociaciones" file="D:\Ciclo7\github-project\capachica-project\turismo-backend\tests\Feature\Controllers\AsociacionControllerTest.php" line="66" class="Tests\Feature\Controllers\AsociacionControllerTest" classname="Tests.Feature.Controllers.AsociacionControllerTest" assertions="54" time="0.341084"/>
        <testcase name="puede_listar_asociaciones_con_paginacion_personalizada" file="D:\Ciclo7\github-project\capachica-project\turismo-backend\tests\Feature\Controllers\AsociacionControllerTest.php" line="104" class="Tests\Feature\Controllers\AsociacionControllerTest" classname="Tests.Feature.Controllers.AsociacionControllerTest" assertions="4" time="0.230446"/>
        <testcase name="puede_mostrar_una_asociacion_especifica" file="D:\Ciclo7\github-project\capachica-project\turismo-backend\tests\Feature\Controllers\AsociacionControllerTest.php" line="124" class="Tests\Feature\Controllers\AsociacionControllerTest" classname="Tests.Feature.Controllers.AsociacionControllerTest" assertions="2" time="0.288295"/>
        <testcase name="retorna_404_cuando_asociacion_no_existe" file="D:\Ciclo7\github-project\capachica-project\turismo-backend\tests\Feature\Controllers\AsociacionControllerTest.php" line="147" class="Tests\Feature\Controllers\AsociacionControllerTest" classname="Tests.Feature.Controllers.AsociacionControllerTest" assertions="2" time="0.168484"/>
        <testcase name="admin_puede_crear_nueva_asociacion" file="D:\Ciclo7\github-project\capachica-project\turismo-backend\tests\Feature\Controllers\AsociacionControllerTest.php" line="161" class="Tests\Feature\Controllers\AsociacionControllerTest" classname="Tests.Feature.Controllers.AsociacionControllerTest" assertions="3" time="0.253983"/>
        <testcase name="usuario_normal_no_puede_crear_asociacion" file="D:\Ciclo7\github-project\capachica-project\turismo-backend\tests\Feature\Controllers\AsociacionControllerTest.php" line="192" class="Tests\Feature\Controllers\AsociacionControllerTest" classname="Tests.Feature.Controllers.AsociacionControllerTest" assertions="1" time="0.184293"/>
        <testcase name="usuario_no_autenticado_no_puede_crear_asociacion" file="D:\Ciclo7\github-project\capachica-project\turismo-backend\tests\Feature\Controllers\AsociacionControllerTest.php" line="210" class="Tests\Feature\Controllers\AsociacionControllerTest" classname="Tests.Feature.Controllers.AsociacionControllerTest" assertions="1" time="0.166024"/>
        <testcase name="falla_validacion_al_crear_asociacion_sin_datos_requeridos" file="D:\Ciclo7\github-project\capachica-project\turismo-backend\tests\Feature\Controllers\AsociacionControllerTest.php" line="226" class="Tests\Feature\Controllers\AsociacionControllerTest" classname="Tests.Feature.Controllers.AsociacionControllerTest" assertions="5" time="0.190062"/>
        <testcase name="falla_validacion_con_email_invalido" file="D:\Ciclo7\github-project\capachica-project\turismo-backend\tests\Feature\Controllers\AsociacionControllerTest.php" line="249" class="Tests\Feature\Controllers\AsociacionControllerTest" classname="Tests.Feature.Controllers.AsociacionControllerTest" assertions="3" time="0.207517"/>
        <testcase name="falla_validacion_con_municipalidad_inexistente" file="D:\Ciclo7\github-project\capachica-project\turismo-backend\tests\Feature\Controllers\AsociacionControllerTest.php" line="269" class="Tests\Feature\Controllers\AsociacionControllerTest" classname="Tests.Feature.Controllers.AsociacionControllerTest" assertions="3" time="0.206622"/>
        <testcase name="admin_puede_actualizar_asociacion_existente" file="D:\Ciclo7\github-project\capachica-project\turismo-backend\tests\Feature\Controllers\AsociacionControllerTest.php" line="288" class="Tests\Feature\Controllers\AsociacionControllerTest" classname="Tests.Feature.Controllers.AsociacionControllerTest" assertions="3" time="0.195480"/>
        <testcase name="usuario_normal_no_puede_actualizar_asociacion" file="D:\Ciclo7\github-project\capachica-project\turismo-backend\tests\Feature\Controllers\AsociacionControllerTest.php" line="322" class="Tests\Feature\Controllers\AsociacionControllerTest" classname="Tests.Feature.Controllers.AsociacionControllerTest" assertions="1" time="0.298129"/>
        <testcase name="retorna_404_al_actualizar_asociacion_inexistente" file="D:\Ciclo7\github-project\capachica-project\turismo-backend\tests\Feature\Controllers\AsociacionControllerTest.php" line="343" class="Tests\Feature\Controllers\AsociacionControllerTest" classname="Tests.Feature.Controllers.AsociacionControllerTest" assertions="2" time="0.189440"/>
        <testcase name="falla_validacion_estado_con_valor_invalido" file="D:\Ciclo7\github-project\capachica-project\turismo-backend\tests\Feature\Controllers\AsociacionControllerTest.php" line="365" class="Tests\Feature\Controllers\AsociacionControllerTest" classname="Tests.Feature.Controllers.AsociacionControllerTest" assertions="3" time="0.195659"/>
        <testcase name="admin_puede_eliminar_asociacion_existente" file="D:\Ciclo7\github-project\capachica-project\turismo-backend\tests\Feature\Controllers\AsociacionControllerTest.php" line="387" class="Tests\Feature\Controllers\AsociacionControllerTest" classname="Tests.Feature.Controllers.AsociacionControllerTest" assertions="3" time="0.189922"/>
        <testcase name="usuario_normal_no_puede_eliminar_asociacion" file="D:\Ciclo7\github-project\capachica-project\turismo-backend\tests\Feature\Controllers\AsociacionControllerTest.php" line="412" class="Tests\Feature\Controllers\AsociacionControllerTest" classname="Tests.Feature.Controllers.AsociacionControllerTest" assertions="1" time="0.183933"/>
        <testcase name="retorna_404_al_eliminar_asociacion_inexistente" file="D:\Ciclo7\github-project\capachica-project\turismo-backend\tests\Feature\Controllers\AsociacionControllerTest.php" line="429" class="Tests\Feature\Controllers\AsociacionControllerTest" classname="Tests.Feature.Controllers.AsociacionControllerTest" assertions="2" time="0.186001"/>
        <testcase name="puede_obtener_emprendedores_de_asociacion" file="D:\Ciclo7\github-project\capachica-project\turismo-backend\tests\Feature\Controllers\AsociacionControllerTest.php" line="446" class="Tests\Feature\Controllers\AsociacionControllerTest" classname="Tests.Feature.Controllers.AsociacionControllerTest" assertions="6" time="0.196309"/>
        <testcase name="retorna_404_al_obtener_emprendedores_de_asociacion_inexistente" file="D:\Ciclo7\github-project\capachica-project\turismo-backend\tests\Feature\Controllers\AsociacionControllerTest.php" line="475" class="Tests\Feature\Controllers\AsociacionControllerTest" classname="Tests.Feature.Controllers.AsociacionControllerTest" assertions="2" time="0.166601"/>
        <testcase name="puede_obtener_asociaciones_por_municipalidad" file="D:\Ciclo7\github-project\capachica-project\turismo-backend\tests\Feature\Controllers\AsociacionControllerTest.php" line="489" class="Tests\Feature\Controllers\AsociacionControllerTest" classname="Tests.Feature.Controllers.AsociacionControllerTest" assertions="6" time="0.195395"/>
        <testcase name="maneja_error_interno_del_servidor" file="D:\Ciclo7\github-project\capachica-project\turismo-backend\tests\Feature\Controllers\AsociacionControllerTest.php" line="518" class="Tests\Feature\Controllers\AsociacionControllerTest" classname="Tests.Feature.Controllers.AsociacionControllerTest" assertions="1" time="0.201158"/>
        <testcase name="respuesta_json_tiene_estructura_correcta_en_exito" file="D:\Ciclo7\github-project\capachica-project\turismo-backend\tests\Feature\Controllers\AsociacionControllerTest.php" line="541" class="Tests\Feature\Controllers\AsociacionControllerTest" classname="Tests.Feature.Controllers.AsociacionControllerTest" assertions="16" time="0.178923"/>
        <testcase name="respuesta_json_tiene_estructura_correcta_en_error" file="D:\Ciclo7\github-project\capachica-project\turismo-backend\tests\Feature\Controllers\AsociacionControllerTest.php" line="575" class="Tests\Feature\Controllers\AsociacionControllerTest" classname="Tests.Feature.Controllers.AsociacionControllerTest" assertions="3" time="0.183890"/>
        <testcase name="imagen_url_es_correcta_cuando_hay_imagen" file="D:\Ciclo7\github-project\capachica-project\turismo-backend\tests\Feature\Controllers\AsociacionControllerTest.php" line="590" class="Tests\Feature\Controllers\AsociacionControllerTest" classname="Tests.Feature.Controllers.AsociacionControllerTest" assertions="3" time="0.179889"/>
        <testcase name="imagen_url_es_null_cuando_no_hay_imagen" file="D:\Ciclo7\github-project\capachica-project\turismo-backend\tests\Feature\Controllers\AsociacionControllerTest.php" line="610" class="Tests\Feature\Controllers\AsociacionControllerTest" classname="Tests.Feature.Controllers.AsociacionControllerTest" assertions="2" time="0.176969"/>
      </testsuite>
      <testsuite name="Tests\Feature\Controllers\AuthControllerTest" file="D:\Ciclo7\github-project\capachica-project\turismo-backend\tests\Feature\Controllers\AuthControllerTest.php" tests="17" assertions="55" errors="0" failures="6" skipped="0" time="2.581487">
        <testcase name="user_can_register_successfully" file="D:\Ciclo7\github-project\capachica-project\turismo-backend\tests\Feature\Controllers\AuthControllerTest.php" line="39" class="Tests\Feature\Controllers\AuthControllerTest" classname="Tests.Feature.Controllers.AuthControllerTest" assertions="1" time="0.209695">
          <failure type="PHPUnit\Framework\ExpectationFailedException">Tests\Feature\Controllers\AuthControllerTest::user_can_register_successfully&#13;
Expected response status code [201] but received 422.
Failed asserting that 422 is identical to 201.&#13;
&#13;
The following errors occurred during the last request:

{
    "success": false,
    "message": "Error de validación",
    "errors": {
        "gender": [
            "El género debe ser uno de los valores permitidos"
        ]
    }
}
&#13;
D:\Ciclo7\github-project\capachica-project\turismo-backend\vendor\laravel\framework\src\Illuminate\Testing\TestResponseAssert.php:45
D:\Ciclo7\github-project\capachica-project\turismo-backend\vendor\laravel\framework\src\Illuminate\Testing\TestResponse.php:159
D:\Ciclo7\github-project\capachica-project\turismo-backend\tests\Feature\Controllers\AuthControllerTest.php:56</failure>
        </testcase>
        <testcase name="user_can_register_with_profile_photo" file="D:\Ciclo7\github-project\capachica-project\turismo-backend\tests\Feature\Controllers\AuthControllerTest.php" line="80" class="Tests\Feature\Controllers\AuthControllerTest" classname="Tests.Feature.Controllers.AuthControllerTest" assertions="1" time="0.115411">
          <failure type="PHPUnit\Framework\ExpectationFailedException">Tests\Feature\Controllers\AuthControllerTest::user_can_register_with_profile_photo&#13;
Expected response status code [201] but received 422.
Failed asserting that 422 is identical to 201.&#13;
&#13;
The following errors occurred during the last request:

{
    "success": false,
    "message": "Error de validación",
    "errors": {
        "gender": [
            "El género debe ser uno de los valores permitidos"
        ]
    }
}
&#13;
D:\Ciclo7\github-project\capachica-project\turismo-backend\vendor\laravel\framework\src\Illuminate\Testing\TestResponseAssert.php:45
D:\Ciclo7\github-project\capachica-project\turismo-backend\vendor\laravel\framework\src\Illuminate\Testing\TestResponse.php:159
D:\Ciclo7\github-project\capachica-project\turismo-backend\tests\Feature\Controllers\AuthControllerTest.php:100</failure>
        </testcase>
        <testcase name="register_validation_fails_with_invalid_data" file="D:\Ciclo7\github-project\capachica-project\turismo-backend\tests\Feature\Controllers\AuthControllerTest.php" line="105" class="Tests\Feature\Controllers\AuthControllerTest" classname="Tests.Feature.Controllers.AuthControllerTest" assertions="5" time="0.107767"/>
        <testcase name="user_can_login_successfully" file="D:\Ciclo7\github-project\capachica-project\turismo-backend\tests\Feature\Controllers\AuthControllerTest.php" line="118" class="Tests\Feature\Controllers\AuthControllerTest" classname="Tests.Feature.Controllers.AuthControllerTest" assertions="11" time="0.160129"/>
        <testcase name="login_fails_with_invalid_credentials" file="D:\Ciclo7\github-project\capachica-project\turismo-backend\tests\Feature\Controllers\AuthControllerTest.php" line="149" class="Tests\Feature\Controllers\AuthControllerTest" classname="Tests.Feature.Controllers.AuthControllerTest" assertions="2" time="0.325526"/>
        <testcase name="login_fails_for_inactive_user" file="D:\Ciclo7\github-project\capachica-project\turismo-backend\tests\Feature\Controllers\AuthControllerTest.php" line="169" class="Tests\Feature\Controllers\AuthControllerTest" classname="Tests.Feature.Controllers.AuthControllerTest" assertions="2" time="0.114995"/>
        <testcase name="login_fails_for_unverified_email" file="D:\Ciclo7\github-project\capachica-project\turismo-backend\tests\Feature\Controllers\AuthControllerTest.php" line="190" class="Tests\Feature\Controllers\AuthControllerTest" classname="Tests.Feature.Controllers.AuthControllerTest" assertions="4" time="0.238191">
          <failure type="PHPUnit\Framework\ExpectationFailedException">Tests\Feature\Controllers\AuthControllerTest::login_fails_for_unverified_email&#13;
Failed asserting that an array has the key 'data'.
&#13;
D:\Ciclo7\github-project\capachica-project\turismo-backend\vendor\laravel\framework\src\Illuminate\Testing\AssertableJsonString.php:297
D:\Ciclo7\github-project\capachica-project\turismo-backend\vendor\laravel\framework\src\Illuminate\Testing\TestResponse.php:894
D:\Ciclo7\github-project\capachica-project\turismo-backend\tests\Feature\Controllers\AuthControllerTest.php:204</failure>
        </testcase>
        <testcase name="authenticated_user_can_get_profile" file="D:\Ciclo7\github-project\capachica-project\turismo-backend\tests\Feature\Controllers\AuthControllerTest.php" line="212" class="Tests\Feature\Controllers\AuthControllerTest" classname="Tests.Feature.Controllers.AuthControllerTest" assertions="12" time="0.127593"/>
        <testcase name="unauthenticated_user_cannot_get_profile" file="D:\Ciclo7\github-project\capachica-project\turismo-backend\tests\Feature\Controllers\AuthControllerTest.php" line="238" class="Tests\Feature\Controllers\AuthControllerTest" classname="Tests.Feature.Controllers.AuthControllerTest" assertions="1" time="0.109600"/>
        <testcase name="authenticated_user_can_update_profile" file="D:\Ciclo7\github-project\capachica-project\turismo-backend\tests\Feature\Controllers\AuthControllerTest.php" line="246" class="Tests\Feature\Controllers\AuthControllerTest" classname="Tests.Feature.Controllers.AuthControllerTest" assertions="3" time="0.127247"/>
        <testcase name="authenticated_user_can_update_profile_with_photo" file="D:\Ciclo7\github-project\capachica-project\turismo-backend\tests\Feature\Controllers\AuthControllerTest.php" line="274" class="Tests\Feature\Controllers\AuthControllerTest" classname="Tests.Feature.Controllers.AuthControllerTest" assertions="2" time="0.128848"/>
        <testcase name="authenticated_user_can_logout" file="D:\Ciclo7\github-project\capachica-project\turismo-backend\tests\Feature\Controllers\AuthControllerTest.php" line="293" class="Tests\Feature\Controllers\AuthControllerTest" classname="Tests.Feature.Controllers.AuthControllerTest" assertions="2" time="0.107509"/>
        <testcase name="user_can_request_password_reset" file="D:\Ciclo7\github-project\capachica-project\turismo-backend\tests\Feature\Controllers\AuthControllerTest.php" line="308" class="Tests\Feature\Controllers\AuthControllerTest" classname="Tests.Feature.Controllers.AuthControllerTest" assertions="2" time="0.128242"/>
        <testcase name="forgot_password_fails_with_invalid_email" file="D:\Ciclo7\github-project\capachica-project\turismo-backend\tests\Feature\Controllers\AuthControllerTest.php" line="326" class="Tests\Feature\Controllers\AuthControllerTest" classname="Tests.Feature.Controllers.AuthControllerTest" assertions="1" time="0.111643">
          <failure type="PHPUnit\Framework\ExpectationFailedException">Tests\Feature\Controllers\AuthControllerTest::forgot_password_fails_with_invalid_email&#13;
Expected response status code [500] but received 422.
Failed asserting that 422 is identical to 500.&#13;
&#13;
The following errors occurred during the last request:

{
    "success": false,
    "message": "Error de validación",
    "errors": {
        "email": [
            "No existe ninguna cuenta con este correo electrónico"
        ]
    }
}
&#13;
D:\Ciclo7\github-project\capachica-project\turismo-backend\vendor\laravel\framework\src\Illuminate\Testing\TestResponseAssert.php:45
D:\Ciclo7\github-project\capachica-project\turismo-backend\vendor\laravel\framework\src\Illuminate\Testing\TestResponse.php:159
D:\Ciclo7\github-project\capachica-project\turismo-backend\tests\Feature\Controllers\AuthControllerTest.php:332</failure>
        </testcase>
        <testcase name="user_can_resend_verification_email" file="D:\Ciclo7\github-project\capachica-project\turismo-backend\tests\Feature\Controllers\AuthControllerTest.php" line="340" class="Tests\Feature\Controllers\AuthControllerTest" classname="Tests.Feature.Controllers.AuthControllerTest" assertions="1" time="0.117059">
          <failure type="PHPUnit\Framework\ExpectationFailedException">Tests\Feature\Controllers\AuthControllerTest::user_can_resend_verification_email&#13;
Expected response status code [200] but received 404.
Failed asserting that 404 is identical to 200.
&#13;
D:\Ciclo7\github-project\capachica-project\turismo-backend\vendor\laravel\framework\src\Illuminate\Testing\TestResponseAssert.php:45
D:\Ciclo7\github-project\capachica-project\turismo-backend\vendor\laravel\framework\src\Illuminate\Testing\TestResponse.php:159
D:\Ciclo7\github-project\capachica-project\turismo-backend\tests\Feature\Controllers\AuthControllerTest.php:347</failure>
        </testcase>
        <testcase name="resend_verification_fails_for_already_verified_user" file="D:\Ciclo7\github-project\capachica-project\turismo-backend\tests\Feature\Controllers\AuthControllerTest.php" line="355" class="Tests\Feature\Controllers\AuthControllerTest" classname="Tests.Feature.Controllers.AuthControllerTest" assertions="1" time="0.114324">
          <failure type="PHPUnit\Framework\ExpectationFailedException">Tests\Feature\Controllers\AuthControllerTest::resend_verification_fails_for_already_verified_user&#13;
Expected response status code [400] but received 404.
Failed asserting that 404 is identical to 400.
&#13;
D:\Ciclo7\github-project\capachica-project\turismo-backend\vendor\laravel\framework\src\Illuminate\Testing\TestResponseAssert.php:45
D:\Ciclo7\github-project\capachica-project\turismo-backend\vendor\laravel\framework\src\Illuminate\Testing\TestResponse.php:159
D:\Ciclo7\github-project\capachica-project\turismo-backend\tests\Feature\Controllers\AuthControllerTest.php:362</failure>
        </testcase>
        <testcase name="google_redirect_returns_url" file="D:\Ciclo7\github-project\capachica-project\turismo-backend\tests\Feature\Controllers\AuthControllerTest.php" line="370" class="Tests\Feature\Controllers\AuthControllerTest" classname="Tests.Feature.Controllers.AuthControllerTest" assertions="4" time="0.237708"/>
      </testsuite>
      <testsuite name="Tests\Feature\Controllers\CarritoReservaControllerTest" file="D:\Ciclo7\github-project\capachica-project\turismo-backend\tests\Feature\Controllers\CarritoReservaControllerTest.php" tests="18" assertions="0" errors="18" failures="0" skipped="0" time="0.000000">
        <testcase name="user_can_get_empty_cart" file="D:\Ciclo7\github-project\capachica-project\turismo-backend\tests\Feature\Controllers\CarritoReservaControllerTest.php" line="45" class="Tests\Feature\Controllers\CarritoReservaControllerTest" classname="Tests.Feature.Controllers.CarritoReservaControllerTest" assertions="0" time="0.000000">
          <error type="Illuminate\Database\QueryException">Tests\Feature\Controllers\CarritoReservaControllerTest::user_can_get_empty_cart&#13;
Illuminate\Database\QueryException: SQLSTATE[42703]: Undefined column: 7 ERROR:  no existe la columna «categoria_id» en la relación «servicios»
LINE 1: ...", "latitud", "longitud", "ubicacion_referencia", "categoria...
                                                             ^ (Connection: pgsql, SQL: insert into "servicios" ("nombre", "descripcion", "precio_referencial", "emprendedor_id", "estado", "capacidad", "latitud", "longitud", "ubicacion_referencia", "categoria_id", "updated_at", "created_at") values (Observación de Aves, Natus amet ut deserunt quaerat consequatur. Distinctio reprehenderit omnis eaque eos cupiditate eveniet. Qui quis nemo in delectus est sint. Doloremque rerum harum et ut. Sunt voluptas ut iusto quia est. Ullam dolor aut totam ut. Occaecati ratione omnis eaque facere sed., 100, 78, 1, 12, -15.849365, -70.016853, 6509 Monahan Mall
New Bret, CA 41181-3522, 10, 2025-07-01 00:10:52, 2025-07-01 00:10:52) returning "id")
&#13;
D:\Ciclo7\github-project\capachica-project\turismo-backend\vendor\laravel\framework\src\Illuminate\Database\Connection.php:822
D:\Ciclo7\github-project\capachica-project\turismo-backend\vendor\laravel\framework\src\Illuminate\Database\Connection.php:776
D:\Ciclo7\github-project\capachica-project\turismo-backend\vendor\laravel\framework\src\Illuminate\Database\Connection.php:395
D:\Ciclo7\github-project\capachica-project\turismo-backend\vendor\laravel\framework\src\Illuminate\Database\Connection.php:382
D:\Ciclo7\github-project\capachica-project\turismo-backend\vendor\laravel\framework\src\Illuminate\Database\Query\Processors\PostgresProcessor.php:24
D:\Ciclo7\github-project\capachica-project\turismo-backend\vendor\laravel\framework\src\Illuminate\Database\Query\Builder.php:3769
D:\Ciclo7\github-project\capachica-project\turismo-backend\vendor\laravel\framework\src\Illuminate\Database\Eloquent\Builder.php:2208
D:\Ciclo7\github-project\capachica-project\turismo-backend\vendor\laravel\framework\src\Illuminate\Database\Eloquent\Model.php:1408
D:\Ciclo7\github-project\capachica-project\turismo-backend\vendor\laravel\framework\src\Illuminate\Database\Eloquent\Model.php:1373
D:\Ciclo7\github-project\capachica-project\turismo-backend\vendor\laravel\framework\src\Illuminate\Database\Eloquent\Model.php:1212
D:\Ciclo7\github-project\capachica-project\turismo-backend\vendor\laravel\framework\src\Illuminate\Database\Eloquent\Factories\Factory.php:351
D:\Ciclo7\github-project\capachica-project\turismo-backend\vendor\laravel\framework\src\Illuminate\Collections\Traits\EnumeratesValues.php:274
D:\Ciclo7\github-project\capachica-project\turismo-backend\vendor\laravel\framework\src\Illuminate\Database\Eloquent\Factories\Factory.php:346
D:\Ciclo7\github-project\capachica-project\turismo-backend\vendor\laravel\framework\src\Illuminate\Database\Eloquent\Factories\Factory.php:302
D:\Ciclo7\github-project\capachica-project\turismo-backend\vendor\laravel\framework\src\Illuminate\Database\Eloquent\Factories\Factory.php:296
D:\Ciclo7\github-project\capachica-project\turismo-backend\tests\Feature\Controllers\CarritoReservaControllerTest.php:35</error>
        </testcase>
        <testcase name="user_can_get_existing_cart" file="D:\Ciclo7\github-project\capachica-project\turismo-backend\tests\Feature\Controllers\CarritoReservaControllerTest.php" line="70" class="Tests\Feature\Controllers\CarritoReservaControllerTest" classname="Tests.Feature.Controllers.CarritoReservaControllerTest" assertions="0" time="0.000000">
          <error type="Illuminate\Database\QueryException">Tests\Feature\Controllers\CarritoReservaControllerTest::user_can_get_existing_cart&#13;
Illuminate\Database\QueryException: SQLSTATE[42703]: Undefined column: 7 ERROR:  no existe la columna «categoria_id» en la relación «servicios»
LINE 1: ...", "latitud", "longitud", "ubicacion_referencia", "categoria...
                                                             ^ (Connection: pgsql, SQL: insert into "servicios" ("nombre", "descripcion", "precio_referencial", "emprendedor_id", "estado", "capacidad", "latitud", "longitud", "ubicacion_referencia", "categoria_id", "updated_at", "created_at") values (Pesca Vivencial, Blanditiis voluptatum aut ratione consequatur sunt cum. Qui amet nisi et minima. Qui ea molestiae eos., 100, 79, 1, 12, -15.833329, -70.019289, 3362 Nikolaus Keys
South Eladio, MN 55206-4476, 11, 2025-07-01 00:10:52, 2025-07-01 00:10:52) returning "id")
&#13;
D:\Ciclo7\github-project\capachica-project\turismo-backend\vendor\laravel\framework\src\Illuminate\Database\Connection.php:822
D:\Ciclo7\github-project\capachica-project\turismo-backend\vendor\laravel\framework\src\Illuminate\Database\Connection.php:776
D:\Ciclo7\github-project\capachica-project\turismo-backend\vendor\laravel\framework\src\Illuminate\Database\Connection.php:395
D:\Ciclo7\github-project\capachica-project\turismo-backend\vendor\laravel\framework\src\Illuminate\Database\Connection.php:382
D:\Ciclo7\github-project\capachica-project\turismo-backend\vendor\laravel\framework\src\Illuminate\Database\Query\Processors\PostgresProcessor.php:24
D:\Ciclo7\github-project\capachica-project\turismo-backend\vendor\laravel\framework\src\Illuminate\Database\Query\Builder.php:3769
D:\Ciclo7\github-project\capachica-project\turismo-backend\vendor\laravel\framework\src\Illuminate\Database\Eloquent\Builder.php:2208
D:\Ciclo7\github-project\capachica-project\turismo-backend\vendor\laravel\framework\src\Illuminate\Database\Eloquent\Model.php:1408
D:\Ciclo7\github-project\capachica-project\turismo-backend\vendor\laravel\framework\src\Illuminate\Database\Eloquent\Model.php:1373
D:\Ciclo7\github-project\capachica-project\turismo-backend\vendor\laravel\framework\src\Illuminate\Database\Eloquent\Model.php:1212
D:\Ciclo7\github-project\capachica-project\turismo-backend\vendor\laravel\framework\src\Illuminate\Database\Eloquent\Factories\Factory.php:351
D:\Ciclo7\github-project\capachica-project\turismo-backend\vendor\laravel\framework\src\Illuminate\Collections\Traits\EnumeratesValues.php:274
D:\Ciclo7\github-project\capachica-project\turismo-backend\vendor\laravel\framework\src\Illuminate\Database\Eloquent\Factories\Factory.php:346
D:\Ciclo7\github-project\capachica-project\turismo-backend\vendor\laravel\framework\src\Illuminate\Database\Eloquent\Factories\Factory.php:302
D:\Ciclo7\github-project\capachica-project\turismo-backend\vendor\laravel\framework\src\Illuminate\Database\Eloquent\Factories\Factory.php:296
D:\Ciclo7\github-project\capachica-project\turismo-backend\tests\Feature\Controllers\CarritoReservaControllerTest.php:35</error>
        </testcase>
        <testcase name="user_can_add_service_to_cart" file="D:\Ciclo7\github-project\capachica-project\turismo-backend\tests\Feature\Controllers\CarritoReservaControllerTest.php" line="92" class="Tests\Feature\Controllers\CarritoReservaControllerTest" classname="Tests.Feature.Controllers.CarritoReservaControllerTest" assertions="0" time="0.000000">
          <error type="Illuminate\Database\QueryException">Tests\Feature\Controllers\CarritoReservaControllerTest::user_can_add_service_to_cart&#13;
Illuminate\Database\QueryException: SQLSTATE[42703]: Undefined column: 7 ERROR:  no existe la columna «categoria_id» en la relación «servicios»
LINE 1: ...", "latitud", "longitud", "ubicacion_referencia", "categoria...
                                                             ^ (Connection: pgsql, SQL: insert into "servicios" ("nombre", "descripcion", "precio_referencial", "emprendedor_id", "estado", "capacidad", "latitud", "longitud", "ubicacion_referencia", "categoria_id", "updated_at", "created_at") values (Fotografía Paisajística, Eaque modi amet voluptatibus dolorem labore. Molestiae possimus magnam sint exercitationem quae. Dolore eum modi commodi earum. Assumenda eveniet eos omnis doloribus sit facere rerum aut. Iure rerum qui magnam sint. Quo ut rerum at enim quia. Ipsum officia non eaque facere., 100, 80, 1, 19, -15.846078, -70.01059, 66740 Alyce Turnpike Suite 525
Martinetown, ID 19280-6858, 12, 2025-07-01 00:10:52, 2025-07-01 00:10:52) returning "id")
&#13;
D:\Ciclo7\github-project\capachica-project\turismo-backend\vendor\laravel\framework\src\Illuminate\Database\Connection.php:822
D:\Ciclo7\github-project\capachica-project\turismo-backend\vendor\laravel\framework\src\Illuminate\Database\Connection.php:776
D:\Ciclo7\github-project\capachica-project\turismo-backend\vendor\laravel\framework\src\Illuminate\Database\Connection.php:395
D:\Ciclo7\github-project\capachica-project\turismo-backend\vendor\laravel\framework\src\Illuminate\Database\Connection.php:382
D:\Ciclo7\github-project\capachica-project\turismo-backend\vendor\laravel\framework\src\Illuminate\Database\Query\Processors\PostgresProcessor.php:24
D:\Ciclo7\github-project\capachica-project\turismo-backend\vendor\laravel\framework\src\Illuminate\Database\Query\Builder.php:3769
D:\Ciclo7\github-project\capachica-project\turismo-backend\vendor\laravel\framework\src\Illuminate\Database\Eloquent\Builder.php:2208
D:\Ciclo7\github-project\capachica-project\turismo-backend\vendor\laravel\framework\src\Illuminate\Database\Eloquent\Model.php:1408
D:\Ciclo7\github-project\capachica-project\turismo-backend\vendor\laravel\framework\src\Illuminate\Database\Eloquent\Model.php:1373
D:\Ciclo7\github-project\capachica-project\turismo-backend\vendor\laravel\framework\src\Illuminate\Database\Eloquent\Model.php:1212
D:\Ciclo7\github-project\capachica-project\turismo-backend\vendor\laravel\framework\src\Illuminate\Database\Eloquent\Factories\Factory.php:351
D:\Ciclo7\github-project\capachica-project\turismo-backend\vendor\laravel\framework\src\Illuminate\Collections\Traits\EnumeratesValues.php:274
D:\Ciclo7\github-project\capachica-project\turismo-backend\vendor\laravel\framework\src\Illuminate\Database\Eloquent\Factories\Factory.php:346
D:\Ciclo7\github-project\capachica-project\turismo-backend\vendor\laravel\framework\src\Illuminate\Database\Eloquent\Factories\Factory.php:302
D:\Ciclo7\github-project\capachica-project\turismo-backend\vendor\laravel\framework\src\Illuminate\Database\Eloquent\Factories\Factory.php:296
D:\Ciclo7\github-project\capachica-project\turismo-backend\tests\Feature\Controllers\CarritoReservaControllerTest.php:35</error>
        </testcase>
        <testcase name="add_to_cart_validates_required_fields" file="D:\Ciclo7\github-project\capachica-project\turismo-backend\tests\Feature\Controllers\CarritoReservaControllerTest.php" line="144" class="Tests\Feature\Controllers\CarritoReservaControllerTest" classname="Tests.Feature.Controllers.CarritoReservaControllerTest" assertions="0" time="0.000000">
          <error type="Illuminate\Database\QueryException">Tests\Feature\Controllers\CarritoReservaControllerTest::add_to_cart_validates_required_fields&#13;
Illuminate\Database\QueryException: SQLSTATE[42703]: Undefined column: 7 ERROR:  no existe la columna «categoria_id» en la relación «servicios»
LINE 1: ...", "latitud", "longitud", "ubicacion_referencia", "categoria...
                                                             ^ (Connection: pgsql, SQL: insert into "servicios" ("nombre", "descripcion", "precio_referencial", "emprendedor_id", "estado", "capacidad", "latitud", "longitud", "ubicacion_referencia", "categoria_id", "updated_at", "created_at") values (Ciclismo de Montaña, Possimus dolor facere accusantium. Aut qui dolores ad error aperiam vero. Ratione ut labore qui cumque ad eos perferendis sed. Quia enim commodi consectetur qui. Officiis ducimus est sunt sunt iure fuga quidem animi. Non ducimus beatae magnam quis ut harum. Doloremque qui ad sequi quidem rem., 100, 81, 1, 3, -15.84022, -70.021793, 517 Chance Pine
Marjoryhaven, OR 82082-7368, 13, 2025-07-01 00:10:52, 2025-07-01 00:10:52) returning "id")
&#13;
D:\Ciclo7\github-project\capachica-project\turismo-backend\vendor\laravel\framework\src\Illuminate\Database\Connection.php:822
D:\Ciclo7\github-project\capachica-project\turismo-backend\vendor\laravel\framework\src\Illuminate\Database\Connection.php:776
D:\Ciclo7\github-project\capachica-project\turismo-backend\vendor\laravel\framework\src\Illuminate\Database\Connection.php:395
D:\Ciclo7\github-project\capachica-project\turismo-backend\vendor\laravel\framework\src\Illuminate\Database\Connection.php:382
D:\Ciclo7\github-project\capachica-project\turismo-backend\vendor\laravel\framework\src\Illuminate\Database\Query\Processors\PostgresProcessor.php:24
D:\Ciclo7\github-project\capachica-project\turismo-backend\vendor\laravel\framework\src\Illuminate\Database\Query\Builder.php:3769
D:\Ciclo7\github-project\capachica-project\turismo-backend\vendor\laravel\framework\src\Illuminate\Database\Eloquent\Builder.php:2208
D:\Ciclo7\github-project\capachica-project\turismo-backend\vendor\laravel\framework\src\Illuminate\Database\Eloquent\Model.php:1408
D:\Ciclo7\github-project\capachica-project\turismo-backend\vendor\laravel\framework\src\Illuminate\Database\Eloquent\Model.php:1373
D:\Ciclo7\github-project\capachica-project\turismo-backend\vendor\laravel\framework\src\Illuminate\Database\Eloquent\Model.php:1212
D:\Ciclo7\github-project\capachica-project\turismo-backend\vendor\laravel\framework\src\Illuminate\Database\Eloquent\Factories\Factory.php:351
D:\Ciclo7\github-project\capachica-project\turismo-backend\vendor\laravel\framework\src\Illuminate\Collections\Traits\EnumeratesValues.php:274
D:\Ciclo7\github-project\capachica-project\turismo-backend\vendor\laravel\framework\src\Illuminate\Database\Eloquent\Factories\Factory.php:346
D:\Ciclo7\github-project\capachica-project\turismo-backend\vendor\laravel\framework\src\Illuminate\Database\Eloquent\Factories\Factory.php:302
D:\Ciclo7\github-project\capachica-project\turismo-backend\vendor\laravel\framework\src\Illuminate\Database\Eloquent\Factories\Factory.php:296
D:\Ciclo7\github-project\capachica-project\turismo-backend\tests\Feature\Controllers\CarritoReservaControllerTest.php:35</error>
        </testcase>
        <testcase name="add_to_cart_validates_service_exists" file="D:\Ciclo7\github-project\capachica-project\turismo-backend\tests\Feature\Controllers\CarritoReservaControllerTest.php" line="160" class="Tests\Feature\Controllers\CarritoReservaControllerTest" classname="Tests.Feature.Controllers.CarritoReservaControllerTest" assertions="0" time="0.000000">
          <error type="Illuminate\Database\QueryException">Tests\Feature\Controllers\CarritoReservaControllerTest::add_to_cart_validates_service_exists&#13;
Illuminate\Database\QueryException: SQLSTATE[42703]: Undefined column: 7 ERROR:  no existe la columna «categoria_id» en la relación «servicios»
LINE 1: ...", "latitud", "longitud", "ubicacion_referencia", "categoria...
                                                             ^ (Connection: pgsql, SQL: insert into "servicios" ("nombre", "descripcion", "precio_referencial", "emprendedor_id", "estado", "capacidad", "latitud", "longitud", "ubicacion_referencia", "categoria_id", "updated_at", "created_at") values (Observación de Aves, Sit impedit quis veniam cum est minus. Suscipit quisquam minus repellendus expedita ut cumque quis dolorem. Qui ut et aut qui eos. Sapiente consequatur aliquid aliquam rerum. Voluptatem voluptatem corrupti rem omnis saepe animi perferendis et., 100, 82, 1, 12, -15.849121, -70.020595, 6674 Curt Street
Julianaborough, NV 62753, 14, 2025-07-01 00:10:53, 2025-07-01 00:10:53) returning "id")
&#13;
D:\Ciclo7\github-project\capachica-project\turismo-backend\vendor\laravel\framework\src\Illuminate\Database\Connection.php:822
D:\Ciclo7\github-project\capachica-project\turismo-backend\vendor\laravel\framework\src\Illuminate\Database\Connection.php:776
D:\Ciclo7\github-project\capachica-project\turismo-backend\vendor\laravel\framework\src\Illuminate\Database\Connection.php:395
D:\Ciclo7\github-project\capachica-project\turismo-backend\vendor\laravel\framework\src\Illuminate\Database\Connection.php:382
D:\Ciclo7\github-project\capachica-project\turismo-backend\vendor\laravel\framework\src\Illuminate\Database\Query\Processors\PostgresProcessor.php:24
D:\Ciclo7\github-project\capachica-project\turismo-backend\vendor\laravel\framework\src\Illuminate\Database\Query\Builder.php:3769
D:\Ciclo7\github-project\capachica-project\turismo-backend\vendor\laravel\framework\src\Illuminate\Database\Eloquent\Builder.php:2208
D:\Ciclo7\github-project\capachica-project\turismo-backend\vendor\laravel\framework\src\Illuminate\Database\Eloquent\Model.php:1408
D:\Ciclo7\github-project\capachica-project\turismo-backend\vendor\laravel\framework\src\Illuminate\Database\Eloquent\Model.php:1373
D:\Ciclo7\github-project\capachica-project\turismo-backend\vendor\laravel\framework\src\Illuminate\Database\Eloquent\Model.php:1212
D:\Ciclo7\github-project\capachica-project\turismo-backend\vendor\laravel\framework\src\Illuminate\Database\Eloquent\Factories\Factory.php:351
D:\Ciclo7\github-project\capachica-project\turismo-backend\vendor\laravel\framework\src\Illuminate\Collections\Traits\EnumeratesValues.php:274
D:\Ciclo7\github-project\capachica-project\turismo-backend\vendor\laravel\framework\src\Illuminate\Database\Eloquent\Factories\Factory.php:346
D:\Ciclo7\github-project\capachica-project\turismo-backend\vendor\laravel\framework\src\Illuminate\Database\Eloquent\Factories\Factory.php:302
D:\Ciclo7\github-project\capachica-project\turismo-backend\vendor\laravel\framework\src\Illuminate\Database\Eloquent\Factories\Factory.php:296
D:\Ciclo7\github-project\capachica-project\turismo-backend\tests\Feature\Controllers\CarritoReservaControllerTest.php:35</error>
        </testcase>
        <testcase name="add_to_cart_validates_date_format" file="D:\Ciclo7\github-project\capachica-project\turismo-backend\tests\Feature\Controllers\CarritoReservaControllerTest.php" line="179" class="Tests\Feature\Controllers\CarritoReservaControllerTest" classname="Tests.Feature.Controllers.CarritoReservaControllerTest" assertions="0" time="0.000000">
          <error type="Illuminate\Database\QueryException">Tests\Feature\Controllers\CarritoReservaControllerTest::add_to_cart_validates_date_format&#13;
Illuminate\Database\QueryException: SQLSTATE[42703]: Undefined column: 7 ERROR:  no existe la columna «categoria_id» en la relación «servicios»
LINE 1: ...", "latitud", "longitud", "ubicacion_referencia", "categoria...
                                                             ^ (Connection: pgsql, SQL: insert into "servicios" ("nombre", "descripcion", "precio_referencial", "emprendedor_id", "estado", "capacidad", "latitud", "longitud", "ubicacion_referencia", "categoria_id", "updated_at", "created_at") values (Observación de Aves, Quod necessitatibus aliquid sed. Dolores quidem praesentium dolores voluptatibus et quibusdam. Animi non nulla excepturi ipsum at. Cupiditate aliquam unde sed voluptatem. Ullam eius quod et aut totam fugiat. Rerum non odio exercitationem corporis perferendis accusamus laudantium., 100, 83, 1, 2, -15.846246, -70.028512, ?, 15, 2025-07-01 00:10:53, 2025-07-01 00:10:53) returning "id")
&#13;
D:\Ciclo7\github-project\capachica-project\turismo-backend\vendor\laravel\framework\src\Illuminate\Database\Connection.php:822
D:\Ciclo7\github-project\capachica-project\turismo-backend\vendor\laravel\framework\src\Illuminate\Database\Connection.php:776
D:\Ciclo7\github-project\capachica-project\turismo-backend\vendor\laravel\framework\src\Illuminate\Database\Connection.php:395
D:\Ciclo7\github-project\capachica-project\turismo-backend\vendor\laravel\framework\src\Illuminate\Database\Connection.php:382
D:\Ciclo7\github-project\capachica-project\turismo-backend\vendor\laravel\framework\src\Illuminate\Database\Query\Processors\PostgresProcessor.php:24
D:\Ciclo7\github-project\capachica-project\turismo-backend\vendor\laravel\framework\src\Illuminate\Database\Query\Builder.php:3769
D:\Ciclo7\github-project\capachica-project\turismo-backend\vendor\laravel\framework\src\Illuminate\Database\Eloquent\Builder.php:2208
D:\Ciclo7\github-project\capachica-project\turismo-backend\vendor\laravel\framework\src\Illuminate\Database\Eloquent\Model.php:1408
D:\Ciclo7\github-project\capachica-project\turismo-backend\vendor\laravel\framework\src\Illuminate\Database\Eloquent\Model.php:1373
D:\Ciclo7\github-project\capachica-project\turismo-backend\vendor\laravel\framework\src\Illuminate\Database\Eloquent\Model.php:1212
D:\Ciclo7\github-project\capachica-project\turismo-backend\vendor\laravel\framework\src\Illuminate\Database\Eloquent\Factories\Factory.php:351
D:\Ciclo7\github-project\capachica-project\turismo-backend\vendor\laravel\framework\src\Illuminate\Collections\Traits\EnumeratesValues.php:274
D:\Ciclo7\github-project\capachica-project\turismo-backend\vendor\laravel\framework\src\Illuminate\Database\Eloquent\Factories\Factory.php:346
D:\Ciclo7\github-project\capachica-project\turismo-backend\vendor\laravel\framework\src\Illuminate\Database\Eloquent\Factories\Factory.php:302
D:\Ciclo7\github-project\capachica-project\turismo-backend\vendor\laravel\framework\src\Illuminate\Database\Eloquent\Factories\Factory.php:296
D:\Ciclo7\github-project\capachica-project\turismo-backend\tests\Feature\Controllers\CarritoReservaControllerTest.php:35</error>
        </testcase>
        <testcase name="add_to_cart_validates_time_format" file="D:\Ciclo7\github-project\capachica-project\turismo-backend\tests\Feature\Controllers\CarritoReservaControllerTest.php" line="198" class="Tests\Feature\Controllers\CarritoReservaControllerTest" classname="Tests.Feature.Controllers.CarritoReservaControllerTest" assertions="0" time="0.000000">
          <error type="Illuminate\Database\QueryException">Tests\Feature\Controllers\CarritoReservaControllerTest::add_to_cart_validates_time_format&#13;
Illuminate\Database\QueryException: SQLSTATE[42703]: Undefined column: 7 ERROR:  no existe la columna «categoria_id» en la relación «servicios»
LINE 1: ...", "latitud", "longitud", "ubicacion_referencia", "categoria...
                                                             ^ (Connection: pgsql, SQL: insert into "servicios" ("nombre", "descripcion", "precio_referencial", "emprendedor_id", "estado", "capacidad", "latitud", "longitud", "ubicacion_referencia", "categoria_id", "updated_at", "created_at") values (Tour en Kayak, Et vitae sit nemo maxime unde. Cupiditate eos et eos quia et laudantium. Explicabo accusantium et sed recusandae aut. Veritatis ducimus qui eum aut. Esse ex laboriosam voluptatum et. Dolores ex eveniet quis tempora aut deleniti. Incidunt ut ut porro vel sit qui rem et. Nihil suscipit dicta sint., 100, 84, 1, 16, -15.84376, -70.018323, 356 Mayert Hills
New Mariannaland, CA 04368-8144, 16, 2025-07-01 00:10:53, 2025-07-01 00:10:53) returning "id")
&#13;
D:\Ciclo7\github-project\capachica-project\turismo-backend\vendor\laravel\framework\src\Illuminate\Database\Connection.php:822
D:\Ciclo7\github-project\capachica-project\turismo-backend\vendor\laravel\framework\src\Illuminate\Database\Connection.php:776
D:\Ciclo7\github-project\capachica-project\turismo-backend\vendor\laravel\framework\src\Illuminate\Database\Connection.php:395
D:\Ciclo7\github-project\capachica-project\turismo-backend\vendor\laravel\framework\src\Illuminate\Database\Connection.php:382
D:\Ciclo7\github-project\capachica-project\turismo-backend\vendor\laravel\framework\src\Illuminate\Database\Query\Processors\PostgresProcessor.php:24
D:\Ciclo7\github-project\capachica-project\turismo-backend\vendor\laravel\framework\src\Illuminate\Database\Query\Builder.php:3769
D:\Ciclo7\github-project\capachica-project\turismo-backend\vendor\laravel\framework\src\Illuminate\Database\Eloquent\Builder.php:2208
D:\Ciclo7\github-project\capachica-project\turismo-backend\vendor\laravel\framework\src\Illuminate\Database\Eloquent\Model.php:1408
D:\Ciclo7\github-project\capachica-project\turismo-backend\vendor\laravel\framework\src\Illuminate\Database\Eloquent\Model.php:1373
D:\Ciclo7\github-project\capachica-project\turismo-backend\vendor\laravel\framework\src\Illuminate\Database\Eloquent\Model.php:1212
D:\Ciclo7\github-project\capachica-project\turismo-backend\vendor\laravel\framework\src\Illuminate\Database\Eloquent\Factories\Factory.php:351
D:\Ciclo7\github-project\capachica-project\turismo-backend\vendor\laravel\framework\src\Illuminate\Collections\Traits\EnumeratesValues.php:274
D:\Ciclo7\github-project\capachica-project\turismo-backend\vendor\laravel\framework\src\Illuminate\Database\Eloquent\Factories\Factory.php:346
D:\Ciclo7\github-project\capachica-project\turismo-backend\vendor\laravel\framework\src\Illuminate\Database\Eloquent\Factories\Factory.php:302
D:\Ciclo7\github-project\capachica-project\turismo-backend\vendor\laravel\framework\src\Illuminate\Database\Eloquent\Factories\Factory.php:296
D:\Ciclo7\github-project\capachica-project\turismo-backend\tests\Feature\Controllers\CarritoReservaControllerTest.php:35</error>
        </testcase>
        <testcase name="user_can_remove_service_from_cart" file="D:\Ciclo7\github-project\capachica-project\turismo-backend\tests\Feature\Controllers\CarritoReservaControllerTest.php" line="217" class="Tests\Feature\Controllers\CarritoReservaControllerTest" classname="Tests.Feature.Controllers.CarritoReservaControllerTest" assertions="0" time="0.000000">
          <error type="Illuminate\Database\QueryException">Tests\Feature\Controllers\CarritoReservaControllerTest::user_can_remove_service_from_cart&#13;
Illuminate\Database\QueryException: SQLSTATE[42703]: Undefined column: 7 ERROR:  no existe la columna «categoria_id» en la relación «servicios»
LINE 1: ...", "latitud", "longitud", "ubicacion_referencia", "categoria...
                                                             ^ (Connection: pgsql, SQL: insert into "servicios" ("nombre", "descripcion", "precio_referencial", "emprendedor_id", "estado", "capacidad", "latitud", "longitud", "ubicacion_referencia", "categoria_id", "updated_at", "created_at") values (Observación de Aves, Maxime ratione quae dicta possimus nihil sunt inventore. Quisquam sunt iusto vel cumque enim enim. Aut non in dolorem voluptatum exercitationem. Laudantium eum assumenda ut ipsam., 100, 85, 1, 13, -15.835509, -70.024612, ?, 17, 2025-07-01 00:10:53, 2025-07-01 00:10:53) returning "id")
&#13;
D:\Ciclo7\github-project\capachica-project\turismo-backend\vendor\laravel\framework\src\Illuminate\Database\Connection.php:822
D:\Ciclo7\github-project\capachica-project\turismo-backend\vendor\laravel\framework\src\Illuminate\Database\Connection.php:776
D:\Ciclo7\github-project\capachica-project\turismo-backend\vendor\laravel\framework\src\Illuminate\Database\Connection.php:395
D:\Ciclo7\github-project\capachica-project\turismo-backend\vendor\laravel\framework\src\Illuminate\Database\Connection.php:382
D:\Ciclo7\github-project\capachica-project\turismo-backend\vendor\laravel\framework\src\Illuminate\Database\Query\Processors\PostgresProcessor.php:24
D:\Ciclo7\github-project\capachica-project\turismo-backend\vendor\laravel\framework\src\Illuminate\Database\Query\Builder.php:3769
D:\Ciclo7\github-project\capachica-project\turismo-backend\vendor\laravel\framework\src\Illuminate\Database\Eloquent\Builder.php:2208
D:\Ciclo7\github-project\capachica-project\turismo-backend\vendor\laravel\framework\src\Illuminate\Database\Eloquent\Model.php:1408
D:\Ciclo7\github-project\capachica-project\turismo-backend\vendor\laravel\framework\src\Illuminate\Database\Eloquent\Model.php:1373
D:\Ciclo7\github-project\capachica-project\turismo-backend\vendor\laravel\framework\src\Illuminate\Database\Eloquent\Model.php:1212
D:\Ciclo7\github-project\capachica-project\turismo-backend\vendor\laravel\framework\src\Illuminate\Database\Eloquent\Factories\Factory.php:351
D:\Ciclo7\github-project\capachica-project\turismo-backend\vendor\laravel\framework\src\Illuminate\Collections\Traits\EnumeratesValues.php:274
D:\Ciclo7\github-project\capachica-project\turismo-backend\vendor\laravel\framework\src\Illuminate\Database\Eloquent\Factories\Factory.php:346
D:\Ciclo7\github-project\capachica-project\turismo-backend\vendor\laravel\framework\src\Illuminate\Database\Eloquent\Factories\Factory.php:302
D:\Ciclo7\github-project\capachica-project\turismo-backend\vendor\laravel\framework\src\Illuminate\Database\Eloquent\Factories\Factory.php:296
D:\Ciclo7\github-project\capachica-project\turismo-backend\tests\Feature\Controllers\CarritoReservaControllerTest.php:35</error>
        </testcase>
        <testcase name="user_cannot_remove_nonexistent_service_from_cart" file="D:\Ciclo7\github-project\capachica-project\turismo-backend\tests\Feature\Controllers\CarritoReservaControllerTest.php" line="246" class="Tests\Feature\Controllers\CarritoReservaControllerTest" classname="Tests.Feature.Controllers.CarritoReservaControllerTest" assertions="0" time="0.000000">
          <error type="Illuminate\Database\QueryException">Tests\Feature\Controllers\CarritoReservaControllerTest::user_cannot_remove_nonexistent_service_from_cart&#13;
Illuminate\Database\QueryException: SQLSTATE[42703]: Undefined column: 7 ERROR:  no existe la columna «categoria_id» en la relación «servicios»
LINE 1: ...", "latitud", "longitud", "ubicacion_referencia", "categoria...
                                                             ^ (Connection: pgsql, SQL: insert into "servicios" ("nombre", "descripcion", "precio_referencial", "emprendedor_id", "estado", "capacidad", "latitud", "longitud", "ubicacion_referencia", "categoria_id", "updated_at", "created_at") values (Ciclismo de Montaña, Aliquid autem consequatur et non quas cupiditate et. Architecto sed libero ab eos. Doloribus quia est enim., 100, 86, 1, 16, -15.847945, -70.016008, 490 Precious Mountain Suite 665
Mafaldaview, RI 12395, 18, 2025-07-01 00:10:53, 2025-07-01 00:10:53) returning "id")
&#13;
D:\Ciclo7\github-project\capachica-project\turismo-backend\vendor\laravel\framework\src\Illuminate\Database\Connection.php:822
D:\Ciclo7\github-project\capachica-project\turismo-backend\vendor\laravel\framework\src\Illuminate\Database\Connection.php:776
D:\Ciclo7\github-project\capachica-project\turismo-backend\vendor\laravel\framework\src\Illuminate\Database\Connection.php:395
D:\Ciclo7\github-project\capachica-project\turismo-backend\vendor\laravel\framework\src\Illuminate\Database\Connection.php:382
D:\Ciclo7\github-project\capachica-project\turismo-backend\vendor\laravel\framework\src\Illuminate\Database\Query\Processors\PostgresProcessor.php:24
D:\Ciclo7\github-project\capachica-project\turismo-backend\vendor\laravel\framework\src\Illuminate\Database\Query\Builder.php:3769
D:\Ciclo7\github-project\capachica-project\turismo-backend\vendor\laravel\framework\src\Illuminate\Database\Eloquent\Builder.php:2208
D:\Ciclo7\github-project\capachica-project\turismo-backend\vendor\laravel\framework\src\Illuminate\Database\Eloquent\Model.php:1408
D:\Ciclo7\github-project\capachica-project\turismo-backend\vendor\laravel\framework\src\Illuminate\Database\Eloquent\Model.php:1373
D:\Ciclo7\github-project\capachica-project\turismo-backend\vendor\laravel\framework\src\Illuminate\Database\Eloquent\Model.php:1212
D:\Ciclo7\github-project\capachica-project\turismo-backend\vendor\laravel\framework\src\Illuminate\Database\Eloquent\Factories\Factory.php:351
D:\Ciclo7\github-project\capachica-project\turismo-backend\vendor\laravel\framework\src\Illuminate\Collections\Traits\EnumeratesValues.php:274
D:\Ciclo7\github-project\capachica-project\turismo-backend\vendor\laravel\framework\src\Illuminate\Database\Eloquent\Factories\Factory.php:346
D:\Ciclo7\github-project\capachica-project\turismo-backend\vendor\laravel\framework\src\Illuminate\Database\Eloquent\Factories\Factory.php:302
D:\Ciclo7\github-project\capachica-project\turismo-backend\vendor\laravel\framework\src\Illuminate\Database\Eloquent\Factories\Factory.php:296
D:\Ciclo7\github-project\capachica-project\turismo-backend\tests\Feature\Controllers\CarritoReservaControllerTest.php:35</error>
        </testcase>
        <testcase name="user_cannot_remove_service_from_other_users_cart" file="D:\Ciclo7\github-project\capachica-project\turismo-backend\tests\Feature\Controllers\CarritoReservaControllerTest.php" line="258" class="Tests\Feature\Controllers\CarritoReservaControllerTest" classname="Tests.Feature.Controllers.CarritoReservaControllerTest" assertions="0" time="0.000000">
          <error type="Illuminate\Database\QueryException">Tests\Feature\Controllers\CarritoReservaControllerTest::user_cannot_remove_service_from_other_users_cart&#13;
Illuminate\Database\QueryException: SQLSTATE[42703]: Undefined column: 7 ERROR:  no existe la columna «categoria_id» en la relación «servicios»
LINE 1: ...", "latitud", "longitud", "ubicacion_referencia", "categoria...
                                                             ^ (Connection: pgsql, SQL: insert into "servicios" ("nombre", "descripcion", "precio_referencial", "emprendedor_id", "estado", "capacidad", "latitud", "longitud", "ubicacion_referencia", "categoria_id", "updated_at", "created_at") values (Observación de Aves, Et at quaerat suscipit magni magni. Quos qui ea eligendi facilis. Quis consequuntur est voluptas sed voluptatem. Repellendus velit et exercitationem quaerat voluptas. Debitis dolor ut sed similique ipsum ipsa. Explicabo neque quia et. Perspiciatis voluptates ipsam quibusdam est sunt., 100, 87, 1, 12, -15.843301, -70.022401, ?, 19, 2025-07-01 00:10:53, 2025-07-01 00:10:53) returning "id")
&#13;
D:\Ciclo7\github-project\capachica-project\turismo-backend\vendor\laravel\framework\src\Illuminate\Database\Connection.php:822
D:\Ciclo7\github-project\capachica-project\turismo-backend\vendor\laravel\framework\src\Illuminate\Database\Connection.php:776
D:\Ciclo7\github-project\capachica-project\turismo-backend\vendor\laravel\framework\src\Illuminate\Database\Connection.php:395
D:\Ciclo7\github-project\capachica-project\turismo-backend\vendor\laravel\framework\src\Illuminate\Database\Connection.php:382
D:\Ciclo7\github-project\capachica-project\turismo-backend\vendor\laravel\framework\src\Illuminate\Database\Query\Processors\PostgresProcessor.php:24
D:\Ciclo7\github-project\capachica-project\turismo-backend\vendor\laravel\framework\src\Illuminate\Database\Query\Builder.php:3769
D:\Ciclo7\github-project\capachica-project\turismo-backend\vendor\laravel\framework\src\Illuminate\Database\Eloquent\Builder.php:2208
D:\Ciclo7\github-project\capachica-project\turismo-backend\vendor\laravel\framework\src\Illuminate\Database\Eloquent\Model.php:1408
D:\Ciclo7\github-project\capachica-project\turismo-backend\vendor\laravel\framework\src\Illuminate\Database\Eloquent\Model.php:1373
D:\Ciclo7\github-project\capachica-project\turismo-backend\vendor\laravel\framework\src\Illuminate\Database\Eloquent\Model.php:1212
D:\Ciclo7\github-project\capachica-project\turismo-backend\vendor\laravel\framework\src\Illuminate\Database\Eloquent\Factories\Factory.php:351
D:\Ciclo7\github-project\capachica-project\turismo-backend\vendor\laravel\framework\src\Illuminate\Collections\Traits\EnumeratesValues.php:274
D:\Ciclo7\github-project\capachica-project\turismo-backend\vendor\laravel\framework\src\Illuminate\Database\Eloquent\Factories\Factory.php:346
D:\Ciclo7\github-project\capachica-project\turismo-backend\vendor\laravel\framework\src\Illuminate\Database\Eloquent\Factories\Factory.php:302
D:\Ciclo7\github-project\capachica-project\turismo-backend\vendor\laravel\framework\src\Illuminate\Database\Eloquent\Factories\Factory.php:296
D:\Ciclo7\github-project\capachica-project\turismo-backend\tests\Feature\Controllers\CarritoReservaControllerTest.php:35</error>
        </testcase>
        <testcase name="user_can_confirm_cart" file="D:\Ciclo7\github-project\capachica-project\turismo-backend\tests\Feature\Controllers\CarritoReservaControllerTest.php" line="284" class="Tests\Feature\Controllers\CarritoReservaControllerTest" classname="Tests.Feature.Controllers.CarritoReservaControllerTest" assertions="0" time="0.000000">
          <error type="Illuminate\Database\QueryException">Tests\Feature\Controllers\CarritoReservaControllerTest::user_can_confirm_cart&#13;
Illuminate\Database\QueryException: SQLSTATE[42703]: Undefined column: 7 ERROR:  no existe la columna «categoria_id» en la relación «servicios»
LINE 1: ...", "latitud", "longitud", "ubicacion_referencia", "categoria...
                                                             ^ (Connection: pgsql, SQL: insert into "servicios" ("nombre", "descripcion", "precio_referencial", "emprendedor_id", "estado", "capacidad", "latitud", "longitud", "ubicacion_referencia", "categoria_id", "updated_at", "created_at") values (Degustación de Trucha, Iure reiciendis et saepe qui eos quam. Quod est eos quis eos reiciendis. Sit laboriosam quia qui dolor minima., 100, 88, 1, 15, -15.841072, -70.014359, 4865 King Springs Suite 545
Emilton, NY 36403-1261, 20, 2025-07-01 00:10:53, 2025-07-01 00:10:53) returning "id")
&#13;
D:\Ciclo7\github-project\capachica-project\turismo-backend\vendor\laravel\framework\src\Illuminate\Database\Connection.php:822
D:\Ciclo7\github-project\capachica-project\turismo-backend\vendor\laravel\framework\src\Illuminate\Database\Connection.php:776
D:\Ciclo7\github-project\capachica-project\turismo-backend\vendor\laravel\framework\src\Illuminate\Database\Connection.php:395
D:\Ciclo7\github-project\capachica-project\turismo-backend\vendor\laravel\framework\src\Illuminate\Database\Connection.php:382
D:\Ciclo7\github-project\capachica-project\turismo-backend\vendor\laravel\framework\src\Illuminate\Database\Query\Processors\PostgresProcessor.php:24
D:\Ciclo7\github-project\capachica-project\turismo-backend\vendor\laravel\framework\src\Illuminate\Database\Query\Builder.php:3769
D:\Ciclo7\github-project\capachica-project\turismo-backend\vendor\laravel\framework\src\Illuminate\Database\Eloquent\Builder.php:2208
D:\Ciclo7\github-project\capachica-project\turismo-backend\vendor\laravel\framework\src\Illuminate\Database\Eloquent\Model.php:1408
D:\Ciclo7\github-project\capachica-project\turismo-backend\vendor\laravel\framework\src\Illuminate\Database\Eloquent\Model.php:1373
D:\Ciclo7\github-project\capachica-project\turismo-backend\vendor\laravel\framework\src\Illuminate\Database\Eloquent\Model.php:1212
D:\Ciclo7\github-project\capachica-project\turismo-backend\vendor\laravel\framework\src\Illuminate\Database\Eloquent\Factories\Factory.php:351
D:\Ciclo7\github-project\capachica-project\turismo-backend\vendor\laravel\framework\src\Illuminate\Collections\Traits\EnumeratesValues.php:274
D:\Ciclo7\github-project\capachica-project\turismo-backend\vendor\laravel\framework\src\Illuminate\Database\Eloquent\Factories\Factory.php:346
D:\Ciclo7\github-project\capachica-project\turismo-backend\vendor\laravel\framework\src\Illuminate\Database\Eloquent\Factories\Factory.php:302
D:\Ciclo7\github-project\capachica-project\turismo-backend\vendor\laravel\framework\src\Illuminate\Database\Eloquent\Factories\Factory.php:296
D:\Ciclo7\github-project\capachica-project\turismo-backend\tests\Feature\Controllers\CarritoReservaControllerTest.php:35</error>
        </testcase>
        <testcase name="cannot_confirm_empty_cart" file="D:\Ciclo7\github-project\capachica-project\turismo-backend\tests\Feature\Controllers\CarritoReservaControllerTest.php" line="322" class="Tests\Feature\Controllers\CarritoReservaControllerTest" classname="Tests.Feature.Controllers.CarritoReservaControllerTest" assertions="0" time="0.000000">
          <error type="Illuminate\Database\QueryException">Tests\Feature\Controllers\CarritoReservaControllerTest::cannot_confirm_empty_cart&#13;
Illuminate\Database\QueryException: SQLSTATE[42703]: Undefined column: 7 ERROR:  no existe la columna «categoria_id» en la relación «servicios»
LINE 1: ...", "latitud", "longitud", "ubicacion_referencia", "categoria...
                                                             ^ (Connection: pgsql, SQL: insert into "servicios" ("nombre", "descripcion", "precio_referencial", "emprendedor_id", "estado", "capacidad", "latitud", "longitud", "ubicacion_referencia", "categoria_id", "updated_at", "created_at") values (Pesca Vivencial, Quia vitae tenetur nisi eius sequi quod. Tenetur officiis repellat ea itaque odit recusandae qui. Quia enim ipsum et et officia. Corporis autem minima magnam libero ab accusamus voluptatem., 100, 89, 1, 11, -15.84203, -70.025815, ?, 21, 2025-07-01 00:10:53, 2025-07-01 00:10:53) returning "id")
&#13;
D:\Ciclo7\github-project\capachica-project\turismo-backend\vendor\laravel\framework\src\Illuminate\Database\Connection.php:822
D:\Ciclo7\github-project\capachica-project\turismo-backend\vendor\laravel\framework\src\Illuminate\Database\Connection.php:776
D:\Ciclo7\github-project\capachica-project\turismo-backend\vendor\laravel\framework\src\Illuminate\Database\Connection.php:395
D:\Ciclo7\github-project\capachica-project\turismo-backend\vendor\laravel\framework\src\Illuminate\Database\Connection.php:382
D:\Ciclo7\github-project\capachica-project\turismo-backend\vendor\laravel\framework\src\Illuminate\Database\Query\Processors\PostgresProcessor.php:24
D:\Ciclo7\github-project\capachica-project\turismo-backend\vendor\laravel\framework\src\Illuminate\Database\Query\Builder.php:3769
D:\Ciclo7\github-project\capachica-project\turismo-backend\vendor\laravel\framework\src\Illuminate\Database\Eloquent\Builder.php:2208
D:\Ciclo7\github-project\capachica-project\turismo-backend\vendor\laravel\framework\src\Illuminate\Database\Eloquent\Model.php:1408
D:\Ciclo7\github-project\capachica-project\turismo-backend\vendor\laravel\framework\src\Illuminate\Database\Eloquent\Model.php:1373
D:\Ciclo7\github-project\capachica-project\turismo-backend\vendor\laravel\framework\src\Illuminate\Database\Eloquent\Model.php:1212
D:\Ciclo7\github-project\capachica-project\turismo-backend\vendor\laravel\framework\src\Illuminate\Database\Eloquent\Factories\Factory.php:351
D:\Ciclo7\github-project\capachica-project\turismo-backend\vendor\laravel\framework\src\Illuminate\Collections\Traits\EnumeratesValues.php:274
D:\Ciclo7\github-project\capachica-project\turismo-backend\vendor\laravel\framework\src\Illuminate\Database\Eloquent\Factories\Factory.php:346
D:\Ciclo7\github-project\capachica-project\turismo-backend\vendor\laravel\framework\src\Illuminate\Database\Eloquent\Factories\Factory.php:302
D:\Ciclo7\github-project\capachica-project\turismo-backend\vendor\laravel\framework\src\Illuminate\Database\Eloquent\Factories\Factory.php:296
D:\Ciclo7\github-project\capachica-project\turismo-backend\tests\Feature\Controllers\CarritoReservaControllerTest.php:35</error>
        </testcase>
        <testcase name="cannot_confirm_nonexistent_cart" file="D:\Ciclo7\github-project\capachica-project\turismo-backend\tests\Feature\Controllers\CarritoReservaControllerTest.php" line="340" class="Tests\Feature\Controllers\CarritoReservaControllerTest" classname="Tests.Feature.Controllers.CarritoReservaControllerTest" assertions="0" time="0.000000">
          <error type="Illuminate\Database\QueryException">Tests\Feature\Controllers\CarritoReservaControllerTest::cannot_confirm_nonexistent_cart&#13;
Illuminate\Database\QueryException: SQLSTATE[42703]: Undefined column: 7 ERROR:  no existe la columna «categoria_id» en la relación «servicios»
LINE 1: ...", "latitud", "longitud", "ubicacion_referencia", "categoria...
                                                             ^ (Connection: pgsql, SQL: insert into "servicios" ("nombre", "descripcion", "precio_referencial", "emprendedor_id", "estado", "capacidad", "latitud", "longitud", "ubicacion_referencia", "categoria_id", "updated_at", "created_at") values (Caminata por Senderos, Illum mollitia autem assumenda ipsa ut nostrum qui. Non sed vitae quae et. Quam ut sapiente sit. Cumque aut in eveniet iste optio error. Omnis quia ipsam repudiandae totam ex quasi. Maiores eaque aut tempore. Laborum voluptatum magnam animi., 100, 90, 1, 7, -15.834947, -70.029184, 9199 Breitenberg Crossing
O'Keefeland, IL 74434-8368, 22, 2025-07-01 00:10:54, 2025-07-01 00:10:54) returning "id")
&#13;
D:\Ciclo7\github-project\capachica-project\turismo-backend\vendor\laravel\framework\src\Illuminate\Database\Connection.php:822
D:\Ciclo7\github-project\capachica-project\turismo-backend\vendor\laravel\framework\src\Illuminate\Database\Connection.php:776
D:\Ciclo7\github-project\capachica-project\turismo-backend\vendor\laravel\framework\src\Illuminate\Database\Connection.php:395
D:\Ciclo7\github-project\capachica-project\turismo-backend\vendor\laravel\framework\src\Illuminate\Database\Connection.php:382
D:\Ciclo7\github-project\capachica-project\turismo-backend\vendor\laravel\framework\src\Illuminate\Database\Query\Processors\PostgresProcessor.php:24
D:\Ciclo7\github-project\capachica-project\turismo-backend\vendor\laravel\framework\src\Illuminate\Database\Query\Builder.php:3769
D:\Ciclo7\github-project\capachica-project\turismo-backend\vendor\laravel\framework\src\Illuminate\Database\Eloquent\Builder.php:2208
D:\Ciclo7\github-project\capachica-project\turismo-backend\vendor\laravel\framework\src\Illuminate\Database\Eloquent\Model.php:1408
D:\Ciclo7\github-project\capachica-project\turismo-backend\vendor\laravel\framework\src\Illuminate\Database\Eloquent\Model.php:1373
D:\Ciclo7\github-project\capachica-project\turismo-backend\vendor\laravel\framework\src\Illuminate\Database\Eloquent\Model.php:1212
D:\Ciclo7\github-project\capachica-project\turismo-backend\vendor\laravel\framework\src\Illuminate\Database\Eloquent\Factories\Factory.php:351
D:\Ciclo7\github-project\capachica-project\turismo-backend\vendor\laravel\framework\src\Illuminate\Collections\Traits\EnumeratesValues.php:274
D:\Ciclo7\github-project\capachica-project\turismo-backend\vendor\laravel\framework\src\Illuminate\Database\Eloquent\Factories\Factory.php:346
D:\Ciclo7\github-project\capachica-project\turismo-backend\vendor\laravel\framework\src\Illuminate\Database\Eloquent\Factories\Factory.php:302
D:\Ciclo7\github-project\capachica-project\turismo-backend\vendor\laravel\framework\src\Illuminate\Database\Eloquent\Factories\Factory.php:296
D:\Ciclo7\github-project\capachica-project\turismo-backend\tests\Feature\Controllers\CarritoReservaControllerTest.php:35</error>
        </testcase>
        <testcase name="user_can_empty_cart" file="D:\Ciclo7\github-project\capachica-project\turismo-backend\tests\Feature\Controllers\CarritoReservaControllerTest.php" line="352" class="Tests\Feature\Controllers\CarritoReservaControllerTest" classname="Tests.Feature.Controllers.CarritoReservaControllerTest" assertions="0" time="0.000000">
          <error type="Illuminate\Database\QueryException">Tests\Feature\Controllers\CarritoReservaControllerTest::user_can_empty_cart&#13;
Illuminate\Database\QueryException: SQLSTATE[42703]: Undefined column: 7 ERROR:  no existe la columna «categoria_id» en la relación «servicios»
LINE 1: ...", "latitud", "longitud", "ubicacion_referencia", "categoria...
                                                             ^ (Connection: pgsql, SQL: insert into "servicios" ("nombre", "descripcion", "precio_referencial", "emprendedor_id", "estado", "capacidad", "latitud", "longitud", "ubicacion_referencia", "categoria_id", "updated_at", "created_at") values (Fotografía Paisajística, At consequatur et saepe porro voluptatem consectetur maxime. Quis omnis dolor unde nobis laboriosam. Aut molestiae ut nisi id placeat explicabo quia velit., 100, 91, 1, 3, -15.835107, -70.028819, 197 Joshua Forest
New Samantha, HI 44997, 23, 2025-07-01 00:10:54, 2025-07-01 00:10:54) returning "id")
&#13;
D:\Ciclo7\github-project\capachica-project\turismo-backend\vendor\laravel\framework\src\Illuminate\Database\Connection.php:822
D:\Ciclo7\github-project\capachica-project\turismo-backend\vendor\laravel\framework\src\Illuminate\Database\Connection.php:776
D:\Ciclo7\github-project\capachica-project\turismo-backend\vendor\laravel\framework\src\Illuminate\Database\Connection.php:395
D:\Ciclo7\github-project\capachica-project\turismo-backend\vendor\laravel\framework\src\Illuminate\Database\Connection.php:382
D:\Ciclo7\github-project\capachica-project\turismo-backend\vendor\laravel\framework\src\Illuminate\Database\Query\Processors\PostgresProcessor.php:24
D:\Ciclo7\github-project\capachica-project\turismo-backend\vendor\laravel\framework\src\Illuminate\Database\Query\Builder.php:3769
D:\Ciclo7\github-project\capachica-project\turismo-backend\vendor\laravel\framework\src\Illuminate\Database\Eloquent\Builder.php:2208
D:\Ciclo7\github-project\capachica-project\turismo-backend\vendor\laravel\framework\src\Illuminate\Database\Eloquent\Model.php:1408
D:\Ciclo7\github-project\capachica-project\turismo-backend\vendor\laravel\framework\src\Illuminate\Database\Eloquent\Model.php:1373
D:\Ciclo7\github-project\capachica-project\turismo-backend\vendor\laravel\framework\src\Illuminate\Database\Eloquent\Model.php:1212
D:\Ciclo7\github-project\capachica-project\turismo-backend\vendor\laravel\framework\src\Illuminate\Database\Eloquent\Factories\Factory.php:351
D:\Ciclo7\github-project\capachica-project\turismo-backend\vendor\laravel\framework\src\Illuminate\Collections\Traits\EnumeratesValues.php:274
D:\Ciclo7\github-project\capachica-project\turismo-backend\vendor\laravel\framework\src\Illuminate\Database\Eloquent\Factories\Factory.php:346
D:\Ciclo7\github-project\capachica-project\turismo-backend\vendor\laravel\framework\src\Illuminate\Database\Eloquent\Factories\Factory.php:302
D:\Ciclo7\github-project\capachica-project\turismo-backend\vendor\laravel\framework\src\Illuminate\Database\Eloquent\Factories\Factory.php:296
D:\Ciclo7\github-project\capachica-project\turismo-backend\tests\Feature\Controllers\CarritoReservaControllerTest.php:35</error>
        </testcase>
        <testcase name="cannot_empty_nonexistent_cart" file="D:\Ciclo7\github-project\capachica-project\turismo-backend\tests\Feature\Controllers\CarritoReservaControllerTest.php" line="381" class="Tests\Feature\Controllers\CarritoReservaControllerTest" classname="Tests.Feature.Controllers.CarritoReservaControllerTest" assertions="0" time="0.000000">
          <error type="Illuminate\Database\QueryException">Tests\Feature\Controllers\CarritoReservaControllerTest::cannot_empty_nonexistent_cart&#13;
Illuminate\Database\QueryException: SQLSTATE[42703]: Undefined column: 7 ERROR:  no existe la columna «categoria_id» en la relación «servicios»
LINE 1: ...", "latitud", "longitud", "ubicacion_referencia", "categoria...
                                                             ^ (Connection: pgsql, SQL: insert into "servicios" ("nombre", "descripcion", "precio_referencial", "emprendedor_id", "estado", "capacidad", "latitud", "longitud", "ubicacion_referencia", "categoria_id", "updated_at", "created_at") values (Tour en Kayak, Ab labore qui nihil accusamus. Nostrum consequatur iusto qui autem eius voluptas ad tempora. Veritatis exercitationem voluptatem vitae perferendis est vitae veniam sit. Aspernatur et incidunt aut in rem tenetur aut., 100, 92, 1, 20, -15.832242, -70.021432, 450 Sofia River Suite 228
East Keyon, FL 39829, 24, 2025-07-01 00:10:54, 2025-07-01 00:10:54) returning "id")
&#13;
D:\Ciclo7\github-project\capachica-project\turismo-backend\vendor\laravel\framework\src\Illuminate\Database\Connection.php:822
D:\Ciclo7\github-project\capachica-project\turismo-backend\vendor\laravel\framework\src\Illuminate\Database\Connection.php:776
D:\Ciclo7\github-project\capachica-project\turismo-backend\vendor\laravel\framework\src\Illuminate\Database\Connection.php:395
D:\Ciclo7\github-project\capachica-project\turismo-backend\vendor\laravel\framework\src\Illuminate\Database\Connection.php:382
D:\Ciclo7\github-project\capachica-project\turismo-backend\vendor\laravel\framework\src\Illuminate\Database\Query\Processors\PostgresProcessor.php:24
D:\Ciclo7\github-project\capachica-project\turismo-backend\vendor\laravel\framework\src\Illuminate\Database\Query\Builder.php:3769
D:\Ciclo7\github-project\capachica-project\turismo-backend\vendor\laravel\framework\src\Illuminate\Database\Eloquent\Builder.php:2208
D:\Ciclo7\github-project\capachica-project\turismo-backend\vendor\laravel\framework\src\Illuminate\Database\Eloquent\Model.php:1408
D:\Ciclo7\github-project\capachica-project\turismo-backend\vendor\laravel\framework\src\Illuminate\Database\Eloquent\Model.php:1373
D:\Ciclo7\github-project\capachica-project\turismo-backend\vendor\laravel\framework\src\Illuminate\Database\Eloquent\Model.php:1212
D:\Ciclo7\github-project\capachica-project\turismo-backend\vendor\laravel\framework\src\Illuminate\Database\Eloquent\Factories\Factory.php:351
D:\Ciclo7\github-project\capachica-project\turismo-backend\vendor\laravel\framework\src\Illuminate\Collections\Traits\EnumeratesValues.php:274
D:\Ciclo7\github-project\capachica-project\turismo-backend\vendor\laravel\framework\src\Illuminate\Database\Eloquent\Factories\Factory.php:346
D:\Ciclo7\github-project\capachica-project\turismo-backend\vendor\laravel\framework\src\Illuminate\Database\Eloquent\Factories\Factory.php:302
D:\Ciclo7\github-project\capachica-project\turismo-backend\vendor\laravel\framework\src\Illuminate\Database\Eloquent\Factories\Factory.php:296
D:\Ciclo7\github-project\capachica-project\turismo-backend\tests\Feature\Controllers\CarritoReservaControllerTest.php:35</error>
        </testcase>
        <testcase name="unauthenticated_user_cannot_access_cart_endpoints" file="D:\Ciclo7\github-project\capachica-project\turismo-backend\tests\Feature\Controllers\CarritoReservaControllerTest.php" line="393" class="Tests\Feature\Controllers\CarritoReservaControllerTest" classname="Tests.Feature.Controllers.CarritoReservaControllerTest" assertions="0" time="0.000000">
          <error type="Illuminate\Database\QueryException">Tests\Feature\Controllers\CarritoReservaControllerTest::unauthenticated_user_cannot_access_cart_endpoints&#13;
Illuminate\Database\QueryException: SQLSTATE[42703]: Undefined column: 7 ERROR:  no existe la columna «categoria_id» en la relación «servicios»
LINE 1: ...", "latitud", "longitud", "ubicacion_referencia", "categoria...
                                                             ^ (Connection: pgsql, SQL: insert into "servicios" ("nombre", "descripcion", "precio_referencial", "emprendedor_id", "estado", "capacidad", "latitud", "longitud", "ubicacion_referencia", "categoria_id", "updated_at", "created_at") values (Almuerzo Tradicional, Nesciunt sint iste hic impedit molestiae. Ut cupiditate magnam minus ut. Alias quo vero qui quas. Aut iusto minus labore quibusdam ut voluptate facilis. Quos nulla alias qui. Tempora quasi ut delectus voluptates repudiandae., 100, 93, 1, 13, -15.842364, -70.027689, ?, 25, 2025-07-01 00:10:54, 2025-07-01 00:10:54) returning "id")
&#13;
D:\Ciclo7\github-project\capachica-project\turismo-backend\vendor\laravel\framework\src\Illuminate\Database\Connection.php:822
D:\Ciclo7\github-project\capachica-project\turismo-backend\vendor\laravel\framework\src\Illuminate\Database\Connection.php:776
D:\Ciclo7\github-project\capachica-project\turismo-backend\vendor\laravel\framework\src\Illuminate\Database\Connection.php:395
D:\Ciclo7\github-project\capachica-project\turismo-backend\vendor\laravel\framework\src\Illuminate\Database\Connection.php:382
D:\Ciclo7\github-project\capachica-project\turismo-backend\vendor\laravel\framework\src\Illuminate\Database\Query\Processors\PostgresProcessor.php:24
D:\Ciclo7\github-project\capachica-project\turismo-backend\vendor\laravel\framework\src\Illuminate\Database\Query\Builder.php:3769
D:\Ciclo7\github-project\capachica-project\turismo-backend\vendor\laravel\framework\src\Illuminate\Database\Eloquent\Builder.php:2208
D:\Ciclo7\github-project\capachica-project\turismo-backend\vendor\laravel\framework\src\Illuminate\Database\Eloquent\Model.php:1408
D:\Ciclo7\github-project\capachica-project\turismo-backend\vendor\laravel\framework\src\Illuminate\Database\Eloquent\Model.php:1373
D:\Ciclo7\github-project\capachica-project\turismo-backend\vendor\laravel\framework\src\Illuminate\Database\Eloquent\Model.php:1212
D:\Ciclo7\github-project\capachica-project\turismo-backend\vendor\laravel\framework\src\Illuminate\Database\Eloquent\Factories\Factory.php:351
D:\Ciclo7\github-project\capachica-project\turismo-backend\vendor\laravel\framework\src\Illuminate\Collections\Traits\EnumeratesValues.php:274
D:\Ciclo7\github-project\capachica-project\turismo-backend\vendor\laravel\framework\src\Illuminate\Database\Eloquent\Factories\Factory.php:346
D:\Ciclo7\github-project\capachica-project\turismo-backend\vendor\laravel\framework\src\Illuminate\Database\Eloquent\Factories\Factory.php:302
D:\Ciclo7\github-project\capachica-project\turismo-backend\vendor\laravel\framework\src\Illuminate\Database\Eloquent\Factories\Factory.php:296
D:\Ciclo7\github-project\capachica-project\turismo-backend\tests\Feature\Controllers\CarritoReservaControllerTest.php:35</error>
        </testcase>
        <testcase name="add_to_cart_uses_service_reference_price" file="D:\Ciclo7\github-project\capachica-project\turismo-backend\tests\Feature\Controllers\CarritoReservaControllerTest.php" line="414" class="Tests\Feature\Controllers\CarritoReservaControllerTest" classname="Tests.Feature.Controllers.CarritoReservaControllerTest" assertions="0" time="0.000000">
          <error type="Illuminate\Database\QueryException">Tests\Feature\Controllers\CarritoReservaControllerTest::add_to_cart_uses_service_reference_price&#13;
Illuminate\Database\QueryException: SQLSTATE[42703]: Undefined column: 7 ERROR:  no existe la columna «categoria_id» en la relación «servicios»
LINE 1: ...", "latitud", "longitud", "ubicacion_referencia", "categoria...
                                                             ^ (Connection: pgsql, SQL: insert into "servicios" ("nombre", "descripcion", "precio_referencial", "emprendedor_id", "estado", "capacidad", "latitud", "longitud", "ubicacion_referencia", "categoria_id", "updated_at", "created_at") values (Fotografía Paisajística, Doloremque dolores aspernatur quidem non quibusdam. Laboriosam voluptatum voluptas et ea est iusto maiores. Debitis perferendis id nihil. Sunt sit nostrum voluptatem quia et non incidunt. Ex possimus incidunt nesciunt iusto. Officiis sapiente et dolorem., 100, 94, 1, 14, -15.841886, -70.027753, 561 Dach Turnpike Apt. 235
Rolandoburgh, GA 19452-1019, 26, 2025-07-01 00:10:54, 2025-07-01 00:10:54) returning "id")
&#13;
D:\Ciclo7\github-project\capachica-project\turismo-backend\vendor\laravel\framework\src\Illuminate\Database\Connection.php:822
D:\Ciclo7\github-project\capachica-project\turismo-backend\vendor\laravel\framework\src\Illuminate\Database\Connection.php:776
D:\Ciclo7\github-project\capachica-project\turismo-backend\vendor\laravel\framework\src\Illuminate\Database\Connection.php:395
D:\Ciclo7\github-project\capachica-project\turismo-backend\vendor\laravel\framework\src\Illuminate\Database\Connection.php:382
D:\Ciclo7\github-project\capachica-project\turismo-backend\vendor\laravel\framework\src\Illuminate\Database\Query\Processors\PostgresProcessor.php:24
D:\Ciclo7\github-project\capachica-project\turismo-backend\vendor\laravel\framework\src\Illuminate\Database\Query\Builder.php:3769
D:\Ciclo7\github-project\capachica-project\turismo-backend\vendor\laravel\framework\src\Illuminate\Database\Eloquent\Builder.php:2208
D:\Ciclo7\github-project\capachica-project\turismo-backend\vendor\laravel\framework\src\Illuminate\Database\Eloquent\Model.php:1408
D:\Ciclo7\github-project\capachica-project\turismo-backend\vendor\laravel\framework\src\Illuminate\Database\Eloquent\Model.php:1373
D:\Ciclo7\github-project\capachica-project\turismo-backend\vendor\laravel\framework\src\Illuminate\Database\Eloquent\Model.php:1212
D:\Ciclo7\github-project\capachica-project\turismo-backend\vendor\laravel\framework\src\Illuminate\Database\Eloquent\Factories\Factory.php:351
D:\Ciclo7\github-project\capachica-project\turismo-backend\vendor\laravel\framework\src\Illuminate\Collections\Traits\EnumeratesValues.php:274
D:\Ciclo7\github-project\capachica-project\turismo-backend\vendor\laravel\framework\src\Illuminate\Database\Eloquent\Factories\Factory.php:346
D:\Ciclo7\github-project\capachica-project\turismo-backend\vendor\laravel\framework\src\Illuminate\Database\Eloquent\Factories\Factory.php:302
D:\Ciclo7\github-project\capachica-project\turismo-backend\vendor\laravel\framework\src\Illuminate\Database\Eloquent\Factories\Factory.php:296
D:\Ciclo7\github-project\capachica-project\turismo-backend\tests\Feature\Controllers\CarritoReservaControllerTest.php:35</error>
        </testcase>
        <testcase name="cannot_remove_service_from_confirmed_reservation" file="D:\Ciclo7\github-project\capachica-project\turismo-backend\tests\Feature\Controllers\CarritoReservaControllerTest.php" line="438" class="Tests\Feature\Controllers\CarritoReservaControllerTest" classname="Tests.Feature.Controllers.CarritoReservaControllerTest" assertions="0" time="0.000000">
          <error type="Illuminate\Database\QueryException">Tests\Feature\Controllers\CarritoReservaControllerTest::cannot_remove_service_from_confirmed_reservation&#13;
Illuminate\Database\QueryException: SQLSTATE[42703]: Undefined column: 7 ERROR:  no existe la columna «categoria_id» en la relación «servicios»
LINE 1: ...", "latitud", "longitud", "ubicacion_referencia", "categoria...
                                                             ^ (Connection: pgsql, SQL: insert into "servicios" ("nombre", "descripcion", "precio_referencial", "emprendedor_id", "estado", "capacidad", "latitud", "longitud", "ubicacion_referencia", "categoria_id", "updated_at", "created_at") values (Ciclismo de Montaña, Temporibus omnis illo exercitationem quam explicabo ut sint. Alias et eum recusandae commodi dolor commodi. Occaecati est necessitatibus itaque sed veniam maiores illo. Ducimus soluta molestiae beatae voluptatem sint atque., 100, 95, 0, 20, -15.844387, -70.021214, 33645 Marlen Harbor Apt. 313
Douglasmouth, MT 09718-1448, 27, 2025-07-01 00:10:54, 2025-07-01 00:10:54) returning "id")
&#13;
D:\Ciclo7\github-project\capachica-project\turismo-backend\vendor\laravel\framework\src\Illuminate\Database\Connection.php:822
D:\Ciclo7\github-project\capachica-project\turismo-backend\vendor\laravel\framework\src\Illuminate\Database\Connection.php:776
D:\Ciclo7\github-project\capachica-project\turismo-backend\vendor\laravel\framework\src\Illuminate\Database\Connection.php:395
D:\Ciclo7\github-project\capachica-project\turismo-backend\vendor\laravel\framework\src\Illuminate\Database\Connection.php:382
D:\Ciclo7\github-project\capachica-project\turismo-backend\vendor\laravel\framework\src\Illuminate\Database\Query\Processors\PostgresProcessor.php:24
D:\Ciclo7\github-project\capachica-project\turismo-backend\vendor\laravel\framework\src\Illuminate\Database\Query\Builder.php:3769
D:\Ciclo7\github-project\capachica-project\turismo-backend\vendor\laravel\framework\src\Illuminate\Database\Eloquent\Builder.php:2208
D:\Ciclo7\github-project\capachica-project\turismo-backend\vendor\laravel\framework\src\Illuminate\Database\Eloquent\Model.php:1408
D:\Ciclo7\github-project\capachica-project\turismo-backend\vendor\laravel\framework\src\Illuminate\Database\Eloquent\Model.php:1373
D:\Ciclo7\github-project\capachica-project\turismo-backend\vendor\laravel\framework\src\Illuminate\Database\Eloquent\Model.php:1212
D:\Ciclo7\github-project\capachica-project\turismo-backend\vendor\laravel\framework\src\Illuminate\Database\Eloquent\Factories\Factory.php:351
D:\Ciclo7\github-project\capachica-project\turismo-backend\vendor\laravel\framework\src\Illuminate\Collections\Traits\EnumeratesValues.php:274
D:\Ciclo7\github-project\capachica-project\turismo-backend\vendor\laravel\framework\src\Illuminate\Database\Eloquent\Factories\Factory.php:346
D:\Ciclo7\github-project\capachica-project\turismo-backend\vendor\laravel\framework\src\Illuminate\Database\Eloquent\Factories\Factory.php:302
D:\Ciclo7\github-project\capachica-project\turismo-backend\vendor\laravel\framework\src\Illuminate\Database\Eloquent\Factories\Factory.php:296
D:\Ciclo7\github-project\capachica-project\turismo-backend\tests\Feature\Controllers\CarritoReservaControllerTest.php:35</error>
        </testcase>
      </testsuite>
      <testsuite name="Tests\Feature\Controllers\CategoriaControllerTest" file="D:\Ciclo7\github-project\capachica-project\turismo-backend\tests\Feature\Controllers\CategoriaControllerTest.php" tests="22" assertions="94" errors="0" failures="3" skipped="0" time="3.907882">
        <testcase name="puede_listar_todas_las_categorias" file="D:\Ciclo7\github-project\capachica-project\turismo-backend\tests\Feature\Controllers\CategoriaControllerTest.php" line="61" class="Tests\Feature\Controllers\CategoriaControllerTest" classname="Tests.Feature.Controllers.CategoriaControllerTest" assertions="35" time="0.220027"/>
        <testcase name="puede_mostrar_una_categoria_especifica" file="D:\Ciclo7\github-project\capachica-project\turismo-backend\tests\Feature\Controllers\CategoriaControllerTest.php" line="89" class="Tests\Feature\Controllers\CategoriaControllerTest" classname="Tests.Feature.Controllers.CategoriaControllerTest" assertions="2" time="0.165583"/>
        <testcase name="retorna_404_cuando_categoria_no_existe" file="D:\Ciclo7\github-project\capachica-project\turismo-backend\tests\Feature\Controllers\CategoriaControllerTest.php" line="110" class="Tests\Feature\Controllers\CategoriaControllerTest" classname="Tests.Feature.Controllers.CategoriaControllerTest" assertions="2" time="0.170316"/>
        <testcase name="admin_puede_crear_nueva_categoria" file="D:\Ciclo7\github-project\capachica-project\turismo-backend\tests\Feature\Controllers\CategoriaControllerTest.php" line="124" class="Tests\Feature\Controllers\CategoriaControllerTest" classname="Tests.Feature.Controllers.CategoriaControllerTest" assertions="3" time="0.166308"/>
        <testcase name="usuario_normal_no_puede_crear_categoria" file="D:\Ciclo7\github-project\capachica-project\turismo-backend\tests\Feature\Controllers\CategoriaControllerTest.php" line="152" class="Tests\Feature\Controllers\CategoriaControllerTest" classname="Tests.Feature.Controllers.CategoriaControllerTest" assertions="1" time="0.180182">
          <failure type="PHPUnit\Framework\ExpectationFailedException">Tests\Feature\Controllers\CategoriaControllerTest::usuario_normal_no_puede_crear_categoria&#13;
Expected response status code [403] but received 201.
Failed asserting that 201 is identical to 403.
&#13;
D:\Ciclo7\github-project\capachica-project\turismo-backend\vendor\laravel\framework\src\Illuminate\Testing\TestResponseAssert.php:45
D:\Ciclo7\github-project\capachica-project\turismo-backend\vendor\laravel\framework\src\Illuminate\Testing\TestResponse.php:159
D:\Ciclo7\github-project\capachica-project\turismo-backend\tests\Feature\Controllers\CategoriaControllerTest.php:166</failure>
        </testcase>
        <testcase name="usuario_no_autenticado_no_puede_crear_categoria" file="D:\Ciclo7\github-project\capachica-project\turismo-backend\tests\Feature\Controllers\CategoriaControllerTest.php" line="170" class="Tests\Feature\Controllers\CategoriaControllerTest" classname="Tests.Feature.Controllers.CategoriaControllerTest" assertions="1" time="0.164540"/>
        <testcase name="falla_validacion_al_crear_categoria_sin_datos_requeridos" file="D:\Ciclo7\github-project\capachica-project\turismo-backend\tests\Feature\Controllers\CategoriaControllerTest.php" line="186" class="Tests\Feature\Controllers\CategoriaControllerTest" classname="Tests.Feature.Controllers.CategoriaControllerTest" assertions="2" time="0.164935"/>
        <testcase name="puede_crear_categoria_solo_con_nombre" file="D:\Ciclo7\github-project\capachica-project\turismo-backend\tests\Feature\Controllers\CategoriaControllerTest.php" line="210" class="Tests\Feature\Controllers\CategoriaControllerTest" classname="Tests.Feature.Controllers.CategoriaControllerTest" assertions="3" time="0.164233"/>
        <testcase name="admin_puede_actualizar_categoria_existente" file="D:\Ciclo7\github-project\capachica-project\turismo-backend\tests\Feature\Controllers\CategoriaControllerTest.php" line="237" class="Tests\Feature\Controllers\CategoriaControllerTest" classname="Tests.Feature.Controllers.CategoriaControllerTest" assertions="3" time="0.172020"/>
        <testcase name="usuario_normal_no_puede_actualizar_categoria" file="D:\Ciclo7\github-project\capachica-project\turismo-backend\tests\Feature\Controllers\CategoriaControllerTest.php" line="267" class="Tests\Feature\Controllers\CategoriaControllerTest" classname="Tests.Feature.Controllers.CategoriaControllerTest" assertions="1" time="0.172763">
          <failure type="PHPUnit\Framework\ExpectationFailedException">Tests\Feature\Controllers\CategoriaControllerTest::usuario_normal_no_puede_actualizar_categoria&#13;
Expected response status code [403] but received 200.
Failed asserting that 200 is identical to 403.
&#13;
D:\Ciclo7\github-project\capachica-project\turismo-backend\vendor\laravel\framework\src\Illuminate\Testing\TestResponseAssert.php:45
D:\Ciclo7\github-project\capachica-project\turismo-backend\vendor\laravel\framework\src\Illuminate\Testing\TestResponse.php:159
D:\Ciclo7\github-project\capachica-project\turismo-backend\tests\Feature\Controllers\CategoriaControllerTest.php:282</failure>
        </testcase>
        <testcase name="retorna_404_al_actualizar_categoria_inexistente" file="D:\Ciclo7\github-project\capachica-project\turismo-backend\tests\Feature\Controllers\CategoriaControllerTest.php" line="286" class="Tests\Feature\Controllers\CategoriaControllerTest" classname="Tests.Feature.Controllers.CategoriaControllerTest" assertions="2" time="0.178914"/>
        <testcase name="admin_puede_eliminar_categoria_existente" file="D:\Ciclo7\github-project\capachica-project\turismo-backend\tests\Feature\Controllers\CategoriaControllerTest.php" line="307" class="Tests\Feature\Controllers\CategoriaControllerTest" classname="Tests.Feature.Controllers.CategoriaControllerTest" assertions="3" time="0.198712"/>
        <testcase name="usuario_normal_no_puede_eliminar_categoria" file="D:\Ciclo7\github-project\capachica-project\turismo-backend\tests\Feature\Controllers\CategoriaControllerTest.php" line="330" class="Tests\Feature\Controllers\CategoriaControllerTest" classname="Tests.Feature.Controllers.CategoriaControllerTest" assertions="1" time="0.163699">
          <failure type="PHPUnit\Framework\ExpectationFailedException">Tests\Feature\Controllers\CategoriaControllerTest::usuario_normal_no_puede_eliminar_categoria&#13;
Expected response status code [403] but received 200.
Failed asserting that 200 is identical to 403.
&#13;
D:\Ciclo7\github-project\capachica-project\turismo-backend\vendor\laravel\framework\src\Illuminate\Testing\TestResponseAssert.php:45
D:\Ciclo7\github-project\capachica-project\turismo-backend\vendor\laravel\framework\src\Illuminate\Testing\TestResponse.php:159
D:\Ciclo7\github-project\capachica-project\turismo-backend\tests\Feature\Controllers\CategoriaControllerTest.php:341</failure>
        </testcase>
        <testcase name="retorna_404_al_eliminar_categoria_inexistente" file="D:\Ciclo7\github-project\capachica-project\turismo-backend\tests\Feature\Controllers\CategoriaControllerTest.php" line="345" class="Tests\Feature\Controllers\CategoriaControllerTest" classname="Tests.Feature.Controllers.CategoriaControllerTest" assertions="2" time="0.160363"/>
        <testcase name="puede_obtener_categoria_con_servicios" file="D:\Ciclo7\github-project\capachica-project\turismo-backend\tests\Feature\Controllers\CategoriaControllerTest.php" line="362" class="Tests\Feature\Controllers\CategoriaControllerTest" classname="Tests.Feature.Controllers.CategoriaControllerTest" assertions="9" time="0.272632"/>
        <testcase name="respuesta_json_tiene_estructura_correcta_en_exito" file="D:\Ciclo7\github-project\capachica-project\turismo-backend\tests\Feature\Controllers\CategoriaControllerTest.php" line="388" class="Tests\Feature\Controllers\CategoriaControllerTest" classname="Tests.Feature.Controllers.CategoriaControllerTest" assertions="9" time="0.166607"/>
        <testcase name="respuesta_json_tiene_estructura_correcta_en_error" file="D:\Ciclo7\github-project\capachica-project\turismo-backend\tests\Feature\Controllers\CategoriaControllerTest.php" line="412" class="Tests\Feature\Controllers\CategoriaControllerTest" classname="Tests.Feature.Controllers.CategoriaControllerTest" assertions="3" time="0.174167"/>
        <testcase name="icono_url_puede_ser_nulo" file="D:\Ciclo7\github-project\capachica-project\turismo-backend\tests\Feature\Controllers\CategoriaControllerTest.php" line="427" class="Tests\Feature\Controllers\CategoriaControllerTest" classname="Tests.Feature.Controllers.CategoriaControllerTest" assertions="2" time="0.180611"/>
        <testcase name="descripcion_puede_ser_nula" file="D:\Ciclo7\github-project\capachica-project\turismo-backend\tests\Feature\Controllers\CategoriaControllerTest.php" line="443" class="Tests\Feature\Controllers\CategoriaControllerTest" classname="Tests.Feature.Controllers.CategoriaControllerTest" assertions="2" time="0.176987"/>
        <testcase name="puede_actualizar_campos_opcionales_a_null" file="D:\Ciclo7\github-project\capachica-project\turismo-backend\tests\Feature\Controllers\CategoriaControllerTest.php" line="459" class="Tests\Feature\Controllers\CategoriaControllerTest" classname="Tests.Feature.Controllers.CategoriaControllerTest" assertions="2" time="0.166005"/>
        <testcase name="valida_longitud_maxima_del_nombre" file="D:\Ciclo7\github-project\capachica-project\turismo-backend\tests\Feature\Controllers\CategoriaControllerTest.php" line="485" class="Tests\Feature\Controllers\CategoriaControllerTest" classname="Tests.Feature.Controllers.CategoriaControllerTest" assertions="3" time="0.161757"/>
        <testcase name="valida_longitud_maxima_del_icono_url" file="D:\Ciclo7\github-project\capachica-project\turismo-backend\tests\Feature\Controllers\CategoriaControllerTest.php" line="503" class="Tests\Feature\Controllers\CategoriaControllerTest" classname="Tests.Feature.Controllers.CategoriaControllerTest" assertions="3" time="0.166520"/>
      </testsuite>
      <testsuite name="Tests\Feature\Controllers\DashboardControllerTest" file="D:\Ciclo7\github-project\capachica-project\turismo-backend\tests\Feature\Controllers\DashboardControllerTest.php" tests="9" assertions="8" errors="1" failures="8" skipped="0" time="1.551452">
        <testcase name="admin_can_get_dashboard_summary" file="D:\Ciclo7\github-project\capachica-project\turismo-backend\tests\Feature\Controllers\DashboardControllerTest.php" line="38" class="Tests\Feature\Controllers\DashboardControllerTest" classname="Tests.Feature.Controllers.DashboardControllerTest" assertions="1" time="0.225403">
          <failure type="PHPUnit\Framework\ExpectationFailedException">Tests\Feature\Controllers\DashboardControllerTest::admin_can_get_dashboard_summary&#13;
Expected response status code [200] but received 403.
Failed asserting that 403 is identical to 200.
&#13;
D:\Ciclo7\github-project\capachica-project\turismo-backend\vendor\laravel\framework\src\Illuminate\Testing\TestResponseAssert.php:45
D:\Ciclo7\github-project\capachica-project\turismo-backend\vendor\laravel\framework\src\Illuminate\Testing\TestResponse.php:159
D:\Ciclo7\github-project\capachica-project\turismo-backend\tests\Feature\Controllers\DashboardControllerTest.php:52</failure>
        </testcase>
        <testcase name="dashboard_summary_shows_users_by_role" file="D:\Ciclo7\github-project\capachica-project\turismo-backend\tests\Feature\Controllers\DashboardControllerTest.php" line="94" class="Tests\Feature\Controllers\DashboardControllerTest" classname="Tests.Feature.Controllers.DashboardControllerTest" assertions="1" time="0.173717">
          <failure type="PHPUnit\Framework\ExpectationFailedException">Tests\Feature\Controllers\DashboardControllerTest::dashboard_summary_shows_users_by_role&#13;
Expected response status code [200] but received 403.
Failed asserting that 403 is identical to 200.
&#13;
D:\Ciclo7\github-project\capachica-project\turismo-backend\vendor\laravel\framework\src\Illuminate\Testing\TestResponseAssert.php:45
D:\Ciclo7\github-project\capachica-project\turismo-backend\vendor\laravel\framework\src\Illuminate\Testing\TestResponse.php:159
D:\Ciclo7\github-project\capachica-project\turismo-backend\tests\Feature\Controllers\DashboardControllerTest.php:108</failure>
        </testcase>
        <testcase name="dashboard_summary_shows_recent_users_with_roles" file="D:\Ciclo7\github-project\capachica-project\turismo-backend\tests\Feature\Controllers\DashboardControllerTest.php" line="125" class="Tests\Feature\Controllers\DashboardControllerTest" classname="Tests.Feature.Controllers.DashboardControllerTest" assertions="1" time="0.160061">
          <failure type="PHPUnit\Framework\ExpectationFailedException">Tests\Feature\Controllers\DashboardControllerTest::dashboard_summary_shows_recent_users_with_roles&#13;
Expected response status code [200] but received 403.
Failed asserting that 403 is identical to 200.
&#13;
D:\Ciclo7\github-project\capachica-project\turismo-backend\vendor\laravel\framework\src\Illuminate\Testing\TestResponseAssert.php:45
D:\Ciclo7\github-project\capachica-project\turismo-backend\vendor\laravel\framework\src\Illuminate\Testing\TestResponse.php:159
D:\Ciclo7\github-project\capachica-project\turismo-backend\tests\Feature\Controllers\DashboardControllerTest.php:133</failure>
        </testcase>
        <testcase name="dashboard_summary_counts_active_and_inactive_users" file="D:\Ciclo7\github-project\capachica-project\turismo-backend\tests\Feature\Controllers\DashboardControllerTest.php" line="146" class="Tests\Feature\Controllers\DashboardControllerTest" classname="Tests.Feature.Controllers.DashboardControllerTest" assertions="1" time="0.175880">
          <failure type="PHPUnit\Framework\ExpectationFailedException">Tests\Feature\Controllers\DashboardControllerTest::dashboard_summary_counts_active_and_inactive_users&#13;
Expected response status code [200] but received 403.
Failed asserting that 403 is identical to 200.
&#13;
D:\Ciclo7\github-project\capachica-project\turismo-backend\vendor\laravel\framework\src\Illuminate\Testing\TestResponseAssert.php:45
D:\Ciclo7\github-project\capachica-project\turismo-backend\vendor\laravel\framework\src\Illuminate\Testing\TestResponse.php:159
D:\Ciclo7\github-project\capachica-project\turismo-backend\tests\Feature\Controllers\DashboardControllerTest.php:154</failure>
        </testcase>
        <testcase name="dashboard_summary_returns_correct_structure_with_no_additional_users" file="D:\Ciclo7\github-project\capachica-project\turismo-backend\tests\Feature\Controllers\DashboardControllerTest.php" line="167" class="Tests\Feature\Controllers\DashboardControllerTest" classname="Tests.Feature.Controllers.DashboardControllerTest" assertions="1" time="0.142576">
          <failure type="PHPUnit\Framework\ExpectationFailedException">Tests\Feature\Controllers\DashboardControllerTest::dashboard_summary_returns_correct_structure_with_no_additional_users&#13;
Expected response status code [200] but received 403.
Failed asserting that 403 is identical to 200.
&#13;
D:\Ciclo7\github-project\capachica-project\turismo-backend\vendor\laravel\framework\src\Illuminate\Testing\TestResponseAssert.php:45
D:\Ciclo7\github-project\capachica-project\turismo-backend\vendor\laravel\framework\src\Illuminate\Testing\TestResponse.php:159
D:\Ciclo7\github-project\capachica-project\turismo-backend\tests\Feature\Controllers\DashboardControllerTest.php:172</failure>
        </testcase>
        <testcase name="unauthenticated_user_cannot_access_dashboard" file="D:\Ciclo7\github-project\capachica-project\turismo-backend\tests\Feature\Controllers\DashboardControllerTest.php" line="192" class="Tests\Feature\Controllers\DashboardControllerTest" classname="Tests.Feature.Controllers.DashboardControllerTest" assertions="0" time="0.121119">
          <error type="BadMethodCallException">Tests\Feature\Controllers\DashboardControllerTest::unauthenticated_user_cannot_access_dashboard&#13;
BadMethodCallException: Method Illuminate\Auth\RequestGuard::logout does not exist.
&#13;
D:\Ciclo7\github-project\capachica-project\turismo-backend\vendor\laravel\framework\src\Illuminate\Macroable\Traits\Macroable.php:115
D:\Ciclo7\github-project\capachica-project\turismo-backend\vendor\laravel\framework\src\Illuminate\Auth\AuthManager.php:338
D:\Ciclo7\github-project\capachica-project\turismo-backend\tests\Feature\Controllers\DashboardControllerTest.php:194</error>
        </testcase>
        <testcase name="dashboard_shows_users_without_roles" file="D:\Ciclo7\github-project\capachica-project\turismo-backend\tests\Feature\Controllers\DashboardControllerTest.php" line="202" class="Tests\Feature\Controllers\DashboardControllerTest" classname="Tests.Feature.Controllers.DashboardControllerTest" assertions="1" time="0.140819">
          <failure type="PHPUnit\Framework\ExpectationFailedException">Tests\Feature\Controllers\DashboardControllerTest::dashboard_shows_users_without_roles&#13;
Expected response status code [200] but received 403.
Failed asserting that 403 is identical to 200.
&#13;
D:\Ciclo7\github-project\capachica-project\turismo-backend\vendor\laravel\framework\src\Illuminate\Testing\TestResponseAssert.php:45
D:\Ciclo7\github-project\capachica-project\turismo-backend\vendor\laravel\framework\src\Illuminate\Testing\TestResponse.php:159
D:\Ciclo7\github-project\capachica-project\turismo-backend\tests\Feature\Controllers\DashboardControllerTest.php:209</failure>
        </testcase>
        <testcase name="dashboard_handles_large_number_of_users" file="D:\Ciclo7\github-project\capachica-project\turismo-backend\tests\Feature\Controllers\DashboardControllerTest.php" line="226" class="Tests\Feature\Controllers\DashboardControllerTest" classname="Tests.Feature.Controllers.DashboardControllerTest" assertions="1" time="0.181066">
          <failure type="PHPUnit\Framework\ExpectationFailedException">Tests\Feature\Controllers\DashboardControllerTest::dashboard_handles_large_number_of_users&#13;
Expected response status code [200] but received 403.
Failed asserting that 403 is identical to 200.
&#13;
D:\Ciclo7\github-project\capachica-project\turismo-backend\vendor\laravel\framework\src\Illuminate\Testing\TestResponseAssert.php:45
D:\Ciclo7\github-project\capachica-project\turismo-backend\vendor\laravel\framework\src\Illuminate\Testing\TestResponse.php:159
D:\Ciclo7\github-project\capachica-project\turismo-backend\tests\Feature\Controllers\DashboardControllerTest.php:233</failure>
        </testcase>
        <testcase name="dashboard_summary_response_time_is_reasonable" file="D:\Ciclo7\github-project\capachica-project\turismo-backend\tests\Feature\Controllers\DashboardControllerTest.php" line="246" class="Tests\Feature\Controllers\DashboardControllerTest" classname="Tests.Feature.Controllers.DashboardControllerTest" assertions="1" time="0.230810">
          <failure type="PHPUnit\Framework\ExpectationFailedException">Tests\Feature\Controllers\DashboardControllerTest::dashboard_summary_response_time_is_reasonable&#13;
Expected response status code [200] but received 403.
Failed asserting that 403 is identical to 200.
&#13;
D:\Ciclo7\github-project\capachica-project\turismo-backend\vendor\laravel\framework\src\Illuminate\Testing\TestResponseAssert.php:45
D:\Ciclo7\github-project\capachica-project\turismo-backend\vendor\laravel\framework\src\Illuminate\Testing\TestResponse.php:159
D:\Ciclo7\github-project\capachica-project\turismo-backend\tests\Feature\Controllers\DashboardControllerTest.php:258</failure>
        </testcase>
      </testsuite>
      <testsuite name="Tests\Feature\Controllers\EmprendedorControllerTest" file="D:\Ciclo7\github-project\capachica-project\turismo-backend\tests\Feature\Controllers\EmprendedorControllerTest.php" tests="23" assertions="119" errors="0" failures="6" skipped="0" time="5.698575">
        <testcase name="puede_listar_todos_los_emprendedores" file="D:\Ciclo7\github-project\capachica-project\turismo-backend\tests\Feature\Controllers\EmprendedorControllerTest.php" line="77" class="Tests\Feature\Controllers\EmprendedorControllerTest" classname="Tests.Feature.Controllers.EmprendedorControllerTest" assertions="69" time="0.367822"/>
        <testcase name="puede_mostrar_un_emprendedor_especifico" file="D:\Ciclo7\github-project\capachica-project\turismo-backend\tests\Feature\Controllers\EmprendedorControllerTest.php" line="118" class="Tests\Feature\Controllers\EmprendedorControllerTest" classname="Tests.Feature.Controllers.EmprendedorControllerTest" assertions="2" time="0.217390"/>
        <testcase name="retorna_404_cuando_emprendedor_no_existe" file="D:\Ciclo7\github-project\capachica-project\turismo-backend\tests\Feature\Controllers\EmprendedorControllerTest.php" line="141" class="Tests\Feature\Controllers\EmprendedorControllerTest" classname="Tests.Feature.Controllers.EmprendedorControllerTest" assertions="2" time="0.199745"/>
        <testcase name="admin_puede_crear_nuevo_emprendedor" file="D:\Ciclo7\github-project\capachica-project\turismo-backend\tests\Feature\Controllers\EmprendedorControllerTest.php" line="155" class="Tests\Feature\Controllers\EmprendedorControllerTest" classname="Tests.Feature.Controllers.EmprendedorControllerTest" assertions="1" time="0.253761">
          <failure type="PHPUnit\Framework\ExpectationFailedException">Tests\Feature\Controllers\EmprendedorControllerTest::admin_puede_crear_nuevo_emprendedor&#13;
Expected response status code [201] but received 422.
Failed asserting that 422 is identical to 201.&#13;
&#13;
The following errors occurred during the last request:

{
    "success": false,
    "message": "Error de validación",
    "errors": {
        "opciones_acceso": [
            "The opciones acceso field must be a string."
        ]
    }
}
&#13;
D:\Ciclo7\github-project\capachica-project\turismo-backend\vendor\laravel\framework\src\Illuminate\Testing\TestResponseAssert.php:45
D:\Ciclo7\github-project\capachica-project\turismo-backend\vendor\laravel\framework\src\Illuminate\Testing\TestResponse.php:159
D:\Ciclo7\github-project\capachica-project\turismo-backend\tests\Feature\Controllers\EmprendedorControllerTest.php:185</failure>
        </testcase>
        <testcase name="usuario_normal_no_puede_crear_emprendedor" file="D:\Ciclo7\github-project\capachica-project\turismo-backend\tests\Feature\Controllers\EmprendedorControllerTest.php" line="199" class="Tests\Feature\Controllers\EmprendedorControllerTest" classname="Tests.Feature.Controllers.EmprendedorControllerTest" assertions="1" time="0.210496"/>
        <testcase name="usuario_no_autenticado_no_puede_crear_emprendedor" file="D:\Ciclo7\github-project\capachica-project\turismo-backend\tests\Feature\Controllers\EmprendedorControllerTest.php" line="217" class="Tests\Feature\Controllers\EmprendedorControllerTest" classname="Tests.Feature.Controllers.EmprendedorControllerTest" assertions="1" time="0.200924"/>
        <testcase name="admin_puede_actualizar_emprendedor_existente" file="D:\Ciclo7\github-project\capachica-project\turismo-backend\tests\Feature\Controllers\EmprendedorControllerTest.php" line="233" class="Tests\Feature\Controllers\EmprendedorControllerTest" classname="Tests.Feature.Controllers.EmprendedorControllerTest" assertions="3" time="0.243511"/>
        <testcase name="emprendedor_propietario_puede_actualizar_su_negocio" file="D:\Ciclo7\github-project\capachica-project\turismo-backend\tests\Feature\Controllers\EmprendedorControllerTest.php" line="267" class="Tests\Feature\Controllers\EmprendedorControllerTest" classname="Tests.Feature.Controllers.EmprendedorControllerTest" assertions="2" time="0.244279"/>
        <testcase name="retorna_404_al_actualizar_emprendedor_inexistente" file="D:\Ciclo7\github-project\capachica-project\turismo-backend\tests\Feature\Controllers\EmprendedorControllerTest.php" line="300" class="Tests\Feature\Controllers\EmprendedorControllerTest" classname="Tests.Feature.Controllers.EmprendedorControllerTest" assertions="2" time="0.221696"/>
        <testcase name="admin_puede_eliminar_emprendedor_existente" file="D:\Ciclo7\github-project\capachica-project\turismo-backend\tests\Feature\Controllers\EmprendedorControllerTest.php" line="321" class="Tests\Feature\Controllers\EmprendedorControllerTest" classname="Tests.Feature.Controllers.EmprendedorControllerTest" assertions="3" time="0.232554"/>
        <testcase name="puede_obtener_emprendedores_por_categoria" file="D:\Ciclo7\github-project\capachica-project\turismo-backend\tests\Feature\Controllers\EmprendedorControllerTest.php" line="346" class="Tests\Feature\Controllers\EmprendedorControllerTest" classname="Tests.Feature.Controllers.EmprendedorControllerTest" assertions="6" time="0.231709"/>
        <testcase name="puede_obtener_emprendedores_por_asociacion" file="D:\Ciclo7\github-project\capachica-project\turismo-backend\tests\Feature\Controllers\EmprendedorControllerTest.php" line="373" class="Tests\Feature\Controllers\EmprendedorControllerTest" classname="Tests.Feature.Controllers.EmprendedorControllerTest" assertions="6" time="0.229071"/>
        <testcase name="puede_buscar_emprendedores_por_texto" file="D:\Ciclo7\github-project\capachica-project\turismo-backend\tests\Feature\Controllers\EmprendedorControllerTest.php" line="404" class="Tests\Feature\Controllers\EmprendedorControllerTest" classname="Tests.Feature.Controllers.EmprendedorControllerTest" assertions="1" time="0.227764">
          <failure type="PHPUnit\Framework\ExpectationFailedException">Tests\Feature\Controllers\EmprendedorControllerTest::puede_buscar_emprendedores_por_texto&#13;
Expected response status code [200] but received 404.
Failed asserting that 404 is identical to 200.
&#13;
D:\Ciclo7\github-project\capachica-project\turismo-backend\vendor\laravel\framework\src\Illuminate\Testing\TestResponseAssert.php:45
D:\Ciclo7\github-project\capachica-project\turismo-backend\vendor\laravel\framework\src\Illuminate\Testing\TestResponse.php:159
D:\Ciclo7\github-project\capachica-project\turismo-backend\tests\Feature\Controllers\EmprendedorControllerTest.php:429</failure>
        </testcase>
        <testcase name="busqueda_requiere_parametro_q" file="D:\Ciclo7\github-project\capachica-project\turismo-backend\tests\Feature\Controllers\EmprendedorControllerTest.php" line="442" class="Tests\Feature\Controllers\EmprendedorControllerTest" classname="Tests.Feature.Controllers.EmprendedorControllerTest" assertions="1" time="0.200910">
          <failure type="PHPUnit\Framework\ExpectationFailedException">Tests\Feature\Controllers\EmprendedorControllerTest::busqueda_requiere_parametro_q&#13;
Expected response status code [400] but received 404.
Failed asserting that 404 is identical to 400.
&#13;
D:\Ciclo7\github-project\capachica-project\turismo-backend\vendor\laravel\framework\src\Illuminate\Testing\TestResponseAssert.php:45
D:\Ciclo7\github-project\capachica-project\turismo-backend\vendor\laravel\framework\src\Illuminate\Testing\TestResponse.php:159
D:\Ciclo7\github-project\capachica-project\turismo-backend\tests\Feature\Controllers\EmprendedorControllerTest.php:448</failure>
        </testcase>
        <testcase name="puede_obtener_servicios_de_emprendedor" file="D:\Ciclo7\github-project\capachica-project\turismo-backend\tests\Feature\Controllers\EmprendedorControllerTest.php" line="456" class="Tests\Feature\Controllers\EmprendedorControllerTest" classname="Tests.Feature.Controllers.EmprendedorControllerTest" assertions="6" time="0.232677"/>
        <testcase name="puede_obtener_emprendedor_con_todas_las_relaciones" file="D:\Ciclo7\github-project\capachica-project\turismo-backend\tests\Feature\Controllers\EmprendedorControllerTest.php" line="483" class="Tests\Feature\Controllers\EmprendedorControllerTest" classname="Tests.Feature.Controllers.EmprendedorControllerTest" assertions="1" time="0.334085">
          <failure type="PHPUnit\Framework\ExpectationFailedException">Tests\Feature\Controllers\EmprendedorControllerTest::puede_obtener_emprendedor_con_todas_las_relaciones&#13;
Expected response status code [200] but received 404.
Failed asserting that 404 is identical to 200.
&#13;
D:\Ciclo7\github-project\capachica-project\turismo-backend\vendor\laravel\framework\src\Illuminate\Testing\TestResponseAssert.php:45
D:\Ciclo7\github-project\capachica-project\turismo-backend\vendor\laravel\framework\src\Illuminate\Testing\TestResponse.php:159
D:\Ciclo7\github-project\capachica-project\turismo-backend\tests\Feature\Controllers\EmprendedorControllerTest.php:499</failure>
        </testcase>
        <testcase name="admin_puede_agregar_administrador_a_emprendimiento" file="D:\Ciclo7\github-project\capachica-project\turismo-backend\tests\Feature\Controllers\EmprendedorControllerTest.php" line="512" class="Tests\Feature\Controllers\EmprendedorControllerTest" classname="Tests.Feature.Controllers.EmprendedorControllerTest" assertions="3" time="0.249346"/>
        <testcase name="arrays_se_almacenan_correctamente" file="D:\Ciclo7\github-project\capachica-project\turismo-backend\tests\Feature\Controllers\EmprendedorControllerTest.php" line="547" class="Tests\Feature\Controllers\EmprendedorControllerTest" classname="Tests.Feature.Controllers.EmprendedorControllerTest" assertions="1" time="0.226106">
          <failure type="PHPUnit\Framework\ExpectationFailedException">Tests\Feature\Controllers\EmprendedorControllerTest::arrays_se_almacenan_correctamente&#13;
Expected response status code [201] but received 422.
Failed asserting that 422 is identical to 201.&#13;
&#13;
The following errors occurred during the last request:

{
    "success": false,
    "message": "Error de validación",
    "errors": {
        "tipo_servicio": [
            "El tipo de servicio es obligatorio"
        ],
        "descripcion": [
            "La descripción es obligatoria"
        ],
        "ubicacion": [
            "La ubicación es obligatoria"
        ],
        "telefono": [
            "El teléfono es obligatorio"
        ],
        "email": [
            "El correo electrónico es obligatorio"
        ],
        "categoria": [
            "La categoría es obligatoria"
        ],
        "opciones_acceso": [
            "The opciones acceso field must be a string."
        ]
    }
}
&#13;
D:\Ciclo7\github-project\capachica-project\turismo-backend\vendor\laravel\framework\src\Illuminate\Testing\TestResponseAssert.php:45
D:\Ciclo7\github-project\capachica-project\turismo-backend\vendor\laravel\framework\src\Illuminate\Testing\TestResponse.php:159
D:\Ciclo7\github-project\capachica-project\turismo-backend\tests\Feature\Controllers\EmprendedorControllerTest.php:567</failure>
        </testcase>
        <testcase name="facilidades_discapacidad_se_almacena_como_booleano" file="D:\Ciclo7\github-project\capachica-project\turismo-backend\tests\Feature\Controllers\EmprendedorControllerTest.php" line="576" class="Tests\Feature\Controllers\EmprendedorControllerTest" classname="Tests.Feature.Controllers.EmprendedorControllerTest" assertions="2" time="0.244214"/>
        <testcase name="estado_se_almacena_como_booleano" file="D:\Ciclo7\github-project\capachica-project\turismo-backend\tests\Feature\Controllers\EmprendedorControllerTest.php" line="602" class="Tests\Feature\Controllers\EmprendedorControllerTest" classname="Tests.Feature.Controllers.EmprendedorControllerTest" assertions="2" time="0.250179"/>
        <testcase name="puede_crear_emprendedor_con_datos_minimos" file="D:\Ciclo7\github-project\capachica-project\turismo-backend\tests\Feature\Controllers\EmprendedorControllerTest.php" line="628" class="Tests\Feature\Controllers\EmprendedorControllerTest" classname="Tests.Feature.Controllers.EmprendedorControllerTest" assertions="1" time="0.380866">
          <failure type="PHPUnit\Framework\ExpectationFailedException">Tests\Feature\Controllers\EmprendedorControllerTest::puede_crear_emprendedor_con_datos_minimos&#13;
Expected response status code [201] but received 422.
Failed asserting that 422 is identical to 201.&#13;
&#13;
The following errors occurred during the last request:

{
    "success": false,
    "message": "Error de validación",
    "errors": {
        "tipo_servicio": [
            "El tipo de servicio es obligatorio"
        ],
        "descripcion": [
            "La descripción es obligatoria"
        ],
        "ubicacion": [
            "La ubicación es obligatoria"
        ],
        "telefono": [
            "El teléfono es obligatorio"
        ],
        "email": [
            "El correo electrónico es obligatorio"
        ],
        "categoria": [
            "La categoría es obligatoria"
        ]
    }
}
&#13;
D:\Ciclo7\github-project\capachica-project\turismo-backend\vendor\laravel\framework\src\Illuminate\Testing\TestResponseAssert.php:45
D:\Ciclo7\github-project\capachica-project\turismo-backend\vendor\laravel\framework\src\Illuminate\Testing\TestResponse.php:159
D:\Ciclo7\github-project\capachica-project\turismo-backend\tests\Feature\Controllers\EmprendedorControllerTest.php:643</failure>
        </testcase>
        <testcase name="falla_validacion_con_asociacion_inexistente" file="D:\Ciclo7\github-project\capachica-project\turismo-backend\tests\Feature\Controllers\EmprendedorControllerTest.php" line="651" class="Tests\Feature\Controllers\EmprendedorControllerTest" classname="Tests.Feature.Controllers.EmprendedorControllerTest" assertions="1" time="0.235784"/>
        <testcase name="no_puede_agregar_administrador_duplicado" file="D:\Ciclo7\github-project\capachica-project\turismo-backend\tests\Feature\Controllers\EmprendedorControllerTest.php" line="670" class="Tests\Feature\Controllers\EmprendedorControllerTest" classname="Tests.Feature.Controllers.EmprendedorControllerTest" assertions="2" time="0.263684"/>
      </testsuite>
      <testsuite name="Tests\Feature\Controllers\EventControllerTest" file="D:\Ciclo7\github-project\capachica-project\turismo-backend\tests\Feature\Controllers\EventControllerTest.php" tests="22" assertions="23" errors="13" failures="2" skipped="0" time="4.442942">
        <testcase name="puede_obtener_lista_paginada_de_eventos" file="D:\Ciclo7\github-project\capachica-project\turismo-backend\tests\Feature\Controllers\EventControllerTest.php" line="59" class="Tests\Feature\Controllers\EventControllerTest" classname="Tests.Feature.Controllers.EventControllerTest" assertions="0" time="0.219426">
          <error type="BadMethodCallException">Tests\Feature\Controllers\EventControllerTest::puede_obtener_lista_paginada_de_eventos&#13;
BadMethodCallException: Call to undefined method App\Models\Evento::factory()
&#13;
D:\Ciclo7\github-project\capachica-project\turismo-backend\vendor\laravel\framework\src\Illuminate\Support\Traits\ForwardsCalls.php:67
D:\Ciclo7\github-project\capachica-project\turismo-backend\vendor\laravel\framework\src\Illuminate\Support\Traits\ForwardsCalls.php:36
D:\Ciclo7\github-project\capachica-project\turismo-backend\vendor\laravel\framework\src\Illuminate\Database\Eloquent\Model.php:2449
D:\Ciclo7\github-project\capachica-project\turismo-backend\vendor\laravel\framework\src\Illuminate\Database\Eloquent\Model.php:2465
D:\Ciclo7\github-project\capachica-project\turismo-backend\tests\Feature\Controllers\EventControllerTest.php:62</error>
        </testcase>
        <testcase name="puede_obtener_evento_por_id" file="D:\Ciclo7\github-project\capachica-project\turismo-backend\tests\Feature\Controllers\EventControllerTest.php" line="95" class="Tests\Feature\Controllers\EventControllerTest" classname="Tests.Feature.Controllers.EventControllerTest" assertions="0" time="0.268293">
          <error type="BadMethodCallException">Tests\Feature\Controllers\EventControllerTest::puede_obtener_evento_por_id&#13;
BadMethodCallException: Call to undefined method App\Models\Evento::factory()
&#13;
D:\Ciclo7\github-project\capachica-project\turismo-backend\vendor\laravel\framework\src\Illuminate\Support\Traits\ForwardsCalls.php:67
D:\Ciclo7\github-project\capachica-project\turismo-backend\vendor\laravel\framework\src\Illuminate\Support\Traits\ForwardsCalls.php:36
D:\Ciclo7\github-project\capachica-project\turismo-backend\vendor\laravel\framework\src\Illuminate\Database\Eloquent\Model.php:2449
D:\Ciclo7\github-project\capachica-project\turismo-backend\vendor\laravel\framework\src\Illuminate\Database\Eloquent\Model.php:2465
D:\Ciclo7\github-project\capachica-project\turismo-backend\tests\Feature\Controllers\EventControllerTest.php:98</error>
        </testcase>
        <testcase name="retorna_404_cuando_evento_no_existe" file="D:\Ciclo7\github-project\capachica-project\turismo-backend\tests\Feature\Controllers\EventControllerTest.php" line="120" class="Tests\Feature\Controllers\EventControllerTest" classname="Tests.Feature.Controllers.EventControllerTest" assertions="2" time="0.221969"/>
        <testcase name="puede_crear_evento_con_datos_validos" file="D:\Ciclo7\github-project\capachica-project\turismo-backend\tests\Feature\Controllers\EventControllerTest.php" line="134" class="Tests\Feature\Controllers\EventControllerTest" classname="Tests.Feature.Controllers.EventControllerTest" assertions="3" time="0.215586"/>
        <testcase name="puede_crear_evento_con_sliders" file="D:\Ciclo7\github-project\capachica-project\turismo-backend\tests\Feature\Controllers\EventControllerTest.php" line="176" class="Tests\Feature\Controllers\EventControllerTest" classname="Tests.Feature.Controllers.EventControllerTest" assertions="5" time="0.236869"/>
        <testcase name="valida_datos_requeridos_al_crear_evento" file="D:\Ciclo7\github-project\capachica-project\turismo-backend\tests\Feature\Controllers\EventControllerTest.php" line="233" class="Tests\Feature\Controllers\EventControllerTest" classname="Tests.Feature.Controllers.EventControllerTest" assertions="5" time="0.170734"/>
        <testcase name="valida_emprendedor_existente_al_crear_evento" file="D:\Ciclo7\github-project\capachica-project\turismo-backend\tests\Feature\Controllers\EventControllerTest.php" line="251" class="Tests\Feature\Controllers\EventControllerTest" classname="Tests.Feature.Controllers.EventControllerTest" assertions="3" time="0.175355"/>
        <testcase name="puede_actualizar_evento_existente" file="D:\Ciclo7\github-project\capachica-project\turismo-backend\tests\Feature\Controllers\EventControllerTest.php" line="269" class="Tests\Feature\Controllers\EventControllerTest" classname="Tests.Feature.Controllers.EventControllerTest" assertions="0" time="0.181199">
          <error type="BadMethodCallException">Tests\Feature\Controllers\EventControllerTest::puede_actualizar_evento_existente&#13;
BadMethodCallException: Call to undefined method App\Models\Evento::factory()
&#13;
D:\Ciclo7\github-project\capachica-project\turismo-backend\vendor\laravel\framework\src\Illuminate\Support\Traits\ForwardsCalls.php:67
D:\Ciclo7\github-project\capachica-project\turismo-backend\vendor\laravel\framework\src\Illuminate\Support\Traits\ForwardsCalls.php:36
D:\Ciclo7\github-project\capachica-project\turismo-backend\vendor\laravel\framework\src\Illuminate\Database\Eloquent\Model.php:2449
D:\Ciclo7\github-project\capachica-project\turismo-backend\vendor\laravel\framework\src\Illuminate\Database\Eloquent\Model.php:2465
D:\Ciclo7\github-project\capachica-project\turismo-backend\tests\Feature\Controllers\EventControllerTest.php:272</error>
        </testcase>
        <testcase name="puede_actualizar_evento_con_nuevos_sliders" file="D:\Ciclo7\github-project\capachica-project\turismo-backend\tests\Feature\Controllers\EventControllerTest.php" line="305" class="Tests\Feature\Controllers\EventControllerTest" classname="Tests.Feature.Controllers.EventControllerTest" assertions="0" time="0.277720">
          <error type="BadMethodCallException">Tests\Feature\Controllers\EventControllerTest::puede_actualizar_evento_con_nuevos_sliders&#13;
BadMethodCallException: Call to undefined method App\Models\Evento::factory()
&#13;
D:\Ciclo7\github-project\capachica-project\turismo-backend\vendor\laravel\framework\src\Illuminate\Support\Traits\ForwardsCalls.php:67
D:\Ciclo7\github-project\capachica-project\turismo-backend\vendor\laravel\framework\src\Illuminate\Support\Traits\ForwardsCalls.php:36
D:\Ciclo7\github-project\capachica-project\turismo-backend\vendor\laravel\framework\src\Illuminate\Database\Eloquent\Model.php:2449
D:\Ciclo7\github-project\capachica-project\turismo-backend\vendor\laravel\framework\src\Illuminate\Database\Eloquent\Model.php:2465
D:\Ciclo7\github-project\capachica-project\turismo-backend\tests\Feature\Controllers\EventControllerTest.php:308</error>
        </testcase>
        <testcase name="puede_eliminar_sliders_al_actualizar_evento" file="D:\Ciclo7\github-project\capachica-project\turismo-backend\tests\Feature\Controllers\EventControllerTest.php" line="337" class="Tests\Feature\Controllers\EventControllerTest" classname="Tests.Feature.Controllers.EventControllerTest" assertions="0" time="0.162054">
          <error type="BadMethodCallException">Tests\Feature\Controllers\EventControllerTest::puede_eliminar_sliders_al_actualizar_evento&#13;
BadMethodCallException: Call to undefined method App\Models\Evento::factory()
&#13;
D:\Ciclo7\github-project\capachica-project\turismo-backend\vendor\laravel\framework\src\Illuminate\Support\Traits\ForwardsCalls.php:67
D:\Ciclo7\github-project\capachica-project\turismo-backend\vendor\laravel\framework\src\Illuminate\Support\Traits\ForwardsCalls.php:36
D:\Ciclo7\github-project\capachica-project\turismo-backend\vendor\laravel\framework\src\Illuminate\Database\Eloquent\Model.php:2449
D:\Ciclo7\github-project\capachica-project\turismo-backend\vendor\laravel\framework\src\Illuminate\Database\Eloquent\Model.php:2465
D:\Ciclo7\github-project\capachica-project\turismo-backend\tests\Feature\Controllers\EventControllerTest.php:340</error>
        </testcase>
        <testcase name="puede_eliminar_evento" file="D:\Ciclo7\github-project\capachica-project\turismo-backend\tests\Feature\Controllers\EventControllerTest.php" line="365" class="Tests\Feature\Controllers\EventControllerTest" classname="Tests.Feature.Controllers.EventControllerTest" assertions="0" time="0.165297">
          <error type="BadMethodCallException">Tests\Feature\Controllers\EventControllerTest::puede_eliminar_evento&#13;
BadMethodCallException: Call to undefined method App\Models\Evento::factory()
&#13;
D:\Ciclo7\github-project\capachica-project\turismo-backend\vendor\laravel\framework\src\Illuminate\Support\Traits\ForwardsCalls.php:67
D:\Ciclo7\github-project\capachica-project\turismo-backend\vendor\laravel\framework\src\Illuminate\Support\Traits\ForwardsCalls.php:36
D:\Ciclo7\github-project\capachica-project\turismo-backend\vendor\laravel\framework\src\Illuminate\Database\Eloquent\Model.php:2449
D:\Ciclo7\github-project\capachica-project\turismo-backend\vendor\laravel\framework\src\Illuminate\Database\Eloquent\Model.php:2465
D:\Ciclo7\github-project\capachica-project\turismo-backend\tests\Feature\Controllers\EventControllerTest.php:368</error>
        </testcase>
        <testcase name="retorna_404_al_eliminar_evento_inexistente" file="D:\Ciclo7\github-project\capachica-project\turismo-backend\tests\Feature\Controllers\EventControllerTest.php" line="384" class="Tests\Feature\Controllers\EventControllerTest" classname="Tests.Feature.Controllers.EventControllerTest" assertions="2" time="0.179808"/>
        <testcase name="puede_obtener_eventos_por_emprendedor" file="D:\Ciclo7\github-project\capachica-project\turismo-backend\tests\Feature\Controllers\EventControllerTest.php" line="398" class="Tests\Feature\Controllers\EventControllerTest" classname="Tests.Feature.Controllers.EventControllerTest" assertions="0" time="0.176912">
          <error type="BadMethodCallException">Tests\Feature\Controllers\EventControllerTest::puede_obtener_eventos_por_emprendedor&#13;
BadMethodCallException: Call to undefined method App\Models\Evento::factory()
&#13;
D:\Ciclo7\github-project\capachica-project\turismo-backend\vendor\laravel\framework\src\Illuminate\Support\Traits\ForwardsCalls.php:67
D:\Ciclo7\github-project\capachica-project\turismo-backend\vendor\laravel\framework\src\Illuminate\Support\Traits\ForwardsCalls.php:36
D:\Ciclo7\github-project\capachica-project\turismo-backend\vendor\laravel\framework\src\Illuminate\Database\Eloquent\Model.php:2449
D:\Ciclo7\github-project\capachica-project\turismo-backend\vendor\laravel\framework\src\Illuminate\Database\Eloquent\Model.php:2465
D:\Ciclo7\github-project\capachica-project\turismo-backend\tests\Feature\Controllers\EventControllerTest.php:403</error>
        </testcase>
        <testcase name="puede_obtener_eventos_activos" file="D:\Ciclo7\github-project\capachica-project\turismo-backend\tests\Feature\Controllers\EventControllerTest.php" line="424" class="Tests\Feature\Controllers\EventControllerTest" classname="Tests.Feature.Controllers.EventControllerTest" assertions="0" time="0.178944">
          <error type="BadMethodCallException">Tests\Feature\Controllers\EventControllerTest::puede_obtener_eventos_activos&#13;
BadMethodCallException: Call to undefined method App\Models\Evento::factory()
&#13;
D:\Ciclo7\github-project\capachica-project\turismo-backend\vendor\laravel\framework\src\Illuminate\Support\Traits\ForwardsCalls.php:67
D:\Ciclo7\github-project\capachica-project\turismo-backend\vendor\laravel\framework\src\Illuminate\Support\Traits\ForwardsCalls.php:36
D:\Ciclo7\github-project\capachica-project\turismo-backend\vendor\laravel\framework\src\Illuminate\Database\Eloquent\Model.php:2449
D:\Ciclo7\github-project\capachica-project\turismo-backend\vendor\laravel\framework\src\Illuminate\Database\Eloquent\Model.php:2465
D:\Ciclo7\github-project\capachica-project\turismo-backend\tests\Feature\Controllers\EventControllerTest.php:427</error>
        </testcase>
        <testcase name="puede_obtener_proximos_eventos" file="D:\Ciclo7\github-project\capachica-project\turismo-backend\tests\Feature\Controllers\EventControllerTest.php" line="452" class="Tests\Feature\Controllers\EventControllerTest" classname="Tests.Feature.Controllers.EventControllerTest" assertions="0" time="0.173429">
          <error type="BadMethodCallException">Tests\Feature\Controllers\EventControllerTest::puede_obtener_proximos_eventos&#13;
BadMethodCallException: Call to undefined method App\Models\Evento::factory()
&#13;
D:\Ciclo7\github-project\capachica-project\turismo-backend\vendor\laravel\framework\src\Illuminate\Support\Traits\ForwardsCalls.php:67
D:\Ciclo7\github-project\capachica-project\turismo-backend\vendor\laravel\framework\src\Illuminate\Support\Traits\ForwardsCalls.php:36
D:\Ciclo7\github-project\capachica-project\turismo-backend\vendor\laravel\framework\src\Illuminate\Database\Eloquent\Model.php:2449
D:\Ciclo7\github-project\capachica-project\turismo-backend\vendor\laravel\framework\src\Illuminate\Database\Eloquent\Model.php:2465
D:\Ciclo7\github-project\capachica-project\turismo-backend\tests\Feature\Controllers\EventControllerTest.php:455</error>
        </testcase>
        <testcase name="puede_obtener_proximos_eventos_con_limite_personalizado" file="D:\Ciclo7\github-project\capachica-project\turismo-backend\tests\Feature\Controllers\EventControllerTest.php" line="479" class="Tests\Feature\Controllers\EventControllerTest" classname="Tests.Feature.Controllers.EventControllerTest" assertions="0" time="0.178816">
          <error type="BadMethodCallException">Tests\Feature\Controllers\EventControllerTest::puede_obtener_proximos_eventos_con_limite_personalizado&#13;
BadMethodCallException: Call to undefined method App\Models\Evento::factory()
&#13;
D:\Ciclo7\github-project\capachica-project\turismo-backend\vendor\laravel\framework\src\Illuminate\Support\Traits\ForwardsCalls.php:67
D:\Ciclo7\github-project\capachica-project\turismo-backend\vendor\laravel\framework\src\Illuminate\Support\Traits\ForwardsCalls.php:36
D:\Ciclo7\github-project\capachica-project\turismo-backend\vendor\laravel\framework\src\Illuminate\Database\Eloquent\Model.php:2449
D:\Ciclo7\github-project\capachica-project\turismo-backend\vendor\laravel\framework\src\Illuminate\Database\Eloquent\Model.php:2465
D:\Ciclo7\github-project\capachica-project\turismo-backend\tests\Feature\Controllers\EventControllerTest.php:482</error>
        </testcase>
        <testcase name="valida_fechas_coherentes_al_crear_evento" file="D:\Ciclo7\github-project\capachica-project\turismo-backend\tests\Feature\Controllers\EventControllerTest.php" line="494" class="Tests\Feature\Controllers\EventControllerTest" classname="Tests.Feature.Controllers.EventControllerTest" assertions="1" time="0.202064"/>
        <testcase name="puede_manejar_coordenadas_geograficas" file="D:\Ciclo7\github-project\capachica-project\turismo-backend\tests\Feature\Controllers\EventControllerTest.php" line="512" class="Tests\Feature\Controllers\EventControllerTest" classname="Tests.Feature.Controllers.EventControllerTest" assertions="1" time="0.202207">
          <failure type="PHPUnit\Framework\ExpectationFailedException">Tests\Feature\Controllers\EventControllerTest::puede_manejar_coordenadas_geograficas&#13;
Expected response status code [201] but received 422.
Failed asserting that 422 is identical to 201.&#13;
&#13;
The following errors occurred during the last request:

{
    "success": false,
    "message": "Error de validación",
    "errors": {
        "tipo_evento": [
            "Debe especificar el tipo de evento"
        ],
        "idioma_principal": [
            "Debe indicar el idioma principal del evento"
        ],
        "hora_inicio": [
            "La hora de inicio es obligatoria"
        ],
        "fecha_fin": [
            "Debe indicar la fecha de fin"
        ],
        "hora_fin": [
            "La hora de fin es obligatoria"
        ]
    }
}
&#13;
D:\Ciclo7\github-project\capachica-project\turismo-backend\vendor\laravel\framework\src\Illuminate\Testing\TestResponseAssert.php:45
D:\Ciclo7\github-project\capachica-project\turismo-backend\vendor\laravel\framework\src\Illuminate\Testing\TestResponse.php:159
D:\Ciclo7\github-project\capachica-project\turismo-backend\tests\Feature\Controllers\EventControllerTest.php:527</failure>
        </testcase>
        <testcase name="puede_crear_evento_multiidioma" file="D:\Ciclo7\github-project\capachica-project\turismo-backend\tests\Feature\Controllers\EventControllerTest.php" line="536" class="Tests\Feature\Controllers\EventControllerTest" classname="Tests.Feature.Controllers.EventControllerTest" assertions="1" time="0.197041">
          <failure type="PHPUnit\Framework\ExpectationFailedException">Tests\Feature\Controllers\EventControllerTest::puede_crear_evento_multiidioma&#13;
Expected response status code [201] but received 422.
Failed asserting that 422 is identical to 201.&#13;
&#13;
The following errors occurred during the last request:

{
    "success": false,
    "message": "Error de validación",
    "errors": {
        "tipo_evento": [
            "Debe especificar el tipo de evento"
        ],
        "hora_inicio": [
            "La hora de inicio es obligatoria"
        ],
        "fecha_fin": [
            "Debe indicar la fecha de fin"
        ],
        "hora_fin": [
            "La hora de fin es obligatoria"
        ]
    }
}
&#13;
D:\Ciclo7\github-project\capachica-project\turismo-backend\vendor\laravel\framework\src\Illuminate\Testing\TestResponseAssert.php:45
D:\Ciclo7\github-project\capachica-project\turismo-backend\vendor\laravel\framework\src\Illuminate\Testing\TestResponse.php:159
D:\Ciclo7\github-project\capachica-project\turismo-backend\tests\Feature\Controllers\EventControllerTest.php:551</failure>
        </testcase>
        <testcase name="maneja_errores_de_servidor_correctamente" file="D:\Ciclo7\github-project\capachica-project\turismo-backend\tests\Feature\Controllers\EventControllerTest.php" line="561" class="Tests\Feature\Controllers\EventControllerTest" classname="Tests.Feature.Controllers.EventControllerTest" assertions="0" time="0.181174">
          <error type="BadMethodCallException">Tests\Feature\Controllers\EventControllerTest::maneja_errores_de_servidor_correctamente&#13;
BadMethodCallException: Call to undefined method App\Models\Evento::factory()
&#13;
D:\Ciclo7\github-project\capachica-project\turismo-backend\vendor\laravel\framework\src\Illuminate\Support\Traits\ForwardsCalls.php:67
D:\Ciclo7\github-project\capachica-project\turismo-backend\vendor\laravel\framework\src\Illuminate\Support\Traits\ForwardsCalls.php:36
D:\Ciclo7\github-project\capachica-project\turismo-backend\vendor\laravel\framework\src\Illuminate\Database\Eloquent\Model.php:2449
D:\Ciclo7\github-project\capachica-project\turismo-backend\vendor\laravel\framework\src\Illuminate\Database\Eloquent\Model.php:2465
D:\Ciclo7\github-project\capachica-project\turismo-backend\tests\Feature\Controllers\EventControllerTest.php:565</error>
        </testcase>
        <testcase name="requiere_autenticacion_para_operaciones_crud" file="D:\Ciclo7\github-project\capachica-project\turismo-backend\tests\Feature\Controllers\EventControllerTest.php" line="590" class="Tests\Feature\Controllers\EventControllerTest" classname="Tests.Feature.Controllers.EventControllerTest" assertions="0" time="0.179280">
          <error type="BadMethodCallException">Tests\Feature\Controllers\EventControllerTest::requiere_autenticacion_para_operaciones_crud&#13;
BadMethodCallException: Call to undefined method App\Models\Evento::factory()
&#13;
D:\Ciclo7\github-project\capachica-project\turismo-backend\vendor\laravel\framework\src\Illuminate\Support\Traits\ForwardsCalls.php:67
D:\Ciclo7\github-project\capachica-project\turismo-backend\vendor\laravel\framework\src\Illuminate\Support\Traits\ForwardsCalls.php:36
D:\Ciclo7\github-project\capachica-project\turismo-backend\vendor\laravel\framework\src\Illuminate\Database\Eloquent\Model.php:2449
D:\Ciclo7\github-project\capachica-project\turismo-backend\vendor\laravel\framework\src\Illuminate\Database\Eloquent\Model.php:2465
D:\Ciclo7\github-project\capachica-project\turismo-backend\tests\Feature\Controllers\EventControllerTest.php:595</error>
        </testcase>
        <testcase name="puede_filtrar_eventos_por_tipo" file="D:\Ciclo7\github-project\capachica-project\turismo-backend\tests\Feature\Controllers\EventControllerTest.php" line="604" class="Tests\Feature\Controllers\EventControllerTest" classname="Tests.Feature.Controllers.EventControllerTest" assertions="0" time="0.298765">
          <error type="BadMethodCallException">Tests\Feature\Controllers\EventControllerTest::puede_filtrar_eventos_por_tipo&#13;
BadMethodCallException: Call to undefined method App\Models\Evento::factory()
&#13;
D:\Ciclo7\github-project\capachica-project\turismo-backend\vendor\laravel\framework\src\Illuminate\Support\Traits\ForwardsCalls.php:67
D:\Ciclo7\github-project\capachica-project\turismo-backend\vendor\laravel\framework\src\Illuminate\Support\Traits\ForwardsCalls.php:36
D:\Ciclo7\github-project\capachica-project\turismo-backend\vendor\laravel\framework\src\Illuminate\Database\Eloquent\Model.php:2449
D:\Ciclo7\github-project\capachica-project\turismo-backend\vendor\laravel\framework\src\Illuminate\Database\Eloquent\Model.php:2465
D:\Ciclo7\github-project\capachica-project\turismo-backend\tests\Feature\Controllers\EventControllerTest.php:607</error>
        </testcase>
      </testsuite>
      <testsuite name="Tests\Feature\Controllers\MunicipalidadControllerTest" file="D:\Ciclo7\github-project\capachica-project\turismo-backend\tests\Feature\Controllers\MunicipalidadControllerTest.php" tests="12" assertions="10" errors="2" failures="9" skipped="0" time="1.830186">
        <testcase name="user_can_get_all_municipalidades" file="D:\Ciclo7\github-project\capachica-project\turismo-backend\tests\Feature\Controllers\MunicipalidadControllerTest.php" line="31" class="Tests\Feature\Controllers\MunicipalidadControllerTest" classname="Tests.Feature.Controllers.MunicipalidadControllerTest" assertions="1" time="0.204594">
          <failure type="PHPUnit\Framework\ExpectationFailedException">Tests\Feature\Controllers\MunicipalidadControllerTest::user_can_get_all_municipalidades&#13;
Expected response status code [200] but received 404.
Failed asserting that 404 is identical to 200.
&#13;
D:\Ciclo7\github-project\capachica-project\turismo-backend\vendor\laravel\framework\src\Illuminate\Testing\TestResponseAssert.php:45
D:\Ciclo7\github-project\capachica-project\turismo-backend\vendor\laravel\framework\src\Illuminate\Testing\TestResponse.php:159
D:\Ciclo7\github-project\capachica-project\turismo-backend\tests\Feature\Controllers\MunicipalidadControllerTest.php:37</failure>
        </testcase>
        <testcase name="user_can_get_specific_municipalidad" file="D:\Ciclo7\github-project\capachica-project\turismo-backend\tests\Feature\Controllers\MunicipalidadControllerTest.php" line="53" class="Tests\Feature\Controllers\MunicipalidadControllerTest" classname="Tests.Feature.Controllers.MunicipalidadControllerTest" assertions="1" time="0.161191">
          <failure type="PHPUnit\Framework\ExpectationFailedException">Tests\Feature\Controllers\MunicipalidadControllerTest::user_can_get_specific_municipalidad&#13;
Expected response status code [200] but received 404.
Failed asserting that 404 is identical to 200.
&#13;
D:\Ciclo7\github-project\capachica-project\turismo-backend\vendor\laravel\framework\src\Illuminate\Testing\TestResponseAssert.php:45
D:\Ciclo7\github-project\capachica-project\turismo-backend\vendor\laravel\framework\src\Illuminate\Testing\TestResponse.php:159
D:\Ciclo7\github-project\capachica-project\turismo-backend\tests\Feature\Controllers\MunicipalidadControllerTest.php:59</failure>
        </testcase>
        <testcase name="get_nonexistent_municipalidad_returns_404" file="D:\Ciclo7\github-project\capachica-project\turismo-backend\tests\Feature\Controllers\MunicipalidadControllerTest.php" line="79" class="Tests\Feature\Controllers\MunicipalidadControllerTest" classname="Tests.Feature.Controllers.MunicipalidadControllerTest" assertions="1" time="0.228661"/>
        <testcase name="admin_can_create_municipalidad" file="D:\Ciclo7\github-project\capachica-project\turismo-backend\tests\Feature\Controllers\MunicipalidadControllerTest.php" line="87" class="Tests\Feature\Controllers\MunicipalidadControllerTest" classname="Tests.Feature.Controllers.MunicipalidadControllerTest" assertions="1" time="0.147489">
          <failure type="PHPUnit\Framework\ExpectationFailedException">Tests\Feature\Controllers\MunicipalidadControllerTest::admin_can_create_municipalidad&#13;
Expected response status code [201] but received 404.
Failed asserting that 404 is identical to 201.
&#13;
D:\Ciclo7\github-project\capachica-project\turismo-backend\vendor\laravel\framework\src\Illuminate\Testing\TestResponseAssert.php:45
D:\Ciclo7\github-project\capachica-project\turismo-backend\vendor\laravel\framework\src\Illuminate\Testing\TestResponse.php:159
D:\Ciclo7\github-project\capachica-project\turismo-backend\tests\Feature\Controllers\MunicipalidadControllerTest.php:101</failure>
        </testcase>
        <testcase name="create_municipalidad_validates_required_fields" file="D:\Ciclo7\github-project\capachica-project\turismo-backend\tests\Feature\Controllers\MunicipalidadControllerTest.php" line="117" class="Tests\Feature\Controllers\MunicipalidadControllerTest" classname="Tests.Feature.Controllers.MunicipalidadControllerTest" assertions="1" time="0.138734">
          <failure type="PHPUnit\Framework\ExpectationFailedException">Tests\Feature\Controllers\MunicipalidadControllerTest::create_municipalidad_validates_required_fields&#13;
Expected response status code [422] but received 404.
Failed asserting that 404 is identical to 422.
&#13;
D:\Ciclo7\github-project\capachica-project\turismo-backend\vendor\laravel\framework\src\Illuminate\Testing\TestResponseAssert.php:45
D:\Ciclo7\github-project\capachica-project\turismo-backend\vendor\laravel\framework\src\Illuminate\Testing\TestResponse.php:159
D:\Ciclo7\github-project\capachica-project\turismo-backend\tests\Feature\Controllers\MunicipalidadControllerTest.php:125</failure>
        </testcase>
        <testcase name="admin_can_update_municipalidad" file="D:\Ciclo7\github-project\capachica-project\turismo-backend\tests\Feature\Controllers\MunicipalidadControllerTest.php" line="130" class="Tests\Feature\Controllers\MunicipalidadControllerTest" classname="Tests.Feature.Controllers.MunicipalidadControllerTest" assertions="1" time="0.145659">
          <failure type="PHPUnit\Framework\ExpectationFailedException">Tests\Feature\Controllers\MunicipalidadControllerTest::admin_can_update_municipalidad&#13;
Expected response status code [200] but received 404.
Failed asserting that 404 is identical to 200.
&#13;
D:\Ciclo7\github-project\capachica-project\turismo-backend\vendor\laravel\framework\src\Illuminate\Testing\TestResponseAssert.php:45
D:\Ciclo7\github-project\capachica-project\turismo-backend\vendor\laravel\framework\src\Illuminate\Testing\TestResponse.php:159
D:\Ciclo7\github-project\capachica-project\turismo-backend\tests\Feature\Controllers\MunicipalidadControllerTest.php:146</failure>
        </testcase>
        <testcase name="admin_can_delete_municipalidad" file="D:\Ciclo7\github-project\capachica-project\turismo-backend\tests\Feature\Controllers\MunicipalidadControllerTest.php" line="159" class="Tests\Feature\Controllers\MunicipalidadControllerTest" classname="Tests.Feature.Controllers.MunicipalidadControllerTest" assertions="1" time="0.159475">
          <failure type="PHPUnit\Framework\ExpectationFailedException">Tests\Feature\Controllers\MunicipalidadControllerTest::admin_can_delete_municipalidad&#13;
Expected response status code [200] but received 404.
Failed asserting that 404 is identical to 200.
&#13;
D:\Ciclo7\github-project\capachica-project\turismo-backend\vendor\laravel\framework\src\Illuminate\Testing\TestResponseAssert.php:45
D:\Ciclo7\github-project\capachica-project\turismo-backend\vendor\laravel\framework\src\Illuminate\Testing\TestResponse.php:159
D:\Ciclo7\github-project\capachica-project\turismo-backend\tests\Feature\Controllers\MunicipalidadControllerTest.php:169</failure>
        </testcase>
        <testcase name="non_admin_cannot_create_municipalidad" file="D:\Ciclo7\github-project\capachica-project\turismo-backend\tests\Feature\Controllers\MunicipalidadControllerTest.php" line="181" class="Tests\Feature\Controllers\MunicipalidadControllerTest" classname="Tests.Feature.Controllers.MunicipalidadControllerTest" assertions="1" time="0.132936">
          <failure type="PHPUnit\Framework\ExpectationFailedException">Tests\Feature\Controllers\MunicipalidadControllerTest::non_admin_cannot_create_municipalidad&#13;
Expected response status code [403] but received 404.
Failed asserting that 404 is identical to 403.
&#13;
D:\Ciclo7\github-project\capachica-project\turismo-backend\vendor\laravel\framework\src\Illuminate\Testing\TestResponseAssert.php:45
D:\Ciclo7\github-project\capachica-project\turismo-backend\vendor\laravel\framework\src\Illuminate\Testing\TestResponse.php:159
D:\Ciclo7\github-project\capachica-project\turismo-backend\tests\Feature\Controllers\MunicipalidadControllerTest.php:190</failure>
        </testcase>
        <testcase name="non_admin_cannot_update_municipalidad" file="D:\Ciclo7\github-project\capachica-project\turismo-backend\tests\Feature\Controllers\MunicipalidadControllerTest.php" line="194" class="Tests\Feature\Controllers\MunicipalidadControllerTest" classname="Tests.Feature.Controllers.MunicipalidadControllerTest" assertions="1" time="0.141398">
          <failure type="PHPUnit\Framework\ExpectationFailedException">Tests\Feature\Controllers\MunicipalidadControllerTest::non_admin_cannot_update_municipalidad&#13;
Expected response status code [403] but received 404.
Failed asserting that 404 is identical to 403.
&#13;
D:\Ciclo7\github-project\capachica-project\turismo-backend\vendor\laravel\framework\src\Illuminate\Testing\TestResponseAssert.php:45
D:\Ciclo7\github-project\capachica-project\turismo-backend\vendor\laravel\framework\src\Illuminate\Testing\TestResponse.php:159
D:\Ciclo7\github-project\capachica-project\turismo-backend\tests\Feature\Controllers\MunicipalidadControllerTest.php:204</failure>
        </testcase>
        <testcase name="non_admin_cannot_delete_municipalidad" file="D:\Ciclo7\github-project\capachica-project\turismo-backend\tests\Feature\Controllers\MunicipalidadControllerTest.php" line="208" class="Tests\Feature\Controllers\MunicipalidadControllerTest" classname="Tests.Feature.Controllers.MunicipalidadControllerTest" assertions="1" time="0.135495">
          <failure type="PHPUnit\Framework\ExpectationFailedException">Tests\Feature\Controllers\MunicipalidadControllerTest::non_admin_cannot_delete_municipalidad&#13;
Expected response status code [403] but received 404.
Failed asserting that 404 is identical to 403.
&#13;
D:\Ciclo7\github-project\capachica-project\turismo-backend\vendor\laravel\framework\src\Illuminate\Testing\TestResponseAssert.php:45
D:\Ciclo7\github-project\capachica-project\turismo-backend\vendor\laravel\framework\src\Illuminate\Testing\TestResponse.php:159
D:\Ciclo7\github-project\capachica-project\turismo-backend\tests\Feature\Controllers\MunicipalidadControllerTest.php:214</failure>
        </testcase>
        <testcase name="unauthenticated_user_can_view_municipalidades" file="D:\Ciclo7\github-project\capachica-project\turismo-backend\tests\Feature\Controllers\MunicipalidadControllerTest.php" line="218" class="Tests\Feature\Controllers\MunicipalidadControllerTest" classname="Tests.Feature.Controllers.MunicipalidadControllerTest" assertions="0" time="0.115131">
          <error type="BadMethodCallException">Tests\Feature\Controllers\MunicipalidadControllerTest::unauthenticated_user_can_view_municipalidades&#13;
BadMethodCallException: Method Illuminate\Auth\RequestGuard::logout does not exist.
&#13;
D:\Ciclo7\github-project\capachica-project\turismo-backend\vendor\laravel\framework\src\Illuminate\Macroable\Traits\Macroable.php:115
D:\Ciclo7\github-project\capachica-project\turismo-backend\vendor\laravel\framework\src\Illuminate\Auth\AuthManager.php:338
D:\Ciclo7\github-project\capachica-project\turismo-backend\tests\Feature\Controllers\MunicipalidadControllerTest.php:220</error>
        </testcase>
        <testcase name="unauthenticated_user_cannot_create_municipalidad" file="D:\Ciclo7\github-project\capachica-project\turismo-backend\tests\Feature\Controllers\MunicipalidadControllerTest.php" line="231" class="Tests\Feature\Controllers\MunicipalidadControllerTest" classname="Tests.Feature.Controllers.MunicipalidadControllerTest" assertions="0" time="0.119422">
          <error type="BadMethodCallException">Tests\Feature\Controllers\MunicipalidadControllerTest::unauthenticated_user_cannot_create_municipalidad&#13;
BadMethodCallException: Method Illuminate\Auth\RequestGuard::logout does not exist.
&#13;
D:\Ciclo7\github-project\capachica-project\turismo-backend\vendor\laravel\framework\src\Illuminate\Macroable\Traits\Macroable.php:115
D:\Ciclo7\github-project\capachica-project\turismo-backend\vendor\laravel\framework\src\Illuminate\Auth\AuthManager.php:338
D:\Ciclo7\github-project\capachica-project\turismo-backend\tests\Feature\Controllers\MunicipalidadControllerTest.php:233</error>
        </testcase>
      </testsuite>
      <testsuite name="Tests\Feature\Controllers\PlanControllerTest" file="D:\Ciclo7\github-project\capachica-project\turismo-backend\tests\Feature\Controllers\PlanControllerTest.php" tests="22" assertions="43" errors="6" failures="9" skipped="0" time="4.270361">
        <testcase name="user_can_get_all_plans" file="D:\Ciclo7\github-project\capachica-project\turismo-backend\tests\Feature\Controllers\PlanControllerTest.php" line="49" class="Tests\Feature\Controllers\PlanControllerTest" classname="Tests.Feature.Controllers.PlanControllerTest" assertions="0" time="0.244820">
          <error type="Illuminate\Database\QueryException">Tests\Feature\Controllers\PlanControllerTest::user_can_get_all_plans&#13;
Illuminate\Database\QueryException: SQLSTATE[23514]: Check violation: 7 ERROR:  el nuevo registro para la relación «plans» viola la restricción «check» «plans_estado_check»
DETAIL:  La fila que falla contiene (2, Retiro Espiritual Andino, Aventura de múltiples días navegando por las islas más hermos..., 18, f, borrador, 321, 2025-07-01 00:11:12, 2025-07-01 00:11:12, 3, Hospedaje 3 noches, todas las comidas, actividades familiares, t..., plans/cf6f3869-5187-3e73-b9c9-a685c997e50e.jpg, ["plans\/gallery\/b6f785b9-238a-307e-9ff2-245256fcc58f.jpg","pla..., 148, 591.58, facil, Saber nadar, no tener problemas cardíacos, edad entre 16-65 añ..., Ropa abrigada, protector solar factor 50+, gorra, lentes de sol,...). (Connection: pgsql, SQL: insert into "plans" ("nombre", "descripcion", "que_incluye", "capacidad", "duracion_dias", "es_publico", "estado", "creado_por_usuario_id", "emprendedor_id", "precio_total", "dificultad", "requerimientos", "que_llevar", "imagen_principal", "imagenes_galeria", "updated_at", "created_at") values (Retiro Espiritual Andino, Aventura de múltiples días navegando por las islas más hermosas del lago navegable más alto del mundo. Officia doloremque eos animi minus omnis qui exercitationem consectetur voluptatem., Hospedaje 3 noches, todas las comidas, actividades familiares, transporte local, 18, 3, 0, borrador, 321, 148, 591.58, facil, Saber nadar, no tener problemas cardíacos, edad entre 16-65 años, Ropa abrigada, protector solar factor 50+, gorra, lentes de sol, cámara fotográfica, plans/cf6f3869-5187-3e73-b9c9-a685c997e50e.jpg, ["plans\/gallery\/b6f785b9-238a-307e-9ff2-245256fcc58f.jpg","plans\/gallery\/e0cfe2dc-f98a-3ef6-afd0-202388325e36.jpg","plans\/gallery\/7dacc193-0c85-33f3-b155-0769d7ba1e1a.jpg"], 2025-07-01 00:11:12, 2025-07-01 00:11:12) returning "id")
&#13;
D:\Ciclo7\github-project\capachica-project\turismo-backend\vendor\laravel\framework\src\Illuminate\Database\Connection.php:822
D:\Ciclo7\github-project\capachica-project\turismo-backend\vendor\laravel\framework\src\Illuminate\Database\Connection.php:776
D:\Ciclo7\github-project\capachica-project\turismo-backend\vendor\laravel\framework\src\Illuminate\Database\Connection.php:395
D:\Ciclo7\github-project\capachica-project\turismo-backend\vendor\laravel\framework\src\Illuminate\Database\Connection.php:382
D:\Ciclo7\github-project\capachica-project\turismo-backend\vendor\laravel\framework\src\Illuminate\Database\Query\Processors\PostgresProcessor.php:24
D:\Ciclo7\github-project\capachica-project\turismo-backend\vendor\laravel\framework\src\Illuminate\Database\Query\Builder.php:3769
D:\Ciclo7\github-project\capachica-project\turismo-backend\vendor\laravel\framework\src\Illuminate\Database\Eloquent\Builder.php:2208
D:\Ciclo7\github-project\capachica-project\turismo-backend\vendor\laravel\framework\src\Illuminate\Database\Eloquent\Model.php:1408
D:\Ciclo7\github-project\capachica-project\turismo-backend\vendor\laravel\framework\src\Illuminate\Database\Eloquent\Model.php:1373
D:\Ciclo7\github-project\capachica-project\turismo-backend\vendor\laravel\framework\src\Illuminate\Database\Eloquent\Model.php:1212
D:\Ciclo7\github-project\capachica-project\turismo-backend\vendor\laravel\framework\src\Illuminate\Database\Eloquent\Factories\Factory.php:351
D:\Ciclo7\github-project\capachica-project\turismo-backend\vendor\laravel\framework\src\Illuminate\Collections\Traits\EnumeratesValues.php:274
D:\Ciclo7\github-project\capachica-project\turismo-backend\vendor\laravel\framework\src\Illuminate\Database\Eloquent\Factories\Factory.php:346
D:\Ciclo7\github-project\capachica-project\turismo-backend\vendor\laravel\framework\src\Illuminate\Database\Eloquent\Factories\Factory.php:306
D:\Ciclo7\github-project\capachica-project\turismo-backend\tests\Feature\Controllers\PlanControllerTest.php:51</error>
        </testcase>
        <testcase name="user_can_get_plans_with_filters" file="D:\Ciclo7\github-project\capachica-project\turismo-backend\tests\Feature\Controllers\PlanControllerTest.php" line="79" class="Tests\Feature\Controllers\PlanControllerTest" classname="Tests.Feature.Controllers.PlanControllerTest" assertions="2" time="0.503216"/>
        <testcase name="user_can_create_plan" file="D:\Ciclo7\github-project\capachica-project\turismo-backend\tests\Feature\Controllers\PlanControllerTest.php" line="91" class="Tests\Feature\Controllers\PlanControllerTest" classname="Tests.Feature.Controllers.PlanControllerTest" assertions="1" time="0.225927">
          <failure type="PHPUnit\Framework\ExpectationFailedException">Tests\Feature\Controllers\PlanControllerTest::user_can_create_plan&#13;
Expected response status code [201] but received 500.
Failed asserting that 500 is identical to 201.&#13;
&#13;
The following exception occurred during the last request:

Spatie\Permission\Exceptions\PermissionDoesNotExist: There is no permission named `plan_create` for guard `web`. in D:\Ciclo7\github-project\capachica-project\turismo-backend\vendor\spatie\laravel-permission\src\Exceptions\PermissionDoesNotExist.php:11
Stack trace:
#0 D:\Ciclo7\github-project\capachica-project\turismo-backend\vendor\spatie\laravel-permission\src\Models\Permission.php(94): Spatie\Permission\Exceptions\PermissionDoesNotExist::create()
#1 D:\Ciclo7\github-project\capachica-project\turismo-backend\vendor\spatie\laravel-permission\src\Traits\HasPermissions.php(188): Spatie\Permission\Models\Permission::findByName()
#2 D:\Ciclo7\github-project\capachica-project\turismo-backend\vendor\spatie\laravel-permission\src\Traits\HasPermissions.php(215): App\Models\User-&gt;filterPermission()
#3 D:\Ciclo7\github-project\capachica-project\turismo-backend\app\Http\Requests\PlanRequest.php(23): App\Models\User-&gt;hasPermissionTo()
#4 D:\Ciclo7\github-project\capachica-project\turismo-backend\vendor\laravel\framework\src\Illuminate\Container\BoundMethod.php(36): App\Http\Requests\PlanRequest-&gt;authorize()
#5 D:\Ciclo7\github-project\capachica-project\turismo-backend\vendor\laravel\framework\src\Illuminate\Container\Util.php(43): Illuminate\Container\BoundMethod::{closure:Illuminate\Container\BoundMethod::call():35}()
#6 D:\Ciclo7\github-project\capachica-project\turismo-backend\vendor\laravel\framework\src\Illuminate\Container\BoundMethod.php(96): Illuminate\Container\Util::unwrapIfClosure()
#7 D:\Ciclo7\github-project\capachica-project\turismo-backend\vendor\laravel\framework\src\Illuminate\Container\BoundMethod.php(35): Illuminate\Container\BoundMethod::callBoundMethod()
#8 D:\Ciclo7\github-project\capachica-project\turismo-backend\vendor\laravel\framework\src\Illuminate\Container\Container.php(754): Illuminate\Container\BoundMethod::call()
#9 D:\Ciclo7\github-project\capachica-project\turismo-backend\vendor\laravel\framework\src\Illuminate\Foundation\Http\FormRequest.php(203): Illuminate\Container\Container-&gt;call()
#10 D:\Ciclo7\github-project\capachica-project\turismo-backend\vendor\laravel\framework\src\Illuminate\Validation\ValidatesWhenResolvedTrait.php(21): Illuminate\Foundation\Http\FormRequest-&gt;passesAuthorization()
#11 D:\Ciclo7\github-project\capachica-project\turismo-backend\vendor\laravel\framework\src\Illuminate\Foundation\Providers\FormRequestServiceProvider.php(30): Illuminate\Foundation\Http\FormRequest-&gt;validateResolved()
#12 D:\Ciclo7\github-project\capachica-project\turismo-backend\vendor\laravel\framework\src\Illuminate\Container\Container.php(1495): Illuminate\Foundation\Providers\FormRequestServiceProvider-&gt;{closure:Illuminate\Foundation\Providers\FormRequestServiceProvider::boot():29}()
#13 D:\Ciclo7\github-project\capachica-project\turismo-backend\vendor\laravel\framework\src\Illuminate\Container\Container.php(1431): Illuminate\Container\Container-&gt;fireCallbackArray()
#14 D:\Ciclo7\github-project\capachica-project\turismo-backend\vendor\laravel\framework\src\Illuminate\Container\Container.php(1417): Illuminate\Container\Container-&gt;fireAfterResolvingCallbacks()
#15 D:\Ciclo7\github-project\capachica-project\turismo-backend\vendor\laravel\framework\src\Illuminate\Container\Container.php(908): Illuminate\Container\Container-&gt;fireResolvingCallbacks()
#16 D:\Ciclo7\github-project\capachica-project\turismo-backend\vendor\laravel\framework\src\Illuminate\Foundation\Application.php(1077): Illuminate\Container\Container-&gt;resolve()
#17 D:\Ciclo7\github-project\capachica-project\turismo-backend\vendor\laravel\framework\src\Illuminate\Container\Container.php(821): Illuminate\Foundation\Application-&gt;resolve()
#18 D:\Ciclo7\github-project\capachica-project\turismo-backend\vendor\laravel\framework\src\Illuminate\Foundation\Application.php(1057): Illuminate\Container\Container-&gt;make()
#19 D:\Ciclo7\github-project\capachica-project\turismo-backend\vendor\laravel\framework\src\Illuminate\Routing\ResolvesRouteDependencies.php(92): Illuminate\Foundation\Application-&gt;make()
#20 D:\Ciclo7\github-project\capachica-project\turismo-backend\vendor\laravel\framework\src\Illuminate\Routing\ResolvesRouteDependencies.php(51): Illuminate\Routing\ControllerDispatcher-&gt;transformDependency()
#21 D:\Ciclo7\github-project\capachica-project\turismo-backend\vendor\laravel\framework\src\Illuminate\Routing\ResolvesRouteDependencies.php(30): Illuminate\Routing\ControllerDispatcher-&gt;resolveMethodDependencies()
#22 D:\Ciclo7\github-project\capachica-project\turismo-backend\vendor\laravel\framework\src\Illuminate\Routing\ControllerDispatcher.php(59): Illuminate\Routing\ControllerDispatcher-&gt;resolveClassMethodDependencies()
#23 D:\Ciclo7\github-project\capachica-project\turismo-backend\vendor\laravel\framework\src\Illuminate\Routing\ControllerDispatcher.php(40): Illuminate\Routing\ControllerDispatcher-&gt;resolveParameters()
#24 D:\Ciclo7\github-project\capachica-project\turismo-backend\vendor\laravel\framework\src\Illuminate\Routing\Route.php(265): Illuminate\Routing\ControllerDispatcher-&gt;dispatch()
#25 D:\Ciclo7\github-project\capachica-project\turismo-backend\vendor\laravel\framework\src\Illuminate\Routing\Route.php(211): Illuminate\Routing\Route-&gt;runController()
#26 D:\Ciclo7\github-project\capachica-project\turismo-backend\vendor\laravel\framework\src\Illuminate\Routing\Router.php(808): Illuminate\Routing\Route-&gt;run()
#27 D:\Ciclo7\github-project\capachica-project\turismo-backend\vendor\laravel\framework\src\Illuminate\Pipeline\Pipeline.php(169): Illuminate\Routing\Router-&gt;{closure:Illuminate\Routing\Router::runRouteWithinStack():807}()
#28 D:\Ciclo7\github-project\capachica-project\turismo-backend\vendor\laravel\framework\src\Illuminate\Auth\Middleware\Authenticate.php(63): Illuminate\Pipeline\Pipeline-&gt;{closure:Illuminate\Pipeline\Pipeline::prepareDestination():167}()
#29 D:\Ciclo7\github-project\capachica-project\turismo-backend\vendor\laravel\framework\src\Illuminate\Pipeline\Pipeline.php(208): Illuminate\Auth\Middleware\Authenticate-&gt;handle()
#30 D:\Ciclo7\github-project\capachica-project\turismo-backend\vendor\laravel\sanctum\src\Http\Middleware\EnsureFrontendRequestsAreStateful.php(25): Illuminate\Pipeline\Pipeline-&gt;{closure:{closure:Illuminate\Pipeline\Pipeline::carry():183}:184}()
#31 D:\Ciclo7\github-project\capachica-project\turismo-backend\vendor\laravel\framework\src\Illuminate\Pipeline\Pipeline.php(169): Laravel\Sanctum\Http\Middleware\EnsureFrontendRequestsAreStateful-&gt;{closure:Laravel\Sanctum\Http\Middleware\EnsureFrontendRequestsAreStateful::handle():24}()
#32 D:\Ciclo7\github-project\capachica-project\turismo-backend\vendor\laravel\framework\src\Illuminate\Pipeline\Pipeline.php(126): Illuminate\Pipeline\Pipeline-&gt;{closure:Illuminate\Pipeline\Pipeline::prepareDestination():167}()
#33 D:\Ciclo7\github-project\capachica-project\turismo-backend\vendor\laravel\sanctum\src\Http\Middleware\EnsureFrontendRequestsAreStateful.php(24): Illuminate\Pipeline\Pipeline-&gt;then()
#34 D:\Ciclo7\github-project\capachica-project\turismo-backend\vendor\laravel\framework\src\Illuminate\Pipeline\Pipeline.php(208): Laravel\Sanctum\Http\Middleware\EnsureFrontendRequestsAreStateful-&gt;handle()
#35 D:\Ciclo7\github-project\capachica-project\turismo-backend\vendor\laravel\framework\src\Illuminate\Pipeline\Pipeline.php(126): Illuminate\Pipeline\Pipeline-&gt;{closure:{closure:Illuminate\Pipeline\Pipeline::carry():183}:184}()
#36 D:\Ciclo7\github-project\capachica-project\turismo-backend\vendor\laravel\framework\src\Illuminate\Routing\Router.php(807): Illuminate\Pipeline\Pipeline-&gt;then()
#37 D:\Ciclo7\github-project\capachica-project\turismo-backend\vendor\laravel\framework\src\Illuminate\Routing\Router.php(786): Illuminate\Routing\Router-&gt;runRouteWithinStack()
#38 D:\Ciclo7\github-project\capachica-project\turismo-backend\vendor\laravel\framework\src\Illuminate\Routing\Router.php(750): Illuminate\Routing\Router-&gt;runRoute()
#39 D:\Ciclo7\github-project\capachica-project\turismo-backend\vendor\laravel\framework\src\Illuminate\Routing\Router.php(739): Illuminate\Routing\Router-&gt;dispatchToRoute()
#40 D:\Ciclo7\github-project\capachica-project\turismo-backend\vendor\laravel\framework\src\Illuminate\Foundation\Http\Kernel.php(200): Illuminate\Routing\Router-&gt;dispatch()
#41 D:\Ciclo7\github-project\capachica-project\turismo-backend\vendor\laravel\framework\src\Illuminate\Pipeline\Pipeline.php(169): Illuminate\Foundation\Http\Kernel-&gt;{closure:Illuminate\Foundation\Http\Kernel::dispatchToRouter():197}()
#42 D:\Ciclo7\github-project\capachica-project\turismo-backend\vendor\laravel\framework\src\Illuminate\Foundation\Http\Middleware\TransformsRequest.php(21): Illuminate\Pipeline\Pipeline-&gt;{closure:Illuminate\Pipeline\Pipeline::prepareDestination():167}()
#43 D:\Ciclo7\github-project\capachica-project\turismo-backend\vendor\laravel\framework\src\Illuminate\Foundation\Http\Middleware\ConvertEmptyStringsToNull.php(31): Illuminate\Foundation\Http\Middleware\TransformsRequest-&gt;handle()
#44 D:\Ciclo7\github-project\capachica-project\turismo-backend\vendor\laravel\framework\src\Illuminate\Pipeline\Pipeline.php(208): Illuminate\Foundation\Http\Middleware\ConvertEmptyStringsToNull-&gt;handle()
#45 D:\Ciclo7\github-project\capachica-project\turismo-backend\vendor\laravel\framework\src\Illuminate\Foundation\Http\Middleware\TransformsRequest.php(21): Illuminate\Pipeline\Pipeline-&gt;{closure:{closure:Illuminate\Pipeline\Pipeline::carry():183}:184}()
#46 D:\Ciclo7\github-project\capachica-project\turismo-backend\vendor\laravel\framework\src\Illuminate\Foundation\Http\Middleware\TrimStrings.php(51): Illuminate\Foundation\Http\Middleware\TransformsRequest-&gt;handle()
#47 D:\Ciclo7\github-project\capachica-project\turismo-backend\vendor\laravel\framework\src\Illuminate\Pipeline\Pipeline.php(208): Illuminate\Foundation\Http\Middleware\TrimStrings-&gt;handle()
#48 D:\Ciclo7\github-project\capachica-project\turismo-backend\vendor\laravel\framework\src\Illuminate\Http\Middleware\ValidatePostSize.php(27): Illuminate\Pipeline\Pipeline-&gt;{closure:{closure:Illuminate\Pipeline\Pipeline::carry():183}:184}()
#49 D:\Ciclo7\github-project\capachica-project\turismo-backend\vendor\laravel\framework\src\Illuminate\Pipeline\Pipeline.php(208): Illuminate\Http\Middleware\ValidatePostSize-&gt;handle()
#50 D:\Ciclo7\github-project\capachica-project\turismo-backend\vendor\laravel\framework\src\Illuminate\Foundation\Http\Middleware\PreventRequestsDuringMaintenance.php(109): Illuminate\Pipeline\Pipeline-&gt;{closure:{closure:Illuminate\Pipeline\Pipeline::carry():183}:184}()
#51 D:\Ciclo7\github-project\capachica-project\turismo-backend\vendor\laravel\framework\src\Illuminate\Pipeline\Pipeline.php(208): Illuminate\Foundation\Http\Middleware\PreventRequestsDuringMaintenance-&gt;handle()
#52 D:\Ciclo7\github-project\capachica-project\turismo-backend\vendor\laravel\framework\src\Illuminate\Http\Middleware\HandleCors.php(61): Illuminate\Pipeline\Pipeline-&gt;{closure:{closure:Illuminate\Pipeline\Pipeline::carry():183}:184}()
#53 D:\Ciclo7\github-project\capachica-project\turismo-backend\vendor\laravel\framework\src\Illuminate\Pipeline\Pipeline.php(208): Illuminate\Http\Middleware\HandleCors-&gt;handle()
#54 D:\Ciclo7\github-project\capachica-project\turismo-backend\vendor\laravel\framework\src\Illuminate\Http\Middleware\TrustProxies.php(58): Illuminate\Pipeline\Pipeline-&gt;{closure:{closure:Illuminate\Pipeline\Pipeline::carry():183}:184}()
#55 D:\Ciclo7\github-project\capachica-project\turismo-backend\vendor\laravel\framework\src\Illuminate\Pipeline\Pipeline.php(208): Illuminate\Http\Middleware\TrustProxies-&gt;handle()
#56 D:\Ciclo7\github-project\capachica-project\turismo-backend\vendor\laravel\framework\src\Illuminate\Foundation\Http\Middleware\InvokeDeferredCallbacks.php(22): Illuminate\Pipeline\Pipeline-&gt;{closure:{closure:Illuminate\Pipeline\Pipeline::carry():183}:184}()
#57 D:\Ciclo7\github-project\capachica-project\turismo-backend\vendor\laravel\framework\src\Illuminate\Pipeline\Pipeline.php(208): Illuminate\Foundation\Http\Middleware\InvokeDeferredCallbacks-&gt;handle()
#58 D:\Ciclo7\github-project\capachica-project\turismo-backend\vendor\laravel\framework\src\Illuminate\Http\Middleware\ValidatePathEncoding.php(26): Illuminate\Pipeline\Pipeline-&gt;{closure:{closure:Illuminate\Pipeline\Pipeline::carry():183}:184}()
#59 D:\Ciclo7\github-project\capachica-project\turismo-backend\vendor\laravel\framework\src\Illuminate\Pipeline\Pipeline.php(208): Illuminate\Http\Middleware\ValidatePathEncoding-&gt;handle()
#60 D:\Ciclo7\github-project\capachica-project\turismo-backend\vendor\laravel\framework\src\Illuminate\Pipeline\Pipeline.php(126): Illuminate\Pipeline\Pipeline-&gt;{closure:{closure:Illuminate\Pipeline\Pipeline::carry():183}:184}()
#61 D:\Ciclo7\github-project\capachica-project\turismo-backend\vendor\laravel\framework\src\Illuminate\Foundation\Http\Kernel.php(175): Illuminate\Pipeline\Pipeline-&gt;then()
#62 D:\Ciclo7\github-project\capachica-project\turismo-backend\vendor\laravel\framework\src\Illuminate\Foundation\Http\Kernel.php(144): Illuminate\Foundation\Http\Kernel-&gt;sendRequestThroughRouter()
#63 D:\Ciclo7\github-project\capachica-project\turismo-backend\vendor\laravel\framework\src\Illuminate\Foundation\Testing\Concerns\MakesHttpRequests.php(607): Illuminate\Foundation\Http\Kernel-&gt;handle()
#64 D:\Ciclo7\github-project\capachica-project\turismo-backend\vendor\laravel\framework\src\Illuminate\Foundation\Testing\Concerns\MakesHttpRequests.php(573): Illuminate\Foundation\Testing\TestCase-&gt;call()
#65 D:\Ciclo7\github-project\capachica-project\turismo-backend\vendor\laravel\framework\src\Illuminate\Foundation\Testing\Concerns\MakesHttpRequests.php(411): Illuminate\Foundation\Testing\TestCase-&gt;json()
#66 D:\Ciclo7\github-project\capachica-project\turismo-backend\tests\Feature\Controllers\PlanControllerTest.php(109): Illuminate\Foundation\Testing\TestCase-&gt;postJson()
#67 D:\Ciclo7\github-project\capachica-project\turismo-backend\vendor\phpunit\phpunit\src\Framework\TestCase.php(1656): Tests\Feature\Controllers\PlanControllerTest-&gt;user_can_create_plan()
#68 D:\Ciclo7\github-project\capachica-project\turismo-backend\vendor\phpunit\phpunit\src\Framework\TestCase.php(514): PHPUnit\Framework\TestCase-&gt;runTest()
#69 D:\Ciclo7\github-project\capachica-project\turismo-backend\vendor\phpunit\phpunit\src\Framework\TestRunner\TestRunner.php(87): PHPUnit\Framework\TestCase-&gt;runBare()
#70 D:\Ciclo7\github-project\capachica-project\turismo-backend\vendor\phpunit\phpunit\src\Framework\TestCase.php(361): PHPUnit\Framework\TestRunner-&gt;run()
#71 D:\Ciclo7\github-project\capachica-project\turismo-backend\vendor\phpunit\phpunit\src\Framework\TestSuite.php(369): PHPUnit\Framework\TestCase-&gt;run()
#72 D:\Ciclo7\github-project\capachica-project\turismo-backend\vendor\phpunit\phpunit\src\Framework\TestSuite.php(369): PHPUnit\Framework\TestSuite-&gt;run()
#73 D:\Ciclo7\github-project\capachica-project\turismo-backend\vendor\phpunit\phpunit\src\Framework\TestSuite.php(369): PHPUnit\Framework\TestSuite-&gt;run()
#74 D:\Ciclo7\github-project\capachica-project\turismo-backend\vendor\phpunit\phpunit\src\TextUI\TestRunner.php(64): PHPUnit\Framework\TestSuite-&gt;run()
#75 D:\Ciclo7\github-project\capachica-project\turismo-backend\vendor\phpunit\phpunit\src\TextUI\Application.php(210): PHPUnit\TextUI\TestRunner-&gt;run()
#76 D:\Ciclo7\github-project\capachica-project\turismo-backend\vendor\phpunit\phpunit\phpunit(104): PHPUnit\TextUI\Application-&gt;run()
#77 {main}

----------------------------------------------------------------------------------

There is no permission named `plan_create` for guard `web`.
&#13;
D:\Ciclo7\github-project\capachica-project\turismo-backend\vendor\laravel\framework\src\Illuminate\Testing\TestResponseAssert.php:45
D:\Ciclo7\github-project\capachica-project\turismo-backend\vendor\laravel\framework\src\Illuminate\Testing\TestResponse.php:159
D:\Ciclo7\github-project\capachica-project\turismo-backend\tests\Feature\Controllers\PlanControllerTest.php:111</failure>
        </testcase>
        <testcase name="create_plan_validates_required_fields" file="D:\Ciclo7\github-project\capachica-project\turismo-backend\tests\Feature\Controllers\PlanControllerTest.php" line="138" class="Tests\Feature\Controllers\PlanControllerTest" classname="Tests.Feature.Controllers.PlanControllerTest" assertions="1" time="0.163622">
          <failure type="PHPUnit\Framework\ExpectationFailedException">Tests\Feature\Controllers\PlanControllerTest::create_plan_validates_required_fields&#13;
Expected response status code [422] but received 500.
Failed asserting that 500 is identical to 422.&#13;
&#13;
The following exception occurred during the last request:

Spatie\Permission\Exceptions\PermissionDoesNotExist: There is no permission named `plan_create` for guard `web`. in D:\Ciclo7\github-project\capachica-project\turismo-backend\vendor\spatie\laravel-permission\src\Exceptions\PermissionDoesNotExist.php:11
Stack trace:
#0 D:\Ciclo7\github-project\capachica-project\turismo-backend\vendor\spatie\laravel-permission\src\Models\Permission.php(94): Spatie\Permission\Exceptions\PermissionDoesNotExist::create()
#1 D:\Ciclo7\github-project\capachica-project\turismo-backend\vendor\spatie\laravel-permission\src\Traits\HasPermissions.php(188): Spatie\Permission\Models\Permission::findByName()
#2 D:\Ciclo7\github-project\capachica-project\turismo-backend\vendor\spatie\laravel-permission\src\Traits\HasPermissions.php(215): App\Models\User-&gt;filterPermission()
#3 D:\Ciclo7\github-project\capachica-project\turismo-backend\app\Http\Requests\PlanRequest.php(23): App\Models\User-&gt;hasPermissionTo()
#4 D:\Ciclo7\github-project\capachica-project\turismo-backend\vendor\laravel\framework\src\Illuminate\Container\BoundMethod.php(36): App\Http\Requests\PlanRequest-&gt;authorize()
#5 D:\Ciclo7\github-project\capachica-project\turismo-backend\vendor\laravel\framework\src\Illuminate\Container\Util.php(43): Illuminate\Container\BoundMethod::{closure:Illuminate\Container\BoundMethod::call():35}()
#6 D:\Ciclo7\github-project\capachica-project\turismo-backend\vendor\laravel\framework\src\Illuminate\Container\BoundMethod.php(96): Illuminate\Container\Util::unwrapIfClosure()
#7 D:\Ciclo7\github-project\capachica-project\turismo-backend\vendor\laravel\framework\src\Illuminate\Container\BoundMethod.php(35): Illuminate\Container\BoundMethod::callBoundMethod()
#8 D:\Ciclo7\github-project\capachica-project\turismo-backend\vendor\laravel\framework\src\Illuminate\Container\Container.php(754): Illuminate\Container\BoundMethod::call()
#9 D:\Ciclo7\github-project\capachica-project\turismo-backend\vendor\laravel\framework\src\Illuminate\Foundation\Http\FormRequest.php(203): Illuminate\Container\Container-&gt;call()
#10 D:\Ciclo7\github-project\capachica-project\turismo-backend\vendor\laravel\framework\src\Illuminate\Validation\ValidatesWhenResolvedTrait.php(21): Illuminate\Foundation\Http\FormRequest-&gt;passesAuthorization()
#11 D:\Ciclo7\github-project\capachica-project\turismo-backend\vendor\laravel\framework\src\Illuminate\Foundation\Providers\FormRequestServiceProvider.php(30): Illuminate\Foundation\Http\FormRequest-&gt;validateResolved()
#12 D:\Ciclo7\github-project\capachica-project\turismo-backend\vendor\laravel\framework\src\Illuminate\Container\Container.php(1495): Illuminate\Foundation\Providers\FormRequestServiceProvider-&gt;{closure:Illuminate\Foundation\Providers\FormRequestServiceProvider::boot():29}()
#13 D:\Ciclo7\github-project\capachica-project\turismo-backend\vendor\laravel\framework\src\Illuminate\Container\Container.php(1431): Illuminate\Container\Container-&gt;fireCallbackArray()
#14 D:\Ciclo7\github-project\capachica-project\turismo-backend\vendor\laravel\framework\src\Illuminate\Container\Container.php(1417): Illuminate\Container\Container-&gt;fireAfterResolvingCallbacks()
#15 D:\Ciclo7\github-project\capachica-project\turismo-backend\vendor\laravel\framework\src\Illuminate\Container\Container.php(908): Illuminate\Container\Container-&gt;fireResolvingCallbacks()
#16 D:\Ciclo7\github-project\capachica-project\turismo-backend\vendor\laravel\framework\src\Illuminate\Foundation\Application.php(1077): Illuminate\Container\Container-&gt;resolve()
#17 D:\Ciclo7\github-project\capachica-project\turismo-backend\vendor\laravel\framework\src\Illuminate\Container\Container.php(821): Illuminate\Foundation\Application-&gt;resolve()
#18 D:\Ciclo7\github-project\capachica-project\turismo-backend\vendor\laravel\framework\src\Illuminate\Foundation\Application.php(1057): Illuminate\Container\Container-&gt;make()
#19 D:\Ciclo7\github-project\capachica-project\turismo-backend\vendor\laravel\framework\src\Illuminate\Routing\ResolvesRouteDependencies.php(92): Illuminate\Foundation\Application-&gt;make()
#20 D:\Ciclo7\github-project\capachica-project\turismo-backend\vendor\laravel\framework\src\Illuminate\Routing\ResolvesRouteDependencies.php(51): Illuminate\Routing\ControllerDispatcher-&gt;transformDependency()
#21 D:\Ciclo7\github-project\capachica-project\turismo-backend\vendor\laravel\framework\src\Illuminate\Routing\ResolvesRouteDependencies.php(30): Illuminate\Routing\ControllerDispatcher-&gt;resolveMethodDependencies()
#22 D:\Ciclo7\github-project\capachica-project\turismo-backend\vendor\laravel\framework\src\Illuminate\Routing\ControllerDispatcher.php(59): Illuminate\Routing\ControllerDispatcher-&gt;resolveClassMethodDependencies()
#23 D:\Ciclo7\github-project\capachica-project\turismo-backend\vendor\laravel\framework\src\Illuminate\Routing\ControllerDispatcher.php(40): Illuminate\Routing\ControllerDispatcher-&gt;resolveParameters()
#24 D:\Ciclo7\github-project\capachica-project\turismo-backend\vendor\laravel\framework\src\Illuminate\Routing\Route.php(265): Illuminate\Routing\ControllerDispatcher-&gt;dispatch()
#25 D:\Ciclo7\github-project\capachica-project\turismo-backend\vendor\laravel\framework\src\Illuminate\Routing\Route.php(211): Illuminate\Routing\Route-&gt;runController()
#26 D:\Ciclo7\github-project\capachica-project\turismo-backend\vendor\laravel\framework\src\Illuminate\Routing\Router.php(808): Illuminate\Routing\Route-&gt;run()
#27 D:\Ciclo7\github-project\capachica-project\turismo-backend\vendor\laravel\framework\src\Illuminate\Pipeline\Pipeline.php(169): Illuminate\Routing\Router-&gt;{closure:Illuminate\Routing\Router::runRouteWithinStack():807}()
#28 D:\Ciclo7\github-project\capachica-project\turismo-backend\vendor\laravel\framework\src\Illuminate\Auth\Middleware\Authenticate.php(63): Illuminate\Pipeline\Pipeline-&gt;{closure:Illuminate\Pipeline\Pipeline::prepareDestination():167}()
#29 D:\Ciclo7\github-project\capachica-project\turismo-backend\vendor\laravel\framework\src\Illuminate\Pipeline\Pipeline.php(208): Illuminate\Auth\Middleware\Authenticate-&gt;handle()
#30 D:\Ciclo7\github-project\capachica-project\turismo-backend\vendor\laravel\sanctum\src\Http\Middleware\EnsureFrontendRequestsAreStateful.php(25): Illuminate\Pipeline\Pipeline-&gt;{closure:{closure:Illuminate\Pipeline\Pipeline::carry():183}:184}()
#31 D:\Ciclo7\github-project\capachica-project\turismo-backend\vendor\laravel\framework\src\Illuminate\Pipeline\Pipeline.php(169): Laravel\Sanctum\Http\Middleware\EnsureFrontendRequestsAreStateful-&gt;{closure:Laravel\Sanctum\Http\Middleware\EnsureFrontendRequestsAreStateful::handle():24}()
#32 D:\Ciclo7\github-project\capachica-project\turismo-backend\vendor\laravel\framework\src\Illuminate\Pipeline\Pipeline.php(126): Illuminate\Pipeline\Pipeline-&gt;{closure:Illuminate\Pipeline\Pipeline::prepareDestination():167}()
#33 D:\Ciclo7\github-project\capachica-project\turismo-backend\vendor\laravel\sanctum\src\Http\Middleware\EnsureFrontendRequestsAreStateful.php(24): Illuminate\Pipeline\Pipeline-&gt;then()
#34 D:\Ciclo7\github-project\capachica-project\turismo-backend\vendor\laravel\framework\src\Illuminate\Pipeline\Pipeline.php(208): Laravel\Sanctum\Http\Middleware\EnsureFrontendRequestsAreStateful-&gt;handle()
#35 D:\Ciclo7\github-project\capachica-project\turismo-backend\vendor\laravel\framework\src\Illuminate\Pipeline\Pipeline.php(126): Illuminate\Pipeline\Pipeline-&gt;{closure:{closure:Illuminate\Pipeline\Pipeline::carry():183}:184}()
#36 D:\Ciclo7\github-project\capachica-project\turismo-backend\vendor\laravel\framework\src\Illuminate\Routing\Router.php(807): Illuminate\Pipeline\Pipeline-&gt;then()
#37 D:\Ciclo7\github-project\capachica-project\turismo-backend\vendor\laravel\framework\src\Illuminate\Routing\Router.php(786): Illuminate\Routing\Router-&gt;runRouteWithinStack()
#38 D:\Ciclo7\github-project\capachica-project\turismo-backend\vendor\laravel\framework\src\Illuminate\Routing\Router.php(750): Illuminate\Routing\Router-&gt;runRoute()
#39 D:\Ciclo7\github-project\capachica-project\turismo-backend\vendor\laravel\framework\src\Illuminate\Routing\Router.php(739): Illuminate\Routing\Router-&gt;dispatchToRoute()
#40 D:\Ciclo7\github-project\capachica-project\turismo-backend\vendor\laravel\framework\src\Illuminate\Foundation\Http\Kernel.php(200): Illuminate\Routing\Router-&gt;dispatch()
#41 D:\Ciclo7\github-project\capachica-project\turismo-backend\vendor\laravel\framework\src\Illuminate\Pipeline\Pipeline.php(169): Illuminate\Foundation\Http\Kernel-&gt;{closure:Illuminate\Foundation\Http\Kernel::dispatchToRouter():197}()
#42 D:\Ciclo7\github-project\capachica-project\turismo-backend\vendor\laravel\framework\src\Illuminate\Foundation\Http\Middleware\TransformsRequest.php(21): Illuminate\Pipeline\Pipeline-&gt;{closure:Illuminate\Pipeline\Pipeline::prepareDestination():167}()
#43 D:\Ciclo7\github-project\capachica-project\turismo-backend\vendor\laravel\framework\src\Illuminate\Foundation\Http\Middleware\ConvertEmptyStringsToNull.php(31): Illuminate\Foundation\Http\Middleware\TransformsRequest-&gt;handle()
#44 D:\Ciclo7\github-project\capachica-project\turismo-backend\vendor\laravel\framework\src\Illuminate\Pipeline\Pipeline.php(208): Illuminate\Foundation\Http\Middleware\ConvertEmptyStringsToNull-&gt;handle()
#45 D:\Ciclo7\github-project\capachica-project\turismo-backend\vendor\laravel\framework\src\Illuminate\Foundation\Http\Middleware\TransformsRequest.php(21): Illuminate\Pipeline\Pipeline-&gt;{closure:{closure:Illuminate\Pipeline\Pipeline::carry():183}:184}()
#46 D:\Ciclo7\github-project\capachica-project\turismo-backend\vendor\laravel\framework\src\Illuminate\Foundation\Http\Middleware\TrimStrings.php(51): Illuminate\Foundation\Http\Middleware\TransformsRequest-&gt;handle()
#47 D:\Ciclo7\github-project\capachica-project\turismo-backend\vendor\laravel\framework\src\Illuminate\Pipeline\Pipeline.php(208): Illuminate\Foundation\Http\Middleware\TrimStrings-&gt;handle()
#48 D:\Ciclo7\github-project\capachica-project\turismo-backend\vendor\laravel\framework\src\Illuminate\Http\Middleware\ValidatePostSize.php(27): Illuminate\Pipeline\Pipeline-&gt;{closure:{closure:Illuminate\Pipeline\Pipeline::carry():183}:184}()
#49 D:\Ciclo7\github-project\capachica-project\turismo-backend\vendor\laravel\framework\src\Illuminate\Pipeline\Pipeline.php(208): Illuminate\Http\Middleware\ValidatePostSize-&gt;handle()
#50 D:\Ciclo7\github-project\capachica-project\turismo-backend\vendor\laravel\framework\src\Illuminate\Foundation\Http\Middleware\PreventRequestsDuringMaintenance.php(109): Illuminate\Pipeline\Pipeline-&gt;{closure:{closure:Illuminate\Pipeline\Pipeline::carry():183}:184}()
#51 D:\Ciclo7\github-project\capachica-project\turismo-backend\vendor\laravel\framework\src\Illuminate\Pipeline\Pipeline.php(208): Illuminate\Foundation\Http\Middleware\PreventRequestsDuringMaintenance-&gt;handle()
#52 D:\Ciclo7\github-project\capachica-project\turismo-backend\vendor\laravel\framework\src\Illuminate\Http\Middleware\HandleCors.php(61): Illuminate\Pipeline\Pipeline-&gt;{closure:{closure:Illuminate\Pipeline\Pipeline::carry():183}:184}()
#53 D:\Ciclo7\github-project\capachica-project\turismo-backend\vendor\laravel\framework\src\Illuminate\Pipeline\Pipeline.php(208): Illuminate\Http\Middleware\HandleCors-&gt;handle()
#54 D:\Ciclo7\github-project\capachica-project\turismo-backend\vendor\laravel\framework\src\Illuminate\Http\Middleware\TrustProxies.php(58): Illuminate\Pipeline\Pipeline-&gt;{closure:{closure:Illuminate\Pipeline\Pipeline::carry():183}:184}()
#55 D:\Ciclo7\github-project\capachica-project\turismo-backend\vendor\laravel\framework\src\Illuminate\Pipeline\Pipeline.php(208): Illuminate\Http\Middleware\TrustProxies-&gt;handle()
#56 D:\Ciclo7\github-project\capachica-project\turismo-backend\vendor\laravel\framework\src\Illuminate\Foundation\Http\Middleware\InvokeDeferredCallbacks.php(22): Illuminate\Pipeline\Pipeline-&gt;{closure:{closure:Illuminate\Pipeline\Pipeline::carry():183}:184}()
#57 D:\Ciclo7\github-project\capachica-project\turismo-backend\vendor\laravel\framework\src\Illuminate\Pipeline\Pipeline.php(208): Illuminate\Foundation\Http\Middleware\InvokeDeferredCallbacks-&gt;handle()
#58 D:\Ciclo7\github-project\capachica-project\turismo-backend\vendor\laravel\framework\src\Illuminate\Http\Middleware\ValidatePathEncoding.php(26): Illuminate\Pipeline\Pipeline-&gt;{closure:{closure:Illuminate\Pipeline\Pipeline::carry():183}:184}()
#59 D:\Ciclo7\github-project\capachica-project\turismo-backend\vendor\laravel\framework\src\Illuminate\Pipeline\Pipeline.php(208): Illuminate\Http\Middleware\ValidatePathEncoding-&gt;handle()
#60 D:\Ciclo7\github-project\capachica-project\turismo-backend\vendor\laravel\framework\src\Illuminate\Pipeline\Pipeline.php(126): Illuminate\Pipeline\Pipeline-&gt;{closure:{closure:Illuminate\Pipeline\Pipeline::carry():183}:184}()
#61 D:\Ciclo7\github-project\capachica-project\turismo-backend\vendor\laravel\framework\src\Illuminate\Foundation\Http\Kernel.php(175): Illuminate\Pipeline\Pipeline-&gt;then()
#62 D:\Ciclo7\github-project\capachica-project\turismo-backend\vendor\laravel\framework\src\Illuminate\Foundation\Http\Kernel.php(144): Illuminate\Foundation\Http\Kernel-&gt;sendRequestThroughRouter()
#63 D:\Ciclo7\github-project\capachica-project\turismo-backend\vendor\laravel\framework\src\Illuminate\Foundation\Testing\Concerns\MakesHttpRequests.php(607): Illuminate\Foundation\Http\Kernel-&gt;handle()
#64 D:\Ciclo7\github-project\capachica-project\turismo-backend\vendor\laravel\framework\src\Illuminate\Foundation\Testing\Concerns\MakesHttpRequests.php(573): Illuminate\Foundation\Testing\TestCase-&gt;call()
#65 D:\Ciclo7\github-project\capachica-project\turismo-backend\vendor\laravel\framework\src\Illuminate\Foundation\Testing\Concerns\MakesHttpRequests.php(411): Illuminate\Foundation\Testing\TestCase-&gt;json()
#66 D:\Ciclo7\github-project\capachica-project\turismo-backend\tests\Feature\Controllers\PlanControllerTest.php(140): Illuminate\Foundation\Testing\TestCase-&gt;postJson()
#67 D:\Ciclo7\github-project\capachica-project\turismo-backend\vendor\phpunit\phpunit\src\Framework\TestCase.php(1656): Tests\Feature\Controllers\PlanControllerTest-&gt;create_plan_validates_required_fields()
#68 D:\Ciclo7\github-project\capachica-project\turismo-backend\vendor\phpunit\phpunit\src\Framework\TestCase.php(514): PHPUnit\Framework\TestCase-&gt;runTest()
#69 D:\Ciclo7\github-project\capachica-project\turismo-backend\vendor\phpunit\phpunit\src\Framework\TestRunner\TestRunner.php(87): PHPUnit\Framework\TestCase-&gt;runBare()
#70 D:\Ciclo7\github-project\capachica-project\turismo-backend\vendor\phpunit\phpunit\src\Framework\TestCase.php(361): PHPUnit\Framework\TestRunner-&gt;run()
#71 D:\Ciclo7\github-project\capachica-project\turismo-backend\vendor\phpunit\phpunit\src\Framework\TestSuite.php(369): PHPUnit\Framework\TestCase-&gt;run()
#72 D:\Ciclo7\github-project\capachica-project\turismo-backend\vendor\phpunit\phpunit\src\Framework\TestSuite.php(369): PHPUnit\Framework\TestSuite-&gt;run()
#73 D:\Ciclo7\github-project\capachica-project\turismo-backend\vendor\phpunit\phpunit\src\Framework\TestSuite.php(369): PHPUnit\Framework\TestSuite-&gt;run()
#74 D:\Ciclo7\github-project\capachica-project\turismo-backend\vendor\phpunit\phpunit\src\TextUI\TestRunner.php(64): PHPUnit\Framework\TestSuite-&gt;run()
#75 D:\Ciclo7\github-project\capachica-project\turismo-backend\vendor\phpunit\phpunit\src\TextUI\Application.php(210): PHPUnit\TextUI\TestRunner-&gt;run()
#76 D:\Ciclo7\github-project\capachica-project\turismo-backend\vendor\phpunit\phpunit\phpunit(104): PHPUnit\TextUI\Application-&gt;run()
#77 {main}

----------------------------------------------------------------------------------

There is no permission named `plan_create` for guard `web`.
&#13;
D:\Ciclo7\github-project\capachica-project\turismo-backend\vendor\laravel\framework\src\Illuminate\Testing\TestResponseAssert.php:45
D:\Ciclo7\github-project\capachica-project\turismo-backend\vendor\laravel\framework\src\Illuminate\Testing\TestResponse.php:159
D:\Ciclo7\github-project\capachica-project\turismo-backend\tests\Feature\Controllers\PlanControllerTest.php:142</failure>
        </testcase>
        <testcase name="user_can_get_specific_plan" file="D:\Ciclo7\github-project\capachica-project\turismo-backend\tests\Feature\Controllers\PlanControllerTest.php" line="153" class="Tests\Feature\Controllers\PlanControllerTest" classname="Tests.Feature.Controllers.PlanControllerTest" assertions="9" time="0.176288"/>
        <testcase name="get_nonexistent_plan_returns_404" file="D:\Ciclo7\github-project\capachica-project\turismo-backend\tests\Feature\Controllers\PlanControllerTest.php" line="178" class="Tests\Feature\Controllers\PlanControllerTest" classname="Tests.Feature.Controllers.PlanControllerTest" assertions="2" time="0.143316"/>
        <testcase name="plan_creator_can_update_plan" file="D:\Ciclo7\github-project\capachica-project\turismo-backend\tests\Feature\Controllers\PlanControllerTest.php" line="190" class="Tests\Feature\Controllers\PlanControllerTest" classname="Tests.Feature.Controllers.PlanControllerTest" assertions="1" time="0.155276">
          <failure type="PHPUnit\Framework\ExpectationFailedException">Tests\Feature\Controllers\PlanControllerTest::plan_creator_can_update_plan&#13;
Expected response status code [200] but received 500.
Failed asserting that 500 is identical to 200.&#13;
&#13;
The following exception occurred during the last request:

Spatie\Permission\Exceptions\PermissionDoesNotExist: There is no permission named `plan_update` for guard `web`. in D:\Ciclo7\github-project\capachica-project\turismo-backend\vendor\spatie\laravel-permission\src\Exceptions\PermissionDoesNotExist.php:11
Stack trace:
#0 D:\Ciclo7\github-project\capachica-project\turismo-backend\vendor\spatie\laravel-permission\src\Models\Permission.php(94): Spatie\Permission\Exceptions\PermissionDoesNotExist::create()
#1 D:\Ciclo7\github-project\capachica-project\turismo-backend\vendor\spatie\laravel-permission\src\Traits\HasPermissions.php(188): Spatie\Permission\Models\Permission::findByName()
#2 D:\Ciclo7\github-project\capachica-project\turismo-backend\vendor\spatie\laravel-permission\src\Traits\HasPermissions.php(215): App\Models\User-&gt;filterPermission()
#3 D:\Ciclo7\github-project\capachica-project\turismo-backend\app\Http\Requests\PlanRequest.php(32): App\Models\User-&gt;hasPermissionTo()
#4 D:\Ciclo7\github-project\capachica-project\turismo-backend\vendor\laravel\framework\src\Illuminate\Container\BoundMethod.php(36): App\Http\Requests\PlanRequest-&gt;authorize()
#5 D:\Ciclo7\github-project\capachica-project\turismo-backend\vendor\laravel\framework\src\Illuminate\Container\Util.php(43): Illuminate\Container\BoundMethod::{closure:Illuminate\Container\BoundMethod::call():35}()
#6 D:\Ciclo7\github-project\capachica-project\turismo-backend\vendor\laravel\framework\src\Illuminate\Container\BoundMethod.php(96): Illuminate\Container\Util::unwrapIfClosure()
#7 D:\Ciclo7\github-project\capachica-project\turismo-backend\vendor\laravel\framework\src\Illuminate\Container\BoundMethod.php(35): Illuminate\Container\BoundMethod::callBoundMethod()
#8 D:\Ciclo7\github-project\capachica-project\turismo-backend\vendor\laravel\framework\src\Illuminate\Container\Container.php(754): Illuminate\Container\BoundMethod::call()
#9 D:\Ciclo7\github-project\capachica-project\turismo-backend\vendor\laravel\framework\src\Illuminate\Foundation\Http\FormRequest.php(203): Illuminate\Container\Container-&gt;call()
#10 D:\Ciclo7\github-project\capachica-project\turismo-backend\vendor\laravel\framework\src\Illuminate\Validation\ValidatesWhenResolvedTrait.php(21): Illuminate\Foundation\Http\FormRequest-&gt;passesAuthorization()
#11 D:\Ciclo7\github-project\capachica-project\turismo-backend\vendor\laravel\framework\src\Illuminate\Foundation\Providers\FormRequestServiceProvider.php(30): Illuminate\Foundation\Http\FormRequest-&gt;validateResolved()
#12 D:\Ciclo7\github-project\capachica-project\turismo-backend\vendor\laravel\framework\src\Illuminate\Container\Container.php(1495): Illuminate\Foundation\Providers\FormRequestServiceProvider-&gt;{closure:Illuminate\Foundation\Providers\FormRequestServiceProvider::boot():29}()
#13 D:\Ciclo7\github-project\capachica-project\turismo-backend\vendor\laravel\framework\src\Illuminate\Container\Container.php(1431): Illuminate\Container\Container-&gt;fireCallbackArray()
#14 D:\Ciclo7\github-project\capachica-project\turismo-backend\vendor\laravel\framework\src\Illuminate\Container\Container.php(1417): Illuminate\Container\Container-&gt;fireAfterResolvingCallbacks()
#15 D:\Ciclo7\github-project\capachica-project\turismo-backend\vendor\laravel\framework\src\Illuminate\Container\Container.php(908): Illuminate\Container\Container-&gt;fireResolvingCallbacks()
#16 D:\Ciclo7\github-project\capachica-project\turismo-backend\vendor\laravel\framework\src\Illuminate\Foundation\Application.php(1077): Illuminate\Container\Container-&gt;resolve()
#17 D:\Ciclo7\github-project\capachica-project\turismo-backend\vendor\laravel\framework\src\Illuminate\Container\Container.php(821): Illuminate\Foundation\Application-&gt;resolve()
#18 D:\Ciclo7\github-project\capachica-project\turismo-backend\vendor\laravel\framework\src\Illuminate\Foundation\Application.php(1057): Illuminate\Container\Container-&gt;make()
#19 D:\Ciclo7\github-project\capachica-project\turismo-backend\vendor\laravel\framework\src\Illuminate\Routing\ResolvesRouteDependencies.php(92): Illuminate\Foundation\Application-&gt;make()
#20 D:\Ciclo7\github-project\capachica-project\turismo-backend\vendor\laravel\framework\src\Illuminate\Routing\ResolvesRouteDependencies.php(51): Illuminate\Routing\ControllerDispatcher-&gt;transformDependency()
#21 D:\Ciclo7\github-project\capachica-project\turismo-backend\vendor\laravel\framework\src\Illuminate\Routing\ResolvesRouteDependencies.php(30): Illuminate\Routing\ControllerDispatcher-&gt;resolveMethodDependencies()
#22 D:\Ciclo7\github-project\capachica-project\turismo-backend\vendor\laravel\framework\src\Illuminate\Routing\ControllerDispatcher.php(59): Illuminate\Routing\ControllerDispatcher-&gt;resolveClassMethodDependencies()
#23 D:\Ciclo7\github-project\capachica-project\turismo-backend\vendor\laravel\framework\src\Illuminate\Routing\ControllerDispatcher.php(40): Illuminate\Routing\ControllerDispatcher-&gt;resolveParameters()
#24 D:\Ciclo7\github-project\capachica-project\turismo-backend\vendor\laravel\framework\src\Illuminate\Routing\Route.php(265): Illuminate\Routing\ControllerDispatcher-&gt;dispatch()
#25 D:\Ciclo7\github-project\capachica-project\turismo-backend\vendor\laravel\framework\src\Illuminate\Routing\Route.php(211): Illuminate\Routing\Route-&gt;runController()
#26 D:\Ciclo7\github-project\capachica-project\turismo-backend\vendor\laravel\framework\src\Illuminate\Routing\Router.php(808): Illuminate\Routing\Route-&gt;run()
#27 D:\Ciclo7\github-project\capachica-project\turismo-backend\vendor\laravel\framework\src\Illuminate\Pipeline\Pipeline.php(169): Illuminate\Routing\Router-&gt;{closure:Illuminate\Routing\Router::runRouteWithinStack():807}()
#28 D:\Ciclo7\github-project\capachica-project\turismo-backend\vendor\laravel\framework\src\Illuminate\Auth\Middleware\Authenticate.php(63): Illuminate\Pipeline\Pipeline-&gt;{closure:Illuminate\Pipeline\Pipeline::prepareDestination():167}()
#29 D:\Ciclo7\github-project\capachica-project\turismo-backend\vendor\laravel\framework\src\Illuminate\Pipeline\Pipeline.php(208): Illuminate\Auth\Middleware\Authenticate-&gt;handle()
#30 D:\Ciclo7\github-project\capachica-project\turismo-backend\vendor\laravel\sanctum\src\Http\Middleware\EnsureFrontendRequestsAreStateful.php(25): Illuminate\Pipeline\Pipeline-&gt;{closure:{closure:Illuminate\Pipeline\Pipeline::carry():183}:184}()
#31 D:\Ciclo7\github-project\capachica-project\turismo-backend\vendor\laravel\framework\src\Illuminate\Pipeline\Pipeline.php(169): Laravel\Sanctum\Http\Middleware\EnsureFrontendRequestsAreStateful-&gt;{closure:Laravel\Sanctum\Http\Middleware\EnsureFrontendRequestsAreStateful::handle():24}()
#32 D:\Ciclo7\github-project\capachica-project\turismo-backend\vendor\laravel\framework\src\Illuminate\Pipeline\Pipeline.php(126): Illuminate\Pipeline\Pipeline-&gt;{closure:Illuminate\Pipeline\Pipeline::prepareDestination():167}()
#33 D:\Ciclo7\github-project\capachica-project\turismo-backend\vendor\laravel\sanctum\src\Http\Middleware\EnsureFrontendRequestsAreStateful.php(24): Illuminate\Pipeline\Pipeline-&gt;then()
#34 D:\Ciclo7\github-project\capachica-project\turismo-backend\vendor\laravel\framework\src\Illuminate\Pipeline\Pipeline.php(208): Laravel\Sanctum\Http\Middleware\EnsureFrontendRequestsAreStateful-&gt;handle()
#35 D:\Ciclo7\github-project\capachica-project\turismo-backend\vendor\laravel\framework\src\Illuminate\Pipeline\Pipeline.php(126): Illuminate\Pipeline\Pipeline-&gt;{closure:{closure:Illuminate\Pipeline\Pipeline::carry():183}:184}()
#36 D:\Ciclo7\github-project\capachica-project\turismo-backend\vendor\laravel\framework\src\Illuminate\Routing\Router.php(807): Illuminate\Pipeline\Pipeline-&gt;then()
#37 D:\Ciclo7\github-project\capachica-project\turismo-backend\vendor\laravel\framework\src\Illuminate\Routing\Router.php(786): Illuminate\Routing\Router-&gt;runRouteWithinStack()
#38 D:\Ciclo7\github-project\capachica-project\turismo-backend\vendor\laravel\framework\src\Illuminate\Routing\Router.php(750): Illuminate\Routing\Router-&gt;runRoute()
#39 D:\Ciclo7\github-project\capachica-project\turismo-backend\vendor\laravel\framework\src\Illuminate\Routing\Router.php(739): Illuminate\Routing\Router-&gt;dispatchToRoute()
#40 D:\Ciclo7\github-project\capachica-project\turismo-backend\vendor\laravel\framework\src\Illuminate\Foundation\Http\Kernel.php(200): Illuminate\Routing\Router-&gt;dispatch()
#41 D:\Ciclo7\github-project\capachica-project\turismo-backend\vendor\laravel\framework\src\Illuminate\Pipeline\Pipeline.php(169): Illuminate\Foundation\Http\Kernel-&gt;{closure:Illuminate\Foundation\Http\Kernel::dispatchToRouter():197}()
#42 D:\Ciclo7\github-project\capachica-project\turismo-backend\vendor\laravel\framework\src\Illuminate\Foundation\Http\Middleware\TransformsRequest.php(21): Illuminate\Pipeline\Pipeline-&gt;{closure:Illuminate\Pipeline\Pipeline::prepareDestination():167}()
#43 D:\Ciclo7\github-project\capachica-project\turismo-backend\vendor\laravel\framework\src\Illuminate\Foundation\Http\Middleware\ConvertEmptyStringsToNull.php(31): Illuminate\Foundation\Http\Middleware\TransformsRequest-&gt;handle()
#44 D:\Ciclo7\github-project\capachica-project\turismo-backend\vendor\laravel\framework\src\Illuminate\Pipeline\Pipeline.php(208): Illuminate\Foundation\Http\Middleware\ConvertEmptyStringsToNull-&gt;handle()
#45 D:\Ciclo7\github-project\capachica-project\turismo-backend\vendor\laravel\framework\src\Illuminate\Foundation\Http\Middleware\TransformsRequest.php(21): Illuminate\Pipeline\Pipeline-&gt;{closure:{closure:Illuminate\Pipeline\Pipeline::carry():183}:184}()
#46 D:\Ciclo7\github-project\capachica-project\turismo-backend\vendor\laravel\framework\src\Illuminate\Foundation\Http\Middleware\TrimStrings.php(51): Illuminate\Foundation\Http\Middleware\TransformsRequest-&gt;handle()
#47 D:\Ciclo7\github-project\capachica-project\turismo-backend\vendor\laravel\framework\src\Illuminate\Pipeline\Pipeline.php(208): Illuminate\Foundation\Http\Middleware\TrimStrings-&gt;handle()
#48 D:\Ciclo7\github-project\capachica-project\turismo-backend\vendor\laravel\framework\src\Illuminate\Http\Middleware\ValidatePostSize.php(27): Illuminate\Pipeline\Pipeline-&gt;{closure:{closure:Illuminate\Pipeline\Pipeline::carry():183}:184}()
#49 D:\Ciclo7\github-project\capachica-project\turismo-backend\vendor\laravel\framework\src\Illuminate\Pipeline\Pipeline.php(208): Illuminate\Http\Middleware\ValidatePostSize-&gt;handle()
#50 D:\Ciclo7\github-project\capachica-project\turismo-backend\vendor\laravel\framework\src\Illuminate\Foundation\Http\Middleware\PreventRequestsDuringMaintenance.php(109): Illuminate\Pipeline\Pipeline-&gt;{closure:{closure:Illuminate\Pipeline\Pipeline::carry():183}:184}()
#51 D:\Ciclo7\github-project\capachica-project\turismo-backend\vendor\laravel\framework\src\Illuminate\Pipeline\Pipeline.php(208): Illuminate\Foundation\Http\Middleware\PreventRequestsDuringMaintenance-&gt;handle()
#52 D:\Ciclo7\github-project\capachica-project\turismo-backend\vendor\laravel\framework\src\Illuminate\Http\Middleware\HandleCors.php(61): Illuminate\Pipeline\Pipeline-&gt;{closure:{closure:Illuminate\Pipeline\Pipeline::carry():183}:184}()
#53 D:\Ciclo7\github-project\capachica-project\turismo-backend\vendor\laravel\framework\src\Illuminate\Pipeline\Pipeline.php(208): Illuminate\Http\Middleware\HandleCors-&gt;handle()
#54 D:\Ciclo7\github-project\capachica-project\turismo-backend\vendor\laravel\framework\src\Illuminate\Http\Middleware\TrustProxies.php(58): Illuminate\Pipeline\Pipeline-&gt;{closure:{closure:Illuminate\Pipeline\Pipeline::carry():183}:184}()
#55 D:\Ciclo7\github-project\capachica-project\turismo-backend\vendor\laravel\framework\src\Illuminate\Pipeline\Pipeline.php(208): Illuminate\Http\Middleware\TrustProxies-&gt;handle()
#56 D:\Ciclo7\github-project\capachica-project\turismo-backend\vendor\laravel\framework\src\Illuminate\Foundation\Http\Middleware\InvokeDeferredCallbacks.php(22): Illuminate\Pipeline\Pipeline-&gt;{closure:{closure:Illuminate\Pipeline\Pipeline::carry():183}:184}()
#57 D:\Ciclo7\github-project\capachica-project\turismo-backend\vendor\laravel\framework\src\Illuminate\Pipeline\Pipeline.php(208): Illuminate\Foundation\Http\Middleware\InvokeDeferredCallbacks-&gt;handle()
#58 D:\Ciclo7\github-project\capachica-project\turismo-backend\vendor\laravel\framework\src\Illuminate\Http\Middleware\ValidatePathEncoding.php(26): Illuminate\Pipeline\Pipeline-&gt;{closure:{closure:Illuminate\Pipeline\Pipeline::carry():183}:184}()
#59 D:\Ciclo7\github-project\capachica-project\turismo-backend\vendor\laravel\framework\src\Illuminate\Pipeline\Pipeline.php(208): Illuminate\Http\Middleware\ValidatePathEncoding-&gt;handle()
#60 D:\Ciclo7\github-project\capachica-project\turismo-backend\vendor\laravel\framework\src\Illuminate\Pipeline\Pipeline.php(126): Illuminate\Pipeline\Pipeline-&gt;{closure:{closure:Illuminate\Pipeline\Pipeline::carry():183}:184}()
#61 D:\Ciclo7\github-project\capachica-project\turismo-backend\vendor\laravel\framework\src\Illuminate\Foundation\Http\Kernel.php(175): Illuminate\Pipeline\Pipeline-&gt;then()
#62 D:\Ciclo7\github-project\capachica-project\turismo-backend\vendor\laravel\framework\src\Illuminate\Foundation\Http\Kernel.php(144): Illuminate\Foundation\Http\Kernel-&gt;sendRequestThroughRouter()
#63 D:\Ciclo7\github-project\capachica-project\turismo-backend\vendor\laravel\framework\src\Illuminate\Foundation\Testing\Concerns\MakesHttpRequests.php(607): Illuminate\Foundation\Http\Kernel-&gt;handle()
#64 D:\Ciclo7\github-project\capachica-project\turismo-backend\vendor\laravel\framework\src\Illuminate\Foundation\Testing\Concerns\MakesHttpRequests.php(573): Illuminate\Foundation\Testing\TestCase-&gt;call()
#65 D:\Ciclo7\github-project\capachica-project\turismo-backend\vendor\laravel\framework\src\Illuminate\Foundation\Testing\Concerns\MakesHttpRequests.php(441): Illuminate\Foundation\Testing\TestCase-&gt;json()
#66 D:\Ciclo7\github-project\capachica-project\turismo-backend\tests\Feature\Controllers\PlanControllerTest.php(200): Illuminate\Foundation\Testing\TestCase-&gt;putJson()
#67 D:\Ciclo7\github-project\capachica-project\turismo-backend\vendor\phpunit\phpunit\src\Framework\TestCase.php(1656): Tests\Feature\Controllers\PlanControllerTest-&gt;plan_creator_can_update_plan()
#68 D:\Ciclo7\github-project\capachica-project\turismo-backend\vendor\phpunit\phpunit\src\Framework\TestCase.php(514): PHPUnit\Framework\TestCase-&gt;runTest()
#69 D:\Ciclo7\github-project\capachica-project\turismo-backend\vendor\phpunit\phpunit\src\Framework\TestRunner\TestRunner.php(87): PHPUnit\Framework\TestCase-&gt;runBare()
#70 D:\Ciclo7\github-project\capachica-project\turismo-backend\vendor\phpunit\phpunit\src\Framework\TestCase.php(361): PHPUnit\Framework\TestRunner-&gt;run()
#71 D:\Ciclo7\github-project\capachica-project\turismo-backend\vendor\phpunit\phpunit\src\Framework\TestSuite.php(369): PHPUnit\Framework\TestCase-&gt;run()
#72 D:\Ciclo7\github-project\capachica-project\turismo-backend\vendor\phpunit\phpunit\src\Framework\TestSuite.php(369): PHPUnit\Framework\TestSuite-&gt;run()
#73 D:\Ciclo7\github-project\capachica-project\turismo-backend\vendor\phpunit\phpunit\src\Framework\TestSuite.php(369): PHPUnit\Framework\TestSuite-&gt;run()
#74 D:\Ciclo7\github-project\capachica-project\turismo-backend\vendor\phpunit\phpunit\src\TextUI\TestRunner.php(64): PHPUnit\Framework\TestSuite-&gt;run()
#75 D:\Ciclo7\github-project\capachica-project\turismo-backend\vendor\phpunit\phpunit\src\TextUI\Application.php(210): PHPUnit\TextUI\TestRunner-&gt;run()
#76 D:\Ciclo7\github-project\capachica-project\turismo-backend\vendor\phpunit\phpunit\phpunit(104): PHPUnit\TextUI\Application-&gt;run()
#77 {main}

----------------------------------------------------------------------------------

There is no permission named `plan_update` for guard `web`.
&#13;
D:\Ciclo7\github-project\capachica-project\turismo-backend\vendor\laravel\framework\src\Illuminate\Testing\TestResponseAssert.php:45
D:\Ciclo7\github-project\capachica-project\turismo-backend\vendor\laravel\framework\src\Illuminate\Testing\TestResponse.php:159
D:\Ciclo7\github-project\capachica-project\turismo-backend\tests\Feature\Controllers\PlanControllerTest.php:202</failure>
        </testcase>
        <testcase name="update_nonexistent_plan_returns_404" file="D:\Ciclo7\github-project\capachica-project\turismo-backend\tests\Feature\Controllers\PlanControllerTest.php" line="219" class="Tests\Feature\Controllers\PlanControllerTest" classname="Tests.Feature.Controllers.PlanControllerTest" assertions="1" time="0.155679">
          <failure type="PHPUnit\Framework\ExpectationFailedException">Tests\Feature\Controllers\PlanControllerTest::update_nonexistent_plan_returns_404&#13;
Expected response status code [404] but received 500.
Failed asserting that 500 is identical to 404.&#13;
&#13;
The following exception occurred during the last request:

Spatie\Permission\Exceptions\PermissionDoesNotExist: There is no permission named `plan_update` for guard `web`. in D:\Ciclo7\github-project\capachica-project\turismo-backend\vendor\spatie\laravel-permission\src\Exceptions\PermissionDoesNotExist.php:11
Stack trace:
#0 D:\Ciclo7\github-project\capachica-project\turismo-backend\vendor\spatie\laravel-permission\src\Models\Permission.php(94): Spatie\Permission\Exceptions\PermissionDoesNotExist::create()
#1 D:\Ciclo7\github-project\capachica-project\turismo-backend\vendor\spatie\laravel-permission\src\Traits\HasPermissions.php(188): Spatie\Permission\Models\Permission::findByName()
#2 D:\Ciclo7\github-project\capachica-project\turismo-backend\vendor\spatie\laravel-permission\src\Traits\HasPermissions.php(215): App\Models\User-&gt;filterPermission()
#3 D:\Ciclo7\github-project\capachica-project\turismo-backend\app\Http\Requests\PlanRequest.php(32): App\Models\User-&gt;hasPermissionTo()
#4 D:\Ciclo7\github-project\capachica-project\turismo-backend\vendor\laravel\framework\src\Illuminate\Container\BoundMethod.php(36): App\Http\Requests\PlanRequest-&gt;authorize()
#5 D:\Ciclo7\github-project\capachica-project\turismo-backend\vendor\laravel\framework\src\Illuminate\Container\Util.php(43): Illuminate\Container\BoundMethod::{closure:Illuminate\Container\BoundMethod::call():35}()
#6 D:\Ciclo7\github-project\capachica-project\turismo-backend\vendor\laravel\framework\src\Illuminate\Container\BoundMethod.php(96): Illuminate\Container\Util::unwrapIfClosure()
#7 D:\Ciclo7\github-project\capachica-project\turismo-backend\vendor\laravel\framework\src\Illuminate\Container\BoundMethod.php(35): Illuminate\Container\BoundMethod::callBoundMethod()
#8 D:\Ciclo7\github-project\capachica-project\turismo-backend\vendor\laravel\framework\src\Illuminate\Container\Container.php(754): Illuminate\Container\BoundMethod::call()
#9 D:\Ciclo7\github-project\capachica-project\turismo-backend\vendor\laravel\framework\src\Illuminate\Foundation\Http\FormRequest.php(203): Illuminate\Container\Container-&gt;call()
#10 D:\Ciclo7\github-project\capachica-project\turismo-backend\vendor\laravel\framework\src\Illuminate\Validation\ValidatesWhenResolvedTrait.php(21): Illuminate\Foundation\Http\FormRequest-&gt;passesAuthorization()
#11 D:\Ciclo7\github-project\capachica-project\turismo-backend\vendor\laravel\framework\src\Illuminate\Foundation\Providers\FormRequestServiceProvider.php(30): Illuminate\Foundation\Http\FormRequest-&gt;validateResolved()
#12 D:\Ciclo7\github-project\capachica-project\turismo-backend\vendor\laravel\framework\src\Illuminate\Container\Container.php(1495): Illuminate\Foundation\Providers\FormRequestServiceProvider-&gt;{closure:Illuminate\Foundation\Providers\FormRequestServiceProvider::boot():29}()
#13 D:\Ciclo7\github-project\capachica-project\turismo-backend\vendor\laravel\framework\src\Illuminate\Container\Container.php(1431): Illuminate\Container\Container-&gt;fireCallbackArray()
#14 D:\Ciclo7\github-project\capachica-project\turismo-backend\vendor\laravel\framework\src\Illuminate\Container\Container.php(1417): Illuminate\Container\Container-&gt;fireAfterResolvingCallbacks()
#15 D:\Ciclo7\github-project\capachica-project\turismo-backend\vendor\laravel\framework\src\Illuminate\Container\Container.php(908): Illuminate\Container\Container-&gt;fireResolvingCallbacks()
#16 D:\Ciclo7\github-project\capachica-project\turismo-backend\vendor\laravel\framework\src\Illuminate\Foundation\Application.php(1077): Illuminate\Container\Container-&gt;resolve()
#17 D:\Ciclo7\github-project\capachica-project\turismo-backend\vendor\laravel\framework\src\Illuminate\Container\Container.php(821): Illuminate\Foundation\Application-&gt;resolve()
#18 D:\Ciclo7\github-project\capachica-project\turismo-backend\vendor\laravel\framework\src\Illuminate\Foundation\Application.php(1057): Illuminate\Container\Container-&gt;make()
#19 D:\Ciclo7\github-project\capachica-project\turismo-backend\vendor\laravel\framework\src\Illuminate\Routing\ResolvesRouteDependencies.php(92): Illuminate\Foundation\Application-&gt;make()
#20 D:\Ciclo7\github-project\capachica-project\turismo-backend\vendor\laravel\framework\src\Illuminate\Routing\ResolvesRouteDependencies.php(51): Illuminate\Routing\ControllerDispatcher-&gt;transformDependency()
#21 D:\Ciclo7\github-project\capachica-project\turismo-backend\vendor\laravel\framework\src\Illuminate\Routing\ResolvesRouteDependencies.php(30): Illuminate\Routing\ControllerDispatcher-&gt;resolveMethodDependencies()
#22 D:\Ciclo7\github-project\capachica-project\turismo-backend\vendor\laravel\framework\src\Illuminate\Routing\ControllerDispatcher.php(59): Illuminate\Routing\ControllerDispatcher-&gt;resolveClassMethodDependencies()
#23 D:\Ciclo7\github-project\capachica-project\turismo-backend\vendor\laravel\framework\src\Illuminate\Routing\ControllerDispatcher.php(40): Illuminate\Routing\ControllerDispatcher-&gt;resolveParameters()
#24 D:\Ciclo7\github-project\capachica-project\turismo-backend\vendor\laravel\framework\src\Illuminate\Routing\Route.php(265): Illuminate\Routing\ControllerDispatcher-&gt;dispatch()
#25 D:\Ciclo7\github-project\capachica-project\turismo-backend\vendor\laravel\framework\src\Illuminate\Routing\Route.php(211): Illuminate\Routing\Route-&gt;runController()
#26 D:\Ciclo7\github-project\capachica-project\turismo-backend\vendor\laravel\framework\src\Illuminate\Routing\Router.php(808): Illuminate\Routing\Route-&gt;run()
#27 D:\Ciclo7\github-project\capachica-project\turismo-backend\vendor\laravel\framework\src\Illuminate\Pipeline\Pipeline.php(169): Illuminate\Routing\Router-&gt;{closure:Illuminate\Routing\Router::runRouteWithinStack():807}()
#28 D:\Ciclo7\github-project\capachica-project\turismo-backend\vendor\laravel\framework\src\Illuminate\Auth\Middleware\Authenticate.php(63): Illuminate\Pipeline\Pipeline-&gt;{closure:Illuminate\Pipeline\Pipeline::prepareDestination():167}()
#29 D:\Ciclo7\github-project\capachica-project\turismo-backend\vendor\laravel\framework\src\Illuminate\Pipeline\Pipeline.php(208): Illuminate\Auth\Middleware\Authenticate-&gt;handle()
#30 D:\Ciclo7\github-project\capachica-project\turismo-backend\vendor\laravel\sanctum\src\Http\Middleware\EnsureFrontendRequestsAreStateful.php(25): Illuminate\Pipeline\Pipeline-&gt;{closure:{closure:Illuminate\Pipeline\Pipeline::carry():183}:184}()
#31 D:\Ciclo7\github-project\capachica-project\turismo-backend\vendor\laravel\framework\src\Illuminate\Pipeline\Pipeline.php(169): Laravel\Sanctum\Http\Middleware\EnsureFrontendRequestsAreStateful-&gt;{closure:Laravel\Sanctum\Http\Middleware\EnsureFrontendRequestsAreStateful::handle():24}()
#32 D:\Ciclo7\github-project\capachica-project\turismo-backend\vendor\laravel\framework\src\Illuminate\Pipeline\Pipeline.php(126): Illuminate\Pipeline\Pipeline-&gt;{closure:Illuminate\Pipeline\Pipeline::prepareDestination():167}()
#33 D:\Ciclo7\github-project\capachica-project\turismo-backend\vendor\laravel\sanctum\src\Http\Middleware\EnsureFrontendRequestsAreStateful.php(24): Illuminate\Pipeline\Pipeline-&gt;then()
#34 D:\Ciclo7\github-project\capachica-project\turismo-backend\vendor\laravel\framework\src\Illuminate\Pipeline\Pipeline.php(208): Laravel\Sanctum\Http\Middleware\EnsureFrontendRequestsAreStateful-&gt;handle()
#35 D:\Ciclo7\github-project\capachica-project\turismo-backend\vendor\laravel\framework\src\Illuminate\Pipeline\Pipeline.php(126): Illuminate\Pipeline\Pipeline-&gt;{closure:{closure:Illuminate\Pipeline\Pipeline::carry():183}:184}()
#36 D:\Ciclo7\github-project\capachica-project\turismo-backend\vendor\laravel\framework\src\Illuminate\Routing\Router.php(807): Illuminate\Pipeline\Pipeline-&gt;then()
#37 D:\Ciclo7\github-project\capachica-project\turismo-backend\vendor\laravel\framework\src\Illuminate\Routing\Router.php(786): Illuminate\Routing\Router-&gt;runRouteWithinStack()
#38 D:\Ciclo7\github-project\capachica-project\turismo-backend\vendor\laravel\framework\src\Illuminate\Routing\Router.php(750): Illuminate\Routing\Router-&gt;runRoute()
#39 D:\Ciclo7\github-project\capachica-project\turismo-backend\vendor\laravel\framework\src\Illuminate\Routing\Router.php(739): Illuminate\Routing\Router-&gt;dispatchToRoute()
#40 D:\Ciclo7\github-project\capachica-project\turismo-backend\vendor\laravel\framework\src\Illuminate\Foundation\Http\Kernel.php(200): Illuminate\Routing\Router-&gt;dispatch()
#41 D:\Ciclo7\github-project\capachica-project\turismo-backend\vendor\laravel\framework\src\Illuminate\Pipeline\Pipeline.php(169): Illuminate\Foundation\Http\Kernel-&gt;{closure:Illuminate\Foundation\Http\Kernel::dispatchToRouter():197}()
#42 D:\Ciclo7\github-project\capachica-project\turismo-backend\vendor\laravel\framework\src\Illuminate\Foundation\Http\Middleware\TransformsRequest.php(21): Illuminate\Pipeline\Pipeline-&gt;{closure:Illuminate\Pipeline\Pipeline::prepareDestination():167}()
#43 D:\Ciclo7\github-project\capachica-project\turismo-backend\vendor\laravel\framework\src\Illuminate\Foundation\Http\Middleware\ConvertEmptyStringsToNull.php(31): Illuminate\Foundation\Http\Middleware\TransformsRequest-&gt;handle()
#44 D:\Ciclo7\github-project\capachica-project\turismo-backend\vendor\laravel\framework\src\Illuminate\Pipeline\Pipeline.php(208): Illuminate\Foundation\Http\Middleware\ConvertEmptyStringsToNull-&gt;handle()
#45 D:\Ciclo7\github-project\capachica-project\turismo-backend\vendor\laravel\framework\src\Illuminate\Foundation\Http\Middleware\TransformsRequest.php(21): Illuminate\Pipeline\Pipeline-&gt;{closure:{closure:Illuminate\Pipeline\Pipeline::carry():183}:184}()
#46 D:\Ciclo7\github-project\capachica-project\turismo-backend\vendor\laravel\framework\src\Illuminate\Foundation\Http\Middleware\TrimStrings.php(51): Illuminate\Foundation\Http\Middleware\TransformsRequest-&gt;handle()
#47 D:\Ciclo7\github-project\capachica-project\turismo-backend\vendor\laravel\framework\src\Illuminate\Pipeline\Pipeline.php(208): Illuminate\Foundation\Http\Middleware\TrimStrings-&gt;handle()
#48 D:\Ciclo7\github-project\capachica-project\turismo-backend\vendor\laravel\framework\src\Illuminate\Http\Middleware\ValidatePostSize.php(27): Illuminate\Pipeline\Pipeline-&gt;{closure:{closure:Illuminate\Pipeline\Pipeline::carry():183}:184}()
#49 D:\Ciclo7\github-project\capachica-project\turismo-backend\vendor\laravel\framework\src\Illuminate\Pipeline\Pipeline.php(208): Illuminate\Http\Middleware\ValidatePostSize-&gt;handle()
#50 D:\Ciclo7\github-project\capachica-project\turismo-backend\vendor\laravel\framework\src\Illuminate\Foundation\Http\Middleware\PreventRequestsDuringMaintenance.php(109): Illuminate\Pipeline\Pipeline-&gt;{closure:{closure:Illuminate\Pipeline\Pipeline::carry():183}:184}()
#51 D:\Ciclo7\github-project\capachica-project\turismo-backend\vendor\laravel\framework\src\Illuminate\Pipeline\Pipeline.php(208): Illuminate\Foundation\Http\Middleware\PreventRequestsDuringMaintenance-&gt;handle()
#52 D:\Ciclo7\github-project\capachica-project\turismo-backend\vendor\laravel\framework\src\Illuminate\Http\Middleware\HandleCors.php(61): Illuminate\Pipeline\Pipeline-&gt;{closure:{closure:Illuminate\Pipeline\Pipeline::carry():183}:184}()
#53 D:\Ciclo7\github-project\capachica-project\turismo-backend\vendor\laravel\framework\src\Illuminate\Pipeline\Pipeline.php(208): Illuminate\Http\Middleware\HandleCors-&gt;handle()
#54 D:\Ciclo7\github-project\capachica-project\turismo-backend\vendor\laravel\framework\src\Illuminate\Http\Middleware\TrustProxies.php(58): Illuminate\Pipeline\Pipeline-&gt;{closure:{closure:Illuminate\Pipeline\Pipeline::carry():183}:184}()
#55 D:\Ciclo7\github-project\capachica-project\turismo-backend\vendor\laravel\framework\src\Illuminate\Pipeline\Pipeline.php(208): Illuminate\Http\Middleware\TrustProxies-&gt;handle()
#56 D:\Ciclo7\github-project\capachica-project\turismo-backend\vendor\laravel\framework\src\Illuminate\Foundation\Http\Middleware\InvokeDeferredCallbacks.php(22): Illuminate\Pipeline\Pipeline-&gt;{closure:{closure:Illuminate\Pipeline\Pipeline::carry():183}:184}()
#57 D:\Ciclo7\github-project\capachica-project\turismo-backend\vendor\laravel\framework\src\Illuminate\Pipeline\Pipeline.php(208): Illuminate\Foundation\Http\Middleware\InvokeDeferredCallbacks-&gt;handle()
#58 D:\Ciclo7\github-project\capachica-project\turismo-backend\vendor\laravel\framework\src\Illuminate\Http\Middleware\ValidatePathEncoding.php(26): Illuminate\Pipeline\Pipeline-&gt;{closure:{closure:Illuminate\Pipeline\Pipeline::carry():183}:184}()
#59 D:\Ciclo7\github-project\capachica-project\turismo-backend\vendor\laravel\framework\src\Illuminate\Pipeline\Pipeline.php(208): Illuminate\Http\Middleware\ValidatePathEncoding-&gt;handle()
#60 D:\Ciclo7\github-project\capachica-project\turismo-backend\vendor\laravel\framework\src\Illuminate\Pipeline\Pipeline.php(126): Illuminate\Pipeline\Pipeline-&gt;{closure:{closure:Illuminate\Pipeline\Pipeline::carry():183}:184}()
#61 D:\Ciclo7\github-project\capachica-project\turismo-backend\vendor\laravel\framework\src\Illuminate\Foundation\Http\Kernel.php(175): Illuminate\Pipeline\Pipeline-&gt;then()
#62 D:\Ciclo7\github-project\capachica-project\turismo-backend\vendor\laravel\framework\src\Illuminate\Foundation\Http\Kernel.php(144): Illuminate\Foundation\Http\Kernel-&gt;sendRequestThroughRouter()
#63 D:\Ciclo7\github-project\capachica-project\turismo-backend\vendor\laravel\framework\src\Illuminate\Foundation\Testing\Concerns\MakesHttpRequests.php(607): Illuminate\Foundation\Http\Kernel-&gt;handle()
#64 D:\Ciclo7\github-project\capachica-project\turismo-backend\vendor\laravel\framework\src\Illuminate\Foundation\Testing\Concerns\MakesHttpRequests.php(573): Illuminate\Foundation\Testing\TestCase-&gt;call()
#65 D:\Ciclo7\github-project\capachica-project\turismo-backend\vendor\laravel\framework\src\Illuminate\Foundation\Testing\Concerns\MakesHttpRequests.php(441): Illuminate\Foundation\Testing\TestCase-&gt;json()
#66 D:\Ciclo7\github-project\capachica-project\turismo-backend\tests\Feature\Controllers\PlanControllerTest.php(229): Illuminate\Foundation\Testing\TestCase-&gt;putJson()
#67 D:\Ciclo7\github-project\capachica-project\turismo-backend\vendor\phpunit\phpunit\src\Framework\TestCase.php(1656): Tests\Feature\Controllers\PlanControllerTest-&gt;update_nonexistent_plan_returns_404()
#68 D:\Ciclo7\github-project\capachica-project\turismo-backend\vendor\phpunit\phpunit\src\Framework\TestCase.php(514): PHPUnit\Framework\TestCase-&gt;runTest()
#69 D:\Ciclo7\github-project\capachica-project\turismo-backend\vendor\phpunit\phpunit\src\Framework\TestRunner\TestRunner.php(87): PHPUnit\Framework\TestCase-&gt;runBare()
#70 D:\Ciclo7\github-project\capachica-project\turismo-backend\vendor\phpunit\phpunit\src\Framework\TestCase.php(361): PHPUnit\Framework\TestRunner-&gt;run()
#71 D:\Ciclo7\github-project\capachica-project\turismo-backend\vendor\phpunit\phpunit\src\Framework\TestSuite.php(369): PHPUnit\Framework\TestCase-&gt;run()
#72 D:\Ciclo7\github-project\capachica-project\turismo-backend\vendor\phpunit\phpunit\src\Framework\TestSuite.php(369): PHPUnit\Framework\TestSuite-&gt;run()
#73 D:\Ciclo7\github-project\capachica-project\turismo-backend\vendor\phpunit\phpunit\src\Framework\TestSuite.php(369): PHPUnit\Framework\TestSuite-&gt;run()
#74 D:\Ciclo7\github-project\capachica-project\turismo-backend\vendor\phpunit\phpunit\src\TextUI\TestRunner.php(64): PHPUnit\Framework\TestSuite-&gt;run()
#75 D:\Ciclo7\github-project\capachica-project\turismo-backend\vendor\phpunit\phpunit\src\TextUI\Application.php(210): PHPUnit\TextUI\TestRunner-&gt;run()
#76 D:\Ciclo7\github-project\capachica-project\turismo-backend\vendor\phpunit\phpunit\phpunit(104): PHPUnit\TextUI\Application-&gt;run()
#77 {main}

----------------------------------------------------------------------------------

There is no permission named `plan_update` for guard `web`.
&#13;
D:\Ciclo7\github-project\capachica-project\turismo-backend\vendor\laravel\framework\src\Illuminate\Testing\TestResponseAssert.php:45
D:\Ciclo7\github-project\capachica-project\turismo-backend\vendor\laravel\framework\src\Illuminate\Testing\TestResponse.php:159
D:\Ciclo7\github-project\capachica-project\turismo-backend\tests\Feature\Controllers\PlanControllerTest.php:231</failure>
        </testcase>
        <testcase name="plan_creator_can_delete_plan" file="D:\Ciclo7\github-project\capachica-project\turismo-backend\tests\Feature\Controllers\PlanControllerTest.php" line="239" class="Tests\Feature\Controllers\PlanControllerTest" classname="Tests.Feature.Controllers.PlanControllerTest" assertions="3" time="0.171652">
          <error type="Illuminate\Database\QueryException">Tests\Feature\Controllers\PlanControllerTest::plan_creator_can_delete_plan&#13;
Illuminate\Database\QueryException: SQLSTATE[42P01]: Undefined table: 7 ERROR:  no existe la relación «planes»
LINE 1: select exists(select * from "planes" where ("id" = $1)) as "...
                                    ^ (Connection: pgsql, SQL: select exists(select * from "planes" where ("id" = 12)) as "exists")
&#13;
D:\Ciclo7\github-project\capachica-project\turismo-backend\vendor\laravel\framework\src\Illuminate\Database\Connection.php:822
D:\Ciclo7\github-project\capachica-project\turismo-backend\vendor\laravel\framework\src\Illuminate\Database\Connection.php:776
D:\Ciclo7\github-project\capachica-project\turismo-backend\vendor\laravel\framework\src\Illuminate\Database\Connection.php:395
D:\Ciclo7\github-project\capachica-project\turismo-backend\vendor\laravel\framework\src\Illuminate\Database\Query\Builder.php:3479
D:\Ciclo7\github-project\capachica-project\turismo-backend\vendor\laravel\framework\src\Illuminate\Testing\Constraints\HasInDatabase.php:55
D:\Ciclo7\github-project\capachica-project\turismo-backend\vendor\laravel\framework\src\Illuminate\Foundation\Testing\Concerns\InteractsWithDatabase.php:64
D:\Ciclo7\github-project\capachica-project\turismo-backend\tests\Feature\Controllers\PlanControllerTest.php:249</error>
        </testcase>
        <testcase name="delete_nonexistent_plan_returns_404" file="D:\Ciclo7\github-project\capachica-project\turismo-backend\tests\Feature\Controllers\PlanControllerTest.php" line="255" class="Tests\Feature\Controllers\PlanControllerTest" classname="Tests.Feature.Controllers.PlanControllerTest" assertions="2" time="0.141122"/>
        <testcase name="user_can_search_plans" file="D:\Ciclo7\github-project\capachica-project\turismo-backend\tests\Feature\Controllers\PlanControllerTest.php" line="267" class="Tests\Feature\Controllers\PlanControllerTest" classname="Tests.Feature.Controllers.PlanControllerTest" assertions="0" time="0.157790">
          <error type="Illuminate\Database\QueryException">Tests\Feature\Controllers\PlanControllerTest::user_can_search_plans&#13;
Illuminate\Database\QueryException: SQLSTATE[23514]: Check violation: 7 ERROR:  el nuevo registro para la relación «plans» viola la restricción «check» «plans_estado_check»
DETAIL:  La fila que falla contiene (15, Plan de Aventura, Captura la belleza natural y cultural del Titicaca con guías es..., 20, t, borrador, 336, 2025-07-01 00:11:14, 2025-07-01 00:11:14, 7, Transporte ida y vuelta, guía especializado, todas las comidas,..., plans/d8f555f7-1e63-3193-8c2c-56ee25bef17e.jpg, ["plans\/gallery\/89c1bc07-dc15-33d1-ba9c-c35ef6b42ff4.jpg","pla..., 163, 1171.92, facil, Edad mínima 12 años, condición física básica, no apto para ..., Ropa abrigada, protector solar factor 50+, gorra, lentes de sol,...). (Connection: pgsql, SQL: insert into "plans" ("nombre", "descripcion", "que_incluye", "capacidad", "duracion_dias", "es_publico", "estado", "creado_por_usuario_id", "emprendedor_id", "precio_total", "dificultad", "requerimientos", "que_llevar", "imagen_principal", "imagenes_galeria", "updated_at", "created_at") values (Plan de Aventura, Captura la belleza natural y cultural del Titicaca con guías especializados en fotografía de paisajes. Nisi optio incidunt est eos ipsum repellat sit est ut consectetur ea., Transporte ida y vuelta, guía especializado, todas las comidas, hospedaje en casas locales, 20, 7, 1, borrador, 336, 163, 1171.92, facil, Edad mínima 12 años, condición física básica, no apto para embarazadas, Ropa abrigada, protector solar factor 50+, gorra, lentes de sol, cámara fotográfica, plans/d8f555f7-1e63-3193-8c2c-56ee25bef17e.jpg, ["plans\/gallery\/89c1bc07-dc15-33d1-ba9c-c35ef6b42ff4.jpg","plans\/gallery\/bc57dcff-28a5-3f2e-9029-bf923160770c.jpg","plans\/gallery\/32ee509a-c042-37d8-9deb-973654441fc6.jpg","plans\/gallery\/ee541e28-96e5-3852-9576-36f8d6377193.jpg","plans\/gallery\/c634cb36-0992-32db-94c7-149951af92fd.jpg"], 2025-07-01 00:11:14, 2025-07-01 00:11:14) returning "id")
&#13;
D:\Ciclo7\github-project\capachica-project\turismo-backend\vendor\laravel\framework\src\Illuminate\Database\Connection.php:822
D:\Ciclo7\github-project\capachica-project\turismo-backend\vendor\laravel\framework\src\Illuminate\Database\Connection.php:776
D:\Ciclo7\github-project\capachica-project\turismo-backend\vendor\laravel\framework\src\Illuminate\Database\Connection.php:395
D:\Ciclo7\github-project\capachica-project\turismo-backend\vendor\laravel\framework\src\Illuminate\Database\Connection.php:382
D:\Ciclo7\github-project\capachica-project\turismo-backend\vendor\laravel\framework\src\Illuminate\Database\Query\Processors\PostgresProcessor.php:24
D:\Ciclo7\github-project\capachica-project\turismo-backend\vendor\laravel\framework\src\Illuminate\Database\Query\Builder.php:3769
D:\Ciclo7\github-project\capachica-project\turismo-backend\vendor\laravel\framework\src\Illuminate\Database\Eloquent\Builder.php:2208
D:\Ciclo7\github-project\capachica-project\turismo-backend\vendor\laravel\framework\src\Illuminate\Database\Eloquent\Model.php:1408
D:\Ciclo7\github-project\capachica-project\turismo-backend\vendor\laravel\framework\src\Illuminate\Database\Eloquent\Model.php:1373
D:\Ciclo7\github-project\capachica-project\turismo-backend\vendor\laravel\framework\src\Illuminate\Database\Eloquent\Model.php:1212
D:\Ciclo7\github-project\capachica-project\turismo-backend\vendor\laravel\framework\src\Illuminate\Database\Eloquent\Factories\Factory.php:351
D:\Ciclo7\github-project\capachica-project\turismo-backend\vendor\laravel\framework\src\Illuminate\Collections\Traits\EnumeratesValues.php:274
D:\Ciclo7\github-project\capachica-project\turismo-backend\vendor\laravel\framework\src\Illuminate\Database\Eloquent\Factories\Factory.php:346
D:\Ciclo7\github-project\capachica-project\turismo-backend\vendor\laravel\framework\src\Illuminate\Database\Eloquent\Factories\Factory.php:302
D:\Ciclo7\github-project\capachica-project\turismo-backend\vendor\laravel\framework\src\Illuminate\Database\Eloquent\Factories\Factory.php:296
D:\Ciclo7\github-project\capachica-project\turismo-backend\tests\Feature\Controllers\PlanControllerTest.php:269</error>
        </testcase>
        <testcase name="search_requires_search_term" file="D:\Ciclo7\github-project\capachica-project\turismo-backend\tests\Feature\Controllers\PlanControllerTest.php" line="279" class="Tests\Feature\Controllers\PlanControllerTest" classname="Tests.Feature.Controllers.PlanControllerTest" assertions="1" time="0.140654">
          <failure type="PHPUnit\Framework\ExpectationFailedException">Tests\Feature\Controllers\PlanControllerTest::search_requires_search_term&#13;
Expected response status code [400] but received 404.
Failed asserting that 404 is identical to 400.
&#13;
D:\Ciclo7\github-project\capachica-project\turismo-backend\vendor\laravel\framework\src\Illuminate\Testing\TestResponseAssert.php:45
D:\Ciclo7\github-project\capachica-project\turismo-backend\vendor\laravel\framework\src\Illuminate\Testing\TestResponse.php:159
D:\Ciclo7\github-project\capachica-project\turismo-backend\tests\Feature\Controllers\PlanControllerTest.php:283</failure>
        </testcase>
        <testcase name="user_can_get_plan_statistics" file="D:\Ciclo7\github-project\capachica-project\turismo-backend\tests\Feature\Controllers\PlanControllerTest.php" line="291" class="Tests\Feature\Controllers\PlanControllerTest" classname="Tests.Feature.Controllers.PlanControllerTest" assertions="4" time="0.163966"/>
        <testcase name="get_statistics_for_nonexistent_plan_returns_404" file="D:\Ciclo7\github-project\capachica-project\turismo-backend\tests\Feature\Controllers\PlanControllerTest.php" line="304" class="Tests\Feature\Controllers\PlanControllerTest" classname="Tests.Feature.Controllers.PlanControllerTest" assertions="2" time="0.142350"/>
        <testcase name="plan_creator_can_change_plan_status" file="D:\Ciclo7\github-project\capachica-project\turismo-backend\tests\Feature\Controllers\PlanControllerTest.php" line="316" class="Tests\Feature\Controllers\PlanControllerTest" classname="Tests.Feature.Controllers.PlanControllerTest" assertions="1" time="0.162199">
          <failure type="PHPUnit\Framework\ExpectationFailedException">Tests\Feature\Controllers\PlanControllerTest::plan_creator_can_change_plan_status&#13;
Expected response status code [200] but received 500.
Failed asserting that 500 is identical to 200.
&#13;
D:\Ciclo7\github-project\capachica-project\turismo-backend\vendor\laravel\framework\src\Illuminate\Testing\TestResponseAssert.php:45
D:\Ciclo7\github-project\capachica-project\turismo-backend\vendor\laravel\framework\src\Illuminate\Testing\TestResponse.php:159
D:\Ciclo7\github-project\capachica-project\turismo-backend\tests\Feature\Controllers\PlanControllerTest.php:322</failure>
        </testcase>
        <testcase name="change_status_validates_valid_status" file="D:\Ciclo7\github-project\capachica-project\turismo-backend\tests\Feature\Controllers\PlanControllerTest.php" line="335" class="Tests\Feature\Controllers\PlanControllerTest" classname="Tests.Feature.Controllers.PlanControllerTest" assertions="1" time="0.157867">
          <failure type="PHPUnit\Framework\ExpectationFailedException">Tests\Feature\Controllers\PlanControllerTest::change_status_validates_valid_status&#13;
Expected response status code [400] but received 500.
Failed asserting that 500 is identical to 400.
&#13;
D:\Ciclo7\github-project\capachica-project\turismo-backend\vendor\laravel\framework\src\Illuminate\Testing\TestResponseAssert.php:45
D:\Ciclo7\github-project\capachica-project\turismo-backend\vendor\laravel\framework\src\Illuminate\Testing\TestResponse.php:159
D:\Ciclo7\github-project\capachica-project\turismo-backend\tests\Feature\Controllers\PlanControllerTest.php:341</failure>
        </testcase>
        <testcase name="unauthorized_user_cannot_change_plan_status" file="D:\Ciclo7\github-project\capachica-project\turismo-backend\tests\Feature\Controllers\PlanControllerTest.php" line="349" class="Tests\Feature\Controllers\PlanControllerTest" classname="Tests.Feature.Controllers.PlanControllerTest" assertions="1" time="0.176971">
          <failure type="PHPUnit\Framework\ExpectationFailedException">Tests\Feature\Controllers\PlanControllerTest::unauthorized_user_cannot_change_plan_status&#13;
Expected response status code [403] but received 500.
Failed asserting that 500 is identical to 403.
&#13;
D:\Ciclo7\github-project\capachica-project\turismo-backend\vendor\laravel\framework\src\Illuminate\Testing\TestResponseAssert.php:45
D:\Ciclo7\github-project\capachica-project\turismo-backend\vendor\laravel\framework\src\Illuminate\Testing\TestResponse.php:159
D:\Ciclo7\github-project\capachica-project\turismo-backend\tests\Feature\Controllers\PlanControllerTest.php:360</failure>
        </testcase>
        <testcase name="admin_can_change_any_plan_status" file="D:\Ciclo7\github-project\capachica-project\turismo-backend\tests\Feature\Controllers\PlanControllerTest.php" line="368" class="Tests\Feature\Controllers\PlanControllerTest" classname="Tests.Feature.Controllers.PlanControllerTest" assertions="0" time="0.181218">
          <error type="Illuminate\Database\QueryException">Tests\Feature\Controllers\PlanControllerTest::admin_can_change_any_plan_status&#13;
Illuminate\Database\QueryException: SQLSTATE[23514]: Check violation: 7 ERROR:  el nuevo registro para la relación «plans» viola la restricción «check» «plans_estado_check»
DETAIL:  La fila que falla contiene (24, Aventura Acuática Premium, Sumérgete en las tradiciones ancestrales de Capachica con activ..., 8, t, borrador, 346, 2025-07-01 00:11:15, 2025-07-01 00:11:15, 5, Guía bilingüe, entrada a sitios arqueológicos, kit de primero..., plans/43fa289a-f6b9-32e2-ab2c-c26eabc66c6d.jpg, ["plans\/gallery\/b2702a03-92db-3e0a-a0b0-161f4fe9e58d.jpg","pla..., 172, 431.03, dificil, Saber nadar, no tener problemas cardíacos, edad entre 16-65 añ..., Libreta de notas, materiales de arte, ropa cómoda, gorro de lan...). (Connection: pgsql, SQL: insert into "plans" ("nombre", "descripcion", "que_incluye", "capacidad", "duracion_dias", "es_publico", "estado", "creado_por_usuario_id", "emprendedor_id", "precio_total", "dificultad", "requerimientos", "que_llevar", "imagen_principal", "imagenes_galeria", "updated_at", "created_at") values (Aventura Acuática Premium, Sumérgete en las tradiciones ancestrales de Capachica con actividades auténticas y encuentros comunitarios. In quaerat quia et cum cumque tenetur autem reiciendis libero consequuntur laboriosam voluptatibus., Guía bilingüe, entrada a sitios arqueológicos, kit de primeros auxilios, seguro de viaje, 8, 5, 1, borrador, 346, 172, 431.03, dificil, Saber nadar, no tener problemas cardíacos, edad entre 16-65 años, Libreta de notas, materiales de arte, ropa cómoda, gorro de lana, plans/43fa289a-f6b9-32e2-ab2c-c26eabc66c6d.jpg, ["plans\/gallery\/b2702a03-92db-3e0a-a0b0-161f4fe9e58d.jpg","plans\/gallery\/a5a028c2-b7a2-35e8-948a-4b05d3e44780.jpg","plans\/gallery\/c2aabf40-524e-36e3-ba84-4d5355d51025.jpg","plans\/gallery\/34752c8f-9e2b-38af-a1f3-89d46b0ff91d.jpg","plans\/gallery\/80f9ef34-4001-392e-9691-360b93125e9c.jpg"], 2025-07-01 00:11:15, 2025-07-01 00:11:15) returning "id")
&#13;
D:\Ciclo7\github-project\capachica-project\turismo-backend\vendor\laravel\framework\src\Illuminate\Database\Connection.php:822
D:\Ciclo7\github-project\capachica-project\turismo-backend\vendor\laravel\framework\src\Illuminate\Database\Connection.php:776
D:\Ciclo7\github-project\capachica-project\turismo-backend\vendor\laravel\framework\src\Illuminate\Database\Connection.php:395
D:\Ciclo7\github-project\capachica-project\turismo-backend\vendor\laravel\framework\src\Illuminate\Database\Connection.php:382
D:\Ciclo7\github-project\capachica-project\turismo-backend\vendor\laravel\framework\src\Illuminate\Database\Query\Processors\PostgresProcessor.php:24
D:\Ciclo7\github-project\capachica-project\turismo-backend\vendor\laravel\framework\src\Illuminate\Database\Query\Builder.php:3769
D:\Ciclo7\github-project\capachica-project\turismo-backend\vendor\laravel\framework\src\Illuminate\Database\Eloquent\Builder.php:2208
D:\Ciclo7\github-project\capachica-project\turismo-backend\vendor\laravel\framework\src\Illuminate\Database\Eloquent\Model.php:1408
D:\Ciclo7\github-project\capachica-project\turismo-backend\vendor\laravel\framework\src\Illuminate\Database\Eloquent\Model.php:1373
D:\Ciclo7\github-project\capachica-project\turismo-backend\vendor\laravel\framework\src\Illuminate\Database\Eloquent\Model.php:1212
D:\Ciclo7\github-project\capachica-project\turismo-backend\vendor\laravel\framework\src\Illuminate\Database\Eloquent\Factories\Factory.php:351
D:\Ciclo7\github-project\capachica-project\turismo-backend\vendor\laravel\framework\src\Illuminate\Collections\Traits\EnumeratesValues.php:274
D:\Ciclo7\github-project\capachica-project\turismo-backend\vendor\laravel\framework\src\Illuminate\Database\Eloquent\Factories\Factory.php:346
D:\Ciclo7\github-project\capachica-project\turismo-backend\vendor\laravel\framework\src\Illuminate\Database\Eloquent\Factories\Factory.php:302
D:\Ciclo7\github-project\capachica-project\turismo-backend\vendor\laravel\framework\src\Illuminate\Database\Eloquent\Factories\Factory.php:296
D:\Ciclo7\github-project\capachica-project\turismo-backend\tests\Feature\Controllers\PlanControllerTest.php:374</error>
        </testcase>
        <testcase name="user_can_get_public_plans" file="D:\Ciclo7\github-project\capachica-project\turismo-backend\tests\Feature\Controllers\PlanControllerTest.php" line="392" class="Tests\Feature\Controllers\PlanControllerTest" classname="Tests.Feature.Controllers.PlanControllerTest" assertions="9" time="0.419848">
          <failure type="PHPUnit\Framework\ExpectationFailedException">Tests\Feature\Controllers\PlanControllerTest::user_can_get_public_plans&#13;
Failed asserting that an array has the key 'es_publico'.
&#13;
D:\Ciclo7\github-project\capachica-project\turismo-backend\vendor\laravel\framework\src\Illuminate\Testing\AssertableJsonString.php:301
D:\Ciclo7\github-project\capachica-project\turismo-backend\vendor\laravel\framework\src\Illuminate\Testing\AssertableJsonString.php:276
D:\Ciclo7\github-project\capachica-project\turismo-backend\vendor\laravel\framework\src\Illuminate\Testing\AssertableJsonString.php:294
D:\Ciclo7\github-project\capachica-project\turismo-backend\vendor\laravel\framework\src\Illuminate\Testing\AssertableJsonString.php:276
D:\Ciclo7\github-project\capachica-project\turismo-backend\vendor\laravel\framework\src\Illuminate\Testing\AssertableJsonString.php:299
D:\Ciclo7\github-project\capachica-project\turismo-backend\vendor\laravel\framework\src\Illuminate\Testing\AssertableJsonString.php:276
D:\Ciclo7\github-project\capachica-project\turismo-backend\vendor\laravel\framework\src\Illuminate\Testing\AssertableJsonString.php:299
D:\Ciclo7\github-project\capachica-project\turismo-backend\vendor\laravel\framework\src\Illuminate\Testing\TestResponse.php:894
D:\Ciclo7\github-project\capachica-project\turismo-backend\tests\Feature\Controllers\PlanControllerTest.php:400</failure>
        </testcase>
        <testcase name="public_plans_can_be_filtered" file="D:\Ciclo7\github-project\capachica-project\turismo-backend\tests\Feature\Controllers\PlanControllerTest.php" line="423" class="Tests\Feature\Controllers\PlanControllerTest" classname="Tests.Feature.Controllers.PlanControllerTest" assertions="2" time="0.218951"/>
        <testcase name="unauthenticated_user_cannot_create_plan" file="D:\Ciclo7\github-project\capachica-project\turismo-backend\tests\Feature\Controllers\PlanControllerTest.php" line="454" class="Tests\Feature\Controllers\PlanControllerTest" classname="Tests.Feature.Controllers.PlanControllerTest" assertions="0" time="0.131424">
          <error type="BadMethodCallException">Tests\Feature\Controllers\PlanControllerTest::unauthenticated_user_cannot_create_plan&#13;
BadMethodCallException: Method Illuminate\Auth\RequestGuard::logout does not exist.
&#13;
D:\Ciclo7\github-project\capachica-project\turismo-backend\vendor\laravel\framework\src\Illuminate\Macroable\Traits\Macroable.php:115
D:\Ciclo7\github-project\capachica-project\turismo-backend\vendor\laravel\framework\src\Illuminate\Auth\AuthManager.php:338
D:\Ciclo7\github-project\capachica-project\turismo-backend\tests\Feature\Controllers\PlanControllerTest.php:456</error>
        </testcase>
        <testcase name="unauthenticated_user_can_view_public_plans" file="D:\Ciclo7\github-project\capachica-project\turismo-backend\tests\Feature\Controllers\PlanControllerTest.php" line="472" class="Tests\Feature\Controllers\PlanControllerTest" classname="Tests.Feature.Controllers.PlanControllerTest" assertions="0" time="0.136205">
          <error type="BadMethodCallException">Tests\Feature\Controllers\PlanControllerTest::unauthenticated_user_can_view_public_plans&#13;
BadMethodCallException: Method Illuminate\Auth\RequestGuard::logout does not exist.
&#13;
D:\Ciclo7\github-project\capachica-project\turismo-backend\vendor\laravel\framework\src\Illuminate\Macroable\Traits\Macroable.php:115
D:\Ciclo7\github-project\capachica-project\turismo-backend\vendor\laravel\framework\src\Illuminate\Auth\AuthManager.php:338
D:\Ciclo7\github-project\capachica-project\turismo-backend\tests\Feature\Controllers\PlanControllerTest.php:474</error>
        </testcase>
      </testsuite>
      <testsuite name="Tests\Feature\Controllers\ReservaControllerTest" file="D:\Ciclo7\github-project\capachica-project\turismo-backend\tests\Feature\Controllers\ReservaControllerTest.php" tests="26" assertions="112" errors="0" failures="5" skipped="0" time="6.556072">
        <testcase name="admin_puede_obtener_todas_las_reservas" file="D:\Ciclo7\github-project\capachica-project\turismo-backend\tests\Feature\Controllers\ReservaControllerTest.php" line="61" class="Tests\Feature\Controllers\ReservaControllerTest" classname="Tests.Feature.Controllers.ReservaControllerTest" assertions="49" time="0.422830"/>
        <testcase name="usuario_solo_puede_ver_sus_propias_reservas" file="D:\Ciclo7\github-project\capachica-project\turismo-backend\tests\Feature\Controllers\ReservaControllerTest.php" line="96" class="Tests\Feature\Controllers\ReservaControllerTest" classname="Tests.Feature.Controllers.ReservaControllerTest" assertions="5" time="0.248771"/>
        <testcase name="puede_obtener_reserva_por_id" file="D:\Ciclo7\github-project\capachica-project\turismo-backend\tests\Feature\Controllers\ReservaControllerTest.php" line="118" class="Tests\Feature\Controllers\ReservaControllerTest" classname="Tests.Feature.Controllers.ReservaControllerTest" assertions="2" time="0.229125"/>
        <testcase name="usuario_no_puede_ver_reserva_de_otro_usuario" file="D:\Ciclo7\github-project\capachica-project\turismo-backend\tests\Feature\Controllers\ReservaControllerTest.php" line="141" class="Tests\Feature\Controllers\ReservaControllerTest" classname="Tests.Feature.Controllers.ReservaControllerTest" assertions="2" time="0.221455"/>
        <testcase name="admin_puede_ver_cualquier_reserva" file="D:\Ciclo7\github-project\capachica-project\turismo-backend\tests\Feature\Controllers\ReservaControllerTest.php" line="159" class="Tests\Feature\Controllers\ReservaControllerTest" classname="Tests.Feature.Controllers.ReservaControllerTest" assertions="2" time="0.350429"/>
        <testcase name="retorna_404_cuando_reserva_no_existe" file="D:\Ciclo7\github-project\capachica-project\turismo-backend\tests\Feature\Controllers\ReservaControllerTest.php" line="180" class="Tests\Feature\Controllers\ReservaControllerTest" classname="Tests.Feature.Controllers.ReservaControllerTest" assertions="1" time="0.235071">
          <failure type="PHPUnit\Framework\ExpectationFailedException">Tests\Feature\Controllers\ReservaControllerTest::retorna_404_cuando_reserva_no_existe&#13;
Expected response status code [404] but received 500.
Failed asserting that 500 is identical to 404.
&#13;
D:\Ciclo7\github-project\capachica-project\turismo-backend\vendor\laravel\framework\src\Illuminate\Testing\TestResponseAssert.php:45
D:\Ciclo7\github-project\capachica-project\turismo-backend\vendor\laravel\framework\src\Illuminate\Testing\TestResponse.php:159
D:\Ciclo7\github-project\capachica-project\turismo-backend\tests\Feature\Controllers\ReservaControllerTest.php:189</failure>
        </testcase>
        <testcase name="puede_crear_reserva_con_servicios" file="D:\Ciclo7\github-project\capachica-project\turismo-backend\tests\Feature\Controllers\ReservaControllerTest.php" line="197" class="Tests\Feature\Controllers\ReservaControllerTest" classname="Tests.Feature.Controllers.ReservaControllerTest" assertions="4" time="0.261400"/>
        <testcase name="valida_datos_requeridos_al_crear_reserva" file="D:\Ciclo7\github-project\capachica-project\turismo-backend\tests\Feature\Controllers\ReservaControllerTest.php" line="244" class="Tests\Feature\Controllers\ReservaControllerTest" classname="Tests.Feature.Controllers.ReservaControllerTest" assertions="1" time="0.211375"/>
        <testcase name="puede_actualizar_reserva_propia" file="D:\Ciclo7\github-project\capachica-project\turismo-backend\tests\Feature\Controllers\ReservaControllerTest.php" line="258" class="Tests\Feature\Controllers\ReservaControllerTest" classname="Tests.Feature.Controllers.ReservaControllerTest" assertions="1" time="0.233399">
          <failure type="PHPUnit\Framework\ExpectationFailedException">Tests\Feature\Controllers\ReservaControllerTest::puede_actualizar_reserva_propia&#13;
Expected response status code [200] but received 422.
Failed asserting that 422 is identical to 200.&#13;
&#13;
The following errors occurred during the last request:

{
    "success": false,
    "message": "Error de validación",
    "errors": {
        "servicios": [
            "The servicios field is required."
        ]
    }
}
&#13;
D:\Ciclo7\github-project\capachica-project\turismo-backend\vendor\laravel\framework\src\Illuminate\Testing\TestResponseAssert.php:45
D:\Ciclo7\github-project\capachica-project\turismo-backend\vendor\laravel\framework\src\Illuminate\Testing\TestResponse.php:159
D:\Ciclo7\github-project\capachica-project\turismo-backend\tests\Feature\Controllers\ReservaControllerTest.php:273</failure>
        </testcase>
        <testcase name="no_puede_actualizar_reserva_de_otro_usuario" file="D:\Ciclo7\github-project\capachica-project\turismo-backend\tests\Feature\Controllers\ReservaControllerTest.php" line="286" class="Tests\Feature\Controllers\ReservaControllerTest" classname="Tests.Feature.Controllers.ReservaControllerTest" assertions="1" time="0.214488">
          <failure type="PHPUnit\Framework\ExpectationFailedException">Tests\Feature\Controllers\ReservaControllerTest::no_puede_actualizar_reserva_de_otro_usuario&#13;
Expected response status code [403] but received 422.
Failed asserting that 422 is identical to 403.&#13;
&#13;
The following errors occurred during the last request:

{
    "success": false,
    "message": "Error de validación",
    "errors": {
        "servicios": [
            "The servicios field is required."
        ]
    }
}
&#13;
D:\Ciclo7\github-project\capachica-project\turismo-backend\vendor\laravel\framework\src\Illuminate\Testing\TestResponseAssert.php:45
D:\Ciclo7\github-project\capachica-project\turismo-backend\vendor\laravel\framework\src\Illuminate\Testing\TestResponse.php:159
D:\Ciclo7\github-project\capachica-project\turismo-backend\tests\Feature\Controllers\ReservaControllerTest.php:298</failure>
        </testcase>
        <testcase name="admin_puede_actualizar_cualquier_reserva" file="D:\Ciclo7\github-project\capachica-project\turismo-backend\tests\Feature\Controllers\ReservaControllerTest.php" line="306" class="Tests\Feature\Controllers\ReservaControllerTest" classname="Tests.Feature.Controllers.ReservaControllerTest" assertions="1" time="0.222475">
          <failure type="PHPUnit\Framework\ExpectationFailedException">Tests\Feature\Controllers\ReservaControllerTest::admin_puede_actualizar_cualquier_reserva&#13;
Expected response status code [200] but received 422.
Failed asserting that 422 is identical to 200.&#13;
&#13;
The following errors occurred during the last request:

{
    "success": false,
    "message": "Error de validación",
    "errors": {
        "servicios": [
            "The servicios field is required."
        ]
    }
}
&#13;
D:\Ciclo7\github-project\capachica-project\turismo-backend\vendor\laravel\framework\src\Illuminate\Testing\TestResponseAssert.php:45
D:\Ciclo7\github-project\capachica-project\turismo-backend\vendor\laravel\framework\src\Illuminate\Testing\TestResponse.php:159
D:\Ciclo7\github-project\capachica-project\turismo-backend\tests\Feature\Controllers\ReservaControllerTest.php:318</failure>
        </testcase>
        <testcase name="puede_eliminar_reserva_propia" file="D:\Ciclo7\github-project\capachica-project\turismo-backend\tests\Feature\Controllers\ReservaControllerTest.php" line="326" class="Tests\Feature\Controllers\ReservaControllerTest" classname="Tests.Feature.Controllers.ReservaControllerTest" assertions="3" time="0.232176"/>
        <testcase name="no_puede_eliminar_reserva_de_otro_usuario" file="D:\Ciclo7\github-project\capachica-project\turismo-backend\tests\Feature\Controllers\ReservaControllerTest.php" line="346" class="Tests\Feature\Controllers\ReservaControllerTest" classname="Tests.Feature.Controllers.ReservaControllerTest" assertions="2" time="0.214551"/>
        <testcase name="puede_cambiar_estado_de_reserva" file="D:\Ciclo7\github-project\capachica-project\turismo-backend\tests\Feature\Controllers\ReservaControllerTest.php" line="364" class="Tests\Feature\Controllers\ReservaControllerTest" classname="Tests.Feature.Controllers.ReservaControllerTest" assertions="3" time="0.338599"/>
        <testcase name="valida_estados_validos_al_cambiar_estado" file="D:\Ciclo7\github-project\capachica-project\turismo-backend\tests\Feature\Controllers\ReservaControllerTest.php" line="389" class="Tests\Feature\Controllers\ReservaControllerTest" classname="Tests.Feature.Controllers.ReservaControllerTest" assertions="3" time="0.232650"/>
        <testcase name="puede_obtener_reservas_por_emprendedor" file="D:\Ciclo7\github-project\capachica-project\turismo-backend\tests\Feature\Controllers\ReservaControllerTest.php" line="406" class="Tests\Feature\Controllers\ReservaControllerTest" classname="Tests.Feature.Controllers.ReservaControllerTest" assertions="3" time="0.229733"/>
        <testcase name="puede_obtener_reservas_por_servicio" file="D:\Ciclo7\github-project\capachica-project\turismo-backend\tests\Feature\Controllers\ReservaControllerTest.php" line="432" class="Tests\Feature\Controllers\ReservaControllerTest" classname="Tests.Feature.Controllers.ReservaControllerTest" assertions="2" time="0.251337"/>
        <testcase name="puede_crear_reserva_rapida_para_usuario_autenticado" file="D:\Ciclo7\github-project\capachica-project\turismo-backend\tests\Feature\Controllers\ReservaControllerTest.php" line="455" class="Tests\Feature\Controllers\ReservaControllerTest" classname="Tests.Feature.Controllers.ReservaControllerTest" assertions="3" time="0.334128"/>
        <testcase name="puede_obtener_mis_reservas" file="D:\Ciclo7\github-project\capachica-project\turismo-backend\tests\Feature\Controllers\ReservaControllerTest.php" line="493" class="Tests\Feature\Controllers\ReservaControllerTest" classname="Tests.Feature.Controllers.ReservaControllerTest" assertions="6" time="0.342945"/>
        <testcase name="valida_servicios_requeridos_en_reserva_rapida" file="D:\Ciclo7\github-project\capachica-project\turismo-backend\tests\Feature\Controllers\ReservaControllerTest.php" line="519" class="Tests\Feature\Controllers\ReservaControllerTest" classname="Tests.Feature.Controllers.ReservaControllerTest" assertions="3" time="0.193022"/>
        <testcase name="valida_datos_de_servicio_en_reserva_rapida" file="D:\Ciclo7\github-project\capachica-project\turismo-backend\tests\Feature\Controllers\ReservaControllerTest.php" line="537" class="Tests\Feature\Controllers\ReservaControllerTest" classname="Tests.Feature.Controllers.ReservaControllerTest" assertions="1" time="0.209866"/>
        <testcase name="puede_crear_reserva_con_multiples_servicios" file="D:\Ciclo7\github-project\capachica-project\turismo-backend\tests\Feature\Controllers\ReservaControllerTest.php" line="563" class="Tests\Feature\Controllers\ReservaControllerTest" classname="Tests.Feature.Controllers.ReservaControllerTest" assertions="2" time="0.243023"/>
        <testcase name="puede_manejar_reservas_en_diferentes_estados" file="D:\Ciclo7\github-project\capachica-project\turismo-backend\tests\Feature\Controllers\ReservaControllerTest.php" line="606" class="Tests\Feature\Controllers\ReservaControllerTest" classname="Tests.Feature.Controllers.ReservaControllerTest" assertions="4" time="0.223310"/>
        <testcase name="maneja_errores_de_servidor_correctamente" file="D:\Ciclo7\github-project\capachica-project\turismo-backend\tests\Feature\Controllers\ReservaControllerTest.php" line="629" class="Tests\Feature\Controllers\ReservaControllerTest" classname="Tests.Feature.Controllers.ReservaControllerTest" assertions="1" time="0.217795">
          <failure type="PHPUnit\Framework\ExpectationFailedException">Tests\Feature\Controllers\ReservaControllerTest::maneja_errores_de_servidor_correctamente&#13;
Expected response status code [404] but received 500.
Failed asserting that 500 is identical to 404.&#13;
&#13;
The following exception occurred during the last request:

TypeError: App\Http\Controllers\API\Reservas\ReservaController::show(): Argument #1 ($id) must be of type int, string given, called in D:\Ciclo7\github-project\capachica-project\turismo-backend\vendor\laravel\framework\src\Illuminate\Routing\ControllerDispatcher.php on line 46 and defined in D:\Ciclo7\github-project\capachica-project\turismo-backend\app\Http\Controllers\API\Reservas\ReservaController.php:91
Stack trace:
#0 D:\Ciclo7\github-project\capachica-project\turismo-backend\vendor\laravel\framework\src\Illuminate\Routing\ControllerDispatcher.php(46): App\Http\Controllers\API\Reservas\ReservaController-&gt;show()
#1 D:\Ciclo7\github-project\capachica-project\turismo-backend\vendor\laravel\framework\src\Illuminate\Routing\Route.php(265): Illuminate\Routing\ControllerDispatcher-&gt;dispatch()
#2 D:\Ciclo7\github-project\capachica-project\turismo-backend\vendor\laravel\framework\src\Illuminate\Routing\Route.php(211): Illuminate\Routing\Route-&gt;runController()
#3 D:\Ciclo7\github-project\capachica-project\turismo-backend\vendor\laravel\framework\src\Illuminate\Routing\Router.php(808): Illuminate\Routing\Route-&gt;run()
#4 D:\Ciclo7\github-project\capachica-project\turismo-backend\vendor\laravel\framework\src\Illuminate\Pipeline\Pipeline.php(169): Illuminate\Routing\Router-&gt;{closure:Illuminate\Routing\Router::runRouteWithinStack():807}()
#5 D:\Ciclo7\github-project\capachica-project\turismo-backend\vendor\laravel\framework\src\Illuminate\Auth\Middleware\Authenticate.php(63): Illuminate\Pipeline\Pipeline-&gt;{closure:Illuminate\Pipeline\Pipeline::prepareDestination():167}()
#6 D:\Ciclo7\github-project\capachica-project\turismo-backend\vendor\laravel\framework\src\Illuminate\Pipeline\Pipeline.php(208): Illuminate\Auth\Middleware\Authenticate-&gt;handle()
#7 D:\Ciclo7\github-project\capachica-project\turismo-backend\vendor\laravel\sanctum\src\Http\Middleware\EnsureFrontendRequestsAreStateful.php(25): Illuminate\Pipeline\Pipeline-&gt;{closure:{closure:Illuminate\Pipeline\Pipeline::carry():183}:184}()
#8 D:\Ciclo7\github-project\capachica-project\turismo-backend\vendor\laravel\framework\src\Illuminate\Pipeline\Pipeline.php(169): Laravel\Sanctum\Http\Middleware\EnsureFrontendRequestsAreStateful-&gt;{closure:Laravel\Sanctum\Http\Middleware\EnsureFrontendRequestsAreStateful::handle():24}()
#9 D:\Ciclo7\github-project\capachica-project\turismo-backend\vendor\laravel\framework\src\Illuminate\Pipeline\Pipeline.php(126): Illuminate\Pipeline\Pipeline-&gt;{closure:Illuminate\Pipeline\Pipeline::prepareDestination():167}()
#10 D:\Ciclo7\github-project\capachica-project\turismo-backend\vendor\laravel\sanctum\src\Http\Middleware\EnsureFrontendRequestsAreStateful.php(24): Illuminate\Pipeline\Pipeline-&gt;then()
#11 D:\Ciclo7\github-project\capachica-project\turismo-backend\vendor\laravel\framework\src\Illuminate\Pipeline\Pipeline.php(208): Laravel\Sanctum\Http\Middleware\EnsureFrontendRequestsAreStateful-&gt;handle()
#12 D:\Ciclo7\github-project\capachica-project\turismo-backend\vendor\laravel\framework\src\Illuminate\Pipeline\Pipeline.php(126): Illuminate\Pipeline\Pipeline-&gt;{closure:{closure:Illuminate\Pipeline\Pipeline::carry():183}:184}()
#13 D:\Ciclo7\github-project\capachica-project\turismo-backend\vendor\laravel\framework\src\Illuminate\Routing\Router.php(807): Illuminate\Pipeline\Pipeline-&gt;then()
#14 D:\Ciclo7\github-project\capachica-project\turismo-backend\vendor\laravel\framework\src\Illuminate\Routing\Router.php(786): Illuminate\Routing\Router-&gt;runRouteWithinStack()
#15 D:\Ciclo7\github-project\capachica-project\turismo-backend\vendor\laravel\framework\src\Illuminate\Routing\Router.php(750): Illuminate\Routing\Router-&gt;runRoute()
#16 D:\Ciclo7\github-project\capachica-project\turismo-backend\vendor\laravel\framework\src\Illuminate\Routing\Router.php(739): Illuminate\Routing\Router-&gt;dispatchToRoute()
#17 D:\Ciclo7\github-project\capachica-project\turismo-backend\vendor\laravel\framework\src\Illuminate\Foundation\Http\Kernel.php(200): Illuminate\Routing\Router-&gt;dispatch()
#18 D:\Ciclo7\github-project\capachica-project\turismo-backend\vendor\laravel\framework\src\Illuminate\Pipeline\Pipeline.php(169): Illuminate\Foundation\Http\Kernel-&gt;{closure:Illuminate\Foundation\Http\Kernel::dispatchToRouter():197}()
#19 D:\Ciclo7\github-project\capachica-project\turismo-backend\vendor\laravel\framework\src\Illuminate\Foundation\Http\Middleware\TransformsRequest.php(21): Illuminate\Pipeline\Pipeline-&gt;{closure:Illuminate\Pipeline\Pipeline::prepareDestination():167}()
#20 D:\Ciclo7\github-project\capachica-project\turismo-backend\vendor\laravel\framework\src\Illuminate\Foundation\Http\Middleware\ConvertEmptyStringsToNull.php(31): Illuminate\Foundation\Http\Middleware\TransformsRequest-&gt;handle()
#21 D:\Ciclo7\github-project\capachica-project\turismo-backend\vendor\laravel\framework\src\Illuminate\Pipeline\Pipeline.php(208): Illuminate\Foundation\Http\Middleware\ConvertEmptyStringsToNull-&gt;handle()
#22 D:\Ciclo7\github-project\capachica-project\turismo-backend\vendor\laravel\framework\src\Illuminate\Foundation\Http\Middleware\TransformsRequest.php(21): Illuminate\Pipeline\Pipeline-&gt;{closure:{closure:Illuminate\Pipeline\Pipeline::carry():183}:184}()
#23 D:\Ciclo7\github-project\capachica-project\turismo-backend\vendor\laravel\framework\src\Illuminate\Foundation\Http\Middleware\TrimStrings.php(51): Illuminate\Foundation\Http\Middleware\TransformsRequest-&gt;handle()
#24 D:\Ciclo7\github-project\capachica-project\turismo-backend\vendor\laravel\framework\src\Illuminate\Pipeline\Pipeline.php(208): Illuminate\Foundation\Http\Middleware\TrimStrings-&gt;handle()
#25 D:\Ciclo7\github-project\capachica-project\turismo-backend\vendor\laravel\framework\src\Illuminate\Http\Middleware\ValidatePostSize.php(27): Illuminate\Pipeline\Pipeline-&gt;{closure:{closure:Illuminate\Pipeline\Pipeline::carry():183}:184}()
#26 D:\Ciclo7\github-project\capachica-project\turismo-backend\vendor\laravel\framework\src\Illuminate\Pipeline\Pipeline.php(208): Illuminate\Http\Middleware\ValidatePostSize-&gt;handle()
#27 D:\Ciclo7\github-project\capachica-project\turismo-backend\vendor\laravel\framework\src\Illuminate\Foundation\Http\Middleware\PreventRequestsDuringMaintenance.php(109): Illuminate\Pipeline\Pipeline-&gt;{closure:{closure:Illuminate\Pipeline\Pipeline::carry():183}:184}()
#28 D:\Ciclo7\github-project\capachica-project\turismo-backend\vendor\laravel\framework\src\Illuminate\Pipeline\Pipeline.php(208): Illuminate\Foundation\Http\Middleware\PreventRequestsDuringMaintenance-&gt;handle()
#29 D:\Ciclo7\github-project\capachica-project\turismo-backend\vendor\laravel\framework\src\Illuminate\Http\Middleware\HandleCors.php(61): Illuminate\Pipeline\Pipeline-&gt;{closure:{closure:Illuminate\Pipeline\Pipeline::carry():183}:184}()
#30 D:\Ciclo7\github-project\capachica-project\turismo-backend\vendor\laravel\framework\src\Illuminate\Pipeline\Pipeline.php(208): Illuminate\Http\Middleware\HandleCors-&gt;handle()
#31 D:\Ciclo7\github-project\capachica-project\turismo-backend\vendor\laravel\framework\src\Illuminate\Http\Middleware\TrustProxies.php(58): Illuminate\Pipeline\Pipeline-&gt;{closure:{closure:Illuminate\Pipeline\Pipeline::carry():183}:184}()
#32 D:\Ciclo7\github-project\capachica-project\turismo-backend\vendor\laravel\framework\src\Illuminate\Pipeline\Pipeline.php(208): Illuminate\Http\Middleware\TrustProxies-&gt;handle()
#33 D:\Ciclo7\github-project\capachica-project\turismo-backend\vendor\laravel\framework\src\Illuminate\Foundation\Http\Middleware\InvokeDeferredCallbacks.php(22): Illuminate\Pipeline\Pipeline-&gt;{closure:{closure:Illuminate\Pipeline\Pipeline::carry():183}:184}()
#34 D:\Ciclo7\github-project\capachica-project\turismo-backend\vendor\laravel\framework\src\Illuminate\Pipeline\Pipeline.php(208): Illuminate\Foundation\Http\Middleware\InvokeDeferredCallbacks-&gt;handle()
#35 D:\Ciclo7\github-project\capachica-project\turismo-backend\vendor\laravel\framework\src\Illuminate\Http\Middleware\ValidatePathEncoding.php(26): Illuminate\Pipeline\Pipeline-&gt;{closure:{closure:Illuminate\Pipeline\Pipeline::carry():183}:184}()
#36 D:\Ciclo7\github-project\capachica-project\turismo-backend\vendor\laravel\framework\src\Illuminate\Pipeline\Pipeline.php(208): Illuminate\Http\Middleware\ValidatePathEncoding-&gt;handle()
#37 D:\Ciclo7\github-project\capachica-project\turismo-backend\vendor\laravel\framework\src\Illuminate\Pipeline\Pipeline.php(126): Illuminate\Pipeline\Pipeline-&gt;{closure:{closure:Illuminate\Pipeline\Pipeline::carry():183}:184}()
#38 D:\Ciclo7\github-project\capachica-project\turismo-backend\vendor\laravel\framework\src\Illuminate\Foundation\Http\Kernel.php(175): Illuminate\Pipeline\Pipeline-&gt;then()
#39 D:\Ciclo7\github-project\capachica-project\turismo-backend\vendor\laravel\framework\src\Illuminate\Foundation\Http\Kernel.php(144): Illuminate\Foundation\Http\Kernel-&gt;sendRequestThroughRouter()
#40 D:\Ciclo7\github-project\capachica-project\turismo-backend\vendor\laravel\framework\src\Illuminate\Foundation\Testing\Concerns\MakesHttpRequests.php(607): Illuminate\Foundation\Http\Kernel-&gt;handle()
#41 D:\Ciclo7\github-project\capachica-project\turismo-backend\vendor\laravel\framework\src\Illuminate\Foundation\Testing\Concerns\MakesHttpRequests.php(573): Illuminate\Foundation\Testing\TestCase-&gt;call()
#42 D:\Ciclo7\github-project\capachica-project\turismo-backend\vendor\laravel\framework\src\Illuminate\Foundation\Testing\Concerns\MakesHttpRequests.php(381): Illuminate\Foundation\Testing\TestCase-&gt;json()
#43 D:\Ciclo7\github-project\capachica-project\turismo-backend\tests\Feature\Controllers\ReservaControllerTest.php(635): Illuminate\Foundation\Testing\TestCase-&gt;getJson()
#44 D:\Ciclo7\github-project\capachica-project\turismo-backend\vendor\phpunit\phpunit\src\Framework\TestCase.php(1656): Tests\Feature\Controllers\ReservaControllerTest-&gt;maneja_errores_de_servidor_correctamente()
#45 D:\Ciclo7\github-project\capachica-project\turismo-backend\vendor\phpunit\phpunit\src\Framework\TestCase.php(514): PHPUnit\Framework\TestCase-&gt;runTest()
#46 D:\Ciclo7\github-project\capachica-project\turismo-backend\vendor\phpunit\phpunit\src\Framework\TestRunner\TestRunner.php(87): PHPUnit\Framework\TestCase-&gt;runBare()
#47 D:\Ciclo7\github-project\capachica-project\turismo-backend\vendor\phpunit\phpunit\src\Framework\TestCase.php(361): PHPUnit\Framework\TestRunner-&gt;run()
#48 D:\Ciclo7\github-project\capachica-project\turismo-backend\vendor\phpunit\phpunit\src\Framework\TestSuite.php(369): PHPUnit\Framework\TestCase-&gt;run()
#49 D:\Ciclo7\github-project\capachica-project\turismo-backend\vendor\phpunit\phpunit\src\Framework\TestSuite.php(369): PHPUnit\Framework\TestSuite-&gt;run()
#50 D:\Ciclo7\github-project\capachica-project\turismo-backend\vendor\phpunit\phpunit\src\Framework\TestSuite.php(369): PHPUnit\Framework\TestSuite-&gt;run()
#51 D:\Ciclo7\github-project\capachica-project\turismo-backend\vendor\phpunit\phpunit\src\TextUI\TestRunner.php(64): PHPUnit\Framework\TestSuite-&gt;run()
#52 D:\Ciclo7\github-project\capachica-project\turismo-backend\vendor\phpunit\phpunit\src\TextUI\Application.php(210): PHPUnit\TextUI\TestRunner-&gt;run()
#53 D:\Ciclo7\github-project\capachica-project\turismo-backend\vendor\phpunit\phpunit\phpunit(104): PHPUnit\TextUI\Application-&gt;run()
#54 {main}

----------------------------------------------------------------------------------

App\Http\Controllers\API\Reservas\ReservaController::show(): Argument #1 ($id) must be of type int, string given, called in D:\Ciclo7\github-project\capachica-project\turismo-backend\vendor\laravel\framework\src\Illuminate\Routing\ControllerDispatcher.php on line 46
&#13;
D:\Ciclo7\github-project\capachica-project\turismo-backend\vendor\laravel\framework\src\Illuminate\Testing\TestResponseAssert.php:45
D:\Ciclo7\github-project\capachica-project\turismo-backend\vendor\laravel\framework\src\Illuminate\Testing\TestResponse.php:159
D:\Ciclo7\github-project\capachica-project\turismo-backend\tests\Feature\Controllers\ReservaControllerTest.php:638</failure>
        </testcase>
        <testcase name="requiere_autenticacion_para_todas_las_operaciones" file="D:\Ciclo7\github-project\capachica-project\turismo-backend\tests\Feature\Controllers\ReservaControllerTest.php" line="642" class="Tests\Feature\Controllers\ReservaControllerTest" classname="Tests.Feature.Controllers.ReservaControllerTest" assertions="5" time="0.213222"/>
        <testcase name="puede_crear_reserva_con_servicios_de_diferentes_tipos" file="D:\Ciclo7\github-project\capachica-project\turismo-backend\tests\Feature\Controllers\ReservaControllerTest.php" line="653" class="Tests\Feature\Controllers\ReservaControllerTest" classname="Tests.Feature.Controllers.ReservaControllerTest" assertions="2" time="0.228895"/>
      </testsuite>
      <testsuite name="Tests\Feature\Controllers\ServicioControllerTest" file="D:\Ciclo7\github-project\capachica-project\turismo-backend\tests\Feature\Controllers\ServicioControllerTest.php" tests="20" assertions="111" errors="0" failures="5" skipped="0" time="4.668062">
        <testcase name="puede_listar_todos_los_servicios" file="D:\Ciclo7\github-project\capachica-project\turismo-backend\tests\Feature\Controllers\ServicioControllerTest.php" line="74" class="Tests\Feature\Controllers\ServicioControllerTest" classname="Tests.Feature.Controllers.ServicioControllerTest" assertions="69" time="0.325312"/>
        <testcase name="puede_mostrar_un_servicio_especifico" file="D:\Ciclo7\github-project\capachica-project\turismo-backend\tests\Feature\Controllers\ServicioControllerTest.php" line="115" class="Tests\Feature\Controllers\ServicioControllerTest" classname="Tests.Feature.Controllers.ServicioControllerTest" assertions="2" time="0.200729"/>
        <testcase name="retorna_404_cuando_servicio_no_existe" file="D:\Ciclo7\github-project\capachica-project\turismo-backend\tests\Feature\Controllers\ServicioControllerTest.php" line="138" class="Tests\Feature\Controllers\ServicioControllerTest" classname="Tests.Feature.Controllers.ServicioControllerTest" assertions="2" time="0.195184"/>
        <testcase name="admin_puede_crear_nuevo_servicio" file="D:\Ciclo7\github-project\capachica-project\turismo-backend\tests\Feature\Controllers\ServicioControllerTest.php" line="152" class="Tests\Feature\Controllers\ServicioControllerTest" classname="Tests.Feature.Controllers.ServicioControllerTest" assertions="3" time="0.225267"/>
        <testcase name="usuario_normal_no_puede_crear_servicio" file="D:\Ciclo7\github-project\capachica-project\turismo-backend\tests\Feature\Controllers\ServicioControllerTest.php" line="190" class="Tests\Feature\Controllers\ServicioControllerTest" classname="Tests.Feature.Controllers.ServicioControllerTest" assertions="1" time="0.315740">
          <failure type="PHPUnit\Framework\ExpectationFailedException">Tests\Feature\Controllers\ServicioControllerTest::usuario_normal_no_puede_crear_servicio&#13;
Expected response status code [403] but received 201.
Failed asserting that 201 is identical to 403.
&#13;
D:\Ciclo7\github-project\capachica-project\turismo-backend\vendor\laravel\framework\src\Illuminate\Testing\TestResponseAssert.php:45
D:\Ciclo7\github-project\capachica-project\turismo-backend\vendor\laravel\framework\src\Illuminate\Testing\TestResponse.php:159
D:\Ciclo7\github-project\capachica-project\turismo-backend\tests\Feature\Controllers\ServicioControllerTest.php:205</failure>
        </testcase>
        <testcase name="usuario_no_autenticado_no_puede_crear_servicio" file="D:\Ciclo7\github-project\capachica-project\turismo-backend\tests\Feature\Controllers\ServicioControllerTest.php" line="209" class="Tests\Feature\Controllers\ServicioControllerTest" classname="Tests.Feature.Controllers.ServicioControllerTest" assertions="1" time="0.182357"/>
        <testcase name="falla_validacion_al_crear_servicio_sin_datos_requeridos" file="D:\Ciclo7\github-project\capachica-project\turismo-backend\tests\Feature\Controllers\ServicioControllerTest.php" line="226" class="Tests\Feature\Controllers\ServicioControllerTest" classname="Tests.Feature.Controllers.ServicioControllerTest" assertions="1" time="0.191121"/>
        <testcase name="admin_puede_actualizar_servicio_existente" file="D:\Ciclo7\github-project\capachica-project\turismo-backend\tests\Feature\Controllers\ServicioControllerTest.php" line="244" class="Tests\Feature\Controllers\ServicioControllerTest" classname="Tests.Feature.Controllers.ServicioControllerTest" assertions="1" time="0.301750">
          <failure type="PHPUnit\Framework\ExpectationFailedException">Tests\Feature\Controllers\ServicioControllerTest::admin_puede_actualizar_servicio_existente&#13;
Expected response status code [200] but received 422.
Failed asserting that 422 is identical to 200.&#13;
&#13;
The following errors occurred during the last request:

{
    "success": false,
    "message": "Error de validación",
    "errors": {
        "emprendedor_id": [
            "Debe seleccionar un emprendedor"
        ]
    }
}
&#13;
D:\Ciclo7\github-project\capachica-project\turismo-backend\vendor\laravel\framework\src\Illuminate\Testing\TestResponseAssert.php:45
D:\Ciclo7\github-project\capachica-project\turismo-backend\vendor\laravel\framework\src\Illuminate\Testing\TestResponse.php:159
D:\Ciclo7\github-project\capachica-project\turismo-backend\tests\Feature\Controllers\ServicioControllerTest.php:263</failure>
        </testcase>
        <testcase name="retorna_404_al_actualizar_servicio_inexistente" file="D:\Ciclo7\github-project\capachica-project\turismo-backend\tests\Feature\Controllers\ServicioControllerTest.php" line="278" class="Tests\Feature\Controllers\ServicioControllerTest" classname="Tests.Feature.Controllers.ServicioControllerTest" assertions="1" time="0.191937">
          <failure type="PHPUnit\Framework\ExpectationFailedException">Tests\Feature\Controllers\ServicioControllerTest::retorna_404_al_actualizar_servicio_inexistente&#13;
Expected response status code [404] but received 422.
Failed asserting that 422 is identical to 404.&#13;
&#13;
The following errors occurred during the last request:

{
    "success": false,
    "message": "Error de validación",
    "errors": {
        "emprendedor_id": [
            "Debe seleccionar un emprendedor"
        ]
    }
}
&#13;
D:\Ciclo7\github-project\capachica-project\turismo-backend\vendor\laravel\framework\src\Illuminate\Testing\TestResponseAssert.php:45
D:\Ciclo7\github-project\capachica-project\turismo-backend\vendor\laravel\framework\src\Illuminate\Testing\TestResponse.php:159
D:\Ciclo7\github-project\capachica-project\turismo-backend\tests\Feature\Controllers\ServicioControllerTest.php:291</failure>
        </testcase>
        <testcase name="admin_puede_eliminar_servicio_existente" file="D:\Ciclo7\github-project\capachica-project\turismo-backend\tests\Feature\Controllers\ServicioControllerTest.php" line="299" class="Tests\Feature\Controllers\ServicioControllerTest" classname="Tests.Feature.Controllers.ServicioControllerTest" assertions="3" time="0.219114"/>
        <testcase name="puede_obtener_servicios_por_emprendedor" file="D:\Ciclo7\github-project\capachica-project\turismo-backend\tests\Feature\Controllers\ServicioControllerTest.php" line="324" class="Tests\Feature\Controllers\ServicioControllerTest" classname="Tests.Feature.Controllers.ServicioControllerTest" assertions="6" time="0.223953"/>
        <testcase name="puede_obtener_servicios_por_categoria" file="D:\Ciclo7\github-project\capachica-project\turismo-backend\tests\Feature\Controllers\ServicioControllerTest.php" line="355" class="Tests\Feature\Controllers\ServicioControllerTest" classname="Tests.Feature.Controllers.ServicioControllerTest" assertions="3" time="0.349140"/>
        <testcase name="puede_obtener_servicios_por_ubicacion" file="D:\Ciclo7\github-project\capachica-project\turismo-backend\tests\Feature\Controllers\ServicioControllerTest.php" line="388" class="Tests\Feature\Controllers\ServicioControllerTest" classname="Tests.Feature.Controllers.ServicioControllerTest" assertions="4" time="0.202527"/>
        <testcase name="puede_verificar_disponibilidad_de_servicio" file="D:\Ciclo7\github-project\capachica-project\turismo-backend\tests\Feature\Controllers\ServicioControllerTest.php" line="419" class="Tests\Feature\Controllers\ServicioControllerTest" classname="Tests.Feature.Controllers.ServicioControllerTest" assertions="3" time="0.207413"/>
        <testcase name="falla_validacion_ubicacion_con_parametros_invalidos" file="D:\Ciclo7\github-project\capachica-project\turismo-backend\tests\Feature\Controllers\ServicioControllerTest.php" line="438" class="Tests\Feature\Controllers\ServicioControllerTest" classname="Tests.Feature.Controllers.ServicioControllerTest" assertions="2" time="0.184434"/>
        <testcase name="falla_validacion_disponibilidad_con_parametros_invalidos" file="D:\Ciclo7\github-project\capachica-project\turismo-backend\tests\Feature\Controllers\ServicioControllerTest.php" line="451" class="Tests\Feature\Controllers\ServicioControllerTest" classname="Tests.Feature.Controllers.ServicioControllerTest" assertions="2" time="0.215501"/>
        <testcase name="precio_referencial_se_almacena_correctamente" file="D:\Ciclo7\github-project\capachica-project\turismo-backend\tests\Feature\Controllers\ServicioControllerTest.php" line="464" class="Tests\Feature\Controllers\ServicioControllerTest" classname="Tests.Feature.Controllers.ServicioControllerTest" assertions="2" time="0.205496"/>
        <testcase name="estado_se_convierte_a_booleano" file="D:\Ciclo7\github-project\capachica-project\turismo-backend\tests\Feature\Controllers\ServicioControllerTest.php" line="489" class="Tests\Feature\Controllers\ServicioControllerTest" classname="Tests.Feature.Controllers.ServicioControllerTest" assertions="1" time="0.186886">
          <failure type="PHPUnit\Framework\ExpectationFailedException">Tests\Feature\Controllers\ServicioControllerTest::estado_se_convierte_a_booleano&#13;
Expected response status code [200] but received 422.
Failed asserting that 422 is identical to 200.&#13;
&#13;
The following errors occurred during the last request:

{
    "success": false,
    "message": "Error de validación",
    "errors": {
        "nombre": [
            "El nombre del servicio es obligatorio"
        ],
        "emprendedor_id": [
            "Debe seleccionar un emprendedor"
        ]
    }
}
&#13;
D:\Ciclo7\github-project\capachica-project\turismo-backend\vendor\laravel\framework\src\Illuminate\Testing\TestResponseAssert.php:45
D:\Ciclo7\github-project\capachica-project\turismo-backend\vendor\laravel\framework\src\Illuminate\Testing\TestResponse.php:159
D:\Ciclo7\github-project\capachica-project\turismo-backend\tests\Feature\Controllers\ServicioControllerTest.php:507</failure>
        </testcase>
        <testcase name="coordenadas_se_almacenan_como_decimal" file="D:\Ciclo7\github-project\capachica-project\turismo-backend\tests\Feature\Controllers\ServicioControllerTest.php" line="515" class="Tests\Feature\Controllers\ServicioControllerTest" classname="Tests.Feature.Controllers.ServicioControllerTest" assertions="2" time="0.210732">
          <failure type="PHPUnit\Framework\ExpectationFailedException">Tests\Feature\Controllers\ServicioControllerTest::coordenadas_se_almacenan_como_decimal&#13;
Failed asserting that '-15.8422123' is of type float.
&#13;
D:\Ciclo7\github-project\capachica-project\turismo-backend\tests\Feature\Controllers\ServicioControllerTest.php:536</failure>
        </testcase>
        <testcase name="puede_crear_servicio_con_categorias_multiples" file="D:\Ciclo7\github-project\capachica-project\turismo-backend\tests\Feature\Controllers\ServicioControllerTest.php" line="541" class="Tests\Feature\Controllers\ServicioControllerTest" classname="Tests.Feature.Controllers.ServicioControllerTest" assertions="2" time="0.333469"/>
      </testsuite>
    </testsuite>
  </testsuite>
</testsuites>
