<?xml version="1.0" encoding="UTF-8"?>
<testsuites>
  <testsuite name="D:\Ciclo7\github-project\capachica-project\turismo-backend\phpunit.xml" tests="57" assertions="218" errors="0" failures="0" skipped="0" time="7.589241">
    <testsuite name="Unit" tests="32" assertions="86" errors="0" failures="0" skipped="0" time="3.569361">
      <testsuite name="Tests\Unit\ExampleTest" file="D:\Ciclo7\github-project\capachica-project\turismo-backend\tests\Unit\ExampleTest.php" tests="1" assertions="1" errors="0" failures="0" skipped="0" time="0.071475">
        <testcase name="test_that_true_is_true" file="D:\Ciclo7\github-project\capachica-project\turismo-backend\tests\Unit\ExampleTest.php" line="12" class="Tests\Unit\ExampleTest" classname="Tests.Unit.ExampleTest" assertions="1" time="0.071475"/>
      </testsuite>
      <testsuite name="Tests\Unit\Models\AsociacionTest" file="D:\Ciclo7\github-project\capachica-project\turismo-backend\tests\Unit\Models\AsociacionTest.php" tests="20" assertions="56" errors="0" failures="0" skipped="0" time="2.487530">
        <testcase name="puede_crear_asociacion_con_datos_validos" file="D:\Ciclo7\github-project\capachica-project\turismo-backend\tests\Unit\Models\AsociacionTest.php" line="27" class="Tests\Unit\Models\AsociacionTest" classname="Tests.Unit.Models.AsociacionTest" assertions="5" time="0.868325"/>
        <testcase name="fillable_permite_campos_correctos" file="D:\Ciclo7\github-project\capachica-project\turismo-backend\tests\Unit\Models\AsociacionTest.php" line="52" class="Tests\Unit\Models\AsociacionTest" classname="Tests.Unit.Models.AsociacionTest" assertions="3" time="0.073737"/>
        <testcase name="casts_convierte_tipos_correctamente" file="D:\Ciclo7\github-project\capachica-project\turismo-backend\tests\Unit\Models\AsociacionTest.php" line="77" class="Tests\Unit\Models\AsociacionTest" classname="Tests.Unit.Models.AsociacionTest" assertions="6" time="0.086158"/>
        <testcase name="relacion_municipalidad_funciona_correctamente" file="D:\Ciclo7\github-project\capachica-project\turismo-backend\tests\Unit\Models\AsociacionTest.php" line="97" class="Tests\Unit\Models\AsociacionTest" classname="Tests.Unit.Models.AsociacionTest" assertions="3" time="0.081377"/>
        <testcase name="relacion_emprendedores_funciona_correctamente" file="D:\Ciclo7\github-project\capachica-project\turismo-backend\tests\Unit\Models\AsociacionTest.php" line="114" class="Tests\Unit\Models\AsociacionTest" classname="Tests.Unit.Models.AsociacionTest" assertions="4" time="0.105511"/>
        <testcase name="imagen_url_attribute_retorna_null_cuando_no_hay_imagen" file="D:\Ciclo7\github-project\capachica-project\turismo-backend\tests\Unit\Models\AsociacionTest.php" line="138" class="Tests\Unit\Models\AsociacionTest" classname="Tests.Unit.Models.AsociacionTest" assertions="1" time="0.078424"/>
        <testcase name="imagen_url_attribute_retorna_url_completa_si_es_url_externa" file="D:\Ciclo7\github-project\capachica-project\turismo-backend\tests\Unit\Models\AsociacionTest.php" line="154" class="Tests\Unit\Models\AsociacionTest" classname="Tests.Unit.Models.AsociacionTest" assertions="1" time="0.076917"/>
        <testcase name="appends_incluye_imagen_url_en_array" file="D:\Ciclo7\github-project\capachica-project\turismo-backend\tests\Unit\Models\AsociacionTest.php" line="171" class="Tests\Unit\Models\AsociacionTest" classname="Tests.Unit.Models.AsociacionTest" assertions="1" time="0.080143"/>
        <testcase name="appends_incluye_imagen_url_en_json" file="D:\Ciclo7\github-project\capachica-project\turismo-backend\tests\Unit\Models\AsociacionTest.php" line="187" class="Tests\Unit\Models\AsociacionTest" classname="Tests.Unit.Models.AsociacionTest" assertions="1" time="0.079508"/>
        <testcase name="tabla_correcta_es_utilizada" file="D:\Ciclo7\github-project\capachica-project\turismo-backend\tests\Unit\Models\AsociacionTest.php" line="204" class="Tests\Unit\Models\AsociacionTest" classname="Tests.Unit.Models.AsociacionTest" assertions="1" time="0.070392"/>
        <testcase name="primary_key_es_id_por_defecto" file="D:\Ciclo7\github-project\capachica-project\turismo-backend\tests\Unit\Models\AsociacionTest.php" line="217" class="Tests\Unit\Models\AsociacionTest" classname="Tests.Unit.Models.AsociacionTest" assertions="1" time="0.076040"/>
        <testcase name="timestamps_estan_habilitados" file="D:\Ciclo7\github-project\capachica-project\turismo-backend\tests\Unit\Models\AsociacionTest.php" line="230" class="Tests\Unit\Models\AsociacionTest" classname="Tests.Unit.Models.AsociacionTest" assertions="1" time="0.073889"/>
        <testcase name="puede_actualizar_campos_individuales" file="D:\Ciclo7\github-project\capachica-project\turismo-backend\tests\Unit\Models\AsociacionTest.php" line="243" class="Tests\Unit\Models\AsociacionTest" classname="Tests.Unit.Models.AsociacionTest" assertions="1" time="0.080205"/>
        <testcase name="puede_eliminar_asociacion" file="D:\Ciclo7\github-project\capachica-project\turismo-backend\tests\Unit\Models\AsociacionTest.php" line="259" class="Tests\Unit\Models\AsociacionTest" classname="Tests.Unit.Models.AsociacionTest" assertions="2" time="0.085629"/>
        <testcase name="scope_queries_funcionan_correctamente" file="D:\Ciclo7\github-project\capachica-project\turismo-backend\tests\Unit\Models\AsociacionTest.php" line="276" class="Tests\Unit\Models\AsociacionTest" classname="Tests.Unit.Models.AsociacionTest" assertions="4" time="0.184552"/>
        <testcase name="maneja_valores_nulos_correctamente" file="D:\Ciclo7\github-project\capachica-project\turismo-backend\tests\Unit\Models\AsociacionTest.php" line="301" class="Tests\Unit\Models\AsociacionTest" classname="Tests.Unit.Models.AsociacionTest" assertions="7" time="0.080328"/>
        <testcase name="validacion_email_formato_en_base_de_datos" file="D:\Ciclo7\github-project\capachica-project\turismo-backend\tests\Unit\Models\AsociacionTest.php" line="325" class="Tests\Unit\Models\AsociacionTest" classname="Tests.Unit.Models.AsociacionTest" assertions="2" time="0.075767"/>
        <testcase name="coordenadas_se_almacenan_como_float" file="D:\Ciclo7\github-project\capachica-project\turismo-backend\tests\Unit\Models\AsociacionTest.php" line="339" class="Tests\Unit\Models\AsociacionTest" classname="Tests.Unit.Models.AsociacionTest" assertions="4" time="0.076815"/>
        <testcase name="estado_se_almacena_como_boolean" file="D:\Ciclo7\github-project\capachica-project\turismo-backend\tests\Unit\Models\AsociacionTest.php" line="356" class="Tests\Unit\Models\AsociacionTest" classname="Tests.Unit.Models.AsociacionTest" assertions="4" time="0.076346"/>
        <testcase name="created_at_y_updated_at_se_establecen_automaticamente" file="D:\Ciclo7\github-project\capachica-project\turismo-backend\tests\Unit\Models\AsociacionTest.php" line="377" class="Tests\Unit\Models\AsociacionTest" classname="Tests.Unit.Models.AsociacionTest" assertions="4" time="0.077467"/>
      </testsuite>
      <testsuite name="Tests\Unit\Services\AsociacionesServiceTest" file="D:\Ciclo7\github-project\capachica-project\turismo-backend\tests\Unit\Services\AsociacionesServiceTest.php" tests="11" assertions="29" errors="0" failures="0" skipped="0" time="1.010356">
        <testcase name="puede_obtener_todas_las_asociaciones_paginadas" file="D:\Ciclo7\github-project\capachica-project\turismo-backend\tests\Unit\Services\AsociacionesServiceTest.php" line="35" class="Tests\Unit\Services\AsociacionesServiceTest" classname="Tests.Unit.Services.AsociacionesServiceTest" assertions="4" time="0.173700"/>
        <testcase name="puede_obtener_una_asociacion_por_id" file="D:\Ciclo7\github-project\capachica-project\turismo-backend\tests\Unit\Services\AsociacionesServiceTest.php" line="53" class="Tests\Unit\Services\AsociacionesServiceTest" classname="Tests.Unit.Services.AsociacionesServiceTest" assertions="3" time="0.078814"/>
        <testcase name="retorna_null_cuando_asociacion_no_existe" file="D:\Ciclo7\github-project\capachica-project\turismo-backend\tests\Unit\Services\AsociacionesServiceTest.php" line="70" class="Tests\Unit\Services\AsociacionesServiceTest" classname="Tests.Unit.Services.AsociacionesServiceTest" assertions="1" time="0.075411"/>
        <testcase name="puede_obtener_asociacion_con_emprendedores" file="D:\Ciclo7\github-project\capachica-project\turismo-backend\tests\Unit\Services\AsociacionesServiceTest.php" line="80" class="Tests\Unit\Services\AsociacionesServiceTest" classname="Tests.Unit.Services.AsociacionesServiceTest" assertions="3" time="0.096087"/>
        <testcase name="puede_crear_nueva_asociacion_sin_imagen" file="D:\Ciclo7\github-project\capachica-project\turismo-backend\tests\Unit\Services\AsociacionesServiceTest.php" line="101" class="Tests\Unit\Services\AsociacionesServiceTest" classname="Tests.Unit.Services.AsociacionesServiceTest" assertions="4" time="0.078236"/>
        <testcase name="puede_actualizar_asociacion_existente" file="D:\Ciclo7\github-project\capachica-project\turismo-backend\tests\Unit\Services\AsociacionesServiceTest.php" line="129" class="Tests\Unit\Services\AsociacionesServiceTest" classname="Tests.Unit.Services.AsociacionesServiceTest" assertions="5" time="0.082290"/>
        <testcase name="retorna_null_al_actualizar_asociacion_inexistente" file="D:\Ciclo7\github-project\capachica-project\turismo-backend\tests\Unit\Services\AsociacionesServiceTest.php" line="158" class="Tests\Unit\Services\AsociacionesServiceTest" classname="Tests.Unit.Services.AsociacionesServiceTest" assertions="1" time="0.072558"/>
        <testcase name="puede_eliminar_asociacion_existente" file="D:\Ciclo7\github-project\capachica-project\turismo-backend\tests\Unit\Services\AsociacionesServiceTest.php" line="171" class="Tests\Unit\Services\AsociacionesServiceTest" classname="Tests.Unit.Services.AsociacionesServiceTest" assertions="2" time="0.083881"/>
        <testcase name="retorna_false_al_eliminar_asociacion_inexistente" file="D:\Ciclo7\github-project\capachica-project\turismo-backend\tests\Unit\Services\AsociacionesServiceTest.php" line="189" class="Tests\Unit\Services\AsociacionesServiceTest" classname="Tests.Unit.Services.AsociacionesServiceTest" assertions="1" time="0.078067"/>
        <testcase name="puede_obtener_asociaciones_por_municipalidad" file="D:\Ciclo7\github-project\capachica-project\turismo-backend\tests\Unit\Services\AsociacionesServiceTest.php" line="199" class="Tests\Unit\Services\AsociacionesServiceTest" classname="Tests.Unit.Services.AsociacionesServiceTest" assertions="4" time="0.098131"/>
        <testcase name="maneja_excepcion_en_creacion" file="D:\Ciclo7\github-project\capachica-project\turismo-backend\tests\Unit\Services\AsociacionesServiceTest.php" line="226" class="Tests\Unit\Services\AsociacionesServiceTest" classname="Tests.Unit.Services.AsociacionesServiceTest" assertions="1" time="0.093182"/>
      </testsuite>
    </testsuite>
    <testsuite name="Feature" tests="25" assertions="132" errors="0" failures="0" skipped="0" time="4.019879">
      <testsuite name="Tests\Feature\Controllers\AsociacionControllerTest" file="D:\Ciclo7\github-project\capachica-project\turismo-backend\tests\Feature\Controllers\AsociacionControllerTest.php" tests="25" assertions="132" errors="0" failures="0" skipped="0" time="4.019879">
        <testcase name="puede_listar_todas_las_asociaciones" file="D:\Ciclo7\github-project\capachica-project\turismo-backend\tests\Feature\Controllers\AsociacionControllerTest.php" line="66" class="Tests\Feature\Controllers\AsociacionControllerTest" classname="Tests.Feature.Controllers.AsociacionControllerTest" assertions="54" time="0.301304"/>
        <testcase name="puede_listar_asociaciones_con_paginacion_personalizada" file="D:\Ciclo7\github-project\capachica-project\turismo-backend\tests\Feature\Controllers\AsociacionControllerTest.php" line="104" class="Tests\Feature\Controllers\AsociacionControllerTest" classname="Tests.Feature.Controllers.AsociacionControllerTest" assertions="4" time="0.191062"/>
        <testcase name="puede_mostrar_una_asociacion_especifica" file="D:\Ciclo7\github-project\capachica-project\turismo-backend\tests\Feature\Controllers\AsociacionControllerTest.php" line="124" class="Tests\Feature\Controllers\AsociacionControllerTest" classname="Tests.Feature.Controllers.AsociacionControllerTest" assertions="2" time="0.145824"/>
        <testcase name="retorna_404_cuando_asociacion_no_existe" file="D:\Ciclo7\github-project\capachica-project\turismo-backend\tests\Feature\Controllers\AsociacionControllerTest.php" line="147" class="Tests\Feature\Controllers\AsociacionControllerTest" classname="Tests.Feature.Controllers.AsociacionControllerTest" assertions="2" time="0.147250"/>
        <testcase name="admin_puede_crear_nueva_asociacion" file="D:\Ciclo7\github-project\capachica-project\turismo-backend\tests\Feature\Controllers\AsociacionControllerTest.php" line="161" class="Tests\Feature\Controllers\AsociacionControllerTest" classname="Tests.Feature.Controllers.AsociacionControllerTest" assertions="3" time="0.212044"/>
        <testcase name="usuario_normal_no_puede_crear_asociacion" file="D:\Ciclo7\github-project\capachica-project\turismo-backend\tests\Feature\Controllers\AsociacionControllerTest.php" line="192" class="Tests\Feature\Controllers\AsociacionControllerTest" classname="Tests.Feature.Controllers.AsociacionControllerTest" assertions="1" time="0.152627"/>
        <testcase name="usuario_no_autenticado_no_puede_crear_asociacion" file="D:\Ciclo7\github-project\capachica-project\turismo-backend\tests\Feature\Controllers\AsociacionControllerTest.php" line="210" class="Tests\Feature\Controllers\AsociacionControllerTest" classname="Tests.Feature.Controllers.AsociacionControllerTest" assertions="1" time="0.140729"/>
        <testcase name="falla_validacion_al_crear_asociacion_sin_datos_requeridos" file="D:\Ciclo7\github-project\capachica-project\turismo-backend\tests\Feature\Controllers\AsociacionControllerTest.php" line="226" class="Tests\Feature\Controllers\AsociacionControllerTest" classname="Tests.Feature.Controllers.AsociacionControllerTest" assertions="5" time="0.149436"/>
        <testcase name="falla_validacion_con_email_invalido" file="D:\Ciclo7\github-project\capachica-project\turismo-backend\tests\Feature\Controllers\AsociacionControllerTest.php" line="249" class="Tests\Feature\Controllers\AsociacionControllerTest" classname="Tests.Feature.Controllers.AsociacionControllerTest" assertions="3" time="0.149608"/>
        <testcase name="falla_validacion_con_municipalidad_inexistente" file="D:\Ciclo7\github-project\capachica-project\turismo-backend\tests\Feature\Controllers\AsociacionControllerTest.php" line="269" class="Tests\Feature\Controllers\AsociacionControllerTest" classname="Tests.Feature.Controllers.AsociacionControllerTest" assertions="3" time="0.163429"/>
        <testcase name="admin_puede_actualizar_asociacion_existente" file="D:\Ciclo7\github-project\capachica-project\turismo-backend\tests\Feature\Controllers\AsociacionControllerTest.php" line="288" class="Tests\Feature\Controllers\AsociacionControllerTest" classname="Tests.Feature.Controllers.AsociacionControllerTest" assertions="3" time="0.157990"/>
        <testcase name="usuario_normal_no_puede_actualizar_asociacion" file="D:\Ciclo7\github-project\capachica-project\turismo-backend\tests\Feature\Controllers\AsociacionControllerTest.php" line="322" class="Tests\Feature\Controllers\AsociacionControllerTest" classname="Tests.Feature.Controllers.AsociacionControllerTest" assertions="1" time="0.146310"/>
        <testcase name="retorna_404_al_actualizar_asociacion_inexistente" file="D:\Ciclo7\github-project\capachica-project\turismo-backend\tests\Feature\Controllers\AsociacionControllerTest.php" line="343" class="Tests\Feature\Controllers\AsociacionControllerTest" classname="Tests.Feature.Controllers.AsociacionControllerTest" assertions="2" time="0.147535"/>
        <testcase name="falla_validacion_estado_con_valor_invalido" file="D:\Ciclo7\github-project\capachica-project\turismo-backend\tests\Feature\Controllers\AsociacionControllerTest.php" line="365" class="Tests\Feature\Controllers\AsociacionControllerTest" classname="Tests.Feature.Controllers.AsociacionControllerTest" assertions="3" time="0.155049"/>
        <testcase name="admin_puede_eliminar_asociacion_existente" file="D:\Ciclo7\github-project\capachica-project\turismo-backend\tests\Feature\Controllers\AsociacionControllerTest.php" line="387" class="Tests\Feature\Controllers\AsociacionControllerTest" classname="Tests.Feature.Controllers.AsociacionControllerTest" assertions="3" time="0.154999"/>
        <testcase name="usuario_normal_no_puede_eliminar_asociacion" file="D:\Ciclo7\github-project\capachica-project\turismo-backend\tests\Feature\Controllers\AsociacionControllerTest.php" line="412" class="Tests\Feature\Controllers\AsociacionControllerTest" classname="Tests.Feature.Controllers.AsociacionControllerTest" assertions="1" time="0.151265"/>
        <testcase name="retorna_404_al_eliminar_asociacion_inexistente" file="D:\Ciclo7\github-project\capachica-project\turismo-backend\tests\Feature\Controllers\AsociacionControllerTest.php" line="429" class="Tests\Feature\Controllers\AsociacionControllerTest" classname="Tests.Feature.Controllers.AsociacionControllerTest" assertions="2" time="0.150310"/>
        <testcase name="puede_obtener_emprendedores_de_asociacion" file="D:\Ciclo7\github-project\capachica-project\turismo-backend\tests\Feature\Controllers\AsociacionControllerTest.php" line="446" class="Tests\Feature\Controllers\AsociacionControllerTest" classname="Tests.Feature.Controllers.AsociacionControllerTest" assertions="6" time="0.161498"/>
        <testcase name="retorna_404_al_obtener_emprendedores_de_asociacion_inexistente" file="D:\Ciclo7\github-project\capachica-project\turismo-backend\tests\Feature\Controllers\AsociacionControllerTest.php" line="475" class="Tests\Feature\Controllers\AsociacionControllerTest" classname="Tests.Feature.Controllers.AsociacionControllerTest" assertions="2" time="0.139330"/>
        <testcase name="puede_obtener_asociaciones_por_municipalidad" file="D:\Ciclo7\github-project\capachica-project\turismo-backend\tests\Feature\Controllers\AsociacionControllerTest.php" line="489" class="Tests\Feature\Controllers\AsociacionControllerTest" classname="Tests.Feature.Controllers.AsociacionControllerTest" assertions="6" time="0.159004"/>
        <testcase name="maneja_error_interno_del_servidor" file="D:\Ciclo7\github-project\capachica-project\turismo-backend\tests\Feature\Controllers\AsociacionControllerTest.php" line="518" class="Tests\Feature\Controllers\AsociacionControllerTest" classname="Tests.Feature.Controllers.AsociacionControllerTest" assertions="1" time="0.166970"/>
        <testcase name="respuesta_json_tiene_estructura_correcta_en_exito" file="D:\Ciclo7\github-project\capachica-project\turismo-backend\tests\Feature\Controllers\AsociacionControllerTest.php" line="541" class="Tests\Feature\Controllers\AsociacionControllerTest" classname="Tests.Feature.Controllers.AsociacionControllerTest" assertions="16" time="0.144365"/>
        <testcase name="respuesta_json_tiene_estructura_correcta_en_error" file="D:\Ciclo7\github-project\capachica-project\turismo-backend\tests\Feature\Controllers\AsociacionControllerTest.php" line="575" class="Tests\Feature\Controllers\AsociacionControllerTest" classname="Tests.Feature.Controllers.AsociacionControllerTest" assertions="3" time="0.139707"/>
        <testcase name="imagen_url_es_correcta_cuando_hay_imagen" file="D:\Ciclo7\github-project\capachica-project\turismo-backend\tests\Feature\Controllers\AsociacionControllerTest.php" line="590" class="Tests\Feature\Controllers\AsociacionControllerTest" classname="Tests.Feature.Controllers.AsociacionControllerTest" assertions="3" time="0.147054"/>
        <testcase name="imagen_url_es_null_cuando_no_hay_imagen" file="D:\Ciclo7\github-project\capachica-project\turismo-backend\tests\Feature\Controllers\AsociacionControllerTest.php" line="610" class="Tests\Feature\Controllers\AsociacionControllerTest" classname="Tests.Feature.Controllers.AsociacionControllerTest" assertions="2" time="0.145183"/>
      </testsuite>
    </testsuite>
  </testsuite>
</testsuites>
